[2.291s] Invoking command in '/home/user/difrobot_ws/src/difrobot_py_examples': PYTHONPATH=/home/user/difrobot_ws/build/difrobot_py_examples/prefix_override:/usr/lib/python3/dist-packages/colcon_core/task/python/colcon_distutils_commands:/home/user/difrobot_ws/install/difrobot_py_examples/lib/python3.10/site-packages:${PYTHONPATH} /usr/bin/python3 -W ignore:setup.py install is deprecated setup.py egg_info --egg-base ../../build/difrobot_py_examples build --build-base /home/user/difrobot_ws/build/difrobot_py_examples/build install --record /home/user/difrobot_ws/build/difrobot_py_examples/install.log --single-version-externally-managed install_data
[2.933s] running egg_info
[2.935s] writing ../../build/difrobot_py_examples/difrobot_py_examples.egg-info/PKG-INFO
[2.936s] writing dependency_links to ../../build/difrobot_py_examples/difrobot_py_examples.egg-info/dependency_links.txt
[2.936s] writing entry points to ../../build/difrobot_py_examples/difrobot_py_examples.egg-info/entry_points.txt
[2.937s] writing requirements to ../../build/difrobot_py_examples/difrobot_py_examples.egg-info/requires.txt
[2.937s] writing top-level names to ../../build/difrobot_py_examples/difrobot_py_examples.egg-info/top_level.txt
[2.942s] reading manifest file '../../build/difrobot_py_examples/difrobot_py_examples.egg-info/SOURCES.txt'
[2.946s] writing manifest file '../../build/difrobot_py_examples/difrobot_py_examples.egg-info/SOURCES.txt'
[2.947s] running build
[2.947s] running build_py
[2.947s] running install
[2.949s] running install_lib
[2.953s] running install_data
[2.954s] running install_egg_info
[2.958s] removing '/home/user/difrobot_ws/install/difrobot_py_examples/lib/python3.10/site-packages/difrobot_py_examples-0.0.0-py3.10.egg-info' (and everything under it)
[2.960s] Copying ../../build/difrobot_py_examples/difrobot_py_examples.egg-info to /home/user/difrobot_ws/install/difrobot_py_examples/lib/python3.10/site-packages/difrobot_py_examples-0.0.0-py3.10.egg-info
[2.964s] running install_scripts
[3.018s] Installing simple_turtlesim_kinematics script to /home/user/difrobot_ws/install/difrobot_py_examples/lib/difrobot_py_examples
[3.019s] writing list of installed files to '/home/user/difrobot_ws/build/difrobot_py_examples/install.log'
[3.069s] Invoked command in '/home/user/difrobot_ws/src/difrobot_py_examples' returned '0': PYTHONPATH=/home/user/difrobot_ws/build/difrobot_py_examples/prefix_override:/usr/lib/python3/dist-packages/colcon_core/task/python/colcon_distutils_commands:/home/user/difrobot_ws/install/difrobot_py_examples/lib/python3.10/site-packages:${PYTHONPATH} /usr/bin/python3 -W ignore:setup.py install is deprecated setup.py egg_info --egg-base ../../build/difrobot_py_examples build --build-base /home/user/difrobot_ws/build/difrobot_py_examples/build install --record /home/user/difrobot_ws/build/difrobot_py_examples/install.log --single-version-externally-managed install_data
