[0.066s] Invoking command in '/home/user/difrobot_ws/build/difrobot_controller': CMAKE_PREFIX_PATH=/opt/ros/humble /usr/bin/cmake --build /home/user/difrobot_ws/build/difrobot_controller -- -j12 -l12
[0.123s] -- Found ament_cmake: 1.3.10 (/opt/ros/humble/share/ament_cmake/cmake)
[0.454s] -- Found rclcpp: 16.0.10 (/opt/ros/humble/share/rclcpp/cmake)
[0.555s] -- Found rosidl_generator_c: 3.1.5 (/opt/ros/humble/share/rosidl_generator_c/cmake)
[0.562s] -- Found rosidl_adapter: 3.1.5 (/opt/ros/humble/share/rosidl_adapter/cmake)
[0.583s] -- Found rosidl_generator_cpp: 3.1.5 (/opt/ros/humble/share/rosidl_generator_cpp/cmake)
[0.620s] -- Using all available rosidl_typesupport_c: rosidl_typesupport_fastrtps_c;rosidl_typesupport_introspection_c
[0.664s] -- Using all available rosidl_typesupport_cpp: rosidl_typesupport_fastrtps_cpp;rosidl_typesupport_introspection_cpp
[0.859s] -- Found rmw_implementation_cmake: 6.1.2 (/opt/ros/humble/share/rmw_implementation_cmake/cmake)
[0.873s] -- Found rmw_fastrtps_cpp: 6.2.7 (/opt/ros/humble/share/rmw_fastrtps_cpp/cmake)
[1.140s] -- Found OpenSSL: /usr/lib/x86_64-linux-gnu/libcrypto.so (found version "3.0.2")  
[1.213s] -- Found FastRTPS: /opt/ros/humble/include  
[1.329s] -- Using RMW implementation 'rmw_fastrtps_cpp' as default
[1.371s] -- Looking for pthread.h
[1.601s] -- Looking for pthread.h - found
[1.603s] -- Performing Test CMAKE_HAVE_LIBC_PTHREAD
[1.811s] -- Performing Test CMAKE_HAVE_LIBC_PTHREAD - Success
[1.814s] -- Found Threads: TRUE  
[2.064s] -- Found rclpy: 3.3.14 (/opt/ros/humble/share/rclpy/cmake)
[2.065s] -- Found geometry_msgs: 4.2.4 (/opt/ros/humble/share/geometry_msgs/cmake)
[2.619s] -- Configuring done
[2.676s] -- Generating done
[2.683s] -- Build files have been written to: /home/user/difrobot_ws/build/difrobot_controller
[2.791s] [ 50%] [32mBuilding CXX object CMakeFiles/simple_controller.dir/src/simple_controller.cpp.o[0m
[2.814s] [ 50%] Built target ament_cmake_python_copy_difrobot_controller
[3.751s] running egg_info
[3.754s] writing difrobot_controller.egg-info/PKG-INFO
[3.755s] writing dependency_links to difrobot_controller.egg-info/dependency_links.txt
[3.756s] writing top-level names to difrobot_controller.egg-info/top_level.txt
[3.762s] reading manifest file 'difrobot_controller.egg-info/SOURCES.txt'
[3.764s] writing manifest file 'difrobot_controller.egg-info/SOURCES.txt'
[3.826s] [ 50%] Built target ament_cmake_python_build_difrobot_controller_egg
[22.966s] [100%] [32m[1mLinking CXX executable simple_controller[0m
[23.793s] [100%] Built target simple_controller
[23.818s] Invoked command in '/home/user/difrobot_ws/build/difrobot_controller' returned '0': CMAKE_PREFIX_PATH=/opt/ros/humble /usr/bin/cmake --build /home/user/difrobot_ws/build/difrobot_controller -- -j12 -l12
[23.895s] Invoking command in '/home/user/difrobot_ws/build/difrobot_controller': CMAKE_PREFIX_PATH=/opt/ros/humble /usr/bin/cmake --install /home/user/difrobot_ws/build/difrobot_controller
[23.911s] -- Install configuration: ""
[23.912s] -- Up-to-date: /home/user/difrobot_ws/install/difrobot_controller/share/difrobot_controller/environment/pythonpath.sh
[23.912s] -- Installing: /home/user/difrobot_ws/install/difrobot_controller/share/difrobot_controller/environment/pythonpath.dsv
[23.913s] -- Up-to-date: /home/user/difrobot_ws/install/difrobot_controller/local/lib/python3.10/dist-packages/difrobot_controller-0.0.0-py3.10.egg-info
[23.914s] -- Installing: /home/user/difrobot_ws/install/difrobot_controller/local/lib/python3.10/dist-packages/difrobot_controller-0.0.0-py3.10.egg-info/PKG-INFO
[23.915s] -- Installing: /home/user/difrobot_ws/install/difrobot_controller/local/lib/python3.10/dist-packages/difrobot_controller-0.0.0-py3.10.egg-info/dependency_links.txt
[23.915s] -- Installing: /home/user/difrobot_ws/install/difrobot_controller/local/lib/python3.10/dist-packages/difrobot_controller-0.0.0-py3.10.egg-info/SOURCES.txt
[23.916s] -- Installing: /home/user/difrobot_ws/install/difrobot_controller/local/lib/python3.10/dist-packages/difrobot_controller-0.0.0-py3.10.egg-info/top_level.txt
[23.917s] -- Up-to-date: /home/user/difrobot_ws/install/difrobot_controller/local/lib/python3.10/dist-packages/difrobot_controller
[23.917s] -- Up-to-date: /home/user/difrobot_ws/install/difrobot_controller/local/lib/python3.10/dist-packages/difrobot_controller/simple_controller.py
[23.918s] -- Up-to-date: /home/user/difrobot_ws/install/difrobot_controller/local/lib/python3.10/dist-packages/difrobot_controller/__init__.py
[24.014s] Listing '/home/user/difrobot_ws/install/difrobot_controller/local/lib/python3.10/dist-packages/difrobot_controller'...
[24.025s] -- Installing: /home/user/difrobot_ws/install/difrobot_controller/include/include
[24.026s] -- Installing: /home/user/difrobot_ws/install/difrobot_controller/include/include/difrobot_controller
[24.027s] -- Installing: /home/user/difrobot_ws/install/difrobot_controller/include/include/difrobot_controller/simple_controller.hpp
[24.028s] -- Installing: /home/user/difrobot_ws/install/difrobot_controller/lib/difrobot_controller/simple_controller
[24.038s] -- Set runtime path of "/home/user/difrobot_ws/install/difrobot_controller/lib/difrobot_controller/simple_controller" to ""
[24.038s] -- Up-to-date: /home/user/difrobot_ws/install/difrobot_controller/share/difrobot_controller/launch
[24.039s] -- Installing: /home/user/difrobot_ws/install/difrobot_controller/share/difrobot_controller/launch/controller.launch.py
[24.039s] -- Up-to-date: /home/user/difrobot_ws/install/difrobot_controller/share/difrobot_controller/config
[24.040s] -- Up-to-date: /home/user/difrobot_ws/install/difrobot_controller/share/difrobot_controller/config/difrobot_controllers.yaml
[24.040s] -- Up-to-date: /home/user/difrobot_ws/install/difrobot_controller/lib/difrobot_controller/simple_controller.py
[24.040s] -- Installing: /home/user/difrobot_ws/install/difrobot_controller/share/ament_index/resource_index/package_run_dependencies/difrobot_controller
[24.041s] -- Up-to-date: /home/user/difrobot_ws/install/difrobot_controller/share/ament_index/resource_index/parent_prefix_path/difrobot_controller
[24.042s] -- Up-to-date: /home/user/difrobot_ws/install/difrobot_controller/share/difrobot_controller/environment/ament_prefix_path.sh
[24.042s] -- Installing: /home/user/difrobot_ws/install/difrobot_controller/share/difrobot_controller/environment/ament_prefix_path.dsv
[24.043s] -- Up-to-date: /home/user/difrobot_ws/install/difrobot_controller/share/difrobot_controller/environment/path.sh
[24.043s] -- Installing: /home/user/difrobot_ws/install/difrobot_controller/share/difrobot_controller/environment/path.dsv
[24.044s] -- Up-to-date: /home/user/difrobot_ws/install/difrobot_controller/share/difrobot_controller/local_setup.bash
[24.045s] -- Up-to-date: /home/user/difrobot_ws/install/difrobot_controller/share/difrobot_controller/local_setup.sh
[24.045s] -- Up-to-date: /home/user/difrobot_ws/install/difrobot_controller/share/difrobot_controller/local_setup.zsh
[24.045s] -- Installing: /home/user/difrobot_ws/install/difrobot_controller/share/difrobot_controller/local_setup.dsv
[24.045s] -- Installing: /home/user/difrobot_ws/install/difrobot_controller/share/difrobot_controller/package.dsv
[24.046s] -- Up-to-date: /home/user/difrobot_ws/install/difrobot_controller/share/ament_index/resource_index/packages/difrobot_controller
[24.046s] -- Up-to-date: /home/user/difrobot_ws/install/difrobot_controller/share/difrobot_controller/cmake/difrobot_controllerConfig.cmake
[24.046s] -- Up-to-date: /home/user/difrobot_ws/install/difrobot_controller/share/difrobot_controller/cmake/difrobot_controllerConfig-version.cmake
[24.046s] -- Installing: /home/user/difrobot_ws/install/difrobot_controller/share/difrobot_controller/package.xml
[24.051s] Invoked command in '/home/user/difrobot_ws/build/difrobot_controller' returned '0': CMAKE_PREFIX_PATH=/opt/ros/humble /usr/bin/cmake --install /home/user/difrobot_ws/build/difrobot_controller
