[0.051s] Invoking command in '/home/user/difrobot_ws/build/difrobot_controller': CMAKE_PREFIX_PATH=/opt/ros/humble /usr/bin/cmake --build /home/user/difrobot_ws/build/difrobot_controller -- -j12 -l12
[0.174s] Built target ament_cmake_python_copy_difrobot_controller
[0.828s] running egg_info
[0.831s] writing difrobot_controller.egg-info/PKG-INFO
[0.833s] writing dependency_links to difrobot_controller.egg-info/dependency_links.txt
[0.834s] writing top-level names to difrobot_controller.egg-info/top_level.txt
[0.839s] reading manifest file 'difrobot_controller.egg-info/SOURCES.txt'
[0.842s] writing manifest file 'difrobot_controller.egg-info/SOURCES.txt'
[0.898s] Built target ament_cmake_python_build_difrobot_controller_egg
[0.925s] Invoked command in '/home/user/difrobot_ws/build/difrobot_controller' returned '0': CMAKE_PREFIX_PATH=/opt/ros/humble /usr/bin/cmake --build /home/user/difrobot_ws/build/difrobot_controller -- -j12 -l12
[0.992s] Invoking command in '/home/user/difrobot_ws/build/difrobot_controller': CMAKE_PREFIX_PATH=/opt/ros/humble /usr/bin/cmake --install /home/user/difrobot_ws/build/difrobot_controller
[1.006s] -- Install configuration: ""
[1.006s] -- Up-to-date: /home/user/difrobot_ws/install/difrobot_controller/share/difrobot_controller/environment/pythonpath.sh
[1.007s] -- Up-to-date: /home/user/difrobot_ws/install/difrobot_controller/share/difrobot_controller/environment/pythonpath.dsv
[1.007s] -- Up-to-date: /home/user/difrobot_ws/install/difrobot_controller/local/lib/python3.10/dist-packages/difrobot_controller-0.0.0-py3.10.egg-info
[1.008s] -- Installing: /home/user/difrobot_ws/install/difrobot_controller/local/lib/python3.10/dist-packages/difrobot_controller-0.0.0-py3.10.egg-info/PKG-INFO
[1.009s] -- Installing: /home/user/difrobot_ws/install/difrobot_controller/local/lib/python3.10/dist-packages/difrobot_controller-0.0.0-py3.10.egg-info/dependency_links.txt
[1.009s] -- Installing: /home/user/difrobot_ws/install/difrobot_controller/local/lib/python3.10/dist-packages/difrobot_controller-0.0.0-py3.10.egg-info/SOURCES.txt
[1.010s] -- Installing: /home/user/difrobot_ws/install/difrobot_controller/local/lib/python3.10/dist-packages/difrobot_controller-0.0.0-py3.10.egg-info/top_level.txt
[1.010s] -- Up-to-date: /home/user/difrobot_ws/install/difrobot_controller/local/lib/python3.10/dist-packages/difrobot_controller
[1.010s] -- Up-to-date: /home/user/difrobot_ws/install/difrobot_controller/local/lib/python3.10/dist-packages/difrobot_controller/simple_controller.py
[1.010s] -- Up-to-date: /home/user/difrobot_ws/install/difrobot_controller/local/lib/python3.10/dist-packages/difrobot_controller/__init__.py
[1.075s] Listing '/home/user/difrobot_ws/install/difrobot_controller/local/lib/python3.10/dist-packages/difrobot_controller'...
[1.083s] -- Up-to-date: /home/user/difrobot_ws/install/difrobot_controller/share/difrobot_controller/launch
[1.084s] -- Installing: /home/user/difrobot_ws/install/difrobot_controller/share/difrobot_controller/launch/controller.launch.py
[1.084s] -- Up-to-date: /home/user/difrobot_ws/install/difrobot_controller/share/difrobot_controller/config
[1.084s] -- Up-to-date: /home/user/difrobot_ws/install/difrobot_controller/share/difrobot_controller/config/difrobot_controllers.yaml
[1.085s] -- Up-to-date: /home/user/difrobot_ws/install/difrobot_controller/lib/difrobot_controller/simple_controller.py
[1.085s] -- Up-to-date: /home/user/difrobot_ws/install/difrobot_controller/share/ament_index/resource_index/package_run_dependencies/difrobot_controller
[1.085s] -- Up-to-date: /home/user/difrobot_ws/install/difrobot_controller/share/ament_index/resource_index/parent_prefix_path/difrobot_controller
[1.086s] -- Up-to-date: /home/user/difrobot_ws/install/difrobot_controller/share/difrobot_controller/environment/ament_prefix_path.sh
[1.086s] -- Up-to-date: /home/user/difrobot_ws/install/difrobot_controller/share/difrobot_controller/environment/ament_prefix_path.dsv
[1.087s] -- Up-to-date: /home/user/difrobot_ws/install/difrobot_controller/share/difrobot_controller/environment/path.sh
[1.087s] -- Up-to-date: /home/user/difrobot_ws/install/difrobot_controller/share/difrobot_controller/environment/path.dsv
[1.087s] -- Up-to-date: /home/user/difrobot_ws/install/difrobot_controller/share/difrobot_controller/local_setup.bash
[1.087s] -- Up-to-date: /home/user/difrobot_ws/install/difrobot_controller/share/difrobot_controller/local_setup.sh
[1.087s] -- Up-to-date: /home/user/difrobot_ws/install/difrobot_controller/share/difrobot_controller/local_setup.zsh
[1.088s] -- Up-to-date: /home/user/difrobot_ws/install/difrobot_controller/share/difrobot_controller/local_setup.dsv
[1.088s] -- Installing: /home/user/difrobot_ws/install/difrobot_controller/share/difrobot_controller/package.dsv
[1.088s] -- Up-to-date: /home/user/difrobot_ws/install/difrobot_controller/share/ament_index/resource_index/packages/difrobot_controller
[1.088s] -- Up-to-date: /home/user/difrobot_ws/install/difrobot_controller/share/difrobot_controller/cmake/difrobot_controllerConfig.cmake
[1.088s] -- Up-to-date: /home/user/difrobot_ws/install/difrobot_controller/share/difrobot_controller/cmake/difrobot_controllerConfig-version.cmake
[1.088s] -- Up-to-date: /home/user/difrobot_ws/install/difrobot_controller/share/difrobot_controller/package.xml
[1.092s] Invoked command in '/home/user/difrobot_ws/build/difrobot_controller' returned '0': CMAKE_PREFIX_PATH=/opt/ros/humble /usr/bin/cmake --install /home/user/difrobot_ws/build/difrobot_controller
