/home/user/difrobot_ws/install/difrobot_py_examples/lib/python3.10/site-packages/difrobot_py_examples/__init__.py
/home/user/difrobot_ws/install/difrobot_py_examples/lib/python3.10/site-packages/difrobot_py_examples/simple_service_client.py
/home/user/difrobot_ws/install/difrobot_py_examples/lib/python3.10/site-packages/difrobot_py_examples/simple_service_server.py
/home/user/difrobot_ws/install/difrobot_py_examples/lib/python3.10/site-packages/difrobot_py_examples/simple_tf_kinematics.py
/home/user/difrobot_ws/install/difrobot_py_examples/lib/python3.10/site-packages/difrobot_py_examples/simple_turtlesim_kinematics.py
/home/user/difrobot_ws/install/difrobot_py_examples/lib/python3.10/site-packages/difrobot_py_examples/__pycache__/__init__.cpython-310.pyc
/home/user/difrobot_ws/install/difrobot_py_examples/lib/python3.10/site-packages/difrobot_py_examples/__pycache__/simple_service_client.cpython-310.pyc
/home/user/difrobot_ws/install/difrobot_py_examples/lib/python3.10/site-packages/difrobot_py_examples/__pycache__/simple_service_server.cpython-310.pyc
/home/user/difrobot_ws/install/difrobot_py_examples/lib/python3.10/site-packages/difrobot_py_examples/__pycache__/simple_tf_kinematics.cpython-310.pyc
/home/user/difrobot_ws/install/difrobot_py_examples/lib/python3.10/site-packages/difrobot_py_examples/__pycache__/simple_turtlesim_kinematics.cpython-310.pyc
/home/user/difrobot_ws/install/difrobot_py_examples/share/ament_index/resource_index/packages/difrobot_py_examples
/home/user/difrobot_ws/install/difrobot_py_examples/share/difrobot_py_examples/package.xml
/home/user/difrobot_ws/install/difrobot_py_examples/lib/python3.10/site-packages/difrobot_py_examples-0.0.0-py3.10.egg-info/PKG-INFO
/home/user/difrobot_ws/install/difrobot_py_examples/lib/python3.10/site-packages/difrobot_py_examples-0.0.0-py3.10.egg-info/zip-safe
/home/user/difrobot_ws/install/difrobot_py_examples/lib/python3.10/site-packages/difrobot_py_examples-0.0.0-py3.10.egg-info/dependency_links.txt
/home/user/difrobot_ws/install/difrobot_py_examples/lib/python3.10/site-packages/difrobot_py_examples-0.0.0-py3.10.egg-info/requires.txt
/home/user/difrobot_ws/install/difrobot_py_examples/lib/python3.10/site-packages/difrobot_py_examples-0.0.0-py3.10.egg-info/entry_points.txt
/home/user/difrobot_ws/install/difrobot_py_examples/lib/python3.10/site-packages/difrobot_py_examples-0.0.0-py3.10.egg-info/SOURCES.txt
/home/user/difrobot_ws/install/difrobot_py_examples/lib/python3.10/site-packages/difrobot_py_examples-0.0.0-py3.10.egg-info/top_level.txt
/home/user/difrobot_ws/install/difrobot_py_examples/lib/difrobot_py_examples/simple_service_client
/home/user/difrobot_ws/install/difrobot_py_examples/lib/difrobot_py_examples/simple_service_server
/home/user/difrobot_ws/install/difrobot_py_examples/lib/difrobot_py_examples/simple_tf_kinematics
/home/user/difrobot_ws/install/difrobot_py_examples/lib/difrobot_py_examples/simple_turtlesim_kinematics
