[0.044s] Invoking command in '/home/user/difrobot_ws/build/difrobot_description': CMAKE_PREFIX_PATH=/opt/ros/humble /usr/bin/cmake --build /home/user/difrobot_ws/build/difrobot_description -- -j12 -l12
[0.122s] Invoked command in '/home/user/difrobot_ws/build/difrobot_description' returned '0': CMAKE_PREFIX_PATH=/opt/ros/humble /usr/bin/cmake --build /home/user/difrobot_ws/build/difrobot_description -- -j12 -l12
[0.256s] Invoking command in '/home/user/difrobot_ws/build/difrobot_description': CMAKE_PREFIX_PATH=/opt/ros/humble /usr/bin/cmake --install /home/user/difrobot_ws/build/difrobot_description
[0.277s] -- Install configuration: ""
[0.277s] -- Up-to-date: /home/user/difrobot_ws/install/difrobot_description/share/difrobot_description/meshes
[0.278s] -- Up-to-date: /home/user/difrobot_ws/install/difrobot_description/share/difrobot_description/meshes/caster_rear_link.STL
[0.278s] -- Up-to-date: /home/user/difrobot_ws/install/difrobot_description/share/difrobot_description/meshes/wheel_left_link.STL
[0.279s] -- Up-to-date: /home/user/difrobot_ws/install/difrobot_description/share/difrobot_description/meshes/wheel_right_link.STL
[0.279s] -- Up-to-date: /home/user/difrobot_ws/install/difrobot_description/share/difrobot_description/meshes/caster_front_link.STL
[0.279s] -- Up-to-date: /home/user/difrobot_ws/install/difrobot_description/share/difrobot_description/meshes/imu_link.STL
[0.280s] -- Up-to-date: /home/user/difrobot_ws/install/difrobot_description/share/difrobot_description/meshes/base_link.STL
[0.280s] -- Up-to-date: /home/user/difrobot_ws/install/difrobot_description/share/difrobot_description/urdf
[0.280s] -- Up-to-date: /home/user/difrobot_ws/install/difrobot_description/share/difrobot_description/urdf/difrobot_gazebo.xacro
[0.281s] -- Up-to-date: /home/user/difrobot_ws/install/difrobot_description/share/difrobot_description/urdf/difrobot.urdf.xacro
[0.281s] -- Up-to-date: /home/user/difrobot_ws/install/difrobot_description/share/difrobot_description/urdf/difrobot_ros2_control.xacro
[0.282s] -- Up-to-date: /home/user/difrobot_ws/install/difrobot_description/share/difrobot_description/models
[0.282s] -- Up-to-date: /home/user/difrobot_ws/install/difrobot_description/share/difrobot_description/models/sun
[0.284s] -- Up-to-date: /home/user/difrobot_ws/install/difrobot_description/share/difrobot_description/models/sun/model-1_4.sdf
[0.285s] -- Up-to-date: /home/user/difrobot_ws/install/difrobot_description/share/difrobot_description/models/sun/model.config
[0.286s] -- Up-to-date: /home/user/difrobot_ws/install/difrobot_description/share/difrobot_description/models/sun/model.sdf
[0.286s] -- Up-to-date: /home/user/difrobot_ws/install/difrobot_description/share/difrobot_description/models/sun/model-1_3.sdf
[0.287s] -- Up-to-date: /home/user/difrobot_ws/install/difrobot_description/share/difrobot_description/models/sun/model-1_2.sdf
[0.288s] -- Up-to-date: /home/user/difrobot_ws/install/difrobot_description/share/difrobot_description/models/ground_plane
[0.288s] -- Up-to-date: /home/user/difrobot_ws/install/difrobot_description/share/difrobot_description/models/ground_plane/model-1_4.sdf
[0.289s] -- Up-to-date: /home/user/difrobot_ws/install/difrobot_description/share/difrobot_description/models/ground_plane/model.config
[0.290s] -- Up-to-date: /home/user/difrobot_ws/install/difrobot_description/share/difrobot_description/models/ground_plane/model.sdf
[0.293s] -- Up-to-date: /home/user/difrobot_ws/install/difrobot_description/share/difrobot_description/models/ground_plane/model-1_3.sdf
[0.295s] -- Up-to-date: /home/user/difrobot_ws/install/difrobot_description/share/difrobot_description/models/ground_plane/model-1_2.sdf
[0.296s] -- Up-to-date: /home/user/difrobot_ws/install/difrobot_description/share/difrobot_description/launch
[0.297s] -- Up-to-date: /home/user/difrobot_ws/install/difrobot_description/share/difrobot_description/launch/display.launch.py
[0.298s] -- Up-to-date: /home/user/difrobot_ws/install/difrobot_description/share/difrobot_description/launch/gazebo.launch.py
[0.299s] -- Up-to-date: /home/user/difrobot_ws/install/difrobot_description/share/difrobot_description/rviz
[0.300s] -- Up-to-date: /home/user/difrobot_ws/install/difrobot_description/share/difrobot_description/rviz/display.rviz
[0.301s] -- Up-to-date: /home/user/difrobot_ws/install/difrobot_description/share/ament_index/resource_index/package_run_dependencies/difrobot_description
[0.301s] -- Up-to-date: /home/user/difrobot_ws/install/difrobot_description/share/ament_index/resource_index/parent_prefix_path/difrobot_description
[0.301s] -- Up-to-date: /home/user/difrobot_ws/install/difrobot_description/share/difrobot_description/environment/ament_prefix_path.sh
[0.302s] -- Up-to-date: /home/user/difrobot_ws/install/difrobot_description/share/difrobot_description/environment/ament_prefix_path.dsv
[0.303s] -- Up-to-date: /home/user/difrobot_ws/install/difrobot_description/share/difrobot_description/environment/path.sh
[0.307s] -- Up-to-date: /home/user/difrobot_ws/install/difrobot_description/share/difrobot_description/environment/path.dsv
[0.308s] -- Up-to-date: /home/user/difrobot_ws/install/difrobot_description/share/difrobot_description/local_setup.bash
[0.310s] -- Up-to-date: /home/user/difrobot_ws/install/difrobot_description/share/difrobot_description/local_setup.sh
[0.313s] -- Up-to-date: /home/user/difrobot_ws/install/difrobot_description/share/difrobot_description/local_setup.zsh
[0.314s] -- Up-to-date: /home/user/difrobot_ws/install/difrobot_description/share/difrobot_description/local_setup.dsv
[0.315s] -- Installing: /home/user/difrobot_ws/install/difrobot_description/share/difrobot_description/package.dsv
[0.316s] -- Up-to-date: /home/user/difrobot_ws/install/difrobot_description/share/ament_index/resource_index/packages/difrobot_description
[0.317s] -- Up-to-date: /home/user/difrobot_ws/install/difrobot_description/share/difrobot_description/cmake/difrobot_descriptionConfig.cmake
[0.317s] -- Up-to-date: /home/user/difrobot_ws/install/difrobot_description/share/difrobot_description/cmake/difrobot_descriptionConfig-version.cmake
[0.319s] -- Up-to-date: /home/user/difrobot_ws/install/difrobot_description/share/difrobot_description/package.xml
[0.320s] Invoked command in '/home/user/difrobot_ws/build/difrobot_description' returned '0': CMAKE_PREFIX_PATH=/opt/ros/humble /usr/bin/cmake --install /home/user/difrobot_ws/build/difrobot_description
