[0.064s] Invoking command in '/home/user/difrobot_ws/build/difrobot_msgs': CMAKE_PREFIX_PATH=${CMAKE_PREFIX_PATH}:/home/user/difrobot_ws/install/difrobot_py_examples:/opt/ros/humble /usr/bin/cmake --build /home/user/difrobot_ws/build/difrobot_msgs -- -j12 -l12
[0.188s] [  3%] Built target difrobot_msgs__cpp
[0.192s] [ 12%] Built target difrobot_msgs__rosidl_generator_c
[0.227s] [ 12%] Built target ament_cmake_python_copy_difrobot_msgs
[0.263s] [ 29%] Built target difrobot_msgs__rosidl_typesupport_introspection_c
[0.263s] [ 32%] Built target difrobot_msgs__rosidl_typesupport_cpp
[0.264s] [ 41%] Built target difrobot_msgs__rosidl_typesupport_introspection_cpp
[0.265s] [ 51%] Built target difrobot_msgs__rosidl_typesupport_c
[0.267s] [ 61%] Built target difrobot_msgs__rosidl_typesupport_fastrtps_cpp
[0.274s] [ 70%] Built target difrobot_msgs__rosidl_typesupport_fastrtps_c
[0.336s] [ 70%] Built target difrobot_msgs
[0.382s] [ 74%] Built target difrobot_msgs__py
[0.441s] [ 80%] Built target difrobot_msgs__rosidl_generator_py
[0.517s] [ 90%] Built target difrobot_msgs__rosidl_typesupport_introspection_c__pyext
[0.518s] [ 93%] Built target difrobot_msgs__rosidl_typesupport_fastrtps_c__pyext
[0.529s] [100%] Built target difrobot_msgs__rosidl_typesupport_c__pyext
[0.959s] running egg_info
[0.960s] writing difrobot_msgs.egg-info/PKG-INFO
[0.961s] writing dependency_links to difrobot_msgs.egg-info/dependency_links.txt
[0.961s] writing top-level names to difrobot_msgs.egg-info/top_level.txt
[0.967s] reading manifest file 'difrobot_msgs.egg-info/SOURCES.txt'
[0.968s] writing manifest file 'difrobot_msgs.egg-info/SOURCES.txt'
[1.022s] [100%] Built target ament_cmake_python_build_difrobot_msgs_egg
[1.048s] Invoked command in '/home/user/difrobot_ws/build/difrobot_msgs' returned '0': CMAKE_PREFIX_PATH=${CMAKE_PREFIX_PATH}:/home/user/difrobot_ws/install/difrobot_py_examples:/opt/ros/humble /usr/bin/cmake --build /home/user/difrobot_ws/build/difrobot_msgs -- -j12 -l12
[1.197s] Invoking command in '/home/user/difrobot_ws/build/difrobot_msgs': CMAKE_PREFIX_PATH=${CMAKE_PREFIX_PATH}:/home/user/difrobot_ws/install/difrobot_py_examples:/opt/ros/humble /usr/bin/cmake --install /home/user/difrobot_ws/build/difrobot_msgs
[1.214s] -- Install configuration: ""
[1.215s] -- Up-to-date: /home/user/difrobot_ws/install/difrobot_msgs/share/ament_index/resource_index/rosidl_interfaces/difrobot_msgs
[1.215s] -- Up-to-date: /home/user/difrobot_ws/install/difrobot_msgs/include/difrobot_msgs/difrobot_msgs
[1.216s] -- Up-to-date: /home/user/difrobot_ws/install/difrobot_msgs/include/difrobot_msgs/difrobot_msgs/msg
[1.216s] -- Up-to-date: /home/user/difrobot_ws/install/difrobot_msgs/include/difrobot_msgs/difrobot_msgs/msg/rosidl_generator_c__visibility_control.h
[1.217s] -- Up-to-date: /home/user/difrobot_ws/install/difrobot_msgs/include/difrobot_msgs/difrobot_msgs/srv
[1.218s] -- Up-to-date: /home/user/difrobot_ws/install/difrobot_msgs/include/difrobot_msgs/difrobot_msgs/srv/add_two_ints.h
[1.218s] -- Up-to-date: /home/user/difrobot_ws/install/difrobot_msgs/include/difrobot_msgs/difrobot_msgs/srv/detail
[1.219s] -- Up-to-date: /home/user/difrobot_ws/install/difrobot_msgs/include/difrobot_msgs/difrobot_msgs/srv/detail/add_two_ints__type_support.h
[1.219s] -- Up-to-date: /home/user/difrobot_ws/install/difrobot_msgs/include/difrobot_msgs/difrobot_msgs/srv/detail/add_two_ints__functions.c
[1.220s] -- Up-to-date: /home/user/difrobot_ws/install/difrobot_msgs/include/difrobot_msgs/difrobot_msgs/srv/detail/add_two_ints__struct.h
[1.220s] -- Up-to-date: /home/user/difrobot_ws/install/difrobot_msgs/include/difrobot_msgs/difrobot_msgs/srv/detail/add_two_ints__functions.h
[1.221s] -- Up-to-date: /home/user/difrobot_ws/install/difrobot_msgs/share/difrobot_msgs/environment/library_path.sh
[1.221s] -- Up-to-date: /home/user/difrobot_ws/install/difrobot_msgs/share/difrobot_msgs/environment/library_path.dsv
[1.222s] -- Up-to-date: /home/user/difrobot_ws/install/difrobot_msgs/lib/libdifrobot_msgs__rosidl_generator_c.so
[1.223s] -- Up-to-date: /home/user/difrobot_ws/install/difrobot_msgs/include/difrobot_msgs/difrobot_msgs
[1.223s] -- Up-to-date: /home/user/difrobot_ws/install/difrobot_msgs/include/difrobot_msgs/difrobot_msgs/msg
[1.223s] -- Up-to-date: /home/user/difrobot_ws/install/difrobot_msgs/include/difrobot_msgs/difrobot_msgs/msg/rosidl_typesupport_fastrtps_c__visibility_control.h
[1.224s] -- Up-to-date: /home/user/difrobot_ws/install/difrobot_msgs/include/difrobot_msgs/difrobot_msgs/srv
[1.224s] -- Up-to-date: /home/user/difrobot_ws/install/difrobot_msgs/include/difrobot_msgs/difrobot_msgs/srv/detail
[1.225s] -- Up-to-date: /home/user/difrobot_ws/install/difrobot_msgs/include/difrobot_msgs/difrobot_msgs/srv/detail/add_two_ints__rosidl_typesupport_fastrtps_c.h
[1.225s] -- Up-to-date: /home/user/difrobot_ws/install/difrobot_msgs/lib/libdifrobot_msgs__rosidl_typesupport_fastrtps_c.so
[1.226s] -- Up-to-date: /home/user/difrobot_ws/install/difrobot_msgs/include/difrobot_msgs/difrobot_msgs
[1.226s] -- Up-to-date: /home/user/difrobot_ws/install/difrobot_msgs/include/difrobot_msgs/difrobot_msgs/srv
[1.228s] -- Up-to-date: /home/user/difrobot_ws/install/difrobot_msgs/include/difrobot_msgs/difrobot_msgs/srv/add_two_ints.hpp
[1.228s] -- Up-to-date: /home/user/difrobot_ws/install/difrobot_msgs/include/difrobot_msgs/difrobot_msgs/srv/detail
[1.229s] -- Up-to-date: /home/user/difrobot_ws/install/difrobot_msgs/include/difrobot_msgs/difrobot_msgs/srv/detail/add_two_ints__traits.hpp
[1.230s] -- Up-to-date: /home/user/difrobot_ws/install/difrobot_msgs/include/difrobot_msgs/difrobot_msgs/srv/detail/add_two_ints__builder.hpp
[1.231s] -- Up-to-date: /home/user/difrobot_ws/install/difrobot_msgs/include/difrobot_msgs/difrobot_msgs/srv/detail/add_two_ints__struct.hpp
[1.232s] -- Up-to-date: /home/user/difrobot_ws/install/difrobot_msgs/include/difrobot_msgs/difrobot_msgs
[1.233s] -- Up-to-date: /home/user/difrobot_ws/install/difrobot_msgs/include/difrobot_msgs/difrobot_msgs/msg
[1.233s] -- Up-to-date: /home/user/difrobot_ws/install/difrobot_msgs/include/difrobot_msgs/difrobot_msgs/msg/rosidl_typesupport_fastrtps_cpp__visibility_control.h
[1.234s] -- Up-to-date: /home/user/difrobot_ws/install/difrobot_msgs/include/difrobot_msgs/difrobot_msgs/srv
[1.234s] -- Up-to-date: /home/user/difrobot_ws/install/difrobot_msgs/include/difrobot_msgs/difrobot_msgs/srv/detail
[1.235s] -- Up-to-date: /home/user/difrobot_ws/install/difrobot_msgs/include/difrobot_msgs/difrobot_msgs/srv/detail/add_two_ints__rosidl_typesupport_fastrtps_cpp.hpp
[1.236s] -- Up-to-date: /home/user/difrobot_ws/install/difrobot_msgs/include/difrobot_msgs/difrobot_msgs/srv/detail/dds_fastrtps
[1.236s] -- Up-to-date: /home/user/difrobot_ws/install/difrobot_msgs/lib/libdifrobot_msgs__rosidl_typesupport_fastrtps_cpp.so
[1.236s] -- Up-to-date: /home/user/difrobot_ws/install/difrobot_msgs/include/difrobot_msgs/difrobot_msgs
[1.237s] -- Up-to-date: /home/user/difrobot_ws/install/difrobot_msgs/include/difrobot_msgs/difrobot_msgs/msg
[1.237s] -- Up-to-date: /home/user/difrobot_ws/install/difrobot_msgs/include/difrobot_msgs/difrobot_msgs/msg/rosidl_typesupport_introspection_c__visibility_control.h
[1.238s] -- Up-to-date: /home/user/difrobot_ws/install/difrobot_msgs/include/difrobot_msgs/difrobot_msgs/srv
[1.238s] -- Up-to-date: /home/user/difrobot_ws/install/difrobot_msgs/include/difrobot_msgs/difrobot_msgs/srv/detail
[1.238s] -- Up-to-date: /home/user/difrobot_ws/install/difrobot_msgs/include/difrobot_msgs/difrobot_msgs/srv/detail/add_two_ints__type_support.c
[1.238s] -- Up-to-date: /home/user/difrobot_ws/install/difrobot_msgs/include/difrobot_msgs/difrobot_msgs/srv/detail/add_two_ints__rosidl_typesupport_introspection_c.h
[1.238s] -- Up-to-date: /home/user/difrobot_ws/install/difrobot_msgs/lib/libdifrobot_msgs__rosidl_typesupport_introspection_c.so
[1.239s] -- Up-to-date: /home/user/difrobot_ws/install/difrobot_msgs/lib/libdifrobot_msgs__rosidl_typesupport_c.so
[1.239s] -- Up-to-date: /home/user/difrobot_ws/install/difrobot_msgs/include/difrobot_msgs/difrobot_msgs
[1.239s] -- Up-to-date: /home/user/difrobot_ws/install/difrobot_msgs/include/difrobot_msgs/difrobot_msgs/srv
[1.240s] -- Up-to-date: /home/user/difrobot_ws/install/difrobot_msgs/include/difrobot_msgs/difrobot_msgs/srv/detail
[1.240s] -- Up-to-date: /home/user/difrobot_ws/install/difrobot_msgs/include/difrobot_msgs/difrobot_msgs/srv/detail/add_two_ints__type_support.cpp
[1.240s] -- Up-to-date: /home/user/difrobot_ws/install/difrobot_msgs/include/difrobot_msgs/difrobot_msgs/srv/detail/add_two_ints__rosidl_typesupport_introspection_cpp.hpp
[1.241s] -- Up-to-date: /home/user/difrobot_ws/install/difrobot_msgs/lib/libdifrobot_msgs__rosidl_typesupport_introspection_cpp.so
[1.241s] -- Up-to-date: /home/user/difrobot_ws/install/difrobot_msgs/lib/libdifrobot_msgs__rosidl_typesupport_cpp.so
[1.241s] -- Up-to-date: /home/user/difrobot_ws/install/difrobot_msgs/share/difrobot_msgs/environment/pythonpath.sh
[1.242s] -- Up-to-date: /home/user/difrobot_ws/install/difrobot_msgs/share/difrobot_msgs/environment/pythonpath.dsv
[1.242s] -- Up-to-date: /home/user/difrobot_ws/install/difrobot_msgs/local/lib/python3.10/dist-packages/difrobot_msgs-0.0.0-py3.10.egg-info
[1.242s] -- Installing: /home/user/difrobot_ws/install/difrobot_msgs/local/lib/python3.10/dist-packages/difrobot_msgs-0.0.0-py3.10.egg-info/PKG-INFO
[1.243s] -- Installing: /home/user/difrobot_ws/install/difrobot_msgs/local/lib/python3.10/dist-packages/difrobot_msgs-0.0.0-py3.10.egg-info/dependency_links.txt
[1.243s] -- Installing: /home/user/difrobot_ws/install/difrobot_msgs/local/lib/python3.10/dist-packages/difrobot_msgs-0.0.0-py3.10.egg-info/SOURCES.txt
[1.243s] -- Installing: /home/user/difrobot_ws/install/difrobot_msgs/local/lib/python3.10/dist-packages/difrobot_msgs-0.0.0-py3.10.egg-info/top_level.txt
[1.244s] -- Up-to-date: /home/user/difrobot_ws/install/difrobot_msgs/local/lib/python3.10/dist-packages/difrobot_msgs
[1.244s] -- Up-to-date: /home/user/difrobot_ws/install/difrobot_msgs/local/lib/python3.10/dist-packages/difrobot_msgs/_difrobot_msgs_s.ep.rosidl_typesupport_c.c
[1.244s] -- Up-to-date: /home/user/difrobot_ws/install/difrobot_msgs/local/lib/python3.10/dist-packages/difrobot_msgs/difrobot_msgs_s__rosidl_typesupport_fastrtps_c.cpython-310-x86_64-linux-gnu.so
[1.245s] -- Up-to-date: /home/user/difrobot_ws/install/difrobot_msgs/local/lib/python3.10/dist-packages/difrobot_msgs/difrobot_msgs_s__rosidl_typesupport_c.cpython-310-x86_64-linux-gnu.so
[1.245s] -- Up-to-date: /home/user/difrobot_ws/install/difrobot_msgs/local/lib/python3.10/dist-packages/difrobot_msgs/difrobot_msgs_s__rosidl_typesupport_introspection_c.cpython-310-x86_64-linux-gnu.so
[1.245s] -- Up-to-date: /home/user/difrobot_ws/install/difrobot_msgs/local/lib/python3.10/dist-packages/difrobot_msgs/_difrobot_msgs_s.ep.rosidl_typesupport_introspection_c.c
[1.246s] -- Up-to-date: /home/user/difrobot_ws/install/difrobot_msgs/local/lib/python3.10/dist-packages/difrobot_msgs/_difrobot_msgs_s.ep.rosidl_typesupport_fastrtps_c.c
[1.246s] -- Up-to-date: /home/user/difrobot_ws/install/difrobot_msgs/local/lib/python3.10/dist-packages/difrobot_msgs/__init__.py
[1.246s] -- Up-to-date: /home/user/difrobot_ws/install/difrobot_msgs/local/lib/python3.10/dist-packages/difrobot_msgs/srv
[1.246s] -- Up-to-date: /home/user/difrobot_ws/install/difrobot_msgs/local/lib/python3.10/dist-packages/difrobot_msgs/srv/__init__.py
[1.247s] -- Up-to-date: /home/user/difrobot_ws/install/difrobot_msgs/local/lib/python3.10/dist-packages/difrobot_msgs/srv/_add_two_ints_s.c
[1.247s] -- Up-to-date: /home/user/difrobot_ws/install/difrobot_msgs/local/lib/python3.10/dist-packages/difrobot_msgs/srv/_add_two_ints.py
[1.247s] -- Up-to-date: /home/user/difrobot_ws/install/difrobot_msgs/local/lib/python3.10/dist-packages/difrobot_msgs/libdifrobot_msgs__rosidl_generator_py.so
[1.327s] Listing '/home/user/difrobot_ws/install/difrobot_msgs/local/lib/python3.10/dist-packages/difrobot_msgs'...
[1.328s] Listing '/home/user/difrobot_ws/install/difrobot_msgs/local/lib/python3.10/dist-packages/difrobot_msgs/srv'...
[1.338s] -- Up-to-date: /home/user/difrobot_ws/install/difrobot_msgs/local/lib/python3.10/dist-packages/difrobot_msgs/difrobot_msgs_s__rosidl_typesupport_fastrtps_c.cpython-310-x86_64-linux-gnu.so
[1.339s] -- Up-to-date: /home/user/difrobot_ws/install/difrobot_msgs/local/lib/python3.10/dist-packages/difrobot_msgs/difrobot_msgs_s__rosidl_typesupport_introspection_c.cpython-310-x86_64-linux-gnu.so
[1.340s] -- Up-to-date: /home/user/difrobot_ws/install/difrobot_msgs/local/lib/python3.10/dist-packages/difrobot_msgs/difrobot_msgs_s__rosidl_typesupport_c.cpython-310-x86_64-linux-gnu.so
[1.342s] -- Up-to-date: /home/user/difrobot_ws/install/difrobot_msgs/lib/libdifrobot_msgs__rosidl_generator_py.so
[1.342s] -- Up-to-date: /home/user/difrobot_ws/install/difrobot_msgs/share/difrobot_msgs/srv/AddTwoInts.idl
[1.344s] -- Up-to-date: /home/user/difrobot_ws/install/difrobot_msgs/share/difrobot_msgs/srv/AddTwoInts.srv
[1.344s] -- Up-to-date: /home/user/difrobot_ws/install/difrobot_msgs/share/difrobot_msgs/srv/AddTwoInts_Request.msg
[1.344s] -- Up-to-date: /home/user/difrobot_ws/install/difrobot_msgs/share/difrobot_msgs/srv/AddTwoInts_Response.msg
[1.345s] -- Up-to-date: /home/user/difrobot_ws/install/difrobot_msgs/share/ament_index/resource_index/package_run_dependencies/difrobot_msgs
[1.346s] -- Up-to-date: /home/user/difrobot_ws/install/difrobot_msgs/share/ament_index/resource_index/parent_prefix_path/difrobot_msgs
[1.346s] -- Up-to-date: /home/user/difrobot_ws/install/difrobot_msgs/share/difrobot_msgs/environment/ament_prefix_path.sh
[1.347s] -- Up-to-date: /home/user/difrobot_ws/install/difrobot_msgs/share/difrobot_msgs/environment/ament_prefix_path.dsv
[1.347s] -- Up-to-date: /home/user/difrobot_ws/install/difrobot_msgs/share/difrobot_msgs/environment/path.sh
[1.348s] -- Up-to-date: /home/user/difrobot_ws/install/difrobot_msgs/share/difrobot_msgs/environment/path.dsv
[1.349s] -- Up-to-date: /home/user/difrobot_ws/install/difrobot_msgs/share/difrobot_msgs/local_setup.bash
[1.350s] -- Up-to-date: /home/user/difrobot_ws/install/difrobot_msgs/share/difrobot_msgs/local_setup.sh
[1.350s] -- Up-to-date: /home/user/difrobot_ws/install/difrobot_msgs/share/difrobot_msgs/local_setup.zsh
[1.351s] -- Up-to-date: /home/user/difrobot_ws/install/difrobot_msgs/share/difrobot_msgs/local_setup.dsv
[1.351s] -- Installing: /home/user/difrobot_ws/install/difrobot_msgs/share/difrobot_msgs/package.dsv
[1.352s] -- Up-to-date: /home/user/difrobot_ws/install/difrobot_msgs/share/ament_index/resource_index/packages/difrobot_msgs
[1.353s] -- Up-to-date: /home/user/difrobot_ws/install/difrobot_msgs/share/difrobot_msgs/cmake/export_difrobot_msgs__rosidl_generator_cExport.cmake
[1.354s] -- Up-to-date: /home/user/difrobot_ws/install/difrobot_msgs/share/difrobot_msgs/cmake/export_difrobot_msgs__rosidl_generator_cExport-noconfig.cmake
[1.354s] -- Up-to-date: /home/user/difrobot_ws/install/difrobot_msgs/share/difrobot_msgs/cmake/export_difrobot_msgs__rosidl_typesupport_fastrtps_cExport.cmake
[1.354s] -- Up-to-date: /home/user/difrobot_ws/install/difrobot_msgs/share/difrobot_msgs/cmake/export_difrobot_msgs__rosidl_typesupport_fastrtps_cExport-noconfig.cmake
[1.355s] -- Up-to-date: /home/user/difrobot_ws/install/difrobot_msgs/share/difrobot_msgs/cmake/export_difrobot_msgs__rosidl_generator_cppExport.cmake
[1.356s] -- Up-to-date: /home/user/difrobot_ws/install/difrobot_msgs/share/difrobot_msgs/cmake/export_difrobot_msgs__rosidl_typesupport_fastrtps_cppExport.cmake
[1.356s] -- Up-to-date: /home/user/difrobot_ws/install/difrobot_msgs/share/difrobot_msgs/cmake/export_difrobot_msgs__rosidl_typesupport_fastrtps_cppExport-noconfig.cmake
[1.357s] -- Up-to-date: /home/user/difrobot_ws/install/difrobot_msgs/share/difrobot_msgs/cmake/difrobot_msgs__rosidl_typesupport_introspection_cExport.cmake
[1.358s] -- Up-to-date: /home/user/difrobot_ws/install/difrobot_msgs/share/difrobot_msgs/cmake/difrobot_msgs__rosidl_typesupport_introspection_cExport-noconfig.cmake
[1.358s] -- Up-to-date: /home/user/difrobot_ws/install/difrobot_msgs/share/difrobot_msgs/cmake/difrobot_msgs__rosidl_typesupport_cExport.cmake
[1.359s] -- Up-to-date: /home/user/difrobot_ws/install/difrobot_msgs/share/difrobot_msgs/cmake/difrobot_msgs__rosidl_typesupport_cExport-noconfig.cmake
[1.361s] -- Up-to-date: /home/user/difrobot_ws/install/difrobot_msgs/share/difrobot_msgs/cmake/difrobot_msgs__rosidl_typesupport_introspection_cppExport.cmake
[1.361s] -- Up-to-date: /home/user/difrobot_ws/install/difrobot_msgs/share/difrobot_msgs/cmake/difrobot_msgs__rosidl_typesupport_introspection_cppExport-noconfig.cmake
[1.361s] -- Up-to-date: /home/user/difrobot_ws/install/difrobot_msgs/share/difrobot_msgs/cmake/difrobot_msgs__rosidl_typesupport_cppExport.cmake
[1.362s] -- Up-to-date: /home/user/difrobot_ws/install/difrobot_msgs/share/difrobot_msgs/cmake/difrobot_msgs__rosidl_typesupport_cppExport-noconfig.cmake
[1.363s] -- Up-to-date: /home/user/difrobot_ws/install/difrobot_msgs/share/difrobot_msgs/cmake/export_difrobot_msgs__rosidl_generator_pyExport.cmake
[1.365s] -- Up-to-date: /home/user/difrobot_ws/install/difrobot_msgs/share/difrobot_msgs/cmake/export_difrobot_msgs__rosidl_generator_pyExport-noconfig.cmake
[1.365s] -- Up-to-date: /home/user/difrobot_ws/install/difrobot_msgs/share/difrobot_msgs/cmake/rosidl_cmake-extras.cmake
[1.365s] -- Up-to-date: /home/user/difrobot_ws/install/difrobot_msgs/share/difrobot_msgs/cmake/ament_cmake_export_include_directories-extras.cmake
[1.366s] -- Up-to-date: /home/user/difrobot_ws/install/difrobot_msgs/share/difrobot_msgs/cmake/ament_cmake_export_libraries-extras.cmake
[1.366s] -- Up-to-date: /home/user/difrobot_ws/install/difrobot_msgs/share/difrobot_msgs/cmake/ament_cmake_export_targets-extras.cmake
[1.367s] -- Up-to-date: /home/user/difrobot_ws/install/difrobot_msgs/share/difrobot_msgs/cmake/rosidl_cmake_export_typesupport_targets-extras.cmake
[1.367s] -- Up-to-date: /home/user/difrobot_ws/install/difrobot_msgs/share/difrobot_msgs/cmake/ament_cmake_export_dependencies-extras.cmake
[1.367s] -- Up-to-date: /home/user/difrobot_ws/install/difrobot_msgs/share/difrobot_msgs/cmake/rosidl_cmake_export_typesupport_libraries-extras.cmake
[1.368s] -- Up-to-date: /home/user/difrobot_ws/install/difrobot_msgs/share/difrobot_msgs/cmake/difrobot_msgsConfig.cmake
[1.368s] -- Up-to-date: /home/user/difrobot_ws/install/difrobot_msgs/share/difrobot_msgs/cmake/difrobot_msgsConfig-version.cmake
[1.369s] -- Up-to-date: /home/user/difrobot_ws/install/difrobot_msgs/share/difrobot_msgs/package.xml
[1.390s] Invoked command in '/home/user/difrobot_ws/build/difrobot_msgs' returned '0': CMAKE_PREFIX_PATH=${CMAKE_PREFIX_PATH}:/home/user/difrobot_ws/install/difrobot_py_examples:/opt/ros/humble /usr/bin/cmake --install /home/user/difrobot_ws/build/difrobot_msgs
