[0.273s] DEBUG:colcon:Command line arguments: ['/usr/bin/colcon', 'build']
[0.274s] DEBUG:colcon:Parsed command line arguments: Namespace(log_base=None, log_level=None, verb_name='build', build_base='build', install_base='install', merge_install=False, symlink_install=False, test_result_base=None, continue_on_error=False, executor='parallel', parallel_workers=12, event_handlers=None, ignore_user_meta=False, metas=['./colcon.meta'], base_paths=['.'], packages_ignore=None, packages_ignore_regex=None, paths=None, packages_up_to=None, packages_up_to_regex=None, packages_above=None, packages_above_and_dependencies=None, packages_above_depth=None, packages_select_by_dep=None, packages_skip_by_dep=None, packages_skip_up_to=None, packages_select_build_failed=False, packages_skip_build_finished=False, packages_select_test_failures=False, packages_skip_test_passed=False, packages_select=None, packages_skip=None, packages_select_regex=None, packages_skip_regex=None, packages_start=None, packages_end=None, cmake_args=None, cmake_target=None, cmake_target_skip_unavailable=False, cmake_clean_cache=False, cmake_clean_first=False, cmake_force_configure=False, ament_cmake_args=None, catkin_cmake_args=None, catkin_skip_building_tests=False, mixin_files=None, mixin=None, verb_parser=<colcon_mixin.mixin.mixin_argument.MixinArgumentDecorator object at 0x7f7a834e2ef0>, verb_extension=<colcon_core.verb.build.BuildVerb object at 0x7f7a835ef670>, main=<bound method BuildVerb.main of <colcon_core.verb.build.BuildVerb object at 0x7f7a835ef670>>, mixin_verb=('build',))
[0.632s] Level 1:colcon.colcon_core.package_discovery:discover_packages(colcon_meta) check parameters
[0.633s] Level 1:colcon.colcon_core.package_discovery:discover_packages(recursive) check parameters
[0.633s] Level 1:colcon.colcon_core.package_discovery:discover_packages(ignore) check parameters
[0.633s] Level 1:colcon.colcon_core.package_discovery:discover_packages(path) check parameters
[0.633s] Level 1:colcon.colcon_core.package_discovery:discover_packages(colcon_meta) discover
[0.633s] Level 1:colcon.colcon_core.package_discovery:discover_packages(recursive) discover
[0.633s] INFO:colcon.colcon_core.package_discovery:Crawling recursively for packages in '/home/user/difrobot_ws'
[0.633s] Level 1:colcon.colcon_core.package_identification:_identify(.) by extensions ['ignore', 'ignore_ament_install']
[0.633s] Level 1:colcon.colcon_core.package_identification:_identify(.) by extension 'ignore'
[0.634s] Level 1:colcon.colcon_core.package_identification:_identify(.) by extension 'ignore_ament_install'
[0.634s] Level 1:colcon.colcon_core.package_identification:_identify(.) by extensions ['colcon_pkg']
[0.634s] Level 1:colcon.colcon_core.package_identification:_identify(.) by extension 'colcon_pkg'
[0.634s] Level 1:colcon.colcon_core.package_identification:_identify(.) by extensions ['colcon_meta']
[0.634s] Level 1:colcon.colcon_core.package_identification:_identify(.) by extension 'colcon_meta'
[0.634s] Level 1:colcon.colcon_core.package_identification:_identify(.) by extensions ['ros']
[0.634s] Level 1:colcon.colcon_core.package_identification:_identify(.) by extension 'ros'
[0.659s] Level 1:colcon.colcon_core.package_identification:_identify(.) by extensions ['cmake', 'python']
[0.659s] Level 1:colcon.colcon_core.package_identification:_identify(.) by extension 'cmake'
[0.659s] Level 1:colcon.colcon_core.package_identification:_identify(.) by extension 'python'
[0.659s] Level 1:colcon.colcon_core.package_identification:_identify(.) by extensions ['python_setup_py']
[0.659s] Level 1:colcon.colcon_core.package_identification:_identify(.) by extension 'python_setup_py'
[0.659s] Level 1:colcon.colcon_core.package_identification:_identify(build) by extensions ['ignore', 'ignore_ament_install']
[0.660s] Level 1:colcon.colcon_core.package_identification:_identify(build) by extension 'ignore'
[0.660s] Level 1:colcon.colcon_core.package_identification:_identify(build) ignored
[0.660s] Level 1:colcon.colcon_core.package_identification:_identify(install) by extensions ['ignore', 'ignore_ament_install']
[0.660s] Level 1:colcon.colcon_core.package_identification:_identify(install) by extension 'ignore'
[0.660s] Level 1:colcon.colcon_core.package_identification:_identify(install) ignored
[0.661s] Level 1:colcon.colcon_core.package_identification:_identify(log) by extensions ['ignore', 'ignore_ament_install']
[0.661s] Level 1:colcon.colcon_core.package_identification:_identify(log) by extension 'ignore'
[0.661s] Level 1:colcon.colcon_core.package_identification:_identify(log) ignored
[0.661s] Level 1:colcon.colcon_core.package_identification:_identify(src) by extensions ['ignore', 'ignore_ament_install']
[0.661s] Level 1:colcon.colcon_core.package_identification:_identify(src) by extension 'ignore'
[0.661s] Level 1:colcon.colcon_core.package_identification:_identify(src) by extension 'ignore_ament_install'
[0.662s] Level 1:colcon.colcon_core.package_identification:_identify(src) by extensions ['colcon_pkg']
[0.662s] Level 1:colcon.colcon_core.package_identification:_identify(src) by extension 'colcon_pkg'
[0.662s] Level 1:colcon.colcon_core.package_identification:_identify(src) by extensions ['colcon_meta']
[0.662s] Level 1:colcon.colcon_core.package_identification:_identify(src) by extension 'colcon_meta'
[0.662s] Level 1:colcon.colcon_core.package_identification:_identify(src) by extensions ['ros']
[0.662s] Level 1:colcon.colcon_core.package_identification:_identify(src) by extension 'ros'
[0.663s] Level 1:colcon.colcon_core.package_identification:_identify(src) by extensions ['cmake', 'python']
[0.663s] Level 1:colcon.colcon_core.package_identification:_identify(src) by extension 'cmake'
[0.663s] Level 1:colcon.colcon_core.package_identification:_identify(src) by extension 'python'
[0.663s] Level 1:colcon.colcon_core.package_identification:_identify(src) by extensions ['python_setup_py']
[0.663s] Level 1:colcon.colcon_core.package_identification:_identify(src) by extension 'python_setup_py'
[0.663s] Level 1:colcon.colcon_core.package_identification:_identify(src/difrobot_description) by extensions ['ignore', 'ignore_ament_install']
[0.663s] Level 1:colcon.colcon_core.package_identification:_identify(src/difrobot_description) by extension 'ignore'
[0.664s] Level 1:colcon.colcon_core.package_identification:_identify(src/difrobot_description) by extension 'ignore_ament_install'
[0.664s] Level 1:colcon.colcon_core.package_identification:_identify(src/difrobot_description) by extensions ['colcon_pkg']
[0.664s] Level 1:colcon.colcon_core.package_identification:_identify(src/difrobot_description) by extension 'colcon_pkg'
[0.664s] Level 1:colcon.colcon_core.package_identification:_identify(src/difrobot_description) by extensions ['colcon_meta']
[0.664s] Level 1:colcon.colcon_core.package_identification:_identify(src/difrobot_description) by extension 'colcon_meta'
[0.664s] Level 1:colcon.colcon_core.package_identification:_identify(src/difrobot_description) by extensions ['ros']
[0.664s] Level 1:colcon.colcon_core.package_identification:_identify(src/difrobot_description) by extension 'ros'
[0.670s] DEBUG:colcon.colcon_core.package_identification:Package 'src/difrobot_description' with type 'ros.ament_cmake' and name 'difrobot_description'
[0.671s] Level 1:colcon.colcon_core.package_identification:_identify(src/difrobot_py_examples) by extensions ['ignore', 'ignore_ament_install']
[0.671s] Level 1:colcon.colcon_core.package_identification:_identify(src/difrobot_py_examples) by extension 'ignore'
[0.671s] Level 1:colcon.colcon_core.package_identification:_identify(src/difrobot_py_examples) by extension 'ignore_ament_install'
[0.671s] Level 1:colcon.colcon_core.package_identification:_identify(src/difrobot_py_examples) by extensions ['colcon_pkg']
[0.671s] Level 1:colcon.colcon_core.package_identification:_identify(src/difrobot_py_examples) by extension 'colcon_pkg'
[0.671s] Level 1:colcon.colcon_core.package_identification:_identify(src/difrobot_py_examples) by extensions ['colcon_meta']
[0.671s] Level 1:colcon.colcon_core.package_identification:_identify(src/difrobot_py_examples) by extension 'colcon_meta'
[0.671s] Level 1:colcon.colcon_core.package_identification:_identify(src/difrobot_py_examples) by extensions ['ros']
[0.672s] Level 1:colcon.colcon_core.package_identification:_identify(src/difrobot_py_examples) by extension 'ros'
[0.673s] DEBUG:colcon.colcon_core.package_identification:Package 'src/difrobot_py_examples' with type 'ros.ament_python' and name 'difrobot_py_examples'
[0.673s] Level 1:colcon.colcon_core.package_discovery:discover_packages(recursive) using defaults
[0.673s] Level 1:colcon.colcon_core.package_discovery:discover_packages(ignore) discover
[0.673s] Level 1:colcon.colcon_core.package_discovery:discover_packages(ignore) using defaults
[0.673s] Level 1:colcon.colcon_core.package_discovery:discover_packages(path) discover
[0.673s] Level 1:colcon.colcon_core.package_discovery:discover_packages(path) using defaults
[0.720s] Level 5:colcon.colcon_core.verb:set package 'difrobot_description' build argument 'cmake_args' from command line to 'None'
[0.720s] Level 5:colcon.colcon_core.verb:set package 'difrobot_description' build argument 'cmake_target' from command line to 'None'
[0.720s] Level 5:colcon.colcon_core.verb:set package 'difrobot_description' build argument 'cmake_target_skip_unavailable' from command line to 'False'
[0.720s] Level 5:colcon.colcon_core.verb:set package 'difrobot_description' build argument 'cmake_clean_cache' from command line to 'False'
[0.720s] Level 5:colcon.colcon_core.verb:set package 'difrobot_description' build argument 'cmake_clean_first' from command line to 'False'
[0.720s] Level 5:colcon.colcon_core.verb:set package 'difrobot_description' build argument 'cmake_force_configure' from command line to 'False'
[0.720s] Level 5:colcon.colcon_core.verb:set package 'difrobot_description' build argument 'ament_cmake_args' from command line to 'None'
[0.720s] Level 5:colcon.colcon_core.verb:set package 'difrobot_description' build argument 'catkin_cmake_args' from command line to 'None'
[0.720s] Level 5:colcon.colcon_core.verb:set package 'difrobot_description' build argument 'catkin_skip_building_tests' from command line to 'False'
[0.720s] DEBUG:colcon.colcon_core.verb:Building package 'difrobot_description' with the following arguments: {'ament_cmake_args': None, 'build_base': '/home/user/difrobot_ws/build/difrobot_description', 'catkin_cmake_args': None, 'catkin_skip_building_tests': False, 'cmake_args': None, 'cmake_clean_cache': False, 'cmake_clean_first': False, 'cmake_force_configure': False, 'cmake_target': None, 'cmake_target_skip_unavailable': False, 'install_base': '/home/user/difrobot_ws/install/difrobot_description', 'merge_install': False, 'path': '/home/user/difrobot_ws/src/difrobot_description', 'symlink_install': False, 'test_result_base': None}
[0.721s] Level 5:colcon.colcon_core.verb:set package 'difrobot_py_examples' build argument 'cmake_args' from command line to 'None'
[0.722s] Level 5:colcon.colcon_core.verb:set package 'difrobot_py_examples' build argument 'cmake_target' from command line to 'None'
[0.722s] Level 5:colcon.colcon_core.verb:set package 'difrobot_py_examples' build argument 'cmake_target_skip_unavailable' from command line to 'False'
[0.722s] Level 5:colcon.colcon_core.verb:set package 'difrobot_py_examples' build argument 'cmake_clean_cache' from command line to 'False'
[0.722s] Level 5:colcon.colcon_core.verb:set package 'difrobot_py_examples' build argument 'cmake_clean_first' from command line to 'False'
[0.722s] Level 5:colcon.colcon_core.verb:set package 'difrobot_py_examples' build argument 'cmake_force_configure' from command line to 'False'
[0.722s] Level 5:colcon.colcon_core.verb:set package 'difrobot_py_examples' build argument 'ament_cmake_args' from command line to 'None'
[0.722s] Level 5:colcon.colcon_core.verb:set package 'difrobot_py_examples' build argument 'catkin_cmake_args' from command line to 'None'
[0.722s] Level 5:colcon.colcon_core.verb:set package 'difrobot_py_examples' build argument 'catkin_skip_building_tests' from command line to 'False'
[0.722s] DEBUG:colcon.colcon_core.verb:Building package 'difrobot_py_examples' with the following arguments: {'ament_cmake_args': None, 'build_base': '/home/user/difrobot_ws/build/difrobot_py_examples', 'catkin_cmake_args': None, 'catkin_skip_building_tests': False, 'cmake_args': None, 'cmake_clean_cache': False, 'cmake_clean_first': False, 'cmake_force_configure': False, 'cmake_target': None, 'cmake_target_skip_unavailable': False, 'install_base': '/home/user/difrobot_ws/install/difrobot_py_examples', 'merge_install': False, 'path': '/home/user/difrobot_ws/src/difrobot_py_examples', 'symlink_install': False, 'test_result_base': None}
[0.722s] INFO:colcon.colcon_core.executor:Executing jobs using 'parallel' executor
[0.725s] DEBUG:colcon.colcon_parallel_executor.executor.parallel:run_until_complete
[0.725s] INFO:colcon.colcon_ros.task.ament_cmake.build:Building ROS package in '/home/user/difrobot_ws/src/difrobot_description' with build type 'ament_cmake'
[0.726s] INFO:colcon.colcon_cmake.task.cmake.build:Building CMake package in '/home/user/difrobot_ws/src/difrobot_description'
[0.737s] INFO:colcon.colcon_core.plugin_system:Skipping extension 'colcon_core.shell.bat': Not used on non-Windows systems
[0.738s] INFO:colcon.colcon_core.shell:Skip shell extension 'powershell' for command environment: Not usable outside of PowerShell
[0.738s] DEBUG:colcon.colcon_core.shell:Skip shell extension 'dsv' for command environment
[0.751s] INFO:colcon.colcon_ros.task.ament_python.build:Building ROS package in '/home/user/difrobot_ws/src/difrobot_py_examples' with build type 'ament_python'
[0.751s] Level 1:colcon.colcon_core.shell:create_environment_hook('difrobot_py_examples', 'ament_prefix_path')
[0.752s] INFO:colcon.colcon_core.shell:Creating environment hook '/home/user/difrobot_ws/install/difrobot_py_examples/share/difrobot_py_examples/hook/ament_prefix_path.ps1'
[0.755s] INFO:colcon.colcon_core.shell:Creating environment descriptor '/home/user/difrobot_ws/install/difrobot_py_examples/share/difrobot_py_examples/hook/ament_prefix_path.dsv'
[0.757s] INFO:colcon.colcon_core.shell:Creating environment hook '/home/user/difrobot_ws/install/difrobot_py_examples/share/difrobot_py_examples/hook/ament_prefix_path.sh'
[0.760s] INFO:colcon.colcon_core.shell:Skip shell extension 'powershell' for command environment: Not usable outside of PowerShell
[0.760s] DEBUG:colcon.colcon_core.shell:Skip shell extension 'dsv' for command environment
[0.773s] DEBUG:colcon.colcon_core.event_handler.log_command:Invoking command in '/home/user/difrobot_ws/build/difrobot_description': CMAKE_PREFIX_PATH=/opt/ros/humble /usr/bin/cmake /home/user/difrobot_ws/src/difrobot_description -DCMAKE_INSTALL_PREFIX=/home/user/difrobot_ws/install/difrobot_description
[1.378s] INFO:colcon.colcon_core.task.python.build:Building Python package in '/home/user/difrobot_ws/src/difrobot_py_examples'
[1.379s] INFO:colcon.colcon_core.shell:Skip shell extension 'powershell' for command environment: Not usable outside of PowerShell
[1.379s] DEBUG:colcon.colcon_core.shell:Skip shell extension 'dsv' for command environment
[2.227s] DEBUG:colcon.colcon_core.event_handler.log_command:Invoking command in '/home/user/difrobot_ws/src/difrobot_py_examples': PYTHONPATH=/home/user/difrobot_ws/build/difrobot_py_examples/prefix_override:/usr/lib/python3/dist-packages/colcon_core/task/python/colcon_distutils_commands:/home/user/difrobot_ws/install/difrobot_py_examples/lib/python3.10/site-packages:${PYTHONPATH} /usr/bin/python3 -W ignore:setup.py install is deprecated setup.py egg_info --egg-base ../../build/difrobot_py_examples build --build-base /home/user/difrobot_ws/build/difrobot_py_examples/build install --record /home/user/difrobot_ws/build/difrobot_py_examples/install.log --single-version-externally-managed install_data
[2.448s] DEBUG:colcon.colcon_core.event_handler.log_command:Invoked command in '/home/user/difrobot_ws/build/difrobot_description' returned '0': CMAKE_PREFIX_PATH=/opt/ros/humble /usr/bin/cmake /home/user/difrobot_ws/src/difrobot_description -DCMAKE_INSTALL_PREFIX=/home/user/difrobot_ws/install/difrobot_description
[2.454s] DEBUG:colcon.colcon_core.event_handler.log_command:Invoking command in '/home/user/difrobot_ws/build/difrobot_description': CMAKE_PREFIX_PATH=/opt/ros/humble /usr/bin/cmake --build /home/user/difrobot_ws/build/difrobot_description -- -j12 -l12
[2.523s] DEBUG:colcon.colcon_core.event_handler.log_command:Invoked command in '/home/user/difrobot_ws/build/difrobot_description' returned '0': CMAKE_PREFIX_PATH=/opt/ros/humble /usr/bin/cmake --build /home/user/difrobot_ws/build/difrobot_description -- -j12 -l12
[2.583s] DEBUG:colcon.colcon_core.event_handler.log_command:Invoking command in '/home/user/difrobot_ws/build/difrobot_description': CMAKE_PREFIX_PATH=/opt/ros/humble /usr/bin/cmake --install /home/user/difrobot_ws/build/difrobot_description
[2.661s] Level 1:colcon.colcon_core.environment:create_environment_scripts_only(difrobot_description)
[2.663s] DEBUG:colcon.colcon_core.event_handler.log_command:Invoked command in '/home/user/difrobot_ws/build/difrobot_description' returned '0': CMAKE_PREFIX_PATH=/opt/ros/humble /usr/bin/cmake --install /home/user/difrobot_ws/build/difrobot_description
[2.687s] Level 1:colcon.colcon_core.environment:checking '/home/user/difrobot_ws/install/difrobot_description' for CMake module files
[2.689s] Level 1:colcon.colcon_core.environment:checking '/home/user/difrobot_ws/install/difrobot_description' for CMake config files
[2.690s] Level 1:colcon.colcon_core.shell:create_environment_hook('difrobot_description', 'cmake_prefix_path')
[2.690s] INFO:colcon.colcon_core.shell:Creating environment hook '/home/user/difrobot_ws/install/difrobot_description/share/difrobot_description/hook/cmake_prefix_path.ps1'
[2.692s] INFO:colcon.colcon_core.shell:Creating environment descriptor '/home/user/difrobot_ws/install/difrobot_description/share/difrobot_description/hook/cmake_prefix_path.dsv'
[2.693s] INFO:colcon.colcon_core.shell:Creating environment hook '/home/user/difrobot_ws/install/difrobot_description/share/difrobot_description/hook/cmake_prefix_path.sh'
[2.694s] Level 1:colcon.colcon_core.environment:checking '/home/user/difrobot_ws/install/difrobot_description/bin'
[2.695s] Level 1:colcon.colcon_core.environment:checking '/home/user/difrobot_ws/install/difrobot_description/lib/pkgconfig/difrobot_description.pc'
[2.696s] Level 1:colcon.colcon_core.environment:checking '/home/user/difrobot_ws/install/difrobot_description/lib/python3.10/site-packages'
[2.696s] Level 1:colcon.colcon_core.environment:checking '/home/user/difrobot_ws/install/difrobot_description/bin'
[2.697s] INFO:colcon.colcon_core.shell:Creating package script '/home/user/difrobot_ws/install/difrobot_description/share/difrobot_description/package.ps1'
[2.700s] INFO:colcon.colcon_core.shell:Creating package descriptor '/home/user/difrobot_ws/install/difrobot_description/share/difrobot_description/package.dsv'
[2.702s] INFO:colcon.colcon_core.shell:Creating package script '/home/user/difrobot_ws/install/difrobot_description/share/difrobot_description/package.sh'
[2.704s] INFO:colcon.colcon_core.shell:Creating package script '/home/user/difrobot_ws/install/difrobot_description/share/difrobot_description/package.bash'
[2.707s] INFO:colcon.colcon_core.shell:Creating package script '/home/user/difrobot_ws/install/difrobot_description/share/difrobot_description/package.zsh'
[2.709s] Level 1:colcon.colcon_core.environment:create_file_with_runtime_dependencies(/home/user/difrobot_ws/install/difrobot_description/share/colcon-core/packages/difrobot_description)
[2.753s] Level 1:colcon.colcon_core.environment:create_environment_scripts_only(difrobot_description)
[2.753s] Level 1:colcon.colcon_core.environment:checking '/home/user/difrobot_ws/install/difrobot_description' for CMake module files
[2.755s] Level 1:colcon.colcon_core.environment:checking '/home/user/difrobot_ws/install/difrobot_description' for CMake config files
[2.755s] Level 1:colcon.colcon_core.shell:create_environment_hook('difrobot_description', 'cmake_prefix_path')
[2.756s] INFO:colcon.colcon_core.shell:Creating environment hook '/home/user/difrobot_ws/install/difrobot_description/share/difrobot_description/hook/cmake_prefix_path.ps1'
[2.757s] INFO:colcon.colcon_core.shell:Creating environment descriptor '/home/user/difrobot_ws/install/difrobot_description/share/difrobot_description/hook/cmake_prefix_path.dsv'
[2.758s] INFO:colcon.colcon_core.shell:Creating environment hook '/home/user/difrobot_ws/install/difrobot_description/share/difrobot_description/hook/cmake_prefix_path.sh'
[2.759s] Level 1:colcon.colcon_core.environment:checking '/home/user/difrobot_ws/install/difrobot_description/bin'
[2.759s] Level 1:colcon.colcon_core.environment:checking '/home/user/difrobot_ws/install/difrobot_description/lib/pkgconfig/difrobot_description.pc'
[2.760s] Level 1:colcon.colcon_core.environment:checking '/home/user/difrobot_ws/install/difrobot_description/lib/python3.10/site-packages'
[2.760s] Level 1:colcon.colcon_core.environment:checking '/home/user/difrobot_ws/install/difrobot_description/bin'
[2.761s] INFO:colcon.colcon_core.shell:Creating package script '/home/user/difrobot_ws/install/difrobot_description/share/difrobot_description/package.ps1'
[2.762s] INFO:colcon.colcon_core.shell:Creating package descriptor '/home/user/difrobot_ws/install/difrobot_description/share/difrobot_description/package.dsv'
[2.764s] INFO:colcon.colcon_core.shell:Creating package script '/home/user/difrobot_ws/install/difrobot_description/share/difrobot_description/package.sh'
[2.765s] INFO:colcon.colcon_core.shell:Creating package script '/home/user/difrobot_ws/install/difrobot_description/share/difrobot_description/package.bash'
[2.766s] INFO:colcon.colcon_core.shell:Creating package script '/home/user/difrobot_ws/install/difrobot_description/share/difrobot_description/package.zsh'
[2.767s] Level 1:colcon.colcon_core.environment:create_file_with_runtime_dependencies(/home/user/difrobot_ws/install/difrobot_description/share/colcon-core/packages/difrobot_description)
[2.933s] Level 1:colcon.colcon_core.environment:checking '/home/user/difrobot_ws/install/difrobot_py_examples' for CMake module files
[2.934s] DEBUG:colcon.colcon_core.event_handler.log_command:Invoked command in '/home/user/difrobot_ws/src/difrobot_py_examples' returned '0': PYTHONPATH=/home/user/difrobot_ws/build/difrobot_py_examples/prefix_override:/usr/lib/python3/dist-packages/colcon_core/task/python/colcon_distutils_commands:/home/user/difrobot_ws/install/difrobot_py_examples/lib/python3.10/site-packages:${PYTHONPATH} /usr/bin/python3 -W ignore:setup.py install is deprecated setup.py egg_info --egg-base ../../build/difrobot_py_examples build --build-base /home/user/difrobot_ws/build/difrobot_py_examples/build install --record /home/user/difrobot_ws/build/difrobot_py_examples/install.log --single-version-externally-managed install_data
[2.936s] Level 1:colcon.colcon_core.environment:checking '/home/user/difrobot_ws/install/difrobot_py_examples' for CMake config files
[2.937s] Level 1:colcon.colcon_core.environment:checking '/home/user/difrobot_ws/install/difrobot_py_examples/lib'
[2.937s] Level 1:colcon.colcon_core.environment:checking '/home/user/difrobot_ws/install/difrobot_py_examples/bin'
[2.937s] Level 1:colcon.colcon_core.environment:checking '/home/user/difrobot_ws/install/difrobot_py_examples/lib/pkgconfig/difrobot_py_examples.pc'
[2.938s] Level 1:colcon.colcon_core.environment:checking '/home/user/difrobot_ws/install/difrobot_py_examples/lib/python3.10/site-packages'
[2.938s] Level 1:colcon.colcon_core.shell:create_environment_hook('difrobot_py_examples', 'pythonpath')
[2.939s] INFO:colcon.colcon_core.shell:Creating environment hook '/home/user/difrobot_ws/install/difrobot_py_examples/share/difrobot_py_examples/hook/pythonpath.ps1'
[2.939s] INFO:colcon.colcon_core.shell:Creating environment descriptor '/home/user/difrobot_ws/install/difrobot_py_examples/share/difrobot_py_examples/hook/pythonpath.dsv'
[2.940s] INFO:colcon.colcon_core.shell:Creating environment hook '/home/user/difrobot_ws/install/difrobot_py_examples/share/difrobot_py_examples/hook/pythonpath.sh'
[2.941s] Level 1:colcon.colcon_core.environment:checking '/home/user/difrobot_ws/install/difrobot_py_examples/bin'
[2.942s] Level 1:colcon.colcon_core.environment:create_environment_scripts_only(difrobot_py_examples)
[2.942s] INFO:colcon.colcon_core.shell:Creating package script '/home/user/difrobot_ws/install/difrobot_py_examples/share/difrobot_py_examples/package.ps1'
[2.943s] INFO:colcon.colcon_core.shell:Creating package descriptor '/home/user/difrobot_ws/install/difrobot_py_examples/share/difrobot_py_examples/package.dsv'
[2.944s] INFO:colcon.colcon_core.shell:Creating package script '/home/user/difrobot_ws/install/difrobot_py_examples/share/difrobot_py_examples/package.sh'
[2.945s] INFO:colcon.colcon_core.shell:Creating package script '/home/user/difrobot_ws/install/difrobot_py_examples/share/difrobot_py_examples/package.bash'
[2.946s] INFO:colcon.colcon_core.shell:Creating package script '/home/user/difrobot_ws/install/difrobot_py_examples/share/difrobot_py_examples/package.zsh'
[2.947s] Level 1:colcon.colcon_core.environment:create_file_with_runtime_dependencies(/home/user/difrobot_ws/install/difrobot_py_examples/share/colcon-core/packages/difrobot_py_examples)
[2.947s] DEBUG:colcon.colcon_parallel_executor.executor.parallel:closing loop
[2.949s] DEBUG:colcon.colcon_parallel_executor.executor.parallel:loop closed
[2.949s] DEBUG:colcon.colcon_parallel_executor.executor.parallel:run_until_complete finished with '0'
[2.949s] DEBUG:colcon.colcon_core.event_reactor:joining thread
[2.963s] INFO:colcon.colcon_core.plugin_system:Skipping extension 'colcon_notification.desktop_notification.notify_send': Could not find 'notify-send'
[2.963s] INFO:colcon.colcon_core.plugin_system:Skipping extension 'colcon_notification.desktop_notification.terminal_notifier': Not used on non-Darwin systems
[2.964s] INFO:colcon.colcon_core.plugin_system:Skipping extension 'colcon_notification.desktop_notification.win32': Not used on non-Windows systems
[2.964s] INFO:colcon.colcon_notification.desktop_notification:Sending desktop notification using 'notify2'
[2.968s] DEBUG:colcon.colcon_notification.desktop_notification.notify2:Failed to initialize notify2: org.freedesktop.DBus.Error.Spawn.ExecFailed: /usr/bin/dbus-launch terminated abnormally without any error message
[2.969s] DEBUG:colcon.colcon_core.event_reactor:joined thread
[2.971s] INFO:colcon.colcon_core.shell:Creating prefix script '/home/user/difrobot_ws/install/local_setup.ps1'
[2.975s] INFO:colcon.colcon_core.shell:Creating prefix util module '/home/user/difrobot_ws/install/_local_setup_util_ps1.py'
[2.979s] INFO:colcon.colcon_core.shell:Creating prefix chain script '/home/user/difrobot_ws/install/setup.ps1'
[2.983s] INFO:colcon.colcon_core.shell:Creating prefix script '/home/user/difrobot_ws/install/local_setup.sh'
[2.985s] INFO:colcon.colcon_core.shell:Creating prefix util module '/home/user/difrobot_ws/install/_local_setup_util_sh.py'
[2.986s] INFO:colcon.colcon_core.shell:Creating prefix chain script '/home/user/difrobot_ws/install/setup.sh'
[2.990s] INFO:colcon.colcon_core.shell:Creating prefix script '/home/user/difrobot_ws/install/local_setup.bash'
[2.992s] INFO:colcon.colcon_core.shell:Creating prefix chain script '/home/user/difrobot_ws/install/setup.bash'
[2.995s] INFO:colcon.colcon_core.shell:Creating prefix script '/home/user/difrobot_ws/install/local_setup.zsh'
[2.997s] INFO:colcon.colcon_core.shell:Creating prefix chain script '/home/user/difrobot_ws/install/setup.zsh'
