[0.050s] Invoking command in '/home/user/difrobot_ws/build/difrobot_controller': CMAKE_PREFIX_PATH=/opt/ros/humble /usr/bin/cmake --build /home/user/difrobot_ws/build/difrobot_controller -- -j12 -l12
[0.119s] -- Found ament_cmake: 1.3.10 (/opt/ros/humble/share/ament_cmake/cmake)
[0.449s] -- Found rclpy: 3.3.14 (/opt/ros/humble/share/rclpy/cmake)
[0.449s] -- Found std_msgs: 4.2.4 (/opt/ros/humble/share/std_msgs/cmake)
[0.526s] -- Found rosidl_generator_c: 3.1.5 (/opt/ros/humble/share/rosidl_generator_c/cmake)
[0.537s] -- Found rosidl_adapter: 3.1.5 (/opt/ros/humble/share/rosidl_adapter/cmake)
[0.553s] -- Found rosidl_generator_cpp: 3.1.5 (/opt/ros/humble/share/rosidl_generator_cpp/cmake)
[0.583s] -- Using all available rosidl_typesupport_c: rosidl_typesupport_fastrtps_c;rosidl_typesupport_introspection_c
[0.620s] -- Using all available rosidl_typesupport_cpp: rosidl_typesupport_fastrtps_cpp;rosidl_typesupport_introspection_cpp
[0.691s] -- Found geometry_msgs: 4.2.4 (/opt/ros/humble/share/geometry_msgs/cmake)
[0.736s] [31mCMake Error at /opt/ros/humble/share/ament_cmake_target_dependencies/cmake/ament_target_dependencies.cmake:77 (message):
[0.736s]   ament_target_dependencies() the passed package name 'rclcpp' was not found
[0.736s]   before
[0.736s] Call Stack (most recent call first):
[0.737s]   CMakeLists.txt:16 (ament_target_dependencies)
[0.737s] 
[0.737s] [0m
[0.737s] -- Configuring incomplete, errors occurred!
[0.737s] See also "/home/user/difrobot_ws/build/difrobot_controller/CMakeFiles/CMakeOutput.log".
[0.748s] gmake: *** [Makefile:254: cmake_check_build_system] Error 1
[0.770s] Invoked command in '/home/user/difrobot_ws/build/difrobot_controller' returned '2': CMAKE_PREFIX_PATH=/opt/ros/humble /usr/bin/cmake --build /home/user/difrobot_ws/build/difrobot_controller -- -j12 -l12
