[2.231s] Invoking command in '/home/user/difrobot_ws/src/difrobot_py_examples': PYTHONPATH=/home/user/difrobot_ws/build/difrobot_py_examples/prefix_override:/usr/lib/python3/dist-packages/colcon_core/task/python/colcon_distutils_commands:/home/user/difrobot_ws/install/difrobot_py_examples/lib/python3.10/site-packages:${PYTHONPATH} /usr/bin/python3 -W ignore:setup.py install is deprecated setup.py egg_info --egg-base ../../build/difrobot_py_examples build --build-base /home/user/difrobot_ws/build/difrobot_py_examples/build install --record /home/user/difrobot_ws/build/difrobot_py_examples/install.log --single-version-externally-managed install_data
[3.115s] running egg_info
[3.118s] writing ../../build/difrobot_py_examples/difrobot_py_examples.egg-info/PKG-INFO
[3.118s] writing dependency_links to ../../build/difrobot_py_examples/difrobot_py_examples.egg-info/dependency_links.txt
[3.119s] writing entry points to ../../build/difrobot_py_examples/difrobot_py_examples.egg-info/entry_points.txt
[3.120s] writing requirements to ../../build/difrobot_py_examples/difrobot_py_examples.egg-info/requires.txt
[3.120s] writing top-level names to ../../build/difrobot_py_examples/difrobot_py_examples.egg-info/top_level.txt
[3.133s] reading manifest file '../../build/difrobot_py_examples/difrobot_py_examples.egg-info/SOURCES.txt'
[3.137s] writing manifest file '../../build/difrobot_py_examples/difrobot_py_examples.egg-info/SOURCES.txt'
[3.138s] running build
[3.138s] running build_py
[3.139s] copying difrobot_py_examples/simple_tf_kinematics.py -> /home/user/difrobot_ws/build/difrobot_py_examples/build/lib/difrobot_py_examples
[3.140s] running install
[3.141s] running install_lib
[3.144s] copying /home/user/difrobot_ws/build/difrobot_py_examples/build/lib/difrobot_py_examples/simple_tf_kinematics.py -> /home/user/difrobot_ws/install/difrobot_py_examples/lib/python3.10/site-packages/difrobot_py_examples
[3.150s] byte-compiling /home/user/difrobot_ws/install/difrobot_py_examples/lib/python3.10/site-packages/difrobot_py_examples/simple_tf_kinematics.py to simple_tf_kinematics.cpython-310.pyc
[3.155s] running install_data
[3.156s] running install_egg_info
[3.164s] removing '/home/user/difrobot_ws/install/difrobot_py_examples/lib/python3.10/site-packages/difrobot_py_examples-0.0.0-py3.10.egg-info' (and everything under it)
[3.165s] Copying ../../build/difrobot_py_examples/difrobot_py_examples.egg-info to /home/user/difrobot_ws/install/difrobot_py_examples/lib/python3.10/site-packages/difrobot_py_examples-0.0.0-py3.10.egg-info
[3.173s] running install_scripts
[3.255s] Installing simple_tf_kinematics script to /home/user/difrobot_ws/install/difrobot_py_examples/lib/difrobot_py_examples
[3.255s] Installing simple_turtlesim_kinematics script to /home/user/difrobot_ws/install/difrobot_py_examples/lib/difrobot_py_examples
[3.256s] writing list of installed files to '/home/user/difrobot_ws/build/difrobot_py_examples/install.log'
[3.330s] Invoked command in '/home/user/difrobot_ws/src/difrobot_py_examples' returned '0': PYTHONPATH=/home/user/difrobot_ws/build/difrobot_py_examples/prefix_override:/usr/lib/python3/dist-packages/colcon_core/task/python/colcon_distutils_commands:/home/user/difrobot_ws/install/difrobot_py_examples/lib/python3.10/site-packages:${PYTHONPATH} /usr/bin/python3 -W ignore:setup.py install is deprecated setup.py egg_info --egg-base ../../build/difrobot_py_examples build --build-base /home/user/difrobot_ws/build/difrobot_py_examples/build install --record /home/user/difrobot_ws/build/difrobot_py_examples/install.log --single-version-externally-managed install_data
