[0.071s] Invoking command in '/home/user/difrobot_ws/build/difrobot_msgs': CMAKE_PREFIX_PATH=/opt/ros/humble /usr/bin/cmake --build /home/user/difrobot_ws/build/difrobot_msgs -- -j12 -l12
[0.218s] [33mCMake Warning (dev) at CMakeLists.txt:18:
[0.219s]   Syntax Warning in cmake code at column 23
[0.219s] 
[0.219s]   Argument not separated from preceding token by whitespace.
[0.220s] This warning is for project developers.  Use -Wno-dev to suppress it.
[0.220s] [0m
[0.251s] -- Found ament_cmake: 1.3.10 (/opt/ros/humble/share/ament_cmake/cmake)
[0.608s] -- Found std_msgs: 4.2.4 (/opt/ros/humble/share/std_msgs/cmake)
[0.729s] -- Found rosidl_generator_c: 3.1.5 (/opt/ros/humble/share/rosidl_generator_c/cmake)
[0.741s] -- Found rosidl_adapter: 3.1.5 (/opt/ros/humble/share/rosidl_adapter/cmake)
[0.766s] -- Found rosidl_generator_cpp: 3.1.5 (/opt/ros/humble/share/rosidl_generator_cpp/cmake)
[0.804s] -- Using all available rosidl_typesupport_c: rosidl_typesupport_fastrtps_c;rosidl_typesupport_introspection_c
[0.854s] -- Using all available rosidl_typesupport_cpp: rosidl_typesupport_fastrtps_cpp;rosidl_typesupport_introspection_cpp
[0.945s] -- Found geometry_msgs: 4.2.4 (/opt/ros/humble/share/geometry_msgs/cmake)
[1.000s] -- Found rosidl_default_generators: 1.2.0 (/opt/ros/humble/share/rosidl_default_generators/cmake)
[1.027s] [31mCMake Error at /opt/ros/humble/share/rosidl_cmake/cmake/rosidl_generate_interfaces.cmake:93 (message):
[1.027s]   rosidl_generate_interfaces() the passed file ',' doesn't exist relative to
[1.027s]   the CMAKE_CURRENT_SOURCE_DIR '/home/user/difrobot_ws/src/difrobot_msgs'
[1.027s] Call Stack (most recent call first):
[1.028s]   CMakeLists.txt:17 (rosidl_generate_interfaces)
[1.028s] 
[1.028s] [0m
[1.028s] -- Configuring incomplete, errors occurred!
[1.028s] See also "/home/user/difrobot_ws/build/difrobot_msgs/CMakeFiles/CMakeOutput.log".
[1.040s] gmake: *** [Makefile:747: cmake_check_build_system] Error 1
[1.048s] Invoked command in '/home/user/difrobot_ws/build/difrobot_msgs' returned '2': CMAKE_PREFIX_PATH=/opt/ros/humble /usr/bin/cmake --build /home/user/difrobot_ws/build/difrobot_msgs -- -j12 -l12
