[0.068s] Invoking command in '/home/user/difrobot_ws/build/difrobot_description': CMAKE_PREFIX_PATH=/opt/ros/humble /usr/bin/cmake --build /home/user/difrobot_ws/build/difrobot_description -- -j12 -l12
[0.804s] Invoked command in '/home/user/difrobot_ws/build/difrobot_description' returned '0': CMAKE_PREFIX_PATH=/opt/ros/humble /usr/bin/cmake --build /home/user/difrobot_ws/build/difrobot_description -- -j12 -l12
[0.872s] Invoking command in '/home/user/difrobot_ws/build/difrobot_description': CMAKE_PREFIX_PATH=/opt/ros/humble /usr/bin/cmake --install /home/user/difrobot_ws/build/difrobot_description
[0.884s] -- Install configuration: ""
[0.885s] -- Up-to-date: /home/user/difrobot_ws/install/difrobot_description/share/difrobot_description/meshes
[0.886s] -- Up-to-date: /home/user/difrobot_ws/install/difrobot_description/share/difrobot_description/meshes/caster_rear_link.STL
[0.887s] -- Up-to-date: /home/user/difrobot_ws/install/difrobot_description/share/difrobot_description/meshes/wheel_left_link.STL
[0.887s] -- Up-to-date: /home/user/difrobot_ws/install/difrobot_description/share/difrobot_description/meshes/wheel_right_link.STL
[0.888s] -- Up-to-date: /home/user/difrobot_ws/install/difrobot_description/share/difrobot_description/meshes/caster_front_link.STL
[0.888s] -- Up-to-date: /home/user/difrobot_ws/install/difrobot_description/share/difrobot_description/meshes/imu_link.STL
[0.889s] -- Up-to-date: /home/user/difrobot_ws/install/difrobot_description/share/difrobot_description/meshes/base_link.STL
[0.889s] -- Up-to-date: /home/user/difrobot_ws/install/difrobot_description/share/difrobot_description/urdf
[0.889s] -- Up-to-date: /home/user/difrobot_ws/install/difrobot_description/share/difrobot_description/urdf/difrobot_gazebo.xacro
[0.890s] -- Up-to-date: /home/user/difrobot_ws/install/difrobot_description/share/difrobot_description/urdf/difrobot.urdf.xacro
[0.890s] -- Up-to-date: /home/user/difrobot_ws/install/difrobot_description/share/difrobot_description/urdf/difrobot_ros2_control.xacro
[0.891s] -- Up-to-date: /home/user/difrobot_ws/install/difrobot_description/share/difrobot_description/models
[0.891s] -- Up-to-date: /home/user/difrobot_ws/install/difrobot_description/share/difrobot_description/models/sun
[0.892s] -- Up-to-date: /home/user/difrobot_ws/install/difrobot_description/share/difrobot_description/models/sun/model-1_4.sdf
[0.893s] -- Up-to-date: /home/user/difrobot_ws/install/difrobot_description/share/difrobot_description/models/sun/model.config
[0.893s] -- Up-to-date: /home/user/difrobot_ws/install/difrobot_description/share/difrobot_description/models/sun/model.sdf
[0.894s] -- Up-to-date: /home/user/difrobot_ws/install/difrobot_description/share/difrobot_description/models/sun/model-1_3.sdf
[0.895s] -- Up-to-date: /home/user/difrobot_ws/install/difrobot_description/share/difrobot_description/models/sun/model-1_2.sdf
[0.895s] -- Up-to-date: /home/user/difrobot_ws/install/difrobot_description/share/difrobot_description/models/ground_plane
[0.896s] -- Up-to-date: /home/user/difrobot_ws/install/difrobot_description/share/difrobot_description/models/ground_plane/model-1_4.sdf
[0.896s] -- Up-to-date: /home/user/difrobot_ws/install/difrobot_description/share/difrobot_description/models/ground_plane/model.config
[0.897s] -- Up-to-date: /home/user/difrobot_ws/install/difrobot_description/share/difrobot_description/models/ground_plane/model.sdf
[0.899s] -- Up-to-date: /home/user/difrobot_ws/install/difrobot_description/share/difrobot_description/models/ground_plane/model-1_3.sdf
[0.901s] -- Up-to-date: /home/user/difrobot_ws/install/difrobot_description/share/difrobot_description/models/ground_plane/model-1_2.sdf
[0.901s] -- Up-to-date: /home/user/difrobot_ws/install/difrobot_description/share/difrobot_description/launch
[0.902s] -- Up-to-date: /home/user/difrobot_ws/install/difrobot_description/share/difrobot_description/launch/display.launch.py
[0.903s] -- Up-to-date: /home/user/difrobot_ws/install/difrobot_description/share/difrobot_description/launch/gazebo.launch.py
[0.904s] -- Up-to-date: /home/user/difrobot_ws/install/difrobot_description/share/difrobot_description/rviz
[0.904s] -- Up-to-date: /home/user/difrobot_ws/install/difrobot_description/share/difrobot_description/rviz/display.rviz
[0.905s] -- Up-to-date: /home/user/difrobot_ws/install/difrobot_description/share/ament_index/resource_index/package_run_dependencies/difrobot_description
[0.906s] -- Up-to-date: /home/user/difrobot_ws/install/difrobot_description/share/ament_index/resource_index/parent_prefix_path/difrobot_description
[0.906s] -- Up-to-date: /home/user/difrobot_ws/install/difrobot_description/share/difrobot_description/environment/ament_prefix_path.sh
[0.907s] -- Up-to-date: /home/user/difrobot_ws/install/difrobot_description/share/difrobot_description/environment/ament_prefix_path.dsv
[0.907s] -- Up-to-date: /home/user/difrobot_ws/install/difrobot_description/share/difrobot_description/environment/path.sh
[0.908s] -- Up-to-date: /home/user/difrobot_ws/install/difrobot_description/share/difrobot_description/environment/path.dsv
[0.909s] -- Up-to-date: /home/user/difrobot_ws/install/difrobot_description/share/difrobot_description/local_setup.bash
[0.909s] -- Up-to-date: /home/user/difrobot_ws/install/difrobot_description/share/difrobot_description/local_setup.sh
[0.909s] -- Up-to-date: /home/user/difrobot_ws/install/difrobot_description/share/difrobot_description/local_setup.zsh
[0.910s] -- Up-to-date: /home/user/difrobot_ws/install/difrobot_description/share/difrobot_description/local_setup.dsv
[0.910s] -- Up-to-date: /home/user/difrobot_ws/install/difrobot_description/share/difrobot_description/package.dsv
[0.910s] -- Up-to-date: /home/user/difrobot_ws/install/difrobot_description/share/ament_index/resource_index/packages/difrobot_description
[0.911s] -- Up-to-date: /home/user/difrobot_ws/install/difrobot_description/share/difrobot_description/cmake/difrobot_descriptionConfig.cmake
[0.911s] -- Up-to-date: /home/user/difrobot_ws/install/difrobot_description/share/difrobot_description/cmake/difrobot_descriptionConfig-version.cmake
[0.912s] -- Up-to-date: /home/user/difrobot_ws/install/difrobot_description/share/difrobot_description/package.xml
[0.913s] Invoked command in '/home/user/difrobot_ws/build/difrobot_description' returned '0': CMAKE_PREFIX_PATH=/opt/ros/humble /usr/bin/cmake --install /home/user/difrobot_ws/build/difrobot_description
