[1.423s] Invoking command in '/home/user/difrobot_ws/src/difrobot_py_examples': PYTHONPATH=/home/user/difrobot_ws/build/difrobot_py_examples/prefix_override:/usr/lib/python3/dist-packages/colcon_core/task/python/colcon_distutils_commands:/home/user/difrobot_ws/install/difrobot_py_examples/lib/python3.10/site-packages:${PYTHONPATH} /usr/bin/python3 -W ignore:setup.py install is deprecated setup.py egg_info --egg-base ../../build/difrobot_py_examples build --build-base /home/user/difrobot_ws/build/difrobot_py_examples/build install --record /home/user/difrobot_ws/build/difrobot_py_examples/install.log --single-version-externally-managed install_data
[1.919s] running egg_info
[1.921s] writing ../../build/difrobot_py_examples/difrobot_py_examples.egg-info/PKG-INFO
[1.922s] writing dependency_links to ../../build/difrobot_py_examples/difrobot_py_examples.egg-info/dependency_links.txt
[1.923s] writing entry points to ../../build/difrobot_py_examples/difrobot_py_examples.egg-info/entry_points.txt
[1.923s] writing requirements to ../../build/difrobot_py_examples/difrobot_py_examples.egg-info/requires.txt
[1.923s] writing top-level names to ../../build/difrobot_py_examples/difrobot_py_examples.egg-info/top_level.txt
[1.928s] reading manifest file '../../build/difrobot_py_examples/difrobot_py_examples.egg-info/SOURCES.txt'
[1.930s] writing manifest file '../../build/difrobot_py_examples/difrobot_py_examples.egg-info/SOURCES.txt'
[1.931s] running build
[1.932s] running build_py
[1.932s] running install
[1.933s] running install_lib
[1.935s] running install_data
[1.936s] running install_egg_info
[1.939s] removing '/home/user/difrobot_ws/install/difrobot_py_examples/lib/python3.10/site-packages/difrobot_py_examples-0.0.0-py3.10.egg-info' (and everything under it)
[1.940s] Copying ../../build/difrobot_py_examples/difrobot_py_examples.egg-info to /home/user/difrobot_ws/install/difrobot_py_examples/lib/python3.10/site-packages/difrobot_py_examples-0.0.0-py3.10.egg-info
[1.942s] running install_scripts
[1.986s] writing list of installed files to '/home/user/difrobot_ws/build/difrobot_py_examples/install.log'
[2.029s] Invoked command in '/home/user/difrobot_ws/src/difrobot_py_examples' returned '0': PYTHONPATH=/home/user/difrobot_ws/build/difrobot_py_examples/prefix_override:/usr/lib/python3/dist-packages/colcon_core/task/python/colcon_distutils_commands:/home/user/difrobot_ws/install/difrobot_py_examples/lib/python3.10/site-packages:${PYTHONPATH} /usr/bin/python3 -W ignore:setup.py install is deprecated setup.py egg_info --egg-base ../../build/difrobot_py_examples build --build-base /home/user/difrobot_ws/build/difrobot_py_examples/build install --record /home/user/difrobot_ws/build/difrobot_py_examples/install.log --single-version-externally-managed install_data
