[0.281s] DEBUG:colcon:Command line arguments: ['/usr/bin/colcon', 'build']
[0.281s] DEBUG:colcon:Parsed command line arguments: Namespace(log_base=None, log_level=None, verb_name='build', build_base='build', install_base='install', merge_install=False, symlink_install=False, test_result_base=None, continue_on_error=False, executor='parallel', parallel_workers=12, event_handlers=None, ignore_user_meta=False, metas=['./colcon.meta'], base_paths=['.'], packages_ignore=None, packages_ignore_regex=None, paths=None, packages_up_to=None, packages_up_to_regex=None, packages_above=None, packages_above_and_dependencies=None, packages_above_depth=None, packages_select_by_dep=None, packages_skip_by_dep=None, packages_skip_up_to=None, packages_select_build_failed=False, packages_skip_build_finished=False, packages_select_test_failures=False, packages_skip_test_passed=False, packages_select=None, packages_skip=None, packages_select_regex=None, packages_skip_regex=None, packages_start=None, packages_end=None, cmake_args=None, cmake_target=None, cmake_target_skip_unavailable=False, cmake_clean_cache=False, cmake_clean_first=False, cmake_force_configure=False, ament_cmake_args=None, catkin_cmake_args=None, catkin_skip_building_tests=False, mixin_files=None, mixin=None, verb_parser=<colcon_mixin.mixin.mixin_argument.MixinArgumentDecorator object at 0x7ff75cfdcfd0>, verb_extension=<colcon_core.verb.build.BuildVerb object at 0x7ff75d121750>, main=<bound method BuildVerb.main of <colcon_core.verb.build.BuildVerb object at 0x7ff75d121750>>, mixin_verb=('build',))
[0.690s] Level 1:colcon.colcon_core.package_discovery:discover_packages(colcon_meta) check parameters
[0.690s] Level 1:colcon.colcon_core.package_discovery:discover_packages(recursive) check parameters
[0.690s] Level 1:colcon.colcon_core.package_discovery:discover_packages(ignore) check parameters
[0.690s] Level 1:colcon.colcon_core.package_discovery:discover_packages(path) check parameters
[0.690s] Level 1:colcon.colcon_core.package_discovery:discover_packages(colcon_meta) discover
[0.690s] Level 1:colcon.colcon_core.package_discovery:discover_packages(recursive) discover
[0.690s] INFO:colcon.colcon_core.package_discovery:Crawling recursively for packages in '/home/user/difrobot_ws'
[0.691s] Level 1:colcon.colcon_core.package_identification:_identify(.) by extensions ['ignore', 'ignore_ament_install']
[0.691s] Level 1:colcon.colcon_core.package_identification:_identify(.) by extension 'ignore'
[0.691s] Level 1:colcon.colcon_core.package_identification:_identify(.) by extension 'ignore_ament_install'
[0.691s] Level 1:colcon.colcon_core.package_identification:_identify(.) by extensions ['colcon_pkg']
[0.691s] Level 1:colcon.colcon_core.package_identification:_identify(.) by extension 'colcon_pkg'
[0.691s] Level 1:colcon.colcon_core.package_identification:_identify(.) by extensions ['colcon_meta']
[0.691s] Level 1:colcon.colcon_core.package_identification:_identify(.) by extension 'colcon_meta'
[0.692s] Level 1:colcon.colcon_core.package_identification:_identify(.) by extensions ['ros']
[0.692s] Level 1:colcon.colcon_core.package_identification:_identify(.) by extension 'ros'
[0.716s] Level 1:colcon.colcon_core.package_identification:_identify(.) by extensions ['cmake', 'python']
[0.716s] Level 1:colcon.colcon_core.package_identification:_identify(.) by extension 'cmake'
[0.716s] Level 1:colcon.colcon_core.package_identification:_identify(.) by extension 'python'
[0.716s] Level 1:colcon.colcon_core.package_identification:_identify(.) by extensions ['python_setup_py']
[0.716s] Level 1:colcon.colcon_core.package_identification:_identify(.) by extension 'python_setup_py'
[0.717s] Level 1:colcon.colcon_core.package_identification:_identify(build) by extensions ['ignore', 'ignore_ament_install']
[0.717s] Level 1:colcon.colcon_core.package_identification:_identify(build) by extension 'ignore'
[0.717s] Level 1:colcon.colcon_core.package_identification:_identify(build) ignored
[0.717s] Level 1:colcon.colcon_core.package_identification:_identify(install) by extensions ['ignore', 'ignore_ament_install']
[0.718s] Level 1:colcon.colcon_core.package_identification:_identify(install) by extension 'ignore'
[0.718s] Level 1:colcon.colcon_core.package_identification:_identify(install) ignored
[0.718s] Level 1:colcon.colcon_core.package_identification:_identify(log) by extensions ['ignore', 'ignore_ament_install']
[0.719s] Level 1:colcon.colcon_core.package_identification:_identify(log) by extension 'ignore'
[0.719s] Level 1:colcon.colcon_core.package_identification:_identify(log) ignored
[0.719s] Level 1:colcon.colcon_core.package_identification:_identify(src) by extensions ['ignore', 'ignore_ament_install']
[0.719s] Level 1:colcon.colcon_core.package_identification:_identify(src) by extension 'ignore'
[0.719s] Level 1:colcon.colcon_core.package_identification:_identify(src) by extension 'ignore_ament_install'
[0.719s] Level 1:colcon.colcon_core.package_identification:_identify(src) by extensions ['colcon_pkg']
[0.719s] Level 1:colcon.colcon_core.package_identification:_identify(src) by extension 'colcon_pkg'
[0.720s] Level 1:colcon.colcon_core.package_identification:_identify(src) by extensions ['colcon_meta']
[0.720s] Level 1:colcon.colcon_core.package_identification:_identify(src) by extension 'colcon_meta'
[0.720s] Level 1:colcon.colcon_core.package_identification:_identify(src) by extensions ['ros']
[0.720s] Level 1:colcon.colcon_core.package_identification:_identify(src) by extension 'ros'
[0.720s] Level 1:colcon.colcon_core.package_identification:_identify(src) by extensions ['cmake', 'python']
[0.720s] Level 1:colcon.colcon_core.package_identification:_identify(src) by extension 'cmake'
[0.720s] Level 1:colcon.colcon_core.package_identification:_identify(src) by extension 'python'
[0.720s] Level 1:colcon.colcon_core.package_identification:_identify(src) by extensions ['python_setup_py']
[0.721s] Level 1:colcon.colcon_core.package_identification:_identify(src) by extension 'python_setup_py'
[0.721s] Level 1:colcon.colcon_core.package_identification:_identify(src/difrobot_controller) by extensions ['ignore', 'ignore_ament_install']
[0.721s] Level 1:colcon.colcon_core.package_identification:_identify(src/difrobot_controller) by extension 'ignore'
[0.721s] Level 1:colcon.colcon_core.package_identification:_identify(src/difrobot_controller) by extension 'ignore_ament_install'
[0.721s] Level 1:colcon.colcon_core.package_identification:_identify(src/difrobot_controller) by extensions ['colcon_pkg']
[0.721s] Level 1:colcon.colcon_core.package_identification:_identify(src/difrobot_controller) by extension 'colcon_pkg'
[0.721s] Level 1:colcon.colcon_core.package_identification:_identify(src/difrobot_controller) by extensions ['colcon_meta']
[0.721s] Level 1:colcon.colcon_core.package_identification:_identify(src/difrobot_controller) by extension 'colcon_meta'
[0.722s] Level 1:colcon.colcon_core.package_identification:_identify(src/difrobot_controller) by extensions ['ros']
[0.722s] Level 1:colcon.colcon_core.package_identification:_identify(src/difrobot_controller) by extension 'ros'
[0.728s] DEBUG:colcon.colcon_core.package_identification:Package 'src/difrobot_controller' with type 'ros.ament_cmake' and name 'difrobot_controller'
[0.729s] Level 1:colcon.colcon_core.package_identification:_identify(src/difrobot_description) by extensions ['ignore', 'ignore_ament_install']
[0.729s] Level 1:colcon.colcon_core.package_identification:_identify(src/difrobot_description) by extension 'ignore'
[0.729s] Level 1:colcon.colcon_core.package_identification:_identify(src/difrobot_description) by extension 'ignore_ament_install'
[0.729s] Level 1:colcon.colcon_core.package_identification:_identify(src/difrobot_description) by extensions ['colcon_pkg']
[0.729s] Level 1:colcon.colcon_core.package_identification:_identify(src/difrobot_description) by extension 'colcon_pkg'
[0.729s] Level 1:colcon.colcon_core.package_identification:_identify(src/difrobot_description) by extensions ['colcon_meta']
[0.730s] Level 1:colcon.colcon_core.package_identification:_identify(src/difrobot_description) by extension 'colcon_meta'
[0.730s] Level 1:colcon.colcon_core.package_identification:_identify(src/difrobot_description) by extensions ['ros']
[0.730s] Level 1:colcon.colcon_core.package_identification:_identify(src/difrobot_description) by extension 'ros'
[0.731s] DEBUG:colcon.colcon_core.package_identification:Package 'src/difrobot_description' with type 'ros.ament_cmake' and name 'difrobot_description'
[0.731s] Level 1:colcon.colcon_core.package_identification:_identify(src/difrobot_msgs) by extensions ['ignore', 'ignore_ament_install']
[0.732s] Level 1:colcon.colcon_core.package_identification:_identify(src/difrobot_msgs) by extension 'ignore'
[0.732s] Level 1:colcon.colcon_core.package_identification:_identify(src/difrobot_msgs) by extension 'ignore_ament_install'
[0.732s] Level 1:colcon.colcon_core.package_identification:_identify(src/difrobot_msgs) by extensions ['colcon_pkg']
[0.732s] Level 1:colcon.colcon_core.package_identification:_identify(src/difrobot_msgs) by extension 'colcon_pkg'
[0.732s] Level 1:colcon.colcon_core.package_identification:_identify(src/difrobot_msgs) by extensions ['colcon_meta']
[0.732s] Level 1:colcon.colcon_core.package_identification:_identify(src/difrobot_msgs) by extension 'colcon_meta'
[0.732s] Level 1:colcon.colcon_core.package_identification:_identify(src/difrobot_msgs) by extensions ['ros']
[0.732s] Level 1:colcon.colcon_core.package_identification:_identify(src/difrobot_msgs) by extension 'ros'
[0.733s] DEBUG:colcon.colcon_core.package_identification:Package 'src/difrobot_msgs' with type 'ros.ament_cmake' and name 'difrobot_msgs'
[0.734s] Level 1:colcon.colcon_core.package_identification:_identify(src/difrobot_py_examples) by extensions ['ignore', 'ignore_ament_install']
[0.734s] Level 1:colcon.colcon_core.package_identification:_identify(src/difrobot_py_examples) by extension 'ignore'
[0.734s] Level 1:colcon.colcon_core.package_identification:_identify(src/difrobot_py_examples) by extension 'ignore_ament_install'
[0.734s] Level 1:colcon.colcon_core.package_identification:_identify(src/difrobot_py_examples) by extensions ['colcon_pkg']
[0.734s] Level 1:colcon.colcon_core.package_identification:_identify(src/difrobot_py_examples) by extension 'colcon_pkg'
[0.734s] Level 1:colcon.colcon_core.package_identification:_identify(src/difrobot_py_examples) by extensions ['colcon_meta']
[0.735s] Level 1:colcon.colcon_core.package_identification:_identify(src/difrobot_py_examples) by extension 'colcon_meta'
[0.735s] Level 1:colcon.colcon_core.package_identification:_identify(src/difrobot_py_examples) by extensions ['ros']
[0.735s] Level 1:colcon.colcon_core.package_identification:_identify(src/difrobot_py_examples) by extension 'ros'
[0.739s] DEBUG:colcon.colcon_core.package_identification:Package 'src/difrobot_py_examples' with type 'ros.ament_python' and name 'difrobot_py_examples'
[0.739s] Level 1:colcon.colcon_core.package_discovery:discover_packages(recursive) using defaults
[0.739s] Level 1:colcon.colcon_core.package_discovery:discover_packages(ignore) discover
[0.739s] Level 1:colcon.colcon_core.package_discovery:discover_packages(ignore) using defaults
[0.739s] Level 1:colcon.colcon_core.package_discovery:discover_packages(path) discover
[0.740s] Level 1:colcon.colcon_core.package_discovery:discover_packages(path) using defaults
[0.787s] Level 5:colcon.colcon_core.verb:set package 'difrobot_controller' build argument 'cmake_args' from command line to 'None'
[0.787s] Level 5:colcon.colcon_core.verb:set package 'difrobot_controller' build argument 'cmake_target' from command line to 'None'
[0.787s] Level 5:colcon.colcon_core.verb:set package 'difrobot_controller' build argument 'cmake_target_skip_unavailable' from command line to 'False'
[0.787s] Level 5:colcon.colcon_core.verb:set package 'difrobot_controller' build argument 'cmake_clean_cache' from command line to 'False'
[0.787s] Level 5:colcon.colcon_core.verb:set package 'difrobot_controller' build argument 'cmake_clean_first' from command line to 'False'
[0.787s] Level 5:colcon.colcon_core.verb:set package 'difrobot_controller' build argument 'cmake_force_configure' from command line to 'False'
[0.788s] Level 5:colcon.colcon_core.verb:set package 'difrobot_controller' build argument 'ament_cmake_args' from command line to 'None'
[0.788s] Level 5:colcon.colcon_core.verb:set package 'difrobot_controller' build argument 'catkin_cmake_args' from command line to 'None'
[0.788s] Level 5:colcon.colcon_core.verb:set package 'difrobot_controller' build argument 'catkin_skip_building_tests' from command line to 'False'
[0.788s] DEBUG:colcon.colcon_core.verb:Building package 'difrobot_controller' with the following arguments: {'ament_cmake_args': None, 'build_base': '/home/user/difrobot_ws/build/difrobot_controller', 'catkin_cmake_args': None, 'catkin_skip_building_tests': False, 'cmake_args': None, 'cmake_clean_cache': False, 'cmake_clean_first': False, 'cmake_force_configure': False, 'cmake_target': None, 'cmake_target_skip_unavailable': False, 'install_base': '/home/user/difrobot_ws/install/difrobot_controller', 'merge_install': False, 'path': '/home/user/difrobot_ws/src/difrobot_controller', 'symlink_install': False, 'test_result_base': None}
[0.789s] Level 5:colcon.colcon_core.verb:set package 'difrobot_description' build argument 'cmake_args' from command line to 'None'
[0.789s] Level 5:colcon.colcon_core.verb:set package 'difrobot_description' build argument 'cmake_target' from command line to 'None'
[0.789s] Level 5:colcon.colcon_core.verb:set package 'difrobot_description' build argument 'cmake_target_skip_unavailable' from command line to 'False'
[0.789s] Level 5:colcon.colcon_core.verb:set package 'difrobot_description' build argument 'cmake_clean_cache' from command line to 'False'
[0.789s] Level 5:colcon.colcon_core.verb:set package 'difrobot_description' build argument 'cmake_clean_first' from command line to 'False'
[0.789s] Level 5:colcon.colcon_core.verb:set package 'difrobot_description' build argument 'cmake_force_configure' from command line to 'False'
[0.789s] Level 5:colcon.colcon_core.verb:set package 'difrobot_description' build argument 'ament_cmake_args' from command line to 'None'
[0.789s] Level 5:colcon.colcon_core.verb:set package 'difrobot_description' build argument 'catkin_cmake_args' from command line to 'None'
[0.790s] Level 5:colcon.colcon_core.verb:set package 'difrobot_description' build argument 'catkin_skip_building_tests' from command line to 'False'
[0.790s] DEBUG:colcon.colcon_core.verb:Building package 'difrobot_description' with the following arguments: {'ament_cmake_args': None, 'build_base': '/home/user/difrobot_ws/build/difrobot_description', 'catkin_cmake_args': None, 'catkin_skip_building_tests': False, 'cmake_args': None, 'cmake_clean_cache': False, 'cmake_clean_first': False, 'cmake_force_configure': False, 'cmake_target': None, 'cmake_target_skip_unavailable': False, 'install_base': '/home/user/difrobot_ws/install/difrobot_description', 'merge_install': False, 'path': '/home/user/difrobot_ws/src/difrobot_description', 'symlink_install': False, 'test_result_base': None}
[0.791s] Level 5:colcon.colcon_core.verb:set package 'difrobot_msgs' build argument 'cmake_args' from command line to 'None'
[0.791s] Level 5:colcon.colcon_core.verb:set package 'difrobot_msgs' build argument 'cmake_target' from command line to 'None'
[0.791s] Level 5:colcon.colcon_core.verb:set package 'difrobot_msgs' build argument 'cmake_target_skip_unavailable' from command line to 'False'
[0.791s] Level 5:colcon.colcon_core.verb:set package 'difrobot_msgs' build argument 'cmake_clean_cache' from command line to 'False'
[0.791s] Level 5:colcon.colcon_core.verb:set package 'difrobot_msgs' build argument 'cmake_clean_first' from command line to 'False'
[0.791s] Level 5:colcon.colcon_core.verb:set package 'difrobot_msgs' build argument 'cmake_force_configure' from command line to 'False'
[0.791s] Level 5:colcon.colcon_core.verb:set package 'difrobot_msgs' build argument 'ament_cmake_args' from command line to 'None'
[0.791s] Level 5:colcon.colcon_core.verb:set package 'difrobot_msgs' build argument 'catkin_cmake_args' from command line to 'None'
[0.791s] Level 5:colcon.colcon_core.verb:set package 'difrobot_msgs' build argument 'catkin_skip_building_tests' from command line to 'False'
[0.791s] DEBUG:colcon.colcon_core.verb:Building package 'difrobot_msgs' with the following arguments: {'ament_cmake_args': None, 'build_base': '/home/user/difrobot_ws/build/difrobot_msgs', 'catkin_cmake_args': None, 'catkin_skip_building_tests': False, 'cmake_args': None, 'cmake_clean_cache': False, 'cmake_clean_first': False, 'cmake_force_configure': False, 'cmake_target': None, 'cmake_target_skip_unavailable': False, 'install_base': '/home/user/difrobot_ws/install/difrobot_msgs', 'merge_install': False, 'path': '/home/user/difrobot_ws/src/difrobot_msgs', 'symlink_install': False, 'test_result_base': None}
[0.792s] Level 5:colcon.colcon_core.verb:set package 'difrobot_py_examples' build argument 'cmake_args' from command line to 'None'
[0.792s] Level 5:colcon.colcon_core.verb:set package 'difrobot_py_examples' build argument 'cmake_target' from command line to 'None'
[0.792s] Level 5:colcon.colcon_core.verb:set package 'difrobot_py_examples' build argument 'cmake_target_skip_unavailable' from command line to 'False'
[0.792s] Level 5:colcon.colcon_core.verb:set package 'difrobot_py_examples' build argument 'cmake_clean_cache' from command line to 'False'
[0.793s] Level 5:colcon.colcon_core.verb:set package 'difrobot_py_examples' build argument 'cmake_clean_first' from command line to 'False'
[0.793s] Level 5:colcon.colcon_core.verb:set package 'difrobot_py_examples' build argument 'cmake_force_configure' from command line to 'False'
[0.793s] Level 5:colcon.colcon_core.verb:set package 'difrobot_py_examples' build argument 'ament_cmake_args' from command line to 'None'
[0.793s] Level 5:colcon.colcon_core.verb:set package 'difrobot_py_examples' build argument 'catkin_cmake_args' from command line to 'None'
[0.793s] Level 5:colcon.colcon_core.verb:set package 'difrobot_py_examples' build argument 'catkin_skip_building_tests' from command line to 'False'
[0.793s] DEBUG:colcon.colcon_core.verb:Building package 'difrobot_py_examples' with the following arguments: {'ament_cmake_args': None, 'build_base': '/home/user/difrobot_ws/build/difrobot_py_examples', 'catkin_cmake_args': None, 'catkin_skip_building_tests': False, 'cmake_args': None, 'cmake_clean_cache': False, 'cmake_clean_first': False, 'cmake_force_configure': False, 'cmake_target': None, 'cmake_target_skip_unavailable': False, 'install_base': '/home/user/difrobot_ws/install/difrobot_py_examples', 'merge_install': False, 'path': '/home/user/difrobot_ws/src/difrobot_py_examples', 'symlink_install': False, 'test_result_base': None}
[0.793s] INFO:colcon.colcon_core.executor:Executing jobs using 'parallel' executor
[0.796s] DEBUG:colcon.colcon_parallel_executor.executor.parallel:run_until_complete
[0.797s] INFO:colcon.colcon_ros.task.ament_cmake.build:Building ROS package in '/home/user/difrobot_ws/src/difrobot_controller' with build type 'ament_cmake'
[0.798s] INFO:colcon.colcon_cmake.task.cmake.build:Building CMake package in '/home/user/difrobot_ws/src/difrobot_controller'
[0.804s] INFO:colcon.colcon_core.plugin_system:Skipping extension 'colcon_core.shell.bat': Not used on non-Windows systems
[0.805s] INFO:colcon.colcon_core.shell:Skip shell extension 'powershell' for command environment: Not usable outside of PowerShell
[0.805s] DEBUG:colcon.colcon_core.shell:Skip shell extension 'dsv' for command environment
[0.819s] INFO:colcon.colcon_ros.task.ament_cmake.build:Building ROS package in '/home/user/difrobot_ws/src/difrobot_description' with build type 'ament_cmake'
[0.819s] INFO:colcon.colcon_cmake.task.cmake.build:Building CMake package in '/home/user/difrobot_ws/src/difrobot_description'
[0.820s] INFO:colcon.colcon_core.shell:Skip shell extension 'powershell' for command environment: Not usable outside of PowerShell
[0.820s] DEBUG:colcon.colcon_core.shell:Skip shell extension 'dsv' for command environment
[0.830s] INFO:colcon.colcon_ros.task.ament_cmake.build:Building ROS package in '/home/user/difrobot_ws/src/difrobot_msgs' with build type 'ament_cmake'
[0.830s] INFO:colcon.colcon_cmake.task.cmake.build:Building CMake package in '/home/user/difrobot_ws/src/difrobot_msgs'
[0.831s] INFO:colcon.colcon_core.shell:Skip shell extension 'powershell' for command environment: Not usable outside of PowerShell
[0.832s] DEBUG:colcon.colcon_core.shell:Skip shell extension 'dsv' for command environment
[0.843s] INFO:colcon.colcon_ros.task.ament_python.build:Building ROS package in '/home/user/difrobot_ws/src/difrobot_py_examples' with build type 'ament_python'
[0.843s] Level 1:colcon.colcon_core.shell:create_environment_hook('difrobot_py_examples', 'ament_prefix_path')
[0.844s] INFO:colcon.colcon_core.shell:Creating environment hook '/home/user/difrobot_ws/install/difrobot_py_examples/share/difrobot_py_examples/hook/ament_prefix_path.ps1'
[0.846s] INFO:colcon.colcon_core.shell:Creating environment descriptor '/home/user/difrobot_ws/install/difrobot_py_examples/share/difrobot_py_examples/hook/ament_prefix_path.dsv'
[0.847s] INFO:colcon.colcon_core.shell:Creating environment hook '/home/user/difrobot_ws/install/difrobot_py_examples/share/difrobot_py_examples/hook/ament_prefix_path.sh'
[0.849s] INFO:colcon.colcon_core.shell:Skip shell extension 'powershell' for command environment: Not usable outside of PowerShell
[0.850s] DEBUG:colcon.colcon_core.shell:Skip shell extension 'dsv' for command environment
[0.878s] DEBUG:colcon.colcon_core.event_handler.log_command:Invoking command in '/home/user/difrobot_ws/build/difrobot_controller': CMAKE_PREFIX_PATH=${CMAKE_PREFIX_PATH}:/home/user/difrobot_ws/install/difrobot_py_examples:/opt/ros/humble /usr/bin/cmake --build /home/user/difrobot_ws/build/difrobot_controller -- -j12 -l12
[0.888s] DEBUG:colcon.colcon_core.event_handler.log_command:Invoking command in '/home/user/difrobot_ws/build/difrobot_description': CMAKE_PREFIX_PATH=${CMAKE_PREFIX_PATH}:/home/user/difrobot_ws/install/difrobot_py_examples:/opt/ros/humble /usr/bin/cmake --build /home/user/difrobot_ws/build/difrobot_description -- -j12 -l12
[0.905s] DEBUG:colcon.colcon_core.event_handler.log_command:Invoking command in '/home/user/difrobot_ws/build/difrobot_msgs': CMAKE_PREFIX_PATH=${CMAKE_PREFIX_PATH}:/home/user/difrobot_ws/install/difrobot_py_examples:/opt/ros/humble /usr/bin/cmake /home/user/difrobot_ws/src/difrobot_msgs -DCMAKE_INSTALL_PREFIX=/home/user/difrobot_ws/install/difrobot_msgs
[1.604s] INFO:colcon.colcon_core.task.python.build:Building Python package in '/home/user/difrobot_ws/src/difrobot_py_examples'
[1.605s] INFO:colcon.colcon_core.shell:Skip shell extension 'powershell' for command environment: Not usable outside of PowerShell
[1.605s] DEBUG:colcon.colcon_core.shell:Skip shell extension 'dsv' for command environment
[1.617s] DEBUG:colcon.colcon_core.event_handler.log_command:Invoked command in '/home/user/difrobot_ws/build/difrobot_description' returned '0': CMAKE_PREFIX_PATH=${CMAKE_PREFIX_PATH}:/home/user/difrobot_ws/install/difrobot_py_examples:/opt/ros/humble /usr/bin/cmake --build /home/user/difrobot_ws/build/difrobot_description -- -j12 -l12
[1.681s] DEBUG:colcon.colcon_core.event_handler.log_command:Invoking command in '/home/user/difrobot_ws/build/difrobot_description': CMAKE_PREFIX_PATH=${CMAKE_PREFIX_PATH}:/home/user/difrobot_ws/install/difrobot_py_examples:/opt/ros/humble /usr/bin/cmake --install /home/user/difrobot_ws/build/difrobot_description
[1.708s] Level 1:colcon.colcon_core.environment:create_environment_scripts_only(difrobot_description)
[1.721s] DEBUG:colcon.colcon_core.event_handler.log_command:Invoked command in '/home/user/difrobot_ws/build/difrobot_description' returned '0': CMAKE_PREFIX_PATH=${CMAKE_PREFIX_PATH}:/home/user/difrobot_ws/install/difrobot_py_examples:/opt/ros/humble /usr/bin/cmake --install /home/user/difrobot_ws/build/difrobot_description
[1.729s] Level 1:colcon.colcon_core.environment:checking '/home/user/difrobot_ws/install/difrobot_description' for CMake module files
[1.731s] Level 1:colcon.colcon_core.environment:checking '/home/user/difrobot_ws/install/difrobot_description' for CMake config files
[1.732s] Level 1:colcon.colcon_core.shell:create_environment_hook('difrobot_description', 'cmake_prefix_path')
[1.733s] INFO:colcon.colcon_core.shell:Creating environment hook '/home/user/difrobot_ws/install/difrobot_description/share/difrobot_description/hook/cmake_prefix_path.ps1'
[1.734s] INFO:colcon.colcon_core.shell:Creating environment descriptor '/home/user/difrobot_ws/install/difrobot_description/share/difrobot_description/hook/cmake_prefix_path.dsv'
[1.735s] INFO:colcon.colcon_core.shell:Creating environment hook '/home/user/difrobot_ws/install/difrobot_description/share/difrobot_description/hook/cmake_prefix_path.sh'
[1.738s] Level 1:colcon.colcon_core.environment:checking '/home/user/difrobot_ws/install/difrobot_description/bin'
[1.739s] Level 1:colcon.colcon_core.environment:checking '/home/user/difrobot_ws/install/difrobot_description/lib/pkgconfig/difrobot_description.pc'
[1.740s] Level 1:colcon.colcon_core.environment:checking '/home/user/difrobot_ws/install/difrobot_description/lib/python3.10/site-packages'
[1.741s] Level 1:colcon.colcon_core.environment:checking '/home/user/difrobot_ws/install/difrobot_description/bin'
[1.742s] INFO:colcon.colcon_core.shell:Creating package script '/home/user/difrobot_ws/install/difrobot_description/share/difrobot_description/package.ps1'
[1.745s] INFO:colcon.colcon_core.shell:Creating package descriptor '/home/user/difrobot_ws/install/difrobot_description/share/difrobot_description/package.dsv'
[1.747s] INFO:colcon.colcon_core.shell:Creating package script '/home/user/difrobot_ws/install/difrobot_description/share/difrobot_description/package.sh'
[1.749s] INFO:colcon.colcon_core.shell:Creating package script '/home/user/difrobot_ws/install/difrobot_description/share/difrobot_description/package.bash'
[1.753s] INFO:colcon.colcon_core.shell:Creating package script '/home/user/difrobot_ws/install/difrobot_description/share/difrobot_description/package.zsh'
[1.761s] Level 1:colcon.colcon_core.environment:create_file_with_runtime_dependencies(/home/user/difrobot_ws/install/difrobot_description/share/colcon-core/packages/difrobot_description)
[1.790s] DEBUG:colcon.colcon_core.event_handler.log_command:Invoked command in '/home/user/difrobot_ws/build/difrobot_controller' returned '0': CMAKE_PREFIX_PATH=${CMAKE_PREFIX_PATH}:/home/user/difrobot_ws/install/difrobot_py_examples:/opt/ros/humble /usr/bin/cmake --build /home/user/difrobot_ws/build/difrobot_controller -- -j12 -l12
[1.810s] Level 1:colcon.colcon_core.environment:create_environment_scripts_only(difrobot_description)
[1.810s] Level 1:colcon.colcon_core.environment:checking '/home/user/difrobot_ws/install/difrobot_description' for CMake module files
[1.812s] Level 1:colcon.colcon_core.environment:checking '/home/user/difrobot_ws/install/difrobot_description' for CMake config files
[1.813s] Level 1:colcon.colcon_core.shell:create_environment_hook('difrobot_description', 'cmake_prefix_path')
[1.814s] INFO:colcon.colcon_core.shell:Creating environment hook '/home/user/difrobot_ws/install/difrobot_description/share/difrobot_description/hook/cmake_prefix_path.ps1'
[1.817s] INFO:colcon.colcon_core.shell:Creating environment descriptor '/home/user/difrobot_ws/install/difrobot_description/share/difrobot_description/hook/cmake_prefix_path.dsv'
[1.818s] INFO:colcon.colcon_core.shell:Creating environment hook '/home/user/difrobot_ws/install/difrobot_description/share/difrobot_description/hook/cmake_prefix_path.sh'
[1.820s] Level 1:colcon.colcon_core.environment:checking '/home/user/difrobot_ws/install/difrobot_description/bin'
[1.820s] Level 1:colcon.colcon_core.environment:checking '/home/user/difrobot_ws/install/difrobot_description/lib/pkgconfig/difrobot_description.pc'
[1.821s] Level 1:colcon.colcon_core.environment:checking '/home/user/difrobot_ws/install/difrobot_description/lib/python3.10/site-packages'
[1.822s] Level 1:colcon.colcon_core.environment:checking '/home/user/difrobot_ws/install/difrobot_description/bin'
[1.823s] INFO:colcon.colcon_core.shell:Creating package script '/home/user/difrobot_ws/install/difrobot_description/share/difrobot_description/package.ps1'
[1.824s] INFO:colcon.colcon_core.shell:Creating package descriptor '/home/user/difrobot_ws/install/difrobot_description/share/difrobot_description/package.dsv'
[1.827s] INFO:colcon.colcon_core.shell:Creating package script '/home/user/difrobot_ws/install/difrobot_description/share/difrobot_description/package.sh'
[1.829s] INFO:colcon.colcon_core.shell:Creating package script '/home/user/difrobot_ws/install/difrobot_description/share/difrobot_description/package.bash'
[1.830s] INFO:colcon.colcon_core.shell:Creating package script '/home/user/difrobot_ws/install/difrobot_description/share/difrobot_description/package.zsh'
[1.832s] Level 1:colcon.colcon_core.environment:create_file_with_runtime_dependencies(/home/user/difrobot_ws/install/difrobot_description/share/colcon-core/packages/difrobot_description)
[1.862s] DEBUG:colcon.colcon_core.event_handler.log_command:Invoking command in '/home/user/difrobot_ws/build/difrobot_controller': CMAKE_PREFIX_PATH=${CMAKE_PREFIX_PATH}:/home/user/difrobot_ws/install/difrobot_py_examples:/opt/ros/humble /usr/bin/cmake --install /home/user/difrobot_ws/build/difrobot_controller
[1.984s] Level 1:colcon.colcon_core.environment:create_environment_scripts_only(difrobot_controller)
[1.985s] Level 1:colcon.colcon_core.environment:checking '/home/user/difrobot_ws/install/difrobot_controller' for CMake module files
[1.986s] DEBUG:colcon.colcon_core.event_handler.log_command:Invoked command in '/home/user/difrobot_ws/build/difrobot_controller' returned '0': CMAKE_PREFIX_PATH=${CMAKE_PREFIX_PATH}:/home/user/difrobot_ws/install/difrobot_py_examples:/opt/ros/humble /usr/bin/cmake --install /home/user/difrobot_ws/build/difrobot_controller
[1.988s] Level 1:colcon.colcon_core.environment:checking '/home/user/difrobot_ws/install/difrobot_controller' for CMake config files
[1.989s] Level 1:colcon.colcon_core.shell:create_environment_hook('difrobot_controller', 'cmake_prefix_path')
[1.990s] INFO:colcon.colcon_core.shell:Creating environment hook '/home/user/difrobot_ws/install/difrobot_controller/share/difrobot_controller/hook/cmake_prefix_path.ps1'
[1.991s] INFO:colcon.colcon_core.shell:Creating environment descriptor '/home/user/difrobot_ws/install/difrobot_controller/share/difrobot_controller/hook/cmake_prefix_path.dsv'
[1.992s] INFO:colcon.colcon_core.shell:Creating environment hook '/home/user/difrobot_ws/install/difrobot_controller/share/difrobot_controller/hook/cmake_prefix_path.sh'
[1.993s] Level 1:colcon.colcon_core.environment:checking '/home/user/difrobot_ws/install/difrobot_controller/lib'
[1.994s] Level 1:colcon.colcon_core.environment:checking '/home/user/difrobot_ws/install/difrobot_controller/bin'
[1.994s] Level 1:colcon.colcon_core.environment:checking '/home/user/difrobot_ws/install/difrobot_controller/lib/pkgconfig/difrobot_controller.pc'
[1.994s] Level 1:colcon.colcon_core.environment:checking '/home/user/difrobot_ws/install/difrobot_controller/lib/python3.10/site-packages'
[1.995s] Level 1:colcon.colcon_core.environment:checking '/home/user/difrobot_ws/install/difrobot_controller/bin'
[1.996s] INFO:colcon.colcon_core.shell:Creating package script '/home/user/difrobot_ws/install/difrobot_controller/share/difrobot_controller/package.ps1'
[1.997s] INFO:colcon.colcon_core.shell:Creating package descriptor '/home/user/difrobot_ws/install/difrobot_controller/share/difrobot_controller/package.dsv'
[1.999s] INFO:colcon.colcon_core.shell:Creating package script '/home/user/difrobot_ws/install/difrobot_controller/share/difrobot_controller/package.sh'
[2.000s] INFO:colcon.colcon_core.shell:Creating package script '/home/user/difrobot_ws/install/difrobot_controller/share/difrobot_controller/package.bash'
[2.001s] INFO:colcon.colcon_core.shell:Creating package script '/home/user/difrobot_ws/install/difrobot_controller/share/difrobot_controller/package.zsh'
[2.003s] Level 1:colcon.colcon_core.environment:create_file_with_runtime_dependencies(/home/user/difrobot_ws/install/difrobot_controller/share/colcon-core/packages/difrobot_controller)
[2.061s] Level 1:colcon.colcon_core.environment:create_environment_scripts_only(difrobot_controller)
[2.062s] Level 1:colcon.colcon_core.environment:checking '/home/user/difrobot_ws/install/difrobot_controller' for CMake module files
[2.064s] Level 1:colcon.colcon_core.environment:checking '/home/user/difrobot_ws/install/difrobot_controller' for CMake config files
[2.066s] Level 1:colcon.colcon_core.shell:create_environment_hook('difrobot_controller', 'cmake_prefix_path')
[2.067s] INFO:colcon.colcon_core.shell:Creating environment hook '/home/user/difrobot_ws/install/difrobot_controller/share/difrobot_controller/hook/cmake_prefix_path.ps1'
[2.068s] INFO:colcon.colcon_core.shell:Creating environment descriptor '/home/user/difrobot_ws/install/difrobot_controller/share/difrobot_controller/hook/cmake_prefix_path.dsv'
[2.069s] INFO:colcon.colcon_core.shell:Creating environment hook '/home/user/difrobot_ws/install/difrobot_controller/share/difrobot_controller/hook/cmake_prefix_path.sh'
[2.070s] Level 1:colcon.colcon_core.environment:checking '/home/user/difrobot_ws/install/difrobot_controller/lib'
[2.071s] Level 1:colcon.colcon_core.environment:checking '/home/user/difrobot_ws/install/difrobot_controller/bin'
[2.071s] Level 1:colcon.colcon_core.environment:checking '/home/user/difrobot_ws/install/difrobot_controller/lib/pkgconfig/difrobot_controller.pc'
[2.072s] Level 1:colcon.colcon_core.environment:checking '/home/user/difrobot_ws/install/difrobot_controller/lib/python3.10/site-packages'
[2.073s] Level 1:colcon.colcon_core.environment:checking '/home/user/difrobot_ws/install/difrobot_controller/bin'
[2.074s] INFO:colcon.colcon_core.shell:Creating package script '/home/user/difrobot_ws/install/difrobot_controller/share/difrobot_controller/package.ps1'
[2.076s] INFO:colcon.colcon_core.shell:Creating package descriptor '/home/user/difrobot_ws/install/difrobot_controller/share/difrobot_controller/package.dsv'
[2.077s] INFO:colcon.colcon_core.shell:Creating package script '/home/user/difrobot_ws/install/difrobot_controller/share/difrobot_controller/package.sh'
[2.078s] INFO:colcon.colcon_core.shell:Creating package script '/home/user/difrobot_ws/install/difrobot_controller/share/difrobot_controller/package.bash'
[2.080s] INFO:colcon.colcon_core.shell:Creating package script '/home/user/difrobot_ws/install/difrobot_controller/share/difrobot_controller/package.zsh'
[2.081s] Level 1:colcon.colcon_core.environment:create_file_with_runtime_dependencies(/home/user/difrobot_ws/install/difrobot_controller/share/colcon-core/packages/difrobot_controller)
[2.573s] DEBUG:colcon.colcon_core.event_handler.log_command:Invoking command in '/home/user/difrobot_ws/src/difrobot_py_examples': PYTHONPATH=/home/user/difrobot_ws/build/difrobot_py_examples/prefix_override:/usr/lib/python3/dist-packages/colcon_core/task/python/colcon_distutils_commands:/home/user/difrobot_ws/install/difrobot_py_examples/lib/python3.10/site-packages:${PYTHONPATH} /usr/bin/python3 -W ignore:setup.py install is deprecated setup.py egg_info --egg-base ../../build/difrobot_py_examples build --build-base /home/user/difrobot_ws/build/difrobot_py_examples/build install --record /home/user/difrobot_ws/build/difrobot_py_examples/install.log --single-version-externally-managed install_data
[2.742s] DEBUG:colcon.colcon_core.event_handler.log_command:Invoked command in '/home/user/difrobot_ws/build/difrobot_msgs' returned '0': CMAKE_PREFIX_PATH=${CMAKE_PREFIX_PATH}:/home/user/difrobot_ws/install/difrobot_py_examples:/opt/ros/humble /usr/bin/cmake /home/user/difrobot_ws/src/difrobot_msgs -DCMAKE_INSTALL_PREFIX=/home/user/difrobot_ws/install/difrobot_msgs
[2.747s] DEBUG:colcon.colcon_core.event_handler.log_command:Invoking command in '/home/user/difrobot_ws/build/difrobot_msgs': CMAKE_PREFIX_PATH=${CMAKE_PREFIX_PATH}:/home/user/difrobot_ws/install/difrobot_py_examples:/opt/ros/humble /usr/bin/cmake --build /home/user/difrobot_ws/build/difrobot_msgs -- -j12 -l12
[2.814s] DEBUG:colcon.colcon_core.event_handler.log_command:Invoked command in '/home/user/difrobot_ws/build/difrobot_msgs' returned '0': CMAKE_PREFIX_PATH=${CMAKE_PREFIX_PATH}:/home/user/difrobot_ws/install/difrobot_py_examples:/opt/ros/humble /usr/bin/cmake --build /home/user/difrobot_ws/build/difrobot_msgs -- -j12 -l12
[2.861s] DEBUG:colcon.colcon_core.event_handler.log_command:Invoking command in '/home/user/difrobot_ws/build/difrobot_msgs': CMAKE_PREFIX_PATH=${CMAKE_PREFIX_PATH}:/home/user/difrobot_ws/install/difrobot_py_examples:/opt/ros/humble /usr/bin/cmake --install /home/user/difrobot_ws/build/difrobot_msgs
[2.895s] Level 1:colcon.colcon_core.environment:create_environment_scripts_only(difrobot_msgs)
[2.896s] Level 1:colcon.colcon_core.environment:checking '/home/user/difrobot_ws/install/difrobot_msgs' for CMake module files
[2.898s] DEBUG:colcon.colcon_core.event_handler.log_command:Invoked command in '/home/user/difrobot_ws/build/difrobot_msgs' returned '0': CMAKE_PREFIX_PATH=${CMAKE_PREFIX_PATH}:/home/user/difrobot_ws/install/difrobot_py_examples:/opt/ros/humble /usr/bin/cmake --install /home/user/difrobot_ws/build/difrobot_msgs
[2.899s] Level 1:colcon.colcon_core.environment:checking '/home/user/difrobot_ws/install/difrobot_msgs' for CMake config files
[2.899s] Level 1:colcon.colcon_core.shell:create_environment_hook('difrobot_msgs', 'cmake_prefix_path')
[2.900s] INFO:colcon.colcon_core.shell:Creating environment hook '/home/user/difrobot_ws/install/difrobot_msgs/share/difrobot_msgs/hook/cmake_prefix_path.ps1'
[2.901s] INFO:colcon.colcon_core.shell:Creating environment descriptor '/home/user/difrobot_ws/install/difrobot_msgs/share/difrobot_msgs/hook/cmake_prefix_path.dsv'
[2.902s] INFO:colcon.colcon_core.shell:Creating environment hook '/home/user/difrobot_ws/install/difrobot_msgs/share/difrobot_msgs/hook/cmake_prefix_path.sh'
[2.903s] Level 1:colcon.colcon_core.environment:checking '/home/user/difrobot_ws/install/difrobot_msgs/bin'
[2.903s] Level 1:colcon.colcon_core.environment:checking '/home/user/difrobot_ws/install/difrobot_msgs/lib/pkgconfig/difrobot_msgs.pc'
[2.904s] Level 1:colcon.colcon_core.environment:checking '/home/user/difrobot_ws/install/difrobot_msgs/lib/python3.10/site-packages'
[2.904s] Level 1:colcon.colcon_core.environment:checking '/home/user/difrobot_ws/install/difrobot_msgs/bin'
[2.905s] INFO:colcon.colcon_core.shell:Creating package script '/home/user/difrobot_ws/install/difrobot_msgs/share/difrobot_msgs/package.ps1'
[2.906s] INFO:colcon.colcon_core.shell:Creating package descriptor '/home/user/difrobot_ws/install/difrobot_msgs/share/difrobot_msgs/package.dsv'
[2.907s] INFO:colcon.colcon_core.shell:Creating package script '/home/user/difrobot_ws/install/difrobot_msgs/share/difrobot_msgs/package.sh'
[2.908s] INFO:colcon.colcon_core.shell:Creating package script '/home/user/difrobot_ws/install/difrobot_msgs/share/difrobot_msgs/package.bash'
[2.909s] INFO:colcon.colcon_core.shell:Creating package script '/home/user/difrobot_ws/install/difrobot_msgs/share/difrobot_msgs/package.zsh'
[2.910s] Level 1:colcon.colcon_core.environment:create_file_with_runtime_dependencies(/home/user/difrobot_ws/install/difrobot_msgs/share/colcon-core/packages/difrobot_msgs)
[2.954s] Level 1:colcon.colcon_core.environment:create_environment_scripts_only(difrobot_msgs)
[2.954s] Level 1:colcon.colcon_core.environment:checking '/home/user/difrobot_ws/install/difrobot_msgs' for CMake module files
[2.956s] Level 1:colcon.colcon_core.environment:checking '/home/user/difrobot_ws/install/difrobot_msgs' for CMake config files
[2.956s] Level 1:colcon.colcon_core.shell:create_environment_hook('difrobot_msgs', 'cmake_prefix_path')
[2.957s] INFO:colcon.colcon_core.shell:Creating environment hook '/home/user/difrobot_ws/install/difrobot_msgs/share/difrobot_msgs/hook/cmake_prefix_path.ps1'
[2.958s] INFO:colcon.colcon_core.shell:Creating environment descriptor '/home/user/difrobot_ws/install/difrobot_msgs/share/difrobot_msgs/hook/cmake_prefix_path.dsv'
[2.959s] INFO:colcon.colcon_core.shell:Creating environment hook '/home/user/difrobot_ws/install/difrobot_msgs/share/difrobot_msgs/hook/cmake_prefix_path.sh'
[2.960s] Level 1:colcon.colcon_core.environment:checking '/home/user/difrobot_ws/install/difrobot_msgs/bin'
[2.960s] Level 1:colcon.colcon_core.environment:checking '/home/user/difrobot_ws/install/difrobot_msgs/lib/pkgconfig/difrobot_msgs.pc'
[2.960s] Level 1:colcon.colcon_core.environment:checking '/home/user/difrobot_ws/install/difrobot_msgs/lib/python3.10/site-packages'
[2.961s] Level 1:colcon.colcon_core.environment:checking '/home/user/difrobot_ws/install/difrobot_msgs/bin'
[2.962s] INFO:colcon.colcon_core.shell:Creating package script '/home/user/difrobot_ws/install/difrobot_msgs/share/difrobot_msgs/package.ps1'
[2.963s] INFO:colcon.colcon_core.shell:Creating package descriptor '/home/user/difrobot_ws/install/difrobot_msgs/share/difrobot_msgs/package.dsv'
[2.964s] INFO:colcon.colcon_core.shell:Creating package script '/home/user/difrobot_ws/install/difrobot_msgs/share/difrobot_msgs/package.sh'
[2.965s] INFO:colcon.colcon_core.shell:Creating package script '/home/user/difrobot_ws/install/difrobot_msgs/share/difrobot_msgs/package.bash'
[2.965s] INFO:colcon.colcon_core.shell:Creating package script '/home/user/difrobot_ws/install/difrobot_msgs/share/difrobot_msgs/package.zsh'
[2.966s] Level 1:colcon.colcon_core.environment:create_file_with_runtime_dependencies(/home/user/difrobot_ws/install/difrobot_msgs/share/colcon-core/packages/difrobot_msgs)
[3.273s] Level 1:colcon.colcon_core.environment:checking '/home/user/difrobot_ws/install/difrobot_py_examples' for CMake module files
[3.274s] DEBUG:colcon.colcon_core.event_handler.log_command:Invoked command in '/home/user/difrobot_ws/src/difrobot_py_examples' returned '0': PYTHONPATH=/home/user/difrobot_ws/build/difrobot_py_examples/prefix_override:/usr/lib/python3/dist-packages/colcon_core/task/python/colcon_distutils_commands:/home/user/difrobot_ws/install/difrobot_py_examples/lib/python3.10/site-packages:${PYTHONPATH} /usr/bin/python3 -W ignore:setup.py install is deprecated setup.py egg_info --egg-base ../../build/difrobot_py_examples build --build-base /home/user/difrobot_ws/build/difrobot_py_examples/build install --record /home/user/difrobot_ws/build/difrobot_py_examples/install.log --single-version-externally-managed install_data
[3.276s] Level 1:colcon.colcon_core.environment:checking '/home/user/difrobot_ws/install/difrobot_py_examples' for CMake config files
[3.277s] Level 1:colcon.colcon_core.environment:checking '/home/user/difrobot_ws/install/difrobot_py_examples/lib'
[3.277s] Level 1:colcon.colcon_core.environment:checking '/home/user/difrobot_ws/install/difrobot_py_examples/bin'
[3.278s] Level 1:colcon.colcon_core.environment:checking '/home/user/difrobot_ws/install/difrobot_py_examples/lib/pkgconfig/difrobot_py_examples.pc'
[3.278s] Level 1:colcon.colcon_core.environment:checking '/home/user/difrobot_ws/install/difrobot_py_examples/lib/python3.10/site-packages'
[3.278s] Level 1:colcon.colcon_core.shell:create_environment_hook('difrobot_py_examples', 'pythonpath')
[3.279s] INFO:colcon.colcon_core.shell:Creating environment hook '/home/user/difrobot_ws/install/difrobot_py_examples/share/difrobot_py_examples/hook/pythonpath.ps1'
[3.280s] INFO:colcon.colcon_core.shell:Creating environment descriptor '/home/user/difrobot_ws/install/difrobot_py_examples/share/difrobot_py_examples/hook/pythonpath.dsv'
[3.281s] INFO:colcon.colcon_core.shell:Creating environment hook '/home/user/difrobot_ws/install/difrobot_py_examples/share/difrobot_py_examples/hook/pythonpath.sh'
[3.282s] Level 1:colcon.colcon_core.environment:checking '/home/user/difrobot_ws/install/difrobot_py_examples/bin'
[3.282s] Level 1:colcon.colcon_core.environment:create_environment_scripts_only(difrobot_py_examples)
[3.283s] INFO:colcon.colcon_core.shell:Creating package script '/home/user/difrobot_ws/install/difrobot_py_examples/share/difrobot_py_examples/package.ps1'
[3.284s] INFO:colcon.colcon_core.shell:Creating package descriptor '/home/user/difrobot_ws/install/difrobot_py_examples/share/difrobot_py_examples/package.dsv'
[3.285s] INFO:colcon.colcon_core.shell:Creating package script '/home/user/difrobot_ws/install/difrobot_py_examples/share/difrobot_py_examples/package.sh'
[3.286s] INFO:colcon.colcon_core.shell:Creating package script '/home/user/difrobot_ws/install/difrobot_py_examples/share/difrobot_py_examples/package.bash'
[3.286s] INFO:colcon.colcon_core.shell:Creating package script '/home/user/difrobot_ws/install/difrobot_py_examples/share/difrobot_py_examples/package.zsh'
[3.287s] Level 1:colcon.colcon_core.environment:create_file_with_runtime_dependencies(/home/user/difrobot_ws/install/difrobot_py_examples/share/colcon-core/packages/difrobot_py_examples)
[3.288s] DEBUG:colcon.colcon_parallel_executor.executor.parallel:closing loop
[3.289s] DEBUG:colcon.colcon_parallel_executor.executor.parallel:loop closed
[3.290s] DEBUG:colcon.colcon_parallel_executor.executor.parallel:run_until_complete finished with '0'
[3.291s] DEBUG:colcon.colcon_core.event_reactor:joining thread
[3.305s] INFO:colcon.colcon_core.plugin_system:Skipping extension 'colcon_notification.desktop_notification.notify_send': Could not find 'notify-send'
[3.305s] INFO:colcon.colcon_core.plugin_system:Skipping extension 'colcon_notification.desktop_notification.terminal_notifier': Not used on non-Darwin systems
[3.305s] INFO:colcon.colcon_core.plugin_system:Skipping extension 'colcon_notification.desktop_notification.win32': Not used on non-Windows systems
[3.306s] INFO:colcon.colcon_notification.desktop_notification:Sending desktop notification using 'notify2'
[3.309s] DEBUG:colcon.colcon_notification.desktop_notification.notify2:Failed to initialize notify2: org.freedesktop.DBus.Error.Spawn.ExecFailed: /usr/bin/dbus-launch terminated abnormally without any error message
[3.310s] DEBUG:colcon.colcon_core.event_reactor:joined thread
[3.311s] INFO:colcon.colcon_core.shell:Creating prefix script '/home/user/difrobot_ws/install/local_setup.ps1'
[3.314s] INFO:colcon.colcon_core.shell:Creating prefix util module '/home/user/difrobot_ws/install/_local_setup_util_ps1.py'
[3.319s] INFO:colcon.colcon_core.shell:Creating prefix chain script '/home/user/difrobot_ws/install/setup.ps1'
[3.323s] INFO:colcon.colcon_core.shell:Creating prefix script '/home/user/difrobot_ws/install/local_setup.sh'
[3.325s] INFO:colcon.colcon_core.shell:Creating prefix util module '/home/user/difrobot_ws/install/_local_setup_util_sh.py'
[3.326s] INFO:colcon.colcon_core.shell:Creating prefix chain script '/home/user/difrobot_ws/install/setup.sh'
[3.329s] INFO:colcon.colcon_core.shell:Creating prefix script '/home/user/difrobot_ws/install/local_setup.bash'
[3.330s] INFO:colcon.colcon_core.shell:Creating prefix chain script '/home/user/difrobot_ws/install/setup.bash'
[3.332s] INFO:colcon.colcon_core.shell:Creating prefix script '/home/user/difrobot_ws/install/local_setup.zsh'
[3.334s] INFO:colcon.colcon_core.shell:Creating prefix chain script '/home/user/difrobot_ws/install/setup.zsh'
