[0.051s] Invoking command in '/home/user/difrobot_ws/build/difrobot_msgs': CMAKE_PREFIX_PATH=${CMAKE_PREFIX_PATH}:/home/user/difrobot_ws/install/difrobot_py_examples:/opt/ros/humble /usr/bin/cmake --build /home/user/difrobot_ws/build/difrobot_msgs -- -j12 -l12
[0.147s] [35m[1mConsolidate compiler generated dependencies of target difrobot_msgs__rosidl_generator_c[0m
[0.176s] [  3%] Built target difrobot_msgs__cpp
[0.180s] [ 12%] Built target difrobot_msgs__rosidl_generator_c
[0.204s] [35m[1mConsolidate compiler generated dependencies of target difrobot_msgs__rosidl_typesupport_fastrtps_cpp[0m
[0.208s] [35m[1mConsolidate compiler generated dependencies of target difrobot_msgs__rosidl_typesupport_cpp[0m
[0.211s] [35m[1mConsolidate compiler generated dependencies of target difrobot_msgs__rosidl_typesupport_introspection_cpp[0m
[0.214s] [35m[1mConsolidate compiler generated dependencies of target difrobot_msgs__rosidl_typesupport_fastrtps_c[0m
[0.215s] [ 12%] Built target ament_cmake_python_copy_difrobot_msgs
[0.223s] [35m[1mConsolidate compiler generated dependencies of target difrobot_msgs__rosidl_typesupport_c[0m
[0.223s] [35m[1mConsolidate compiler generated dependencies of target difrobot_msgs__rosidl_typesupport_introspection_c[0m
[0.263s] [ 22%] Built target difrobot_msgs__rosidl_typesupport_cpp
[0.264s] [ 32%] Built target difrobot_msgs__rosidl_typesupport_c
[0.265s] [ 41%] Built target difrobot_msgs__rosidl_typesupport_fastrtps_cpp
[0.267s] [ 51%] Built target difrobot_msgs__rosidl_typesupport_introspection_c
[0.268s] [ 61%] Built target difrobot_msgs__rosidl_typesupport_introspection_cpp
[0.269s] [ 70%] Built target difrobot_msgs__rosidl_typesupport_fastrtps_c
[0.322s] [ 70%] Built target difrobot_msgs
[0.363s] [ 74%] Built target difrobot_msgs__py
[0.386s] [35m[1mConsolidate compiler generated dependencies of target difrobot_msgs__rosidl_generator_py[0m
[0.419s] [ 80%] Built target difrobot_msgs__rosidl_generator_py
[0.444s] [35m[1mConsolidate compiler generated dependencies of target difrobot_msgs__rosidl_typesupport_introspection_c__pyext[0m
[0.444s] [35m[1mConsolidate compiler generated dependencies of target difrobot_msgs__rosidl_typesupport_c__pyext[0m
[0.444s] [35m[1mConsolidate compiler generated dependencies of target difrobot_msgs__rosidl_typesupport_fastrtps_c__pyext[0m
[0.476s] [ 87%] Built target difrobot_msgs__rosidl_typesupport_c__pyext
[0.476s] [ 93%] Built target difrobot_msgs__rosidl_typesupport_introspection_c__pyext
[0.477s] [100%] Built target difrobot_msgs__rosidl_typesupport_fastrtps_c__pyext
[0.892s] running egg_info
[0.894s] writing difrobot_msgs.egg-info/PKG-INFO
[0.895s] writing dependency_links to difrobot_msgs.egg-info/dependency_links.txt
[0.895s] writing top-level names to difrobot_msgs.egg-info/top_level.txt
[0.900s] reading manifest file 'difrobot_msgs.egg-info/SOURCES.txt'
[0.902s] writing manifest file 'difrobot_msgs.egg-info/SOURCES.txt'
[0.949s] [100%] Built target ament_cmake_python_build_difrobot_msgs_egg
[0.973s] Invoked command in '/home/user/difrobot_ws/build/difrobot_msgs' returned '0': CMAKE_PREFIX_PATH=${CMAKE_PREFIX_PATH}:/home/user/difrobot_ws/install/difrobot_py_examples:/opt/ros/humble /usr/bin/cmake --build /home/user/difrobot_ws/build/difrobot_msgs -- -j12 -l12
[1.105s] Invoking command in '/home/user/difrobot_ws/build/difrobot_msgs': CMAKE_PREFIX_PATH=${CMAKE_PREFIX_PATH}:/home/user/difrobot_ws/install/difrobot_py_examples:/opt/ros/humble /usr/bin/cmake --install /home/user/difrobot_ws/build/difrobot_msgs
[1.118s] -- Install configuration: ""
[1.119s] -- Up-to-date: /home/user/difrobot_ws/install/difrobot_msgs/share/ament_index/resource_index/rosidl_interfaces/difrobot_msgs
[1.120s] -- Up-to-date: /home/user/difrobot_ws/install/difrobot_msgs/include/difrobot_msgs/difrobot_msgs
[1.120s] -- Up-to-date: /home/user/difrobot_ws/install/difrobot_msgs/include/difrobot_msgs/difrobot_msgs/msg
[1.121s] -- Up-to-date: /home/user/difrobot_ws/install/difrobot_msgs/include/difrobot_msgs/difrobot_msgs/msg/rosidl_generator_c__visibility_control.h
[1.121s] -- Up-to-date: /home/user/difrobot_ws/install/difrobot_msgs/include/difrobot_msgs/difrobot_msgs/srv
[1.122s] -- Up-to-date: /home/user/difrobot_ws/install/difrobot_msgs/include/difrobot_msgs/difrobot_msgs/srv/add_two_ints.h
[1.122s] -- Up-to-date: /home/user/difrobot_ws/install/difrobot_msgs/include/difrobot_msgs/difrobot_msgs/srv/detail
[1.123s] -- Up-to-date: /home/user/difrobot_ws/install/difrobot_msgs/include/difrobot_msgs/difrobot_msgs/srv/detail/add_two_ints__type_support.h
[1.123s] -- Up-to-date: /home/user/difrobot_ws/install/difrobot_msgs/include/difrobot_msgs/difrobot_msgs/srv/detail/add_two_ints__functions.c
[1.124s] -- Up-to-date: /home/user/difrobot_ws/install/difrobot_msgs/include/difrobot_msgs/difrobot_msgs/srv/detail/add_two_ints__struct.h
[1.125s] -- Up-to-date: /home/user/difrobot_ws/install/difrobot_msgs/include/difrobot_msgs/difrobot_msgs/srv/detail/add_two_ints__functions.h
[1.125s] -- Up-to-date: /home/user/difrobot_ws/install/difrobot_msgs/share/difrobot_msgs/environment/library_path.sh
[1.126s] -- Up-to-date: /home/user/difrobot_ws/install/difrobot_msgs/share/difrobot_msgs/environment/library_path.dsv
[1.126s] -- Up-to-date: /home/user/difrobot_ws/install/difrobot_msgs/lib/libdifrobot_msgs__rosidl_generator_c.so
[1.127s] -- Up-to-date: /home/user/difrobot_ws/install/difrobot_msgs/include/difrobot_msgs/difrobot_msgs
[1.127s] -- Up-to-date: /home/user/difrobot_ws/install/difrobot_msgs/include/difrobot_msgs/difrobot_msgs/msg
[1.127s] -- Up-to-date: /home/user/difrobot_ws/install/difrobot_msgs/include/difrobot_msgs/difrobot_msgs/msg/rosidl_typesupport_fastrtps_c__visibility_control.h
[1.128s] -- Up-to-date: /home/user/difrobot_ws/install/difrobot_msgs/include/difrobot_msgs/difrobot_msgs/srv
[1.128s] -- Up-to-date: /home/user/difrobot_ws/install/difrobot_msgs/include/difrobot_msgs/difrobot_msgs/srv/detail
[1.129s] -- Up-to-date: /home/user/difrobot_ws/install/difrobot_msgs/include/difrobot_msgs/difrobot_msgs/srv/detail/add_two_ints__rosidl_typesupport_fastrtps_c.h
[1.129s] -- Up-to-date: /home/user/difrobot_ws/install/difrobot_msgs/lib/libdifrobot_msgs__rosidl_typesupport_fastrtps_c.so
[1.130s] -- Up-to-date: /home/user/difrobot_ws/install/difrobot_msgs/include/difrobot_msgs/difrobot_msgs
[1.131s] -- Up-to-date: /home/user/difrobot_ws/install/difrobot_msgs/include/difrobot_msgs/difrobot_msgs/srv
[1.131s] -- Up-to-date: /home/user/difrobot_ws/install/difrobot_msgs/include/difrobot_msgs/difrobot_msgs/srv/add_two_ints.hpp
[1.132s] -- Up-to-date: /home/user/difrobot_ws/install/difrobot_msgs/include/difrobot_msgs/difrobot_msgs/srv/detail
[1.132s] -- Up-to-date: /home/user/difrobot_ws/install/difrobot_msgs/include/difrobot_msgs/difrobot_msgs/srv/detail/add_two_ints__traits.hpp
[1.132s] -- Up-to-date: /home/user/difrobot_ws/install/difrobot_msgs/include/difrobot_msgs/difrobot_msgs/srv/detail/add_two_ints__builder.hpp
[1.133s] -- Up-to-date: /home/user/difrobot_ws/install/difrobot_msgs/include/difrobot_msgs/difrobot_msgs/srv/detail/add_two_ints__struct.hpp
[1.133s] -- Up-to-date: /home/user/difrobot_ws/install/difrobot_msgs/include/difrobot_msgs/difrobot_msgs
[1.134s] -- Up-to-date: /home/user/difrobot_ws/install/difrobot_msgs/include/difrobot_msgs/difrobot_msgs/msg
[1.134s] -- Up-to-date: /home/user/difrobot_ws/install/difrobot_msgs/include/difrobot_msgs/difrobot_msgs/msg/rosidl_typesupport_fastrtps_cpp__visibility_control.h
[1.135s] -- Up-to-date: /home/user/difrobot_ws/install/difrobot_msgs/include/difrobot_msgs/difrobot_msgs/srv
[1.136s] -- Up-to-date: /home/user/difrobot_ws/install/difrobot_msgs/include/difrobot_msgs/difrobot_msgs/srv/detail
[1.136s] -- Up-to-date: /home/user/difrobot_ws/install/difrobot_msgs/include/difrobot_msgs/difrobot_msgs/srv/detail/add_two_ints__rosidl_typesupport_fastrtps_cpp.hpp
[1.137s] -- Up-to-date: /home/user/difrobot_ws/install/difrobot_msgs/include/difrobot_msgs/difrobot_msgs/srv/detail/dds_fastrtps
[1.138s] -- Up-to-date: /home/user/difrobot_ws/install/difrobot_msgs/lib/libdifrobot_msgs__rosidl_typesupport_fastrtps_cpp.so
[1.138s] -- Up-to-date: /home/user/difrobot_ws/install/difrobot_msgs/include/difrobot_msgs/difrobot_msgs
[1.139s] -- Up-to-date: /home/user/difrobot_ws/install/difrobot_msgs/include/difrobot_msgs/difrobot_msgs/msg
[1.140s] -- Up-to-date: /home/user/difrobot_ws/install/difrobot_msgs/include/difrobot_msgs/difrobot_msgs/msg/rosidl_typesupport_introspection_c__visibility_control.h
[1.140s] -- Up-to-date: /home/user/difrobot_ws/install/difrobot_msgs/include/difrobot_msgs/difrobot_msgs/srv
[1.140s] -- Up-to-date: /home/user/difrobot_ws/install/difrobot_msgs/include/difrobot_msgs/difrobot_msgs/srv/detail
[1.141s] -- Up-to-date: /home/user/difrobot_ws/install/difrobot_msgs/include/difrobot_msgs/difrobot_msgs/srv/detail/add_two_ints__type_support.c
[1.142s] -- Up-to-date: /home/user/difrobot_ws/install/difrobot_msgs/include/difrobot_msgs/difrobot_msgs/srv/detail/add_two_ints__rosidl_typesupport_introspection_c.h
[1.143s] -- Up-to-date: /home/user/difrobot_ws/install/difrobot_msgs/lib/libdifrobot_msgs__rosidl_typesupport_introspection_c.so
[1.144s] -- Up-to-date: /home/user/difrobot_ws/install/difrobot_msgs/lib/libdifrobot_msgs__rosidl_typesupport_c.so
[1.145s] -- Up-to-date: /home/user/difrobot_ws/install/difrobot_msgs/include/difrobot_msgs/difrobot_msgs
[1.145s] -- Up-to-date: /home/user/difrobot_ws/install/difrobot_msgs/include/difrobot_msgs/difrobot_msgs/srv
[1.145s] -- Up-to-date: /home/user/difrobot_ws/install/difrobot_msgs/include/difrobot_msgs/difrobot_msgs/srv/detail
[1.146s] -- Up-to-date: /home/user/difrobot_ws/install/difrobot_msgs/include/difrobot_msgs/difrobot_msgs/srv/detail/add_two_ints__type_support.cpp
[1.147s] -- Up-to-date: /home/user/difrobot_ws/install/difrobot_msgs/include/difrobot_msgs/difrobot_msgs/srv/detail/add_two_ints__rosidl_typesupport_introspection_cpp.hpp
[1.147s] -- Up-to-date: /home/user/difrobot_ws/install/difrobot_msgs/lib/libdifrobot_msgs__rosidl_typesupport_introspection_cpp.so
[1.147s] -- Up-to-date: /home/user/difrobot_ws/install/difrobot_msgs/lib/libdifrobot_msgs__rosidl_typesupport_cpp.so
[1.148s] -- Up-to-date: /home/user/difrobot_ws/install/difrobot_msgs/share/difrobot_msgs/environment/pythonpath.sh
[1.148s] -- Up-to-date: /home/user/difrobot_ws/install/difrobot_msgs/share/difrobot_msgs/environment/pythonpath.dsv
[1.148s] -- Up-to-date: /home/user/difrobot_ws/install/difrobot_msgs/local/lib/python3.10/dist-packages/difrobot_msgs-0.0.0-py3.10.egg-info
[1.149s] -- Installing: /home/user/difrobot_ws/install/difrobot_msgs/local/lib/python3.10/dist-packages/difrobot_msgs-0.0.0-py3.10.egg-info/PKG-INFO
[1.151s] -- Installing: /home/user/difrobot_ws/install/difrobot_msgs/local/lib/python3.10/dist-packages/difrobot_msgs-0.0.0-py3.10.egg-info/dependency_links.txt
[1.151s] -- Installing: /home/user/difrobot_ws/install/difrobot_msgs/local/lib/python3.10/dist-packages/difrobot_msgs-0.0.0-py3.10.egg-info/SOURCES.txt
[1.152s] -- Installing: /home/user/difrobot_ws/install/difrobot_msgs/local/lib/python3.10/dist-packages/difrobot_msgs-0.0.0-py3.10.egg-info/top_level.txt
[1.156s] -- Up-to-date: /home/user/difrobot_ws/install/difrobot_msgs/local/lib/python3.10/dist-packages/difrobot_msgs
[1.157s] -- Up-to-date: /home/user/difrobot_ws/install/difrobot_msgs/local/lib/python3.10/dist-packages/difrobot_msgs/_difrobot_msgs_s.ep.rosidl_typesupport_c.c
[1.157s] -- Up-to-date: /home/user/difrobot_ws/install/difrobot_msgs/local/lib/python3.10/dist-packages/difrobot_msgs/difrobot_msgs_s__rosidl_typesupport_fastrtps_c.cpython-310-x86_64-linux-gnu.so
[1.158s] -- Up-to-date: /home/user/difrobot_ws/install/difrobot_msgs/local/lib/python3.10/dist-packages/difrobot_msgs/difrobot_msgs_s__rosidl_typesupport_c.cpython-310-x86_64-linux-gnu.so
[1.158s] -- Up-to-date: /home/user/difrobot_ws/install/difrobot_msgs/local/lib/python3.10/dist-packages/difrobot_msgs/difrobot_msgs_s__rosidl_typesupport_introspection_c.cpython-310-x86_64-linux-gnu.so
[1.158s] -- Up-to-date: /home/user/difrobot_ws/install/difrobot_msgs/local/lib/python3.10/dist-packages/difrobot_msgs/_difrobot_msgs_s.ep.rosidl_typesupport_introspection_c.c
[1.159s] -- Up-to-date: /home/user/difrobot_ws/install/difrobot_msgs/local/lib/python3.10/dist-packages/difrobot_msgs/_difrobot_msgs_s.ep.rosidl_typesupport_fastrtps_c.c
[1.160s] -- Up-to-date: /home/user/difrobot_ws/install/difrobot_msgs/local/lib/python3.10/dist-packages/difrobot_msgs/__init__.py
[1.161s] -- Up-to-date: /home/user/difrobot_ws/install/difrobot_msgs/local/lib/python3.10/dist-packages/difrobot_msgs/srv
[1.161s] -- Up-to-date: /home/user/difrobot_ws/install/difrobot_msgs/local/lib/python3.10/dist-packages/difrobot_msgs/srv/__init__.py
[1.161s] -- Up-to-date: /home/user/difrobot_ws/install/difrobot_msgs/local/lib/python3.10/dist-packages/difrobot_msgs/srv/_add_two_ints_s.c
[1.162s] -- Up-to-date: /home/user/difrobot_ws/install/difrobot_msgs/local/lib/python3.10/dist-packages/difrobot_msgs/srv/_add_two_ints.py
[1.162s] -- Up-to-date: /home/user/difrobot_ws/install/difrobot_msgs/local/lib/python3.10/dist-packages/difrobot_msgs/libdifrobot_msgs__rosidl_generator_py.so
[1.206s] Listing '/home/user/difrobot_ws/install/difrobot_msgs/local/lib/python3.10/dist-packages/difrobot_msgs'...
[1.207s] Listing '/home/user/difrobot_ws/install/difrobot_msgs/local/lib/python3.10/dist-packages/difrobot_msgs/srv'...
[1.214s] -- Up-to-date: /home/user/difrobot_ws/install/difrobot_msgs/local/lib/python3.10/dist-packages/difrobot_msgs/difrobot_msgs_s__rosidl_typesupport_fastrtps_c.cpython-310-x86_64-linux-gnu.so
[1.215s] -- Up-to-date: /home/user/difrobot_ws/install/difrobot_msgs/local/lib/python3.10/dist-packages/difrobot_msgs/difrobot_msgs_s__rosidl_typesupport_introspection_c.cpython-310-x86_64-linux-gnu.so
[1.216s] -- Up-to-date: /home/user/difrobot_ws/install/difrobot_msgs/local/lib/python3.10/dist-packages/difrobot_msgs/difrobot_msgs_s__rosidl_typesupport_c.cpython-310-x86_64-linux-gnu.so
[1.217s] -- Up-to-date: /home/user/difrobot_ws/install/difrobot_msgs/lib/libdifrobot_msgs__rosidl_generator_py.so
[1.219s] -- Up-to-date: /home/user/difrobot_ws/install/difrobot_msgs/share/difrobot_msgs/srv/AddTwoInts.idl
[1.220s] -- Up-to-date: /home/user/difrobot_ws/install/difrobot_msgs/share/difrobot_msgs/srv/AddTwoInts.srv
[1.220s] -- Up-to-date: /home/user/difrobot_ws/install/difrobot_msgs/share/difrobot_msgs/srv/AddTwoInts_Request.msg
[1.221s] -- Up-to-date: /home/user/difrobot_ws/install/difrobot_msgs/share/difrobot_msgs/srv/AddTwoInts_Response.msg
[1.222s] -- Up-to-date: /home/user/difrobot_ws/install/difrobot_msgs/share/ament_index/resource_index/package_run_dependencies/difrobot_msgs
[1.222s] -- Up-to-date: /home/user/difrobot_ws/install/difrobot_msgs/share/ament_index/resource_index/parent_prefix_path/difrobot_msgs
[1.223s] -- Up-to-date: /home/user/difrobot_ws/install/difrobot_msgs/share/difrobot_msgs/environment/ament_prefix_path.sh
[1.224s] -- Up-to-date: /home/user/difrobot_ws/install/difrobot_msgs/share/difrobot_msgs/environment/ament_prefix_path.dsv
[1.225s] -- Up-to-date: /home/user/difrobot_ws/install/difrobot_msgs/share/difrobot_msgs/environment/path.sh
[1.226s] -- Up-to-date: /home/user/difrobot_ws/install/difrobot_msgs/share/difrobot_msgs/environment/path.dsv
[1.226s] -- Up-to-date: /home/user/difrobot_ws/install/difrobot_msgs/share/difrobot_msgs/local_setup.bash
[1.226s] -- Up-to-date: /home/user/difrobot_ws/install/difrobot_msgs/share/difrobot_msgs/local_setup.sh
[1.227s] -- Up-to-date: /home/user/difrobot_ws/install/difrobot_msgs/share/difrobot_msgs/local_setup.zsh
[1.227s] -- Up-to-date: /home/user/difrobot_ws/install/difrobot_msgs/share/difrobot_msgs/local_setup.dsv
[1.227s] -- Installing: /home/user/difrobot_ws/install/difrobot_msgs/share/difrobot_msgs/package.dsv
[1.228s] -- Up-to-date: /home/user/difrobot_ws/install/difrobot_msgs/share/ament_index/resource_index/packages/difrobot_msgs
[1.228s] -- Up-to-date: /home/user/difrobot_ws/install/difrobot_msgs/share/difrobot_msgs/cmake/export_difrobot_msgs__rosidl_generator_cExport.cmake
[1.229s] -- Up-to-date: /home/user/difrobot_ws/install/difrobot_msgs/share/difrobot_msgs/cmake/export_difrobot_msgs__rosidl_generator_cExport-noconfig.cmake
[1.230s] -- Up-to-date: /home/user/difrobot_ws/install/difrobot_msgs/share/difrobot_msgs/cmake/export_difrobot_msgs__rosidl_typesupport_fastrtps_cExport.cmake
[1.232s] -- Up-to-date: /home/user/difrobot_ws/install/difrobot_msgs/share/difrobot_msgs/cmake/export_difrobot_msgs__rosidl_typesupport_fastrtps_cExport-noconfig.cmake
[1.236s] -- Up-to-date: /home/user/difrobot_ws/install/difrobot_msgs/share/difrobot_msgs/cmake/export_difrobot_msgs__rosidl_generator_cppExport.cmake
[1.237s] -- Up-to-date: /home/user/difrobot_ws/install/difrobot_msgs/share/difrobot_msgs/cmake/export_difrobot_msgs__rosidl_typesupport_fastrtps_cppExport.cmake
[1.237s] -- Up-to-date: /home/user/difrobot_ws/install/difrobot_msgs/share/difrobot_msgs/cmake/export_difrobot_msgs__rosidl_typesupport_fastrtps_cppExport-noconfig.cmake
[1.237s] -- Up-to-date: /home/user/difrobot_ws/install/difrobot_msgs/share/difrobot_msgs/cmake/difrobot_msgs__rosidl_typesupport_introspection_cExport.cmake
[1.238s] -- Up-to-date: /home/user/difrobot_ws/install/difrobot_msgs/share/difrobot_msgs/cmake/difrobot_msgs__rosidl_typesupport_introspection_cExport-noconfig.cmake
[1.238s] -- Up-to-date: /home/user/difrobot_ws/install/difrobot_msgs/share/difrobot_msgs/cmake/difrobot_msgs__rosidl_typesupport_cExport.cmake
[1.239s] -- Up-to-date: /home/user/difrobot_ws/install/difrobot_msgs/share/difrobot_msgs/cmake/difrobot_msgs__rosidl_typesupport_cExport-noconfig.cmake
[1.239s] -- Up-to-date: /home/user/difrobot_ws/install/difrobot_msgs/share/difrobot_msgs/cmake/difrobot_msgs__rosidl_typesupport_introspection_cppExport.cmake
[1.240s] -- Up-to-date: /home/user/difrobot_ws/install/difrobot_msgs/share/difrobot_msgs/cmake/difrobot_msgs__rosidl_typesupport_introspection_cppExport-noconfig.cmake
[1.240s] -- Up-to-date: /home/user/difrobot_ws/install/difrobot_msgs/share/difrobot_msgs/cmake/difrobot_msgs__rosidl_typesupport_cppExport.cmake
[1.240s] -- Up-to-date: /home/user/difrobot_ws/install/difrobot_msgs/share/difrobot_msgs/cmake/difrobot_msgs__rosidl_typesupport_cppExport-noconfig.cmake
[1.241s] -- Up-to-date: /home/user/difrobot_ws/install/difrobot_msgs/share/difrobot_msgs/cmake/export_difrobot_msgs__rosidl_generator_pyExport.cmake
[1.242s] -- Up-to-date: /home/user/difrobot_ws/install/difrobot_msgs/share/difrobot_msgs/cmake/export_difrobot_msgs__rosidl_generator_pyExport-noconfig.cmake
[1.243s] -- Up-to-date: /home/user/difrobot_ws/install/difrobot_msgs/share/difrobot_msgs/cmake/rosidl_cmake-extras.cmake
[1.243s] -- Up-to-date: /home/user/difrobot_ws/install/difrobot_msgs/share/difrobot_msgs/cmake/ament_cmake_export_include_directories-extras.cmake
[1.244s] -- Up-to-date: /home/user/difrobot_ws/install/difrobot_msgs/share/difrobot_msgs/cmake/ament_cmake_export_libraries-extras.cmake
[1.244s] -- Up-to-date: /home/user/difrobot_ws/install/difrobot_msgs/share/difrobot_msgs/cmake/ament_cmake_export_targets-extras.cmake
[1.244s] -- Up-to-date: /home/user/difrobot_ws/install/difrobot_msgs/share/difrobot_msgs/cmake/rosidl_cmake_export_typesupport_targets-extras.cmake
[1.245s] -- Up-to-date: /home/user/difrobot_ws/install/difrobot_msgs/share/difrobot_msgs/cmake/ament_cmake_export_dependencies-extras.cmake
[1.245s] -- Up-to-date: /home/user/difrobot_ws/install/difrobot_msgs/share/difrobot_msgs/cmake/rosidl_cmake_export_typesupport_libraries-extras.cmake
[1.245s] -- Up-to-date: /home/user/difrobot_ws/install/difrobot_msgs/share/difrobot_msgs/cmake/difrobot_msgsConfig.cmake
[1.246s] -- Up-to-date: /home/user/difrobot_ws/install/difrobot_msgs/share/difrobot_msgs/cmake/difrobot_msgsConfig-version.cmake
[1.246s] -- Up-to-date: /home/user/difrobot_ws/install/difrobot_msgs/share/difrobot_msgs/package.xml
[1.246s] Invoked command in '/home/user/difrobot_ws/build/difrobot_msgs' returned '0': CMAKE_PREFIX_PATH=${CMAKE_PREFIX_PATH}:/home/user/difrobot_ws/install/difrobot_py_examples:/opt/ros/humble /usr/bin/cmake --install /home/user/difrobot_ws/build/difrobot_msgs
