[1.396s] Invoking command in '/home/user/difrobot_ws/src/difrobot_py_examples': PYTHONPATH=/home/user/difrobot_ws/build/difrobot_py_examples/prefix_override:/usr/lib/python3/dist-packages/colcon_core/task/python/colcon_distutils_commands:/home/user/difrobot_ws/install/difrobot_py_examples/lib/python3.10/site-packages:${PYTHONPATH} /usr/bin/python3 -W ignore:setup.py install is deprecated setup.py egg_info --egg-base ../../build/difrobot_py_examples build --build-base /home/user/difrobot_ws/build/difrobot_py_examples/build install --record /home/user/difrobot_ws/build/difrobot_py_examples/install.log --single-version-externally-managed install_data
[1.904s] running egg_info
[1.906s] creating ../../build/difrobot_py_examples/difrobot_py_examples.egg-info
[1.907s] writing ../../build/difrobot_py_examples/difrobot_py_examples.egg-info/PKG-INFO
[1.907s] writing dependency_links to ../../build/difrobot_py_examples/difrobot_py_examples.egg-info/dependency_links.txt
[1.908s] writing entry points to ../../build/difrobot_py_examples/difrobot_py_examples.egg-info/entry_points.txt
[1.908s] writing requirements to ../../build/difrobot_py_examples/difrobot_py_examples.egg-info/requires.txt
[1.909s] writing top-level names to ../../build/difrobot_py_examples/difrobot_py_examples.egg-info/top_level.txt
[1.909s] writing manifest file '../../build/difrobot_py_examples/difrobot_py_examples.egg-info/SOURCES.txt'
[1.912s] reading manifest file '../../build/difrobot_py_examples/difrobot_py_examples.egg-info/SOURCES.txt'
[1.914s] writing manifest file '../../build/difrobot_py_examples/difrobot_py_examples.egg-info/SOURCES.txt'
[1.914s] running build
[1.915s] running build_py
[1.915s] creating /home/user/difrobot_ws/build/difrobot_py_examples/build
[1.916s] creating /home/user/difrobot_ws/build/difrobot_py_examples/build/lib
[1.916s] creating /home/user/difrobot_ws/build/difrobot_py_examples/build/lib/difrobot_py_examples
[1.916s] copying difrobot_py_examples/__init__.py -> /home/user/difrobot_ws/build/difrobot_py_examples/build/lib/difrobot_py_examples
[1.916s] running install
[1.917s] running install_lib
[1.919s] creating /home/user/difrobot_ws/install/difrobot_py_examples/lib/python3.10/site-packages/difrobot_py_examples
[1.919s] copying /home/user/difrobot_ws/build/difrobot_py_examples/build/lib/difrobot_py_examples/__init__.py -> /home/user/difrobot_ws/install/difrobot_py_examples/lib/python3.10/site-packages/difrobot_py_examples
[1.921s] byte-compiling /home/user/difrobot_ws/install/difrobot_py_examples/lib/python3.10/site-packages/difrobot_py_examples/__init__.py to __init__.cpython-310.pyc
[1.921s] running install_data
[1.922s] creating /home/user/difrobot_ws/install/difrobot_py_examples/share/ament_index
[1.923s] creating /home/user/difrobot_ws/install/difrobot_py_examples/share/ament_index/resource_index
[1.923s] creating /home/user/difrobot_ws/install/difrobot_py_examples/share/ament_index/resource_index/packages
[1.924s] copying resource/difrobot_py_examples -> /home/user/difrobot_ws/install/difrobot_py_examples/share/ament_index/resource_index/packages
[1.924s] copying package.xml -> /home/user/difrobot_ws/install/difrobot_py_examples/share/difrobot_py_examples
[1.925s] running install_egg_info
[1.927s] Copying ../../build/difrobot_py_examples/difrobot_py_examples.egg-info to /home/user/difrobot_ws/install/difrobot_py_examples/lib/python3.10/site-packages/difrobot_py_examples-0.0.0-py3.10.egg-info
[1.930s] running install_scripts
[1.974s] writing list of installed files to '/home/user/difrobot_ws/build/difrobot_py_examples/install.log'
[2.014s] Invoked command in '/home/user/difrobot_ws/src/difrobot_py_examples' returned '0': PYTHONPATH=/home/user/difrobot_ws/build/difrobot_py_examples/prefix_override:/usr/lib/python3/dist-packages/colcon_core/task/python/colcon_distutils_commands:/home/user/difrobot_ws/install/difrobot_py_examples/lib/python3.10/site-packages:${PYTHONPATH} /usr/bin/python3 -W ignore:setup.py install is deprecated setup.py egg_info --egg-base ../../build/difrobot_py_examples build --build-base /home/user/difrobot_ws/build/difrobot_py_examples/build install --record /home/user/difrobot_ws/build/difrobot_py_examples/install.log --single-version-externally-managed install_data
