[0.068s] Invoking command in '/home/user/difrobot_ws/build/difrobot_msgs': CMAKE_PREFIX_PATH=/opt/ros/humble /usr/bin/cmake --build /home/user/difrobot_ws/build/difrobot_msgs -- -j12 -l12
[0.339s] [  3%] Built target difrobot_msgs__cpp
[0.342s] [ 12%] Built target difrobot_msgs__rosidl_generator_c
[0.373s] [ 12%] Built target ament_cmake_python_copy_difrobot_msgs
[0.403s] [ 22%] Built target difrobot_msgs__rosidl_typesupport_cpp
[0.407s] [ 35%] Built target difrobot_msgs__rosidl_typesupport_introspection_c
[0.408s] [ 41%] Built target difrobot_msgs__rosidl_typesupport_introspection_cpp
[0.411s] [ 51%] Built target difrobot_msgs__rosidl_typesupport_fastrtps_c
[0.412s] [ 70%] Built target difrobot_msgs__rosidl_typesupport_c
[0.413s] [ 70%] Built target difrobot_msgs__rosidl_typesupport_fastrtps_cpp
[0.453s] [ 70%] Built target difrobot_msgs
[0.503s] [ 74%] Built target difrobot_msgs__py
[0.550s] [ 80%] Built target difrobot_msgs__rosidl_generator_py
[0.597s] [ 87%] Built target difrobot_msgs__rosidl_typesupport_fastrtps_c__pyext
[0.601s] [ 93%] Built target difrobot_msgs__rosidl_typesupport_introspection_c__pyext
[0.602s] [100%] Built target difrobot_msgs__rosidl_typesupport_c__pyext
[1.052s] running egg_info
[1.055s] writing difrobot_msgs.egg-info/PKG-INFO
[1.056s] writing dependency_links to difrobot_msgs.egg-info/dependency_links.txt
[1.057s] writing top-level names to difrobot_msgs.egg-info/top_level.txt
[1.062s] reading manifest file 'difrobot_msgs.egg-info/SOURCES.txt'
[1.065s] writing manifest file 'difrobot_msgs.egg-info/SOURCES.txt'
[1.115s] [100%] Built target ament_cmake_python_build_difrobot_msgs_egg
[1.141s] Invoked command in '/home/user/difrobot_ws/build/difrobot_msgs' returned '0': CMAKE_PREFIX_PATH=/opt/ros/humble /usr/bin/cmake --build /home/user/difrobot_ws/build/difrobot_msgs -- -j12 -l12
[1.283s] Invoking command in '/home/user/difrobot_ws/build/difrobot_msgs': CMAKE_PREFIX_PATH=/opt/ros/humble /usr/bin/cmake --install /home/user/difrobot_ws/build/difrobot_msgs
[1.297s] -- Install configuration: ""
[1.298s] -- Up-to-date: /home/user/difrobot_ws/install/difrobot_msgs/share/ament_index/resource_index/rosidl_interfaces/difrobot_msgs
[1.298s] -- Up-to-date: /home/user/difrobot_ws/install/difrobot_msgs/include/difrobot_msgs/difrobot_msgs
[1.299s] -- Up-to-date: /home/user/difrobot_ws/install/difrobot_msgs/include/difrobot_msgs/difrobot_msgs/msg
[1.299s] -- Up-to-date: /home/user/difrobot_ws/install/difrobot_msgs/include/difrobot_msgs/difrobot_msgs/msg/rosidl_generator_c__visibility_control.h
[1.300s] -- Up-to-date: /home/user/difrobot_ws/install/difrobot_msgs/include/difrobot_msgs/difrobot_msgs/srv
[1.302s] -- Up-to-date: /home/user/difrobot_ws/install/difrobot_msgs/include/difrobot_msgs/difrobot_msgs/srv/add_two_ints.h
[1.303s] -- Up-to-date: /home/user/difrobot_ws/install/difrobot_msgs/include/difrobot_msgs/difrobot_msgs/srv/detail
[1.305s] -- Up-to-date: /home/user/difrobot_ws/install/difrobot_msgs/include/difrobot_msgs/difrobot_msgs/srv/detail/add_two_ints__type_support.h
[1.305s] -- Up-to-date: /home/user/difrobot_ws/install/difrobot_msgs/include/difrobot_msgs/difrobot_msgs/srv/detail/add_two_ints__functions.c
[1.306s] -- Up-to-date: /home/user/difrobot_ws/install/difrobot_msgs/include/difrobot_msgs/difrobot_msgs/srv/detail/add_two_ints__struct.h
[1.306s] -- Up-to-date: /home/user/difrobot_ws/install/difrobot_msgs/include/difrobot_msgs/difrobot_msgs/srv/detail/add_two_ints__functions.h
[1.307s] -- Up-to-date: /home/user/difrobot_ws/install/difrobot_msgs/share/difrobot_msgs/environment/library_path.sh
[1.307s] -- Up-to-date: /home/user/difrobot_ws/install/difrobot_msgs/share/difrobot_msgs/environment/library_path.dsv
[1.311s] -- Up-to-date: /home/user/difrobot_ws/install/difrobot_msgs/lib/libdifrobot_msgs__rosidl_generator_c.so
[1.311s] -- Up-to-date: /home/user/difrobot_ws/install/difrobot_msgs/include/difrobot_msgs/difrobot_msgs
[1.318s] -- Up-to-date: /home/user/difrobot_ws/install/difrobot_msgs/include/difrobot_msgs/difrobot_msgs/msg
[1.320s] -- Up-to-date: /home/user/difrobot_ws/install/difrobot_msgs/include/difrobot_msgs/difrobot_msgs/msg/rosidl_typesupport_fastrtps_c__visibility_control.h
[1.321s] -- Up-to-date: /home/user/difrobot_ws/install/difrobot_msgs/include/difrobot_msgs/difrobot_msgs/srv
[1.322s] -- Up-to-date: /home/user/difrobot_ws/install/difrobot_msgs/include/difrobot_msgs/difrobot_msgs/srv/detail
[1.322s] -- Up-to-date: /home/user/difrobot_ws/install/difrobot_msgs/include/difrobot_msgs/difrobot_msgs/srv/detail/add_two_ints__rosidl_typesupport_fastrtps_c.h
[1.325s] -- Up-to-date: /home/user/difrobot_ws/install/difrobot_msgs/lib/libdifrobot_msgs__rosidl_typesupport_fastrtps_c.so
[1.325s] -- Up-to-date: /home/user/difrobot_ws/install/difrobot_msgs/include/difrobot_msgs/difrobot_msgs
[1.326s] -- Up-to-date: /home/user/difrobot_ws/install/difrobot_msgs/include/difrobot_msgs/difrobot_msgs/srv
[1.327s] -- Up-to-date: /home/user/difrobot_ws/install/difrobot_msgs/include/difrobot_msgs/difrobot_msgs/srv/add_two_ints.hpp
[1.328s] -- Up-to-date: /home/user/difrobot_ws/install/difrobot_msgs/include/difrobot_msgs/difrobot_msgs/srv/detail
[1.329s] -- Up-to-date: /home/user/difrobot_ws/install/difrobot_msgs/include/difrobot_msgs/difrobot_msgs/srv/detail/add_two_ints__traits.hpp
[1.330s] -- Up-to-date: /home/user/difrobot_ws/install/difrobot_msgs/include/difrobot_msgs/difrobot_msgs/srv/detail/add_two_ints__builder.hpp
[1.330s] -- Up-to-date: /home/user/difrobot_ws/install/difrobot_msgs/include/difrobot_msgs/difrobot_msgs/srv/detail/add_two_ints__struct.hpp
[1.330s] -- Up-to-date: /home/user/difrobot_ws/install/difrobot_msgs/include/difrobot_msgs/difrobot_msgs
[1.330s] -- Up-to-date: /home/user/difrobot_ws/install/difrobot_msgs/include/difrobot_msgs/difrobot_msgs/msg
[1.331s] -- Up-to-date: /home/user/difrobot_ws/install/difrobot_msgs/include/difrobot_msgs/difrobot_msgs/msg/rosidl_typesupport_fastrtps_cpp__visibility_control.h
[1.331s] -- Up-to-date: /home/user/difrobot_ws/install/difrobot_msgs/include/difrobot_msgs/difrobot_msgs/srv
[1.331s] -- Up-to-date: /home/user/difrobot_ws/install/difrobot_msgs/include/difrobot_msgs/difrobot_msgs/srv/detail
[1.332s] -- Up-to-date: /home/user/difrobot_ws/install/difrobot_msgs/include/difrobot_msgs/difrobot_msgs/srv/detail/add_two_ints__rosidl_typesupport_fastrtps_cpp.hpp
[1.333s] -- Up-to-date: /home/user/difrobot_ws/install/difrobot_msgs/include/difrobot_msgs/difrobot_msgs/srv/detail/dds_fastrtps
[1.336s] -- Up-to-date: /home/user/difrobot_ws/install/difrobot_msgs/lib/libdifrobot_msgs__rosidl_typesupport_fastrtps_cpp.so
[1.336s] -- Up-to-date: /home/user/difrobot_ws/install/difrobot_msgs/include/difrobot_msgs/difrobot_msgs
[1.337s] -- Up-to-date: /home/user/difrobot_ws/install/difrobot_msgs/include/difrobot_msgs/difrobot_msgs/msg
[1.338s] -- Up-to-date: /home/user/difrobot_ws/install/difrobot_msgs/include/difrobot_msgs/difrobot_msgs/msg/rosidl_typesupport_introspection_c__visibility_control.h
[1.338s] -- Up-to-date: /home/user/difrobot_ws/install/difrobot_msgs/include/difrobot_msgs/difrobot_msgs/srv
[1.339s] -- Up-to-date: /home/user/difrobot_ws/install/difrobot_msgs/include/difrobot_msgs/difrobot_msgs/srv/detail
[1.339s] -- Up-to-date: /home/user/difrobot_ws/install/difrobot_msgs/include/difrobot_msgs/difrobot_msgs/srv/detail/add_two_ints__type_support.c
[1.340s] -- Up-to-date: /home/user/difrobot_ws/install/difrobot_msgs/include/difrobot_msgs/difrobot_msgs/srv/detail/add_two_ints__rosidl_typesupport_introspection_c.h
[1.340s] -- Up-to-date: /home/user/difrobot_ws/install/difrobot_msgs/lib/libdifrobot_msgs__rosidl_typesupport_introspection_c.so
[1.341s] -- Up-to-date: /home/user/difrobot_ws/install/difrobot_msgs/lib/libdifrobot_msgs__rosidl_typesupport_c.so
[1.341s] -- Up-to-date: /home/user/difrobot_ws/install/difrobot_msgs/include/difrobot_msgs/difrobot_msgs
[1.342s] -- Up-to-date: /home/user/difrobot_ws/install/difrobot_msgs/include/difrobot_msgs/difrobot_msgs/srv
[1.343s] -- Up-to-date: /home/user/difrobot_ws/install/difrobot_msgs/include/difrobot_msgs/difrobot_msgs/srv/detail
[1.343s] -- Up-to-date: /home/user/difrobot_ws/install/difrobot_msgs/include/difrobot_msgs/difrobot_msgs/srv/detail/add_two_ints__type_support.cpp
[1.344s] -- Up-to-date: /home/user/difrobot_ws/install/difrobot_msgs/include/difrobot_msgs/difrobot_msgs/srv/detail/add_two_ints__rosidl_typesupport_introspection_cpp.hpp
[1.344s] -- Up-to-date: /home/user/difrobot_ws/install/difrobot_msgs/lib/libdifrobot_msgs__rosidl_typesupport_introspection_cpp.so
[1.344s] -- Up-to-date: /home/user/difrobot_ws/install/difrobot_msgs/lib/libdifrobot_msgs__rosidl_typesupport_cpp.so
[1.345s] -- Up-to-date: /home/user/difrobot_ws/install/difrobot_msgs/share/difrobot_msgs/environment/pythonpath.sh
[1.345s] -- Up-to-date: /home/user/difrobot_ws/install/difrobot_msgs/share/difrobot_msgs/environment/pythonpath.dsv
[1.345s] -- Up-to-date: /home/user/difrobot_ws/install/difrobot_msgs/local/lib/python3.10/dist-packages/difrobot_msgs-0.0.0-py3.10.egg-info
[1.346s] -- Installing: /home/user/difrobot_ws/install/difrobot_msgs/local/lib/python3.10/dist-packages/difrobot_msgs-0.0.0-py3.10.egg-info/PKG-INFO
[1.346s] -- Installing: /home/user/difrobot_ws/install/difrobot_msgs/local/lib/python3.10/dist-packages/difrobot_msgs-0.0.0-py3.10.egg-info/dependency_links.txt
[1.346s] -- Installing: /home/user/difrobot_ws/install/difrobot_msgs/local/lib/python3.10/dist-packages/difrobot_msgs-0.0.0-py3.10.egg-info/SOURCES.txt
[1.346s] -- Installing: /home/user/difrobot_ws/install/difrobot_msgs/local/lib/python3.10/dist-packages/difrobot_msgs-0.0.0-py3.10.egg-info/top_level.txt
[1.347s] -- Up-to-date: /home/user/difrobot_ws/install/difrobot_msgs/local/lib/python3.10/dist-packages/difrobot_msgs
[1.347s] -- Up-to-date: /home/user/difrobot_ws/install/difrobot_msgs/local/lib/python3.10/dist-packages/difrobot_msgs/_difrobot_msgs_s.ep.rosidl_typesupport_c.c
[1.348s] -- Up-to-date: /home/user/difrobot_ws/install/difrobot_msgs/local/lib/python3.10/dist-packages/difrobot_msgs/difrobot_msgs_s__rosidl_typesupport_fastrtps_c.cpython-310-x86_64-linux-gnu.so
[1.348s] -- Up-to-date: /home/user/difrobot_ws/install/difrobot_msgs/local/lib/python3.10/dist-packages/difrobot_msgs/difrobot_msgs_s__rosidl_typesupport_c.cpython-310-x86_64-linux-gnu.so
[1.349s] -- Up-to-date: /home/user/difrobot_ws/install/difrobot_msgs/local/lib/python3.10/dist-packages/difrobot_msgs/difrobot_msgs_s__rosidl_typesupport_introspection_c.cpython-310-x86_64-linux-gnu.so
[1.349s] -- Up-to-date: /home/user/difrobot_ws/install/difrobot_msgs/local/lib/python3.10/dist-packages/difrobot_msgs/_difrobot_msgs_s.ep.rosidl_typesupport_introspection_c.c
[1.349s] -- Up-to-date: /home/user/difrobot_ws/install/difrobot_msgs/local/lib/python3.10/dist-packages/difrobot_msgs/_difrobot_msgs_s.ep.rosidl_typesupport_fastrtps_c.c
[1.350s] -- Up-to-date: /home/user/difrobot_ws/install/difrobot_msgs/local/lib/python3.10/dist-packages/difrobot_msgs/__init__.py
[1.350s] -- Up-to-date: /home/user/difrobot_ws/install/difrobot_msgs/local/lib/python3.10/dist-packages/difrobot_msgs/srv
[1.351s] -- Up-to-date: /home/user/difrobot_ws/install/difrobot_msgs/local/lib/python3.10/dist-packages/difrobot_msgs/srv/__init__.py
[1.351s] -- Up-to-date: /home/user/difrobot_ws/install/difrobot_msgs/local/lib/python3.10/dist-packages/difrobot_msgs/srv/_add_two_ints_s.c
[1.351s] -- Up-to-date: /home/user/difrobot_ws/install/difrobot_msgs/local/lib/python3.10/dist-packages/difrobot_msgs/srv/_add_two_ints.py
[1.352s] -- Up-to-date: /home/user/difrobot_ws/install/difrobot_msgs/local/lib/python3.10/dist-packages/difrobot_msgs/libdifrobot_msgs__rosidl_generator_py.so
[1.420s] Listing '/home/user/difrobot_ws/install/difrobot_msgs/local/lib/python3.10/dist-packages/difrobot_msgs'...
[1.421s] Listing '/home/user/difrobot_ws/install/difrobot_msgs/local/lib/python3.10/dist-packages/difrobot_msgs/srv'...
[1.432s] -- Up-to-date: /home/user/difrobot_ws/install/difrobot_msgs/local/lib/python3.10/dist-packages/difrobot_msgs/difrobot_msgs_s__rosidl_typesupport_fastrtps_c.cpython-310-x86_64-linux-gnu.so
[1.434s] -- Up-to-date: /home/user/difrobot_ws/install/difrobot_msgs/local/lib/python3.10/dist-packages/difrobot_msgs/difrobot_msgs_s__rosidl_typesupport_introspection_c.cpython-310-x86_64-linux-gnu.so
[1.437s] -- Up-to-date: /home/user/difrobot_ws/install/difrobot_msgs/local/lib/python3.10/dist-packages/difrobot_msgs/difrobot_msgs_s__rosidl_typesupport_c.cpython-310-x86_64-linux-gnu.so
[1.438s] -- Up-to-date: /home/user/difrobot_ws/install/difrobot_msgs/lib/libdifrobot_msgs__rosidl_generator_py.so
[1.439s] -- Up-to-date: /home/user/difrobot_ws/install/difrobot_msgs/share/difrobot_msgs/srv/AddTwoInts.idl
[1.440s] -- Up-to-date: /home/user/difrobot_ws/install/difrobot_msgs/share/difrobot_msgs/srv/AddTwoInts.srv
[1.441s] -- Up-to-date: /home/user/difrobot_ws/install/difrobot_msgs/share/difrobot_msgs/srv/AddTwoInts_Request.msg
[1.442s] -- Up-to-date: /home/user/difrobot_ws/install/difrobot_msgs/share/difrobot_msgs/srv/AddTwoInts_Response.msg
[1.443s] -- Up-to-date: /home/user/difrobot_ws/install/difrobot_msgs/share/ament_index/resource_index/package_run_dependencies/difrobot_msgs
[1.443s] -- Up-to-date: /home/user/difrobot_ws/install/difrobot_msgs/share/ament_index/resource_index/parent_prefix_path/difrobot_msgs
[1.445s] -- Up-to-date: /home/user/difrobot_ws/install/difrobot_msgs/share/difrobot_msgs/environment/ament_prefix_path.sh
[1.446s] -- Up-to-date: /home/user/difrobot_ws/install/difrobot_msgs/share/difrobot_msgs/environment/ament_prefix_path.dsv
[1.447s] -- Up-to-date: /home/user/difrobot_ws/install/difrobot_msgs/share/difrobot_msgs/environment/path.sh
[1.448s] -- Up-to-date: /home/user/difrobot_ws/install/difrobot_msgs/share/difrobot_msgs/environment/path.dsv
[1.449s] -- Up-to-date: /home/user/difrobot_ws/install/difrobot_msgs/share/difrobot_msgs/local_setup.bash
[1.450s] -- Up-to-date: /home/user/difrobot_ws/install/difrobot_msgs/share/difrobot_msgs/local_setup.sh
[1.451s] -- Up-to-date: /home/user/difrobot_ws/install/difrobot_msgs/share/difrobot_msgs/local_setup.zsh
[1.452s] -- Up-to-date: /home/user/difrobot_ws/install/difrobot_msgs/share/difrobot_msgs/local_setup.dsv
[1.454s] -- Installing: /home/user/difrobot_ws/install/difrobot_msgs/share/difrobot_msgs/package.dsv
[1.454s] -- Up-to-date: /home/user/difrobot_ws/install/difrobot_msgs/share/ament_index/resource_index/packages/difrobot_msgs
[1.455s] -- Up-to-date: /home/user/difrobot_ws/install/difrobot_msgs/share/difrobot_msgs/cmake/export_difrobot_msgs__rosidl_generator_cExport.cmake
[1.455s] -- Up-to-date: /home/user/difrobot_ws/install/difrobot_msgs/share/difrobot_msgs/cmake/export_difrobot_msgs__rosidl_generator_cExport-noconfig.cmake
[1.456s] -- Up-to-date: /home/user/difrobot_ws/install/difrobot_msgs/share/difrobot_msgs/cmake/export_difrobot_msgs__rosidl_typesupport_fastrtps_cExport.cmake
[1.456s] -- Up-to-date: /home/user/difrobot_ws/install/difrobot_msgs/share/difrobot_msgs/cmake/export_difrobot_msgs__rosidl_typesupport_fastrtps_cExport-noconfig.cmake
[1.457s] -- Up-to-date: /home/user/difrobot_ws/install/difrobot_msgs/share/difrobot_msgs/cmake/export_difrobot_msgs__rosidl_generator_cppExport.cmake
[1.457s] -- Up-to-date: /home/user/difrobot_ws/install/difrobot_msgs/share/difrobot_msgs/cmake/export_difrobot_msgs__rosidl_typesupport_fastrtps_cppExport.cmake
[1.458s] -- Up-to-date: /home/user/difrobot_ws/install/difrobot_msgs/share/difrobot_msgs/cmake/export_difrobot_msgs__rosidl_typesupport_fastrtps_cppExport-noconfig.cmake
[1.460s] -- Up-to-date: /home/user/difrobot_ws/install/difrobot_msgs/share/difrobot_msgs/cmake/difrobot_msgs__rosidl_typesupport_introspection_cExport.cmake
[1.460s] -- Up-to-date: /home/user/difrobot_ws/install/difrobot_msgs/share/difrobot_msgs/cmake/difrobot_msgs__rosidl_typesupport_introspection_cExport-noconfig.cmake
[1.461s] -- Up-to-date: /home/user/difrobot_ws/install/difrobot_msgs/share/difrobot_msgs/cmake/difrobot_msgs__rosidl_typesupport_cExport.cmake
[1.461s] -- Up-to-date: /home/user/difrobot_ws/install/difrobot_msgs/share/difrobot_msgs/cmake/difrobot_msgs__rosidl_typesupport_cExport-noconfig.cmake
[1.461s] -- Up-to-date: /home/user/difrobot_ws/install/difrobot_msgs/share/difrobot_msgs/cmake/difrobot_msgs__rosidl_typesupport_introspection_cppExport.cmake
[1.462s] -- Up-to-date: /home/user/difrobot_ws/install/difrobot_msgs/share/difrobot_msgs/cmake/difrobot_msgs__rosidl_typesupport_introspection_cppExport-noconfig.cmake
[1.463s] -- Up-to-date: /home/user/difrobot_ws/install/difrobot_msgs/share/difrobot_msgs/cmake/difrobot_msgs__rosidl_typesupport_cppExport.cmake
[1.464s] -- Up-to-date: /home/user/difrobot_ws/install/difrobot_msgs/share/difrobot_msgs/cmake/difrobot_msgs__rosidl_typesupport_cppExport-noconfig.cmake
[1.465s] -- Up-to-date: /home/user/difrobot_ws/install/difrobot_msgs/share/difrobot_msgs/cmake/export_difrobot_msgs__rosidl_generator_pyExport.cmake
[1.466s] -- Up-to-date: /home/user/difrobot_ws/install/difrobot_msgs/share/difrobot_msgs/cmake/export_difrobot_msgs__rosidl_generator_pyExport-noconfig.cmake
[1.467s] -- Up-to-date: /home/user/difrobot_ws/install/difrobot_msgs/share/difrobot_msgs/cmake/rosidl_cmake-extras.cmake
[1.468s] -- Up-to-date: /home/user/difrobot_ws/install/difrobot_msgs/share/difrobot_msgs/cmake/ament_cmake_export_include_directories-extras.cmake
[1.468s] -- Up-to-date: /home/user/difrobot_ws/install/difrobot_msgs/share/difrobot_msgs/cmake/ament_cmake_export_libraries-extras.cmake
[1.469s] -- Up-to-date: /home/user/difrobot_ws/install/difrobot_msgs/share/difrobot_msgs/cmake/ament_cmake_export_targets-extras.cmake
[1.469s] -- Up-to-date: /home/user/difrobot_ws/install/difrobot_msgs/share/difrobot_msgs/cmake/rosidl_cmake_export_typesupport_targets-extras.cmake
[1.469s] -- Up-to-date: /home/user/difrobot_ws/install/difrobot_msgs/share/difrobot_msgs/cmake/ament_cmake_export_dependencies-extras.cmake
[1.470s] -- Up-to-date: /home/user/difrobot_ws/install/difrobot_msgs/share/difrobot_msgs/cmake/rosidl_cmake_export_typesupport_libraries-extras.cmake
[1.470s] -- Up-to-date: /home/user/difrobot_ws/install/difrobot_msgs/share/difrobot_msgs/cmake/difrobot_msgsConfig.cmake
[1.471s] -- Up-to-date: /home/user/difrobot_ws/install/difrobot_msgs/share/difrobot_msgs/cmake/difrobot_msgsConfig-version.cmake
[1.472s] -- Up-to-date: /home/user/difrobot_ws/install/difrobot_msgs/share/difrobot_msgs/package.xml
[1.480s] Invoked command in '/home/user/difrobot_ws/build/difrobot_msgs' returned '0': CMAKE_PREFIX_PATH=/opt/ros/humble /usr/bin/cmake --install /home/user/difrobot_ws/build/difrobot_msgs
