[0.068s] Invoking command in '/home/user/difrobot_ws/build/difrobot_msgs': CMAKE_PREFIX_PATH=${CMAKE_PREFIX_PATH}:/home/user/difrobot_ws/install/difrobot_py_examples:/opt/ros/humble /usr/bin/cmake --build /home/user/difrobot_ws/build/difrobot_msgs -- -j12 -l12
[0.118s] -- Found ament_cmake: 1.3.10 (/opt/ros/humble/share/ament_cmake/cmake)
[0.451s] -- Found geometry_msgs: 4.2.4 (/opt/ros/humble/share/geometry_msgs/cmake)
[0.598s] -- Found rosidl_generator_c: 3.1.5 (/opt/ros/humble/share/rosidl_generator_c/cmake)
[0.622s] -- Found rosidl_adapter: 3.1.5 (/opt/ros/humble/share/rosidl_adapter/cmake)
[0.658s] -- Found rosidl_generator_cpp: 3.1.5 (/opt/ros/humble/share/rosidl_generator_cpp/cmake)
[0.712s] -- Using all available rosidl_typesupport_c: rosidl_typesupport_fastrtps_c;rosidl_typesupport_introspection_c
[0.788s] -- Using all available rosidl_typesupport_cpp: rosidl_typesupport_fastrtps_cpp;rosidl_typesupport_introspection_cpp
[1.002s] -- Found rosidl_default_generators: 1.2.0 (/opt/ros/humble/share/rosidl_default_generators/cmake)
[1.675s] -- Found ament_cmake_ros: 0.10.0 (/opt/ros/humble/share/ament_cmake_ros/cmake)
[2.389s] -- Using all available rosidl_typesupport_c: rosidl_typesupport_fastrtps_c;rosidl_typesupport_introspection_c
[2.650s] -- Using all available rosidl_typesupport_cpp: rosidl_typesupport_fastrtps_cpp;rosidl_typesupport_introspection_cpp
[2.700s] -- Found PythonInterp: /usr/bin/python3 (found suitable version "3.10.12", minimum required is "3.6") 
[2.707s] -- Found python_cmake_module: 0.10.0 (/opt/ros/humble/share/python_cmake_module/cmake)
[2.774s] -- Found PythonLibs: /usr/lib/x86_64-linux-gnu/libpython3.10.so (found suitable version "3.10.12", minimum required is "3.5") 
[2.775s] -- Using PYTHON_EXECUTABLE: /usr/bin/python3
[2.775s] -- Using PYTHON_INCLUDE_DIRS: /usr/include/python3.10
[2.775s] -- Using PYTHON_LIBRARIES: /usr/lib/x86_64-linux-gnu/libpython3.10.so
[2.824s] -- Found PythonExtra: .so  
[2.906s] -- Found ament_lint_auto: 0.12.11 (/opt/ros/humble/share/ament_lint_auto/cmake)
[2.941s] -- Added test 'lint_cmake' to check CMake code style
[2.944s] -- Added test 'xmllint' to check XML markup files
[2.949s] -- Configuring done
[3.084s] -- Generating done
[3.094s] -- Build files have been written to: /home/user/difrobot_ws/build/difrobot_msgs
[3.171s] [  3%] [34m[1mGenerating C code for ROS interfaces[0m
[3.189s] [  6%] [34m[1mGenerating C++ code for ROS interfaces[0m
[3.222s] [  6%] Built target ament_cmake_python_copy_difrobot_msgs
[3.941s] running egg_info
[3.942s] creating difrobot_msgs.egg-info
[3.943s] writing difrobot_msgs.egg-info/PKG-INFO
[3.944s] writing dependency_links to difrobot_msgs.egg-info/dependency_links.txt
[3.945s] writing top-level names to difrobot_msgs.egg-info/top_level.txt
[3.945s] writing manifest file 'difrobot_msgs.egg-info/SOURCES.txt'
[3.952s] reading manifest file 'difrobot_msgs.egg-info/SOURCES.txt'
[3.954s] writing manifest file 'difrobot_msgs.egg-info/SOURCES.txt'
[4.005s] [  6%] Built target ament_cmake_python_build_difrobot_msgs_egg
[4.156s] [  6%] Built target difrobot_msgs__cpp
[4.178s] [  9%] [34m[1mGenerating C++ introspection for ROS interfaces[0m
[4.180s] [ 12%] [34m[1mGenerating C++ type support dispatch for ROS interfaces[0m
[4.182s] [ 16%] [34m[1mGenerating C++ type support for eProsima Fast-RTPS[0m
[4.211s] [ 19%] [32mBuilding C object CMakeFiles/difrobot_msgs__rosidl_generator_c.dir/rosidl_generator_c/difrobot_msgs/srv/detail/add_two_ints__functions.c.o[0m
[4.396s] [ 22%] [32m[1mLinking C shared library libdifrobot_msgs__rosidl_generator_c.so[0m
[4.465s] [ 22%] Built target difrobot_msgs__rosidl_generator_c
[4.488s] [ 25%] [34m[1mGenerating C introspection for ROS interfaces[0m
[4.488s] [ 29%] [34m[1mGenerating C type support for eProsima Fast-RTPS[0m
[4.489s] [ 32%] [34m[1mGenerating C type support dispatch for ROS interfaces[0m
[5.040s] [ 35%] [32mBuilding CXX object CMakeFiles/difrobot_msgs__rosidl_typesupport_cpp.dir/rosidl_typesupport_cpp/difrobot_msgs/srv/add_two_ints__type_support.cpp.o[0m
[5.128s] [ 38%] [32mBuilding CXX object CMakeFiles/difrobot_msgs__rosidl_typesupport_introspection_cpp.dir/rosidl_typesupport_introspection_cpp/difrobot_msgs/srv/detail/add_two_ints__type_support.cpp.o[0m
[5.195s] [ 41%] [32mBuilding CXX object CMakeFiles/difrobot_msgs__rosidl_typesupport_fastrtps_cpp.dir/rosidl_typesupport_fastrtps_cpp/difrobot_msgs/srv/detail/dds_fastrtps/add_two_ints__type_support.cpp.o[0m
[5.382s] [ 45%] [32mBuilding CXX object CMakeFiles/difrobot_msgs__rosidl_typesupport_c.dir/rosidl_typesupport_c/difrobot_msgs/srv/add_two_ints__type_support.cpp.o[0m
[5.466s] [ 48%] [32m[1mLinking CXX shared library libdifrobot_msgs__rosidl_typesupport_c.so[0m
[5.467s] [ 51%] [32mBuilding C object CMakeFiles/difrobot_msgs__rosidl_typesupport_introspection_c.dir/rosidl_typesupport_introspection_c/difrobot_msgs/srv/detail/add_two_ints__type_support.c.o[0m
[5.508s] [ 54%] [32mBuilding CXX object CMakeFiles/difrobot_msgs__rosidl_typesupport_fastrtps_c.dir/rosidl_typesupport_fastrtps_c/difrobot_msgs/srv/detail/add_two_ints__type_support_c.cpp.o[0m
[5.560s] [ 58%] [32m[1mLinking C shared library libdifrobot_msgs__rosidl_typesupport_introspection_c.so[0m
[5.572s] [ 58%] Built target difrobot_msgs__rosidl_typesupport_c
[5.626s] [ 58%] Built target difrobot_msgs__rosidl_typesupport_introspection_c
[5.854s] [ 61%] [32m[1mLinking CXX shared library libdifrobot_msgs__rosidl_typesupport_cpp.so[0m
[5.943s] [ 61%] Built target difrobot_msgs__rosidl_typesupport_cpp
[6.166s] [ 64%] [32m[1mLinking CXX shared library libdifrobot_msgs__rosidl_typesupport_introspection_cpp.so[0m
[6.253s] [ 64%] Built target difrobot_msgs__rosidl_typesupport_introspection_cpp
[6.277s] [ 67%] [32m[1mLinking CXX shared library libdifrobot_msgs__rosidl_typesupport_fastrtps_cpp.so[0m
[6.317s] [ 70%] [32m[1mLinking CXX shared library libdifrobot_msgs__rosidl_typesupport_fastrtps_c.so[0m
[6.436s] [ 70%] Built target difrobot_msgs__rosidl_typesupport_fastrtps_cpp
[6.469s] [ 70%] Built target difrobot_msgs__rosidl_typesupport_fastrtps_c
[6.506s] [ 70%] Built target difrobot_msgs
[6.545s] [ 74%] [34m[1mGenerating Python code for ROS interfaces[0m
[7.689s] [ 74%] Built target difrobot_msgs__py
[7.732s] [ 77%] [32mBuilding C object CMakeFiles/difrobot_msgs__rosidl_generator_py.dir/rosidl_generator_py/difrobot_msgs/srv/_add_two_ints_s.c.o[0m
[8.062s] [ 80%] [32m[1mLinking C shared library rosidl_generator_py/difrobot_msgs/libdifrobot_msgs__rosidl_generator_py.so[0m
[8.138s] [ 80%] Built target difrobot_msgs__rosidl_generator_py
[8.195s] [ 83%] [32mBuilding C object CMakeFiles/difrobot_msgs__rosidl_typesupport_c__pyext.dir/rosidl_generator_py/difrobot_msgs/_difrobot_msgs_s.ep.rosidl_typesupport_c.c.o[0m
[8.198s] [ 87%] [32mBuilding C object CMakeFiles/difrobot_msgs__rosidl_typesupport_introspection_c__pyext.dir/rosidl_generator_py/difrobot_msgs/_difrobot_msgs_s.ep.rosidl_typesupport_introspection_c.c.o[0m
[8.207s] [ 90%] [32mBuilding C object CMakeFiles/difrobot_msgs__rosidl_typesupport_fastrtps_c__pyext.dir/rosidl_generator_py/difrobot_msgs/_difrobot_msgs_s.ep.rosidl_typesupport_fastrtps_c.c.o[0m
[8.474s] [ 93%] [32m[1mLinking C shared library rosidl_generator_py/difrobot_msgs/difrobot_msgs_s__rosidl_typesupport_introspection_c.cpython-310-x86_64-linux-gnu.so[0m
[8.484s] [ 96%] [32m[1mLinking C shared library rosidl_generator_py/difrobot_msgs/difrobot_msgs_s__rosidl_typesupport_c.cpython-310-x86_64-linux-gnu.so[0m
[8.489s] [100%] [32m[1mLinking C shared library rosidl_generator_py/difrobot_msgs/difrobot_msgs_s__rosidl_typesupport_fastrtps_c.cpython-310-x86_64-linux-gnu.so[0m
[8.558s] [100%] Built target difrobot_msgs__rosidl_typesupport_introspection_c__pyext
[8.563s] [100%] Built target difrobot_msgs__rosidl_typesupport_c__pyext
[8.575s] [100%] Built target difrobot_msgs__rosidl_typesupport_fastrtps_c__pyext
[8.598s] Invoked command in '/home/user/difrobot_ws/build/difrobot_msgs' returned '0': CMAKE_PREFIX_PATH=${CMAKE_PREFIX_PATH}:/home/user/difrobot_ws/install/difrobot_py_examples:/opt/ros/humble /usr/bin/cmake --build /home/user/difrobot_ws/build/difrobot_msgs -- -j12 -l12
[8.749s] Invoking command in '/home/user/difrobot_ws/build/difrobot_msgs': CMAKE_PREFIX_PATH=${CMAKE_PREFIX_PATH}:/home/user/difrobot_ws/install/difrobot_py_examples:/opt/ros/humble /usr/bin/cmake --install /home/user/difrobot_ws/build/difrobot_msgs
[8.765s] -- Install configuration: ""
[8.766s] -- Installing: /home/user/difrobot_ws/install/difrobot_msgs/share/ament_index/resource_index/rosidl_interfaces/difrobot_msgs
[8.766s] -- Installing: /home/user/difrobot_ws/install/difrobot_msgs/include/difrobot_msgs/difrobot_msgs
[8.768s] -- Installing: /home/user/difrobot_ws/install/difrobot_msgs/include/difrobot_msgs/difrobot_msgs/msg
[8.769s] -- Installing: /home/user/difrobot_ws/install/difrobot_msgs/include/difrobot_msgs/difrobot_msgs/msg/rosidl_generator_c__visibility_control.h
[8.770s] -- Installing: /home/user/difrobot_ws/install/difrobot_msgs/include/difrobot_msgs/difrobot_msgs/srv
[8.770s] -- Installing: /home/user/difrobot_ws/install/difrobot_msgs/include/difrobot_msgs/difrobot_msgs/srv/add_two_ints.h
[8.771s] -- Installing: /home/user/difrobot_ws/install/difrobot_msgs/include/difrobot_msgs/difrobot_msgs/srv/detail
[8.771s] -- Installing: /home/user/difrobot_ws/install/difrobot_msgs/include/difrobot_msgs/difrobot_msgs/srv/detail/add_two_ints__type_support.h
[8.772s] -- Installing: /home/user/difrobot_ws/install/difrobot_msgs/include/difrobot_msgs/difrobot_msgs/srv/detail/add_two_ints__functions.c
[8.772s] -- Installing: /home/user/difrobot_ws/install/difrobot_msgs/include/difrobot_msgs/difrobot_msgs/srv/detail/add_two_ints__struct.h
[8.773s] -- Installing: /home/user/difrobot_ws/install/difrobot_msgs/include/difrobot_msgs/difrobot_msgs/srv/detail/add_two_ints__functions.h
[8.774s] -- Installing: /home/user/difrobot_ws/install/difrobot_msgs/share/difrobot_msgs/environment/library_path.sh
[8.774s] -- Installing: /home/user/difrobot_ws/install/difrobot_msgs/share/difrobot_msgs/environment/library_path.dsv
[8.775s] -- Installing: /home/user/difrobot_ws/install/difrobot_msgs/lib/libdifrobot_msgs__rosidl_generator_c.so
[8.776s] -- Set runtime path of "/home/user/difrobot_ws/install/difrobot_msgs/lib/libdifrobot_msgs__rosidl_generator_c.so" to ""
[8.777s] -- Up-to-date: /home/user/difrobot_ws/install/difrobot_msgs/include/difrobot_msgs/difrobot_msgs
[8.777s] -- Up-to-date: /home/user/difrobot_ws/install/difrobot_msgs/include/difrobot_msgs/difrobot_msgs/msg
[8.778s] -- Installing: /home/user/difrobot_ws/install/difrobot_msgs/include/difrobot_msgs/difrobot_msgs/msg/rosidl_typesupport_fastrtps_c__visibility_control.h
[8.778s] -- Up-to-date: /home/user/difrobot_ws/install/difrobot_msgs/include/difrobot_msgs/difrobot_msgs/srv
[8.778s] -- Up-to-date: /home/user/difrobot_ws/install/difrobot_msgs/include/difrobot_msgs/difrobot_msgs/srv/detail
[8.779s] -- Installing: /home/user/difrobot_ws/install/difrobot_msgs/include/difrobot_msgs/difrobot_msgs/srv/detail/add_two_ints__rosidl_typesupport_fastrtps_c.h
[8.779s] -- Installing: /home/user/difrobot_ws/install/difrobot_msgs/lib/libdifrobot_msgs__rosidl_typesupport_fastrtps_c.so
[8.780s] -- Set runtime path of "/home/user/difrobot_ws/install/difrobot_msgs/lib/libdifrobot_msgs__rosidl_typesupport_fastrtps_c.so" to ""
[8.780s] -- Up-to-date: /home/user/difrobot_ws/install/difrobot_msgs/include/difrobot_msgs/difrobot_msgs
[8.780s] -- Up-to-date: /home/user/difrobot_ws/install/difrobot_msgs/include/difrobot_msgs/difrobot_msgs/srv
[8.781s] -- Installing: /home/user/difrobot_ws/install/difrobot_msgs/include/difrobot_msgs/difrobot_msgs/srv/add_two_ints.hpp
[8.781s] -- Up-to-date: /home/user/difrobot_ws/install/difrobot_msgs/include/difrobot_msgs/difrobot_msgs/srv/detail
[8.782s] -- Installing: /home/user/difrobot_ws/install/difrobot_msgs/include/difrobot_msgs/difrobot_msgs/srv/detail/add_two_ints__traits.hpp
[8.782s] -- Installing: /home/user/difrobot_ws/install/difrobot_msgs/include/difrobot_msgs/difrobot_msgs/srv/detail/add_two_ints__builder.hpp
[8.782s] -- Installing: /home/user/difrobot_ws/install/difrobot_msgs/include/difrobot_msgs/difrobot_msgs/srv/detail/add_two_ints__struct.hpp
[8.782s] -- Up-to-date: /home/user/difrobot_ws/install/difrobot_msgs/include/difrobot_msgs/difrobot_msgs
[8.783s] -- Up-to-date: /home/user/difrobot_ws/install/difrobot_msgs/include/difrobot_msgs/difrobot_msgs/msg
[8.783s] -- Installing: /home/user/difrobot_ws/install/difrobot_msgs/include/difrobot_msgs/difrobot_msgs/msg/rosidl_typesupport_fastrtps_cpp__visibility_control.h
[8.783s] -- Up-to-date: /home/user/difrobot_ws/install/difrobot_msgs/include/difrobot_msgs/difrobot_msgs/srv
[8.783s] -- Up-to-date: /home/user/difrobot_ws/install/difrobot_msgs/include/difrobot_msgs/difrobot_msgs/srv/detail
[8.783s] -- Installing: /home/user/difrobot_ws/install/difrobot_msgs/include/difrobot_msgs/difrobot_msgs/srv/detail/add_two_ints__rosidl_typesupport_fastrtps_cpp.hpp
[8.784s] -- Installing: /home/user/difrobot_ws/install/difrobot_msgs/include/difrobot_msgs/difrobot_msgs/srv/detail/dds_fastrtps
[8.784s] -- Installing: /home/user/difrobot_ws/install/difrobot_msgs/lib/libdifrobot_msgs__rosidl_typesupport_fastrtps_cpp.so
[8.785s] -- Set runtime path of "/home/user/difrobot_ws/install/difrobot_msgs/lib/libdifrobot_msgs__rosidl_typesupport_fastrtps_cpp.so" to ""
[8.785s] -- Up-to-date: /home/user/difrobot_ws/install/difrobot_msgs/include/difrobot_msgs/difrobot_msgs
[8.785s] -- Up-to-date: /home/user/difrobot_ws/install/difrobot_msgs/include/difrobot_msgs/difrobot_msgs/msg
[8.786s] -- Installing: /home/user/difrobot_ws/install/difrobot_msgs/include/difrobot_msgs/difrobot_msgs/msg/rosidl_typesupport_introspection_c__visibility_control.h
[8.786s] -- Up-to-date: /home/user/difrobot_ws/install/difrobot_msgs/include/difrobot_msgs/difrobot_msgs/srv
[8.786s] -- Up-to-date: /home/user/difrobot_ws/install/difrobot_msgs/include/difrobot_msgs/difrobot_msgs/srv/detail
[8.787s] -- Installing: /home/user/difrobot_ws/install/difrobot_msgs/include/difrobot_msgs/difrobot_msgs/srv/detail/add_two_ints__type_support.c
[8.787s] -- Installing: /home/user/difrobot_ws/install/difrobot_msgs/include/difrobot_msgs/difrobot_msgs/srv/detail/add_two_ints__rosidl_typesupport_introspection_c.h
[8.787s] -- Installing: /home/user/difrobot_ws/install/difrobot_msgs/lib/libdifrobot_msgs__rosidl_typesupport_introspection_c.so
[8.788s] -- Set runtime path of "/home/user/difrobot_ws/install/difrobot_msgs/lib/libdifrobot_msgs__rosidl_typesupport_introspection_c.so" to ""
[8.788s] -- Installing: /home/user/difrobot_ws/install/difrobot_msgs/lib/libdifrobot_msgs__rosidl_typesupport_c.so
[8.789s] -- Set runtime path of "/home/user/difrobot_ws/install/difrobot_msgs/lib/libdifrobot_msgs__rosidl_typesupport_c.so" to ""
[8.789s] -- Up-to-date: /home/user/difrobot_ws/install/difrobot_msgs/include/difrobot_msgs/difrobot_msgs
[8.789s] -- Up-to-date: /home/user/difrobot_ws/install/difrobot_msgs/include/difrobot_msgs/difrobot_msgs/srv
[8.790s] -- Up-to-date: /home/user/difrobot_ws/install/difrobot_msgs/include/difrobot_msgs/difrobot_msgs/srv/detail
[8.790s] -- Installing: /home/user/difrobot_ws/install/difrobot_msgs/include/difrobot_msgs/difrobot_msgs/srv/detail/add_two_ints__type_support.cpp
[8.791s] -- Installing: /home/user/difrobot_ws/install/difrobot_msgs/include/difrobot_msgs/difrobot_msgs/srv/detail/add_two_ints__rosidl_typesupport_introspection_cpp.hpp
[8.791s] -- Installing: /home/user/difrobot_ws/install/difrobot_msgs/lib/libdifrobot_msgs__rosidl_typesupport_introspection_cpp.so
[8.792s] -- Set runtime path of "/home/user/difrobot_ws/install/difrobot_msgs/lib/libdifrobot_msgs__rosidl_typesupport_introspection_cpp.so" to ""
[8.792s] -- Installing: /home/user/difrobot_ws/install/difrobot_msgs/lib/libdifrobot_msgs__rosidl_typesupport_cpp.so
[8.793s] -- Set runtime path of "/home/user/difrobot_ws/install/difrobot_msgs/lib/libdifrobot_msgs__rosidl_typesupport_cpp.so" to ""
[8.793s] -- Installing: /home/user/difrobot_ws/install/difrobot_msgs/share/difrobot_msgs/environment/pythonpath.sh
[8.794s] -- Installing: /home/user/difrobot_ws/install/difrobot_msgs/share/difrobot_msgs/environment/pythonpath.dsv
[8.794s] -- Installing: /home/user/difrobot_ws/install/difrobot_msgs/local/lib/python3.10/dist-packages/difrobot_msgs-0.0.0-py3.10.egg-info
[8.797s] -- Installing: /home/user/difrobot_ws/install/difrobot_msgs/local/lib/python3.10/dist-packages/difrobot_msgs-0.0.0-py3.10.egg-info/PKG-INFO
[8.798s] -- Installing: /home/user/difrobot_ws/install/difrobot_msgs/local/lib/python3.10/dist-packages/difrobot_msgs-0.0.0-py3.10.egg-info/dependency_links.txt
[8.799s] -- Installing: /home/user/difrobot_ws/install/difrobot_msgs/local/lib/python3.10/dist-packages/difrobot_msgs-0.0.0-py3.10.egg-info/SOURCES.txt
[8.799s] -- Installing: /home/user/difrobot_ws/install/difrobot_msgs/local/lib/python3.10/dist-packages/difrobot_msgs-0.0.0-py3.10.egg-info/top_level.txt
[8.800s] -- Installing: /home/user/difrobot_ws/install/difrobot_msgs/local/lib/python3.10/dist-packages/difrobot_msgs
[8.801s] -- Installing: /home/user/difrobot_ws/install/difrobot_msgs/local/lib/python3.10/dist-packages/difrobot_msgs/_difrobot_msgs_s.ep.rosidl_typesupport_c.c
[8.801s] -- Installing: /home/user/difrobot_ws/install/difrobot_msgs/local/lib/python3.10/dist-packages/difrobot_msgs/difrobot_msgs_s__rosidl_typesupport_fastrtps_c.cpython-310-x86_64-linux-gnu.so
[8.802s] -- Installing: /home/user/difrobot_ws/install/difrobot_msgs/local/lib/python3.10/dist-packages/difrobot_msgs/difrobot_msgs_s__rosidl_typesupport_c.cpython-310-x86_64-linux-gnu.so
[8.803s] -- Installing: /home/user/difrobot_ws/install/difrobot_msgs/local/lib/python3.10/dist-packages/difrobot_msgs/difrobot_msgs_s__rosidl_typesupport_introspection_c.cpython-310-x86_64-linux-gnu.so
[8.803s] -- Installing: /home/user/difrobot_ws/install/difrobot_msgs/local/lib/python3.10/dist-packages/difrobot_msgs/_difrobot_msgs_s.ep.rosidl_typesupport_introspection_c.c
[8.804s] -- Installing: /home/user/difrobot_ws/install/difrobot_msgs/local/lib/python3.10/dist-packages/difrobot_msgs/_difrobot_msgs_s.ep.rosidl_typesupport_fastrtps_c.c
[8.805s] -- Installing: /home/user/difrobot_ws/install/difrobot_msgs/local/lib/python3.10/dist-packages/difrobot_msgs/__init__.py
[8.805s] -- Installing: /home/user/difrobot_ws/install/difrobot_msgs/local/lib/python3.10/dist-packages/difrobot_msgs/srv
[8.806s] -- Installing: /home/user/difrobot_ws/install/difrobot_msgs/local/lib/python3.10/dist-packages/difrobot_msgs/srv/__init__.py
[8.806s] -- Installing: /home/user/difrobot_ws/install/difrobot_msgs/local/lib/python3.10/dist-packages/difrobot_msgs/srv/_add_two_ints_s.c
[8.807s] -- Installing: /home/user/difrobot_ws/install/difrobot_msgs/local/lib/python3.10/dist-packages/difrobot_msgs/srv/_add_two_ints.py
[8.807s] -- Installing: /home/user/difrobot_ws/install/difrobot_msgs/local/lib/python3.10/dist-packages/difrobot_msgs/libdifrobot_msgs__rosidl_generator_py.so
[8.907s] Listing '/home/user/difrobot_ws/install/difrobot_msgs/local/lib/python3.10/dist-packages/difrobot_msgs'...
[8.907s] Compiling '/home/user/difrobot_ws/install/difrobot_msgs/local/lib/python3.10/dist-packages/difrobot_msgs/__init__.py'...
[8.907s] Listing '/home/user/difrobot_ws/install/difrobot_msgs/local/lib/python3.10/dist-packages/difrobot_msgs/srv'...
[8.908s] Compiling '/home/user/difrobot_ws/install/difrobot_msgs/local/lib/python3.10/dist-packages/difrobot_msgs/srv/__init__.py'...
[8.908s] Compiling '/home/user/difrobot_ws/install/difrobot_msgs/local/lib/python3.10/dist-packages/difrobot_msgs/srv/_add_two_ints.py'...
[8.917s] -- Installing: /home/user/difrobot_ws/install/difrobot_msgs/local/lib/python3.10/dist-packages/difrobot_msgs/difrobot_msgs_s__rosidl_typesupport_fastrtps_c.cpython-310-x86_64-linux-gnu.so
[8.918s] -- Set runtime path of "/home/user/difrobot_ws/install/difrobot_msgs/local/lib/python3.10/dist-packages/difrobot_msgs/difrobot_msgs_s__rosidl_typesupport_fastrtps_c.cpython-310-x86_64-linux-gnu.so" to ""
[8.918s] -- Installing: /home/user/difrobot_ws/install/difrobot_msgs/local/lib/python3.10/dist-packages/difrobot_msgs/difrobot_msgs_s__rosidl_typesupport_introspection_c.cpython-310-x86_64-linux-gnu.so
[8.919s] -- Set runtime path of "/home/user/difrobot_ws/install/difrobot_msgs/local/lib/python3.10/dist-packages/difrobot_msgs/difrobot_msgs_s__rosidl_typesupport_introspection_c.cpython-310-x86_64-linux-gnu.so" to ""
[8.920s] -- Installing: /home/user/difrobot_ws/install/difrobot_msgs/local/lib/python3.10/dist-packages/difrobot_msgs/difrobot_msgs_s__rosidl_typesupport_c.cpython-310-x86_64-linux-gnu.so
[8.921s] -- Set runtime path of "/home/user/difrobot_ws/install/difrobot_msgs/local/lib/python3.10/dist-packages/difrobot_msgs/difrobot_msgs_s__rosidl_typesupport_c.cpython-310-x86_64-linux-gnu.so" to ""
[8.921s] -- Installing: /home/user/difrobot_ws/install/difrobot_msgs/lib/libdifrobot_msgs__rosidl_generator_py.so
[8.922s] -- Set runtime path of "/home/user/difrobot_ws/install/difrobot_msgs/lib/libdifrobot_msgs__rosidl_generator_py.so" to ""
[8.923s] -- Installing: /home/user/difrobot_ws/install/difrobot_msgs/share/difrobot_msgs/srv/AddTwoInts.idl
[8.923s] -- Installing: /home/user/difrobot_ws/install/difrobot_msgs/share/difrobot_msgs/srv/AddTwoInts.srv
[8.924s] -- Installing: /home/user/difrobot_ws/install/difrobot_msgs/share/difrobot_msgs/srv/AddTwoInts_Request.msg
[8.924s] -- Installing: /home/user/difrobot_ws/install/difrobot_msgs/share/difrobot_msgs/srv/AddTwoInts_Response.msg
[8.924s] -- Installing: /home/user/difrobot_ws/install/difrobot_msgs/share/ament_index/resource_index/package_run_dependencies/difrobot_msgs
[8.925s] -- Up-to-date: /home/user/difrobot_ws/install/difrobot_msgs/share/ament_index/resource_index/parent_prefix_path/difrobot_msgs
[8.925s] -- Up-to-date: /home/user/difrobot_ws/install/difrobot_msgs/share/difrobot_msgs/environment/ament_prefix_path.sh
[8.926s] -- Installing: /home/user/difrobot_ws/install/difrobot_msgs/share/difrobot_msgs/environment/ament_prefix_path.dsv
[8.927s] -- Up-to-date: /home/user/difrobot_ws/install/difrobot_msgs/share/difrobot_msgs/environment/path.sh
[8.927s] -- Installing: /home/user/difrobot_ws/install/difrobot_msgs/share/difrobot_msgs/environment/path.dsv
[8.927s] -- Up-to-date: /home/user/difrobot_ws/install/difrobot_msgs/share/difrobot_msgs/local_setup.bash
[8.928s] -- Installing: /home/user/difrobot_ws/install/difrobot_msgs/share/difrobot_msgs/local_setup.sh
[8.928s] -- Up-to-date: /home/user/difrobot_ws/install/difrobot_msgs/share/difrobot_msgs/local_setup.zsh
[8.929s] -- Installing: /home/user/difrobot_ws/install/difrobot_msgs/share/difrobot_msgs/local_setup.dsv
[8.929s] -- Installing: /home/user/difrobot_ws/install/difrobot_msgs/share/difrobot_msgs/package.dsv
[8.930s] -- Up-to-date: /home/user/difrobot_ws/install/difrobot_msgs/share/ament_index/resource_index/packages/difrobot_msgs
[8.930s] -- Installing: /home/user/difrobot_ws/install/difrobot_msgs/share/difrobot_msgs/cmake/export_difrobot_msgs__rosidl_generator_cExport.cmake
[8.931s] -- Installing: /home/user/difrobot_ws/install/difrobot_msgs/share/difrobot_msgs/cmake/export_difrobot_msgs__rosidl_generator_cExport-noconfig.cmake
[8.931s] -- Installing: /home/user/difrobot_ws/install/difrobot_msgs/share/difrobot_msgs/cmake/export_difrobot_msgs__rosidl_typesupport_fastrtps_cExport.cmake
[8.931s] -- Installing: /home/user/difrobot_ws/install/difrobot_msgs/share/difrobot_msgs/cmake/export_difrobot_msgs__rosidl_typesupport_fastrtps_cExport-noconfig.cmake
[8.932s] -- Installing: /home/user/difrobot_ws/install/difrobot_msgs/share/difrobot_msgs/cmake/export_difrobot_msgs__rosidl_generator_cppExport.cmake
[8.932s] -- Installing: /home/user/difrobot_ws/install/difrobot_msgs/share/difrobot_msgs/cmake/export_difrobot_msgs__rosidl_typesupport_fastrtps_cppExport.cmake
[8.933s] -- Installing: /home/user/difrobot_ws/install/difrobot_msgs/share/difrobot_msgs/cmake/export_difrobot_msgs__rosidl_typesupport_fastrtps_cppExport-noconfig.cmake
[8.933s] -- Installing: /home/user/difrobot_ws/install/difrobot_msgs/share/difrobot_msgs/cmake/difrobot_msgs__rosidl_typesupport_introspection_cExport.cmake
[8.933s] -- Installing: /home/user/difrobot_ws/install/difrobot_msgs/share/difrobot_msgs/cmake/difrobot_msgs__rosidl_typesupport_introspection_cExport-noconfig.cmake
[8.934s] -- Installing: /home/user/difrobot_ws/install/difrobot_msgs/share/difrobot_msgs/cmake/difrobot_msgs__rosidl_typesupport_cExport.cmake
[8.934s] -- Installing: /home/user/difrobot_ws/install/difrobot_msgs/share/difrobot_msgs/cmake/difrobot_msgs__rosidl_typesupport_cExport-noconfig.cmake
[8.935s] -- Installing: /home/user/difrobot_ws/install/difrobot_msgs/share/difrobot_msgs/cmake/difrobot_msgs__rosidl_typesupport_introspection_cppExport.cmake
[8.935s] -- Installing: /home/user/difrobot_ws/install/difrobot_msgs/share/difrobot_msgs/cmake/difrobot_msgs__rosidl_typesupport_introspection_cppExport-noconfig.cmake
[8.936s] -- Installing: /home/user/difrobot_ws/install/difrobot_msgs/share/difrobot_msgs/cmake/difrobot_msgs__rosidl_typesupport_cppExport.cmake
[8.937s] -- Installing: /home/user/difrobot_ws/install/difrobot_msgs/share/difrobot_msgs/cmake/difrobot_msgs__rosidl_typesupport_cppExport-noconfig.cmake
[8.937s] -- Installing: /home/user/difrobot_ws/install/difrobot_msgs/share/difrobot_msgs/cmake/export_difrobot_msgs__rosidl_generator_pyExport.cmake
[8.938s] -- Installing: /home/user/difrobot_ws/install/difrobot_msgs/share/difrobot_msgs/cmake/export_difrobot_msgs__rosidl_generator_pyExport-noconfig.cmake
[8.938s] -- Installing: /home/user/difrobot_ws/install/difrobot_msgs/share/difrobot_msgs/cmake/rosidl_cmake-extras.cmake
[8.939s] -- Installing: /home/user/difrobot_ws/install/difrobot_msgs/share/difrobot_msgs/cmake/ament_cmake_export_include_directories-extras.cmake
[8.939s] -- Installing: /home/user/difrobot_ws/install/difrobot_msgs/share/difrobot_msgs/cmake/ament_cmake_export_libraries-extras.cmake
[8.940s] -- Installing: /home/user/difrobot_ws/install/difrobot_msgs/share/difrobot_msgs/cmake/ament_cmake_export_targets-extras.cmake
[8.940s] -- Installing: /home/user/difrobot_ws/install/difrobot_msgs/share/difrobot_msgs/cmake/rosidl_cmake_export_typesupport_targets-extras.cmake
[8.941s] -- Installing: /home/user/difrobot_ws/install/difrobot_msgs/share/difrobot_msgs/cmake/ament_cmake_export_dependencies-extras.cmake
[8.941s] -- Installing: /home/user/difrobot_ws/install/difrobot_msgs/share/difrobot_msgs/cmake/rosidl_cmake_export_typesupport_libraries-extras.cmake
[8.941s] -- Installing: /home/user/difrobot_ws/install/difrobot_msgs/share/difrobot_msgs/cmake/difrobot_msgsConfig.cmake
[8.941s] -- Up-to-date: /home/user/difrobot_ws/install/difrobot_msgs/share/difrobot_msgs/cmake/difrobot_msgsConfig-version.cmake
[8.941s] -- Installing: /home/user/difrobot_ws/install/difrobot_msgs/share/difrobot_msgs/package.xml
[8.948s] Invoked command in '/home/user/difrobot_ws/build/difrobot_msgs' returned '0': CMAKE_PREFIX_PATH=${CMAKE_PREFIX_PATH}:/home/user/difrobot_ws/install/difrobot_py_examples:/opt/ros/humble /usr/bin/cmake --install /home/user/difrobot_ws/build/difrobot_msgs
