[0.047s] Invoking command in '/home/user/difrobot_ws/build/difrobot_msgs': CMAKE_PREFIX_PATH=/opt/ros/humble /usr/bin/cmake --build /home/user/difrobot_ws/build/difrobot_msgs -- -j12 -l12
[0.094s] -- Found ament_cmake: 1.3.10 (/opt/ros/humble/share/ament_cmake/cmake)
[0.417s] -- Found std_msgs: 4.2.4 (/opt/ros/humble/share/std_msgs/cmake)
[0.486s] -- Found rosidl_generator_c: 3.1.5 (/opt/ros/humble/share/rosidl_generator_c/cmake)
[0.493s] -- Found rosidl_adapter: 3.1.5 (/opt/ros/humble/share/rosidl_adapter/cmake)
[0.508s] -- Found rosidl_generator_cpp: 3.1.5 (/opt/ros/humble/share/rosidl_generator_cpp/cmake)
[0.534s] -- Using all available rosidl_typesupport_c: rosidl_typesupport_fastrtps_c;rosidl_typesupport_introspection_c
[0.568s] -- Using all available rosidl_typesupport_cpp: rosidl_typesupport_fastrtps_cpp;rosidl_typesupport_introspection_cpp
[0.638s] -- Found geometry_msgs: 4.2.4 (/opt/ros/humble/share/geometry_msgs/cmake)
[0.677s] -- Found rosidl_default_generators: 1.2.0 (/opt/ros/humble/share/rosidl_default_generators/cmake)
[0.967s] [31mCMake Error at /opt/ros/humble/share/rosidl_adapter/cmake/rosidl_adapt_interfaces.cmake:59 (message):
[0.967s]   execute_process(/usr/bin/python3 -m rosidl_adapter --package-name
[0.968s]   difrobot_msgs --arguments-file
[0.968s]   /home/user/difrobot_ws/build/difrobot_msgs/rosidl_adapter__arguments__difrobot_msgs.json
[0.969s]   --output-dir
[0.969s]   /home/user/difrobot_ws/build/difrobot_msgs/rosidl_adapter/difrobot_msgs
[0.969s]   --output-file
[0.970s]   /home/user/difrobot_ws/build/difrobot_msgs/rosidl_adapter/difrobot_msgs.idls)
[0.970s]   returned error code 1:
[0.970s] 
[0.971s]   Error with: difrobot_msgs GetTransform_Response geometry_msgs
[0.971s] 
[0.971s]   Traceback (most recent call last):
[0.971s] 
[0.971s]     File "/usr/lib/python3.10/runpy.py", line 196, in _run_module_as_main
[0.972s]       return _run_code(code, main_globals, None,
[0.972s]     File "/usr/lib/python3.10/runpy.py", line 86, in _run_code
[0.972s]       exec(code, run_globals)
[0.972s]     File "/opt/ros/humble/local/lib/python3.10/dist-packages/rosidl_adapter/__main__.py", line 19, in <module>
[0.972s]       sys.exit(main())
[0.973s]     File "/opt/ros/humble/local/lib/python3.10/dist-packages/rosidl_adapter/main.py", line 53, in main
[0.973s]       abs_idl_file = convert_to_idl(
[0.973s]     File "/opt/ros/humble/local/lib/python3.10/dist-packages/rosidl_adapter/__init__.py", line 24, in convert_to_idl
[0.973s]       return convert_srv_to_idl(
[0.973s]     File "/opt/ros/humble/local/lib/python3.10/dist-packages/rosidl_adapter/srv/__init__.py", line 28, in convert_srv_to_idl
[0.973s]       srv = parse_service_string(package_name, input_file.stem, content)
[0.974s]     File "/opt/ros/humble/local/lib/python3.10/dist-packages/rosidl_adapter/parser.py", line 863, in parse_service_string
[0.974s]       response_message = parse_message_string(
[0.974s]     File "/opt/ros/humble/local/lib/python3.10/dist-packages/rosidl_adapter/parser.py", line 510, in parse_message_string
[0.974s]       raise InvalidFieldDefinition(line)
[0.974s] 
[0.974s]   rosidl_adapter.parser.InvalidFieldDefinition: geometry_msgs
[0.975s] 
[0.975s] Call Stack (most recent call first):
[0.975s]   /opt/ros/humble/share/rosidl_cmake/cmake/rosidl_generate_interfaces.cmake:130 (rosidl_adapt_interfaces)
[0.976s]   CMakeLists.txt:17 (rosidl_generate_interfaces)
[0.976s] 
[0.976s] [0m
[0.976s] -- Configuring incomplete, errors occurred!
[0.977s] See also "/home/user/difrobot_ws/build/difrobot_msgs/CMakeFiles/CMakeOutput.log".
[0.979s] gmake: *** [Makefile:747: cmake_check_build_system] Error 1
[0.984s] Invoked command in '/home/user/difrobot_ws/build/difrobot_msgs' returned '2': CMAKE_PREFIX_PATH=/opt/ros/humble /usr/bin/cmake --build /home/user/difrobot_ws/build/difrobot_msgs -- -j12 -l12
