[0.046s] Invoking command in '/home/user/difrobot_ws/build/difrobot_msgs': CMAKE_PREFIX_PATH=/opt/ros/humble /usr/bin/cmake --build /home/user/difrobot_ws/build/difrobot_msgs -- -j12 -l12
[0.103s] -- Found ament_cmake: 1.3.10 (/opt/ros/humble/share/ament_cmake/cmake)
[0.430s] -- Found std_msgs: 4.2.4 (/opt/ros/humble/share/std_msgs/cmake)
[0.493s] -- Found rosidl_generator_c: 3.1.5 (/opt/ros/humble/share/rosidl_generator_c/cmake)
[0.499s] -- Found rosidl_adapter: 3.1.5 (/opt/ros/humble/share/rosidl_adapter/cmake)
[0.514s] -- Found rosidl_generator_cpp: 3.1.5 (/opt/ros/humble/share/rosidl_generator_cpp/cmake)
[0.542s] -- Using all available rosidl_typesupport_c: rosidl_typesupport_fastrtps_c;rosidl_typesupport_introspection_c
[0.578s] -- Using all available rosidl_typesupport_cpp: rosidl_typesupport_fastrtps_cpp;rosidl_typesupport_introspection_cpp
[0.649s] -- Found geometry_msgs: 4.2.4 (/opt/ros/humble/share/geometry_msgs/cmake)
[0.688s] -- Found rosidl_default_generators: 1.2.0 (/opt/ros/humble/share/rosidl_default_generators/cmake)
[0.992s] [31mCMake Error at /opt/ros/humble/share/rosidl_adapter/cmake/rosidl_adapt_interfaces.cmake:59 (message):
[0.992s]   execute_process(/usr/bin/python3 -m rosidl_adapter --package-name
[0.993s]   difrobot_msgs --arguments-file
[0.993s]   /home/user/difrobot_ws/build/difrobot_msgs/rosidl_adapter__arguments__difrobot_msgs.json
[0.993s]   --output-dir
[0.993s]   /home/user/difrobot_ws/build/difrobot_msgs/rosidl_adapter/difrobot_msgs
[0.994s]   --output-file
[0.994s]   /home/user/difrobot_ws/build/difrobot_msgs/rosidl_adapter/difrobot_msgs.idls)
[0.994s]   returned error code 1:
[0.994s] 
[0.995s]   Error with: difrobot_msgs GetTransform_Response geometry_msgs
[0.995s] 
[0.995s]   Traceback (most recent call last):
[0.995s] 
[0.996s]     File "/usr/lib/python3.10/runpy.py", line 196, in _run_module_as_main
[0.996s]       return _run_code(code, main_globals, None,
[0.996s]     File "/usr/lib/python3.10/runpy.py", line 86, in _run_code
[0.996s]       exec(code, run_globals)
[0.997s]     File "/opt/ros/humble/local/lib/python3.10/dist-packages/rosidl_adapter/__main__.py", line 19, in <module>
[0.997s]       sys.exit(main())
[0.997s]     File "/opt/ros/humble/local/lib/python3.10/dist-packages/rosidl_adapter/main.py", line 53, in main
[0.997s]       abs_idl_file = convert_to_idl(
[0.998s]     File "/opt/ros/humble/local/lib/python3.10/dist-packages/rosidl_adapter/__init__.py", line 24, in convert_to_idl
[0.998s]       return convert_srv_to_idl(
[0.998s]     File "/opt/ros/humble/local/lib/python3.10/dist-packages/rosidl_adapter/srv/__init__.py", line 28, in convert_srv_to_idl
[0.999s]       srv = parse_service_string(package_name, input_file.stem, content)
[0.999s]     File "/opt/ros/humble/local/lib/python3.10/dist-packages/rosidl_adapter/parser.py", line 863, in parse_service_string
[0.999s]       response_message = parse_message_string(
[0.999s]     File "/opt/ros/humble/local/lib/python3.10/dist-packages/rosidl_adapter/parser.py", line 510, in parse_message_string
[1.000s]       raise InvalidFieldDefinition(line)
[1.000s] 
[1.001s]   rosidl_adapter.parser.InvalidFieldDefinition: geometry_msgs
[1.001s] 
[1.001s] Call Stack (most recent call first):
[1.002s]   /opt/ros/humble/share/rosidl_cmake/cmake/rosidl_generate_interfaces.cmake:130 (rosidl_adapt_interfaces)
[1.002s]   CMakeLists.txt:17 (rosidl_generate_interfaces)
[1.002s] 
[1.003s] [0m
[1.003s] -- Configuring incomplete, errors occurred!
[1.004s] See also "/home/user/difrobot_ws/build/difrobot_msgs/CMakeFiles/CMakeOutput.log".
[1.005s] gmake: *** [Makefile:747: cmake_check_build_system] Error 1
[1.008s] Invoked command in '/home/user/difrobot_ws/build/difrobot_msgs' returned '2': CMAKE_PREFIX_PATH=/opt/ros/humble /usr/bin/cmake --build /home/user/difrobot_ws/build/difrobot_msgs -- -j12 -l12
