[0.048s] Invoking command in '/home/user/difrobot_ws/build/difrobot_controller': CMAKE_PREFIX_PATH=/opt/ros/humble /usr/bin/cmake --build /home/user/difrobot_ws/build/difrobot_controller -- -j12 -l12
[0.329s] [  0%] Built target ament_cmake_python_copy_difrobot_controller
[0.350s] [100%] Built target simple_controller
[1.015s] running egg_info
[1.017s] writing difrobot_controller.egg-info/PKG-INFO
[1.018s] writing dependency_links to difrobot_controller.egg-info/dependency_links.txt
[1.019s] writing top-level names to difrobot_controller.egg-info/top_level.txt
[1.025s] reading manifest file 'difrobot_controller.egg-info/SOURCES.txt'
[1.027s] writing manifest file 'difrobot_controller.egg-info/SOURCES.txt'
[1.077s] [100%] Built target ament_cmake_python_build_difrobot_controller_egg
[1.097s] Invoked command in '/home/user/difrobot_ws/build/difrobot_controller' returned '0': CMAKE_PREFIX_PATH=/opt/ros/humble /usr/bin/cmake --build /home/user/difrobot_ws/build/difrobot_controller -- -j12 -l12
[1.156s] Invoking command in '/home/user/difrobot_ws/build/difrobot_controller': CMAKE_PREFIX_PATH=/opt/ros/humble /usr/bin/cmake --install /home/user/difrobot_ws/build/difrobot_controller
[1.170s] -- Install configuration: ""
[1.171s] -- Up-to-date: /home/user/difrobot_ws/install/difrobot_controller/share/difrobot_controller/environment/pythonpath.sh
[1.173s] -- Up-to-date: /home/user/difrobot_ws/install/difrobot_controller/share/difrobot_controller/environment/pythonpath.dsv
[1.173s] -- Up-to-date: /home/user/difrobot_ws/install/difrobot_controller/local/lib/python3.10/dist-packages/difrobot_controller-0.0.0-py3.10.egg-info
[1.174s] -- Installing: /home/user/difrobot_ws/install/difrobot_controller/local/lib/python3.10/dist-packages/difrobot_controller-0.0.0-py3.10.egg-info/PKG-INFO
[1.175s] -- Installing: /home/user/difrobot_ws/install/difrobot_controller/local/lib/python3.10/dist-packages/difrobot_controller-0.0.0-py3.10.egg-info/dependency_links.txt
[1.175s] -- Installing: /home/user/difrobot_ws/install/difrobot_controller/local/lib/python3.10/dist-packages/difrobot_controller-0.0.0-py3.10.egg-info/SOURCES.txt
[1.175s] -- Installing: /home/user/difrobot_ws/install/difrobot_controller/local/lib/python3.10/dist-packages/difrobot_controller-0.0.0-py3.10.egg-info/top_level.txt
[1.175s] -- Up-to-date: /home/user/difrobot_ws/install/difrobot_controller/local/lib/python3.10/dist-packages/difrobot_controller
[1.176s] -- Up-to-date: /home/user/difrobot_ws/install/difrobot_controller/local/lib/python3.10/dist-packages/difrobot_controller/simple_controller.py
[1.176s] -- Up-to-date: /home/user/difrobot_ws/install/difrobot_controller/local/lib/python3.10/dist-packages/difrobot_controller/__init__.py
[1.250s] Listing '/home/user/difrobot_ws/install/difrobot_controller/local/lib/python3.10/dist-packages/difrobot_controller'...
[1.258s] -- Up-to-date: /home/user/difrobot_ws/install/difrobot_controller/include/include
[1.261s] -- Up-to-date: /home/user/difrobot_ws/install/difrobot_controller/include/include/difrobot_controller
[1.262s] -- Up-to-date: /home/user/difrobot_ws/install/difrobot_controller/include/include/difrobot_controller/simple_controller.hpp
[1.264s] -- Up-to-date: /home/user/difrobot_ws/install/difrobot_controller/lib/difrobot_controller/simple_controller
[1.270s] -- Up-to-date: /home/user/difrobot_ws/install/difrobot_controller/share/difrobot_controller/launch
[1.271s] -- Up-to-date: /home/user/difrobot_ws/install/difrobot_controller/share/difrobot_controller/launch/controller.launch.py
[1.271s] -- Up-to-date: /home/user/difrobot_ws/install/difrobot_controller/share/difrobot_controller/config
[1.272s] -- Up-to-date: /home/user/difrobot_ws/install/difrobot_controller/share/difrobot_controller/config/difrobot_controllers.yaml
[1.272s] -- Up-to-date: /home/user/difrobot_ws/install/difrobot_controller/lib/difrobot_controller/simple_controller.py
[1.272s] -- Up-to-date: /home/user/difrobot_ws/install/difrobot_controller/share/ament_index/resource_index/package_run_dependencies/difrobot_controller
[1.273s] -- Up-to-date: /home/user/difrobot_ws/install/difrobot_controller/share/ament_index/resource_index/parent_prefix_path/difrobot_controller
[1.273s] -- Up-to-date: /home/user/difrobot_ws/install/difrobot_controller/share/difrobot_controller/environment/ament_prefix_path.sh
[1.274s] -- Up-to-date: /home/user/difrobot_ws/install/difrobot_controller/share/difrobot_controller/environment/ament_prefix_path.dsv
[1.275s] -- Up-to-date: /home/user/difrobot_ws/install/difrobot_controller/share/difrobot_controller/environment/path.sh
[1.276s] -- Up-to-date: /home/user/difrobot_ws/install/difrobot_controller/share/difrobot_controller/environment/path.dsv
[1.280s] -- Up-to-date: /home/user/difrobot_ws/install/difrobot_controller/share/difrobot_controller/local_setup.bash
[1.281s] -- Up-to-date: /home/user/difrobot_ws/install/difrobot_controller/share/difrobot_controller/local_setup.sh
[1.281s] -- Up-to-date: /home/user/difrobot_ws/install/difrobot_controller/share/difrobot_controller/local_setup.zsh
[1.282s] -- Up-to-date: /home/user/difrobot_ws/install/difrobot_controller/share/difrobot_controller/local_setup.dsv
[1.283s] -- Installing: /home/user/difrobot_ws/install/difrobot_controller/share/difrobot_controller/package.dsv
[1.285s] -- Up-to-date: /home/user/difrobot_ws/install/difrobot_controller/share/ament_index/resource_index/packages/difrobot_controller
[1.285s] -- Up-to-date: /home/user/difrobot_ws/install/difrobot_controller/share/difrobot_controller/cmake/difrobot_controllerConfig.cmake
[1.286s] -- Up-to-date: /home/user/difrobot_ws/install/difrobot_controller/share/difrobot_controller/cmake/difrobot_controllerConfig-version.cmake
[1.286s] -- Up-to-date: /home/user/difrobot_ws/install/difrobot_controller/share/difrobot_controller/package.xml
[1.297s] Invoked command in '/home/user/difrobot_ws/build/difrobot_controller' returned '0': CMAKE_PREFIX_PATH=/opt/ros/humble /usr/bin/cmake --install /home/user/difrobot_ws/build/difrobot_controller
