[0.062s] Invoking command in '/home/user/difrobot_ws/build/difrobot_controller': CMAKE_PREFIX_PATH=/opt/ros/humble /usr/bin/cmake --build /home/user/difrobot_ws/build/difrobot_controller -- -j12 -l12
[0.290s] [35m[1mConsolidate compiler generated dependencies of target simple_controller[0m
[0.323s] [  0%] Built target ament_cmake_python_copy_difrobot_controller
[0.344s] [100%] Built target simple_controller
[0.962s] running egg_info
[0.964s] writing difrobot_controller.egg-info/PKG-INFO
[0.965s] writing dependency_links to difrobot_controller.egg-info/dependency_links.txt
[0.966s] writing top-level names to difrobot_controller.egg-info/top_level.txt
[0.972s] reading manifest file 'difrobot_controller.egg-info/SOURCES.txt'
[0.974s] writing manifest file 'difrobot_controller.egg-info/SOURCES.txt'
[1.026s] [100%] Built target ament_cmake_python_build_difrobot_controller_egg
[1.051s] Invoked command in '/home/user/difrobot_ws/build/difrobot_controller' returned '0': CMAKE_PREFIX_PATH=/opt/ros/humble /usr/bin/cmake --build /home/user/difrobot_ws/build/difrobot_controller -- -j12 -l12
[1.107s] Invoking command in '/home/user/difrobot_ws/build/difrobot_controller': CMAKE_PREFIX_PATH=/opt/ros/humble /usr/bin/cmake --install /home/user/difrobot_ws/build/difrobot_controller
[1.121s] -- Install configuration: ""
[1.122s] -- Up-to-date: /home/user/difrobot_ws/install/difrobot_controller/share/difrobot_controller/environment/pythonpath.sh
[1.122s] -- Up-to-date: /home/user/difrobot_ws/install/difrobot_controller/share/difrobot_controller/environment/pythonpath.dsv
[1.123s] -- Up-to-date: /home/user/difrobot_ws/install/difrobot_controller/local/lib/python3.10/dist-packages/difrobot_controller-0.0.0-py3.10.egg-info
[1.123s] -- Installing: /home/user/difrobot_ws/install/difrobot_controller/local/lib/python3.10/dist-packages/difrobot_controller-0.0.0-py3.10.egg-info/PKG-INFO
[1.124s] -- Installing: /home/user/difrobot_ws/install/difrobot_controller/local/lib/python3.10/dist-packages/difrobot_controller-0.0.0-py3.10.egg-info/dependency_links.txt
[1.124s] -- Installing: /home/user/difrobot_ws/install/difrobot_controller/local/lib/python3.10/dist-packages/difrobot_controller-0.0.0-py3.10.egg-info/SOURCES.txt
[1.125s] -- Installing: /home/user/difrobot_ws/install/difrobot_controller/local/lib/python3.10/dist-packages/difrobot_controller-0.0.0-py3.10.egg-info/top_level.txt
[1.125s] -- Up-to-date: /home/user/difrobot_ws/install/difrobot_controller/local/lib/python3.10/dist-packages/difrobot_controller
[1.126s] -- Up-to-date: /home/user/difrobot_ws/install/difrobot_controller/local/lib/python3.10/dist-packages/difrobot_controller/simple_controller.py
[1.126s] -- Up-to-date: /home/user/difrobot_ws/install/difrobot_controller/local/lib/python3.10/dist-packages/difrobot_controller/__init__.py
[1.191s] Listing '/home/user/difrobot_ws/install/difrobot_controller/local/lib/python3.10/dist-packages/difrobot_controller'...
[1.199s] -- Up-to-date: /home/user/difrobot_ws/install/difrobot_controller/include/include
[1.200s] -- Up-to-date: /home/user/difrobot_ws/install/difrobot_controller/include/include/difrobot_controller
[1.200s] -- Up-to-date: /home/user/difrobot_ws/install/difrobot_controller/include/include/difrobot_controller/simple_controller.hpp
[1.203s] -- Up-to-date: /home/user/difrobot_ws/install/difrobot_controller/lib/difrobot_controller/simple_controller
[1.203s] -- Up-to-date: /home/user/difrobot_ws/install/difrobot_controller/share/difrobot_controller/launch
[1.204s] -- Up-to-date: /home/user/difrobot_ws/install/difrobot_controller/share/difrobot_controller/launch/controller.launch.py
[1.204s] -- Up-to-date: /home/user/difrobot_ws/install/difrobot_controller/share/difrobot_controller/config
[1.205s] -- Up-to-date: /home/user/difrobot_ws/install/difrobot_controller/share/difrobot_controller/config/difrobot_controllers.yaml
[1.206s] -- Up-to-date: /home/user/difrobot_ws/install/difrobot_controller/lib/difrobot_controller/simple_controller.py
[1.206s] -- Up-to-date: /home/user/difrobot_ws/install/difrobot_controller/share/ament_index/resource_index/package_run_dependencies/difrobot_controller
[1.207s] -- Up-to-date: /home/user/difrobot_ws/install/difrobot_controller/share/ament_index/resource_index/parent_prefix_path/difrobot_controller
[1.207s] -- Up-to-date: /home/user/difrobot_ws/install/difrobot_controller/share/difrobot_controller/environment/ament_prefix_path.sh
[1.207s] -- Up-to-date: /home/user/difrobot_ws/install/difrobot_controller/share/difrobot_controller/environment/ament_prefix_path.dsv
[1.208s] -- Up-to-date: /home/user/difrobot_ws/install/difrobot_controller/share/difrobot_controller/environment/path.sh
[1.208s] -- Up-to-date: /home/user/difrobot_ws/install/difrobot_controller/share/difrobot_controller/environment/path.dsv
[1.208s] -- Up-to-date: /home/user/difrobot_ws/install/difrobot_controller/share/difrobot_controller/local_setup.bash
[1.208s] -- Up-to-date: /home/user/difrobot_ws/install/difrobot_controller/share/difrobot_controller/local_setup.sh
[1.209s] -- Up-to-date: /home/user/difrobot_ws/install/difrobot_controller/share/difrobot_controller/local_setup.zsh
[1.209s] -- Up-to-date: /home/user/difrobot_ws/install/difrobot_controller/share/difrobot_controller/local_setup.dsv
[1.209s] -- Installing: /home/user/difrobot_ws/install/difrobot_controller/share/difrobot_controller/package.dsv
[1.209s] -- Up-to-date: /home/user/difrobot_ws/install/difrobot_controller/share/ament_index/resource_index/packages/difrobot_controller
[1.210s] -- Up-to-date: /home/user/difrobot_ws/install/difrobot_controller/share/difrobot_controller/cmake/difrobot_controllerConfig.cmake
[1.210s] -- Up-to-date: /home/user/difrobot_ws/install/difrobot_controller/share/difrobot_controller/cmake/difrobot_controllerConfig-version.cmake
[1.211s] -- Up-to-date: /home/user/difrobot_ws/install/difrobot_controller/share/difrobot_controller/package.xml
[1.213s] Invoked command in '/home/user/difrobot_ws/build/difrobot_controller' returned '0': CMAKE_PREFIX_PATH=/opt/ros/humble /usr/bin/cmake --install /home/user/difrobot_ws/build/difrobot_controller
