[0.280s] DEBUG:colcon:Command line arguments: ['/usr/bin/colcon', 'build']
[0.280s] DEBUG:colcon:Parsed command line arguments: Namespace(log_base=None, log_level=None, verb_name='build', build_base='build', install_base='install', merge_install=False, symlink_install=False, test_result_base=None, continue_on_error=False, executor='parallel', parallel_workers=12, event_handlers=None, ignore_user_meta=False, metas=['./colcon.meta'], base_paths=['.'], packages_ignore=None, packages_ignore_regex=None, paths=None, packages_up_to=None, packages_up_to_regex=None, packages_above=None, packages_above_and_dependencies=None, packages_above_depth=None, packages_select_by_dep=None, packages_skip_by_dep=None, packages_skip_up_to=None, packages_select_build_failed=False, packages_skip_build_finished=False, packages_select_test_failures=False, packages_skip_test_passed=False, packages_select=None, packages_skip=None, packages_select_regex=None, packages_skip_regex=None, packages_start=None, packages_end=None, cmake_args=None, cmake_target=None, cmake_target_skip_unavailable=False, cmake_clean_cache=False, cmake_clean_first=False, cmake_force_configure=False, ament_cmake_args=None, catkin_cmake_args=None, catkin_skip_building_tests=False, mixin_files=None, mixin=None, verb_parser=<colcon_mixin.mixin.mixin_argument.MixinArgumentDecorator object at 0x7f958b26ca90>, verb_extension=<colcon_core.verb.build.BuildVerb object at 0x7f958b3b51b0>, main=<bound method BuildVerb.main of <colcon_core.verb.build.BuildVerb object at 0x7f958b3b51b0>>, mixin_verb=('build',))
[0.655s] Level 1:colcon.colcon_core.package_discovery:discover_packages(colcon_meta) check parameters
[0.655s] Level 1:colcon.colcon_core.package_discovery:discover_packages(recursive) check parameters
[0.655s] Level 1:colcon.colcon_core.package_discovery:discover_packages(ignore) check parameters
[0.655s] Level 1:colcon.colcon_core.package_discovery:discover_packages(path) check parameters
[0.655s] Level 1:colcon.colcon_core.package_discovery:discover_packages(colcon_meta) discover
[0.655s] Level 1:colcon.colcon_core.package_discovery:discover_packages(recursive) discover
[0.656s] INFO:colcon.colcon_core.package_discovery:Crawling recursively for packages in '/home/user/difrobot_ws'
[0.656s] Level 1:colcon.colcon_core.package_identification:_identify(.) by extensions ['ignore', 'ignore_ament_install']
[0.656s] Level 1:colcon.colcon_core.package_identification:_identify(.) by extension 'ignore'
[0.656s] Level 1:colcon.colcon_core.package_identification:_identify(.) by extension 'ignore_ament_install'
[0.656s] Level 1:colcon.colcon_core.package_identification:_identify(.) by extensions ['colcon_pkg']
[0.656s] Level 1:colcon.colcon_core.package_identification:_identify(.) by extension 'colcon_pkg'
[0.656s] Level 1:colcon.colcon_core.package_identification:_identify(.) by extensions ['colcon_meta']
[0.657s] Level 1:colcon.colcon_core.package_identification:_identify(.) by extension 'colcon_meta'
[0.657s] Level 1:colcon.colcon_core.package_identification:_identify(.) by extensions ['ros']
[0.657s] Level 1:colcon.colcon_core.package_identification:_identify(.) by extension 'ros'
[0.681s] Level 1:colcon.colcon_core.package_identification:_identify(.) by extensions ['cmake', 'python']
[0.681s] Level 1:colcon.colcon_core.package_identification:_identify(.) by extension 'cmake'
[0.682s] Level 1:colcon.colcon_core.package_identification:_identify(.) by extension 'python'
[0.682s] Level 1:colcon.colcon_core.package_identification:_identify(.) by extensions ['python_setup_py']
[0.682s] Level 1:colcon.colcon_core.package_identification:_identify(.) by extension 'python_setup_py'
[0.682s] Level 1:colcon.colcon_core.package_identification:_identify(build) by extensions ['ignore', 'ignore_ament_install']
[0.683s] Level 1:colcon.colcon_core.package_identification:_identify(build) by extension 'ignore'
[0.683s] Level 1:colcon.colcon_core.package_identification:_identify(build) ignored
[0.683s] Level 1:colcon.colcon_core.package_identification:_identify(install) by extensions ['ignore', 'ignore_ament_install']
[0.684s] Level 1:colcon.colcon_core.package_identification:_identify(install) by extension 'ignore'
[0.684s] Level 1:colcon.colcon_core.package_identification:_identify(install) ignored
[0.685s] Level 1:colcon.colcon_core.package_identification:_identify(log) by extensions ['ignore', 'ignore_ament_install']
[0.685s] Level 1:colcon.colcon_core.package_identification:_identify(log) by extension 'ignore'
[0.685s] Level 1:colcon.colcon_core.package_identification:_identify(log) ignored
[0.685s] Level 1:colcon.colcon_core.package_identification:_identify(src) by extensions ['ignore', 'ignore_ament_install']
[0.686s] Level 1:colcon.colcon_core.package_identification:_identify(src) by extension 'ignore'
[0.686s] Level 1:colcon.colcon_core.package_identification:_identify(src) by extension 'ignore_ament_install'
[0.686s] Level 1:colcon.colcon_core.package_identification:_identify(src) by extensions ['colcon_pkg']
[0.686s] Level 1:colcon.colcon_core.package_identification:_identify(src) by extension 'colcon_pkg'
[0.687s] Level 1:colcon.colcon_core.package_identification:_identify(src) by extensions ['colcon_meta']
[0.687s] Level 1:colcon.colcon_core.package_identification:_identify(src) by extension 'colcon_meta'
[0.687s] Level 1:colcon.colcon_core.package_identification:_identify(src) by extensions ['ros']
[0.687s] Level 1:colcon.colcon_core.package_identification:_identify(src) by extension 'ros'
[0.687s] Level 1:colcon.colcon_core.package_identification:_identify(src) by extensions ['cmake', 'python']
[0.688s] Level 1:colcon.colcon_core.package_identification:_identify(src) by extension 'cmake'
[0.688s] Level 1:colcon.colcon_core.package_identification:_identify(src) by extension 'python'
[0.688s] Level 1:colcon.colcon_core.package_identification:_identify(src) by extensions ['python_setup_py']
[0.688s] Level 1:colcon.colcon_core.package_identification:_identify(src) by extension 'python_setup_py'
[0.689s] Level 1:colcon.colcon_core.package_identification:_identify(src/difrobot_controller) by extensions ['ignore', 'ignore_ament_install']
[0.689s] Level 1:colcon.colcon_core.package_identification:_identify(src/difrobot_controller) by extension 'ignore'
[0.689s] Level 1:colcon.colcon_core.package_identification:_identify(src/difrobot_controller) by extension 'ignore_ament_install'
[0.689s] Level 1:colcon.colcon_core.package_identification:_identify(src/difrobot_controller) by extensions ['colcon_pkg']
[0.690s] Level 1:colcon.colcon_core.package_identification:_identify(src/difrobot_controller) by extension 'colcon_pkg'
[0.690s] Level 1:colcon.colcon_core.package_identification:_identify(src/difrobot_controller) by extensions ['colcon_meta']
[0.690s] Level 1:colcon.colcon_core.package_identification:_identify(src/difrobot_controller) by extension 'colcon_meta'
[0.690s] Level 1:colcon.colcon_core.package_identification:_identify(src/difrobot_controller) by extensions ['ros']
[0.690s] Level 1:colcon.colcon_core.package_identification:_identify(src/difrobot_controller) by extension 'ros'
[0.697s] DEBUG:colcon.colcon_core.package_identification:Package 'src/difrobot_controller' with type 'ros.ament_cmake' and name 'difrobot_controller'
[0.698s] Level 1:colcon.colcon_core.package_identification:_identify(src/difrobot_description) by extensions ['ignore', 'ignore_ament_install']
[0.698s] Level 1:colcon.colcon_core.package_identification:_identify(src/difrobot_description) by extension 'ignore'
[0.698s] Level 1:colcon.colcon_core.package_identification:_identify(src/difrobot_description) by extension 'ignore_ament_install'
[0.698s] Level 1:colcon.colcon_core.package_identification:_identify(src/difrobot_description) by extensions ['colcon_pkg']
[0.698s] Level 1:colcon.colcon_core.package_identification:_identify(src/difrobot_description) by extension 'colcon_pkg'
[0.699s] Level 1:colcon.colcon_core.package_identification:_identify(src/difrobot_description) by extensions ['colcon_meta']
[0.699s] Level 1:colcon.colcon_core.package_identification:_identify(src/difrobot_description) by extension 'colcon_meta'
[0.699s] Level 1:colcon.colcon_core.package_identification:_identify(src/difrobot_description) by extensions ['ros']
[0.699s] Level 1:colcon.colcon_core.package_identification:_identify(src/difrobot_description) by extension 'ros'
[0.700s] DEBUG:colcon.colcon_core.package_identification:Package 'src/difrobot_description' with type 'ros.ament_cmake' and name 'difrobot_description'
[0.701s] Level 1:colcon.colcon_core.package_identification:_identify(src/difrobot_py_examples) by extensions ['ignore', 'ignore_ament_install']
[0.701s] Level 1:colcon.colcon_core.package_identification:_identify(src/difrobot_py_examples) by extension 'ignore'
[0.701s] Level 1:colcon.colcon_core.package_identification:_identify(src/difrobot_py_examples) by extension 'ignore_ament_install'
[0.701s] Level 1:colcon.colcon_core.package_identification:_identify(src/difrobot_py_examples) by extensions ['colcon_pkg']
[0.701s] Level 1:colcon.colcon_core.package_identification:_identify(src/difrobot_py_examples) by extension 'colcon_pkg'
[0.701s] Level 1:colcon.colcon_core.package_identification:_identify(src/difrobot_py_examples) by extensions ['colcon_meta']
[0.702s] Level 1:colcon.colcon_core.package_identification:_identify(src/difrobot_py_examples) by extension 'colcon_meta'
[0.702s] Level 1:colcon.colcon_core.package_identification:_identify(src/difrobot_py_examples) by extensions ['ros']
[0.702s] Level 1:colcon.colcon_core.package_identification:_identify(src/difrobot_py_examples) by extension 'ros'
[0.704s] DEBUG:colcon.colcon_core.package_identification:Package 'src/difrobot_py_examples' with type 'ros.ament_python' and name 'difrobot_py_examples'
[0.704s] Level 1:colcon.colcon_core.package_discovery:discover_packages(recursive) using defaults
[0.704s] Level 1:colcon.colcon_core.package_discovery:discover_packages(ignore) discover
[0.704s] Level 1:colcon.colcon_core.package_discovery:discover_packages(ignore) using defaults
[0.704s] Level 1:colcon.colcon_core.package_discovery:discover_packages(path) discover
[0.704s] Level 1:colcon.colcon_core.package_discovery:discover_packages(path) using defaults
[0.749s] Level 5:colcon.colcon_core.verb:set package 'difrobot_controller' build argument 'cmake_args' from command line to 'None'
[0.749s] Level 5:colcon.colcon_core.verb:set package 'difrobot_controller' build argument 'cmake_target' from command line to 'None'
[0.749s] Level 5:colcon.colcon_core.verb:set package 'difrobot_controller' build argument 'cmake_target_skip_unavailable' from command line to 'False'
[0.749s] Level 5:colcon.colcon_core.verb:set package 'difrobot_controller' build argument 'cmake_clean_cache' from command line to 'False'
[0.749s] Level 5:colcon.colcon_core.verb:set package 'difrobot_controller' build argument 'cmake_clean_first' from command line to 'False'
[0.749s] Level 5:colcon.colcon_core.verb:set package 'difrobot_controller' build argument 'cmake_force_configure' from command line to 'False'
[0.749s] Level 5:colcon.colcon_core.verb:set package 'difrobot_controller' build argument 'ament_cmake_args' from command line to 'None'
[0.749s] Level 5:colcon.colcon_core.verb:set package 'difrobot_controller' build argument 'catkin_cmake_args' from command line to 'None'
[0.750s] Level 5:colcon.colcon_core.verb:set package 'difrobot_controller' build argument 'catkin_skip_building_tests' from command line to 'False'
[0.750s] DEBUG:colcon.colcon_core.verb:Building package 'difrobot_controller' with the following arguments: {'ament_cmake_args': None, 'build_base': '/home/user/difrobot_ws/build/difrobot_controller', 'catkin_cmake_args': None, 'catkin_skip_building_tests': False, 'cmake_args': None, 'cmake_clean_cache': False, 'cmake_clean_first': False, 'cmake_force_configure': False, 'cmake_target': None, 'cmake_target_skip_unavailable': False, 'install_base': '/home/user/difrobot_ws/install/difrobot_controller', 'merge_install': False, 'path': '/home/user/difrobot_ws/src/difrobot_controller', 'symlink_install': False, 'test_result_base': None}
[0.750s] Level 5:colcon.colcon_core.verb:set package 'difrobot_description' build argument 'cmake_args' from command line to 'None'
[0.751s] Level 5:colcon.colcon_core.verb:set package 'difrobot_description' build argument 'cmake_target' from command line to 'None'
[0.751s] Level 5:colcon.colcon_core.verb:set package 'difrobot_description' build argument 'cmake_target_skip_unavailable' from command line to 'False'
[0.751s] Level 5:colcon.colcon_core.verb:set package 'difrobot_description' build argument 'cmake_clean_cache' from command line to 'False'
[0.751s] Level 5:colcon.colcon_core.verb:set package 'difrobot_description' build argument 'cmake_clean_first' from command line to 'False'
[0.751s] Level 5:colcon.colcon_core.verb:set package 'difrobot_description' build argument 'cmake_force_configure' from command line to 'False'
[0.751s] Level 5:colcon.colcon_core.verb:set package 'difrobot_description' build argument 'ament_cmake_args' from command line to 'None'
[0.751s] Level 5:colcon.colcon_core.verb:set package 'difrobot_description' build argument 'catkin_cmake_args' from command line to 'None'
[0.751s] Level 5:colcon.colcon_core.verb:set package 'difrobot_description' build argument 'catkin_skip_building_tests' from command line to 'False'
[0.751s] DEBUG:colcon.colcon_core.verb:Building package 'difrobot_description' with the following arguments: {'ament_cmake_args': None, 'build_base': '/home/user/difrobot_ws/build/difrobot_description', 'catkin_cmake_args': None, 'catkin_skip_building_tests': False, 'cmake_args': None, 'cmake_clean_cache': False, 'cmake_clean_first': False, 'cmake_force_configure': False, 'cmake_target': None, 'cmake_target_skip_unavailable': False, 'install_base': '/home/user/difrobot_ws/install/difrobot_description', 'merge_install': False, 'path': '/home/user/difrobot_ws/src/difrobot_description', 'symlink_install': False, 'test_result_base': None}
[0.752s] Level 5:colcon.colcon_core.verb:set package 'difrobot_py_examples' build argument 'cmake_args' from command line to 'None'
[0.752s] Level 5:colcon.colcon_core.verb:set package 'difrobot_py_examples' build argument 'cmake_target' from command line to 'None'
[0.753s] Level 5:colcon.colcon_core.verb:set package 'difrobot_py_examples' build argument 'cmake_target_skip_unavailable' from command line to 'False'
[0.753s] Level 5:colcon.colcon_core.verb:set package 'difrobot_py_examples' build argument 'cmake_clean_cache' from command line to 'False'
[0.753s] Level 5:colcon.colcon_core.verb:set package 'difrobot_py_examples' build argument 'cmake_clean_first' from command line to 'False'
[0.753s] Level 5:colcon.colcon_core.verb:set package 'difrobot_py_examples' build argument 'cmake_force_configure' from command line to 'False'
[0.753s] Level 5:colcon.colcon_core.verb:set package 'difrobot_py_examples' build argument 'ament_cmake_args' from command line to 'None'
[0.753s] Level 5:colcon.colcon_core.verb:set package 'difrobot_py_examples' build argument 'catkin_cmake_args' from command line to 'None'
[0.753s] Level 5:colcon.colcon_core.verb:set package 'difrobot_py_examples' build argument 'catkin_skip_building_tests' from command line to 'False'
[0.753s] DEBUG:colcon.colcon_core.verb:Building package 'difrobot_py_examples' with the following arguments: {'ament_cmake_args': None, 'build_base': '/home/user/difrobot_ws/build/difrobot_py_examples', 'catkin_cmake_args': None, 'catkin_skip_building_tests': False, 'cmake_args': None, 'cmake_clean_cache': False, 'cmake_clean_first': False, 'cmake_force_configure': False, 'cmake_target': None, 'cmake_target_skip_unavailable': False, 'install_base': '/home/user/difrobot_ws/install/difrobot_py_examples', 'merge_install': False, 'path': '/home/user/difrobot_ws/src/difrobot_py_examples', 'symlink_install': False, 'test_result_base': None}
[0.753s] INFO:colcon.colcon_core.executor:Executing jobs using 'parallel' executor
[0.755s] DEBUG:colcon.colcon_parallel_executor.executor.parallel:run_until_complete
[0.756s] INFO:colcon.colcon_ros.task.ament_cmake.build:Building ROS package in '/home/user/difrobot_ws/src/difrobot_controller' with build type 'ament_cmake'
[0.756s] INFO:colcon.colcon_cmake.task.cmake.build:Building CMake package in '/home/user/difrobot_ws/src/difrobot_controller'
[0.776s] INFO:colcon.colcon_core.plugin_system:Skipping extension 'colcon_core.shell.bat': Not used on non-Windows systems
[0.777s] INFO:colcon.colcon_core.shell:Skip shell extension 'powershell' for command environment: Not usable outside of PowerShell
[0.777s] DEBUG:colcon.colcon_core.shell:Skip shell extension 'dsv' for command environment
[0.790s] INFO:colcon.colcon_ros.task.ament_cmake.build:Building ROS package in '/home/user/difrobot_ws/src/difrobot_description' with build type 'ament_cmake'
[0.790s] INFO:colcon.colcon_cmake.task.cmake.build:Building CMake package in '/home/user/difrobot_ws/src/difrobot_description'
[0.791s] INFO:colcon.colcon_core.shell:Skip shell extension 'powershell' for command environment: Not usable outside of PowerShell
[0.791s] DEBUG:colcon.colcon_core.shell:Skip shell extension 'dsv' for command environment
[0.798s] INFO:colcon.colcon_ros.task.ament_python.build:Building ROS package in '/home/user/difrobot_ws/src/difrobot_py_examples' with build type 'ament_python'
[0.799s] Level 1:colcon.colcon_core.shell:create_environment_hook('difrobot_py_examples', 'ament_prefix_path')
[0.800s] INFO:colcon.colcon_core.shell:Creating environment hook '/home/user/difrobot_ws/install/difrobot_py_examples/share/difrobot_py_examples/hook/ament_prefix_path.ps1'
[0.802s] INFO:colcon.colcon_core.shell:Creating environment descriptor '/home/user/difrobot_ws/install/difrobot_py_examples/share/difrobot_py_examples/hook/ament_prefix_path.dsv'
[0.804s] INFO:colcon.colcon_core.shell:Creating environment hook '/home/user/difrobot_ws/install/difrobot_py_examples/share/difrobot_py_examples/hook/ament_prefix_path.sh'
[0.806s] INFO:colcon.colcon_core.shell:Skip shell extension 'powershell' for command environment: Not usable outside of PowerShell
[0.806s] DEBUG:colcon.colcon_core.shell:Skip shell extension 'dsv' for command environment
[0.824s] DEBUG:colcon.colcon_core.event_handler.log_command:Invoking command in '/home/user/difrobot_ws/build/difrobot_controller': CMAKE_PREFIX_PATH=/opt/ros/humble /usr/bin/cmake --build /home/user/difrobot_ws/build/difrobot_controller -- -j12 -l12
[0.844s] DEBUG:colcon.colcon_core.event_handler.log_command:Invoking command in '/home/user/difrobot_ws/build/difrobot_description': CMAKE_PREFIX_PATH=/opt/ros/humble /usr/bin/cmake --build /home/user/difrobot_ws/build/difrobot_description -- -j12 -l12
[1.484s] INFO:colcon.colcon_core.task.python.build:Building Python package in '/home/user/difrobot_ws/src/difrobot_py_examples'
[1.485s] INFO:colcon.colcon_core.shell:Skip shell extension 'powershell' for command environment: Not usable outside of PowerShell
[1.485s] DEBUG:colcon.colcon_core.shell:Skip shell extension 'dsv' for command environment
[1.502s] DEBUG:colcon.colcon_core.event_handler.log_command:Invoked command in '/home/user/difrobot_ws/build/difrobot_description' returned '0': CMAKE_PREFIX_PATH=/opt/ros/humble /usr/bin/cmake --build /home/user/difrobot_ws/build/difrobot_description -- -j12 -l12
[1.578s] DEBUG:colcon.colcon_core.event_handler.log_command:Invoking command in '/home/user/difrobot_ws/build/difrobot_description': CMAKE_PREFIX_PATH=/opt/ros/humble /usr/bin/cmake --install /home/user/difrobot_ws/build/difrobot_description
[1.616s] Level 1:colcon.colcon_core.environment:create_environment_scripts_only(difrobot_description)
[1.617s] DEBUG:colcon.colcon_core.event_handler.log_command:Invoked command in '/home/user/difrobot_ws/build/difrobot_description' returned '0': CMAKE_PREFIX_PATH=/opt/ros/humble /usr/bin/cmake --install /home/user/difrobot_ws/build/difrobot_description
[1.630s] Level 1:colcon.colcon_core.environment:checking '/home/user/difrobot_ws/install/difrobot_description' for CMake module files
[1.632s] Level 1:colcon.colcon_core.environment:checking '/home/user/difrobot_ws/install/difrobot_description' for CMake config files
[1.633s] Level 1:colcon.colcon_core.shell:create_environment_hook('difrobot_description', 'cmake_prefix_path')
[1.633s] INFO:colcon.colcon_core.shell:Creating environment hook '/home/user/difrobot_ws/install/difrobot_description/share/difrobot_description/hook/cmake_prefix_path.ps1'
[1.634s] INFO:colcon.colcon_core.shell:Creating environment descriptor '/home/user/difrobot_ws/install/difrobot_description/share/difrobot_description/hook/cmake_prefix_path.dsv'
[1.635s] INFO:colcon.colcon_core.shell:Creating environment hook '/home/user/difrobot_ws/install/difrobot_description/share/difrobot_description/hook/cmake_prefix_path.sh'
[1.637s] Level 1:colcon.colcon_core.environment:checking '/home/user/difrobot_ws/install/difrobot_description/bin'
[1.637s] Level 1:colcon.colcon_core.environment:checking '/home/user/difrobot_ws/install/difrobot_description/lib/pkgconfig/difrobot_description.pc'
[1.638s] Level 1:colcon.colcon_core.environment:checking '/home/user/difrobot_ws/install/difrobot_description/lib/python3.10/site-packages'
[1.638s] Level 1:colcon.colcon_core.environment:checking '/home/user/difrobot_ws/install/difrobot_description/bin'
[1.640s] INFO:colcon.colcon_core.shell:Creating package script '/home/user/difrobot_ws/install/difrobot_description/share/difrobot_description/package.ps1'
[1.643s] INFO:colcon.colcon_core.shell:Creating package descriptor '/home/user/difrobot_ws/install/difrobot_description/share/difrobot_description/package.dsv'
[1.645s] INFO:colcon.colcon_core.shell:Creating package script '/home/user/difrobot_ws/install/difrobot_description/share/difrobot_description/package.sh'
[1.648s] INFO:colcon.colcon_core.shell:Creating package script '/home/user/difrobot_ws/install/difrobot_description/share/difrobot_description/package.bash'
[1.651s] INFO:colcon.colcon_core.shell:Creating package script '/home/user/difrobot_ws/install/difrobot_description/share/difrobot_description/package.zsh'
[1.654s] Level 1:colcon.colcon_core.environment:create_file_with_runtime_dependencies(/home/user/difrobot_ws/install/difrobot_description/share/colcon-core/packages/difrobot_description)
[1.705s] Level 1:colcon.colcon_core.environment:create_environment_scripts_only(difrobot_description)
[1.706s] Level 1:colcon.colcon_core.environment:checking '/home/user/difrobot_ws/install/difrobot_description' for CMake module files
[1.707s] Level 1:colcon.colcon_core.environment:checking '/home/user/difrobot_ws/install/difrobot_description' for CMake config files
[1.708s] Level 1:colcon.colcon_core.shell:create_environment_hook('difrobot_description', 'cmake_prefix_path')
[1.708s] INFO:colcon.colcon_core.shell:Creating environment hook '/home/user/difrobot_ws/install/difrobot_description/share/difrobot_description/hook/cmake_prefix_path.ps1'
[1.710s] INFO:colcon.colcon_core.shell:Creating environment descriptor '/home/user/difrobot_ws/install/difrobot_description/share/difrobot_description/hook/cmake_prefix_path.dsv'
[1.711s] INFO:colcon.colcon_core.shell:Creating environment hook '/home/user/difrobot_ws/install/difrobot_description/share/difrobot_description/hook/cmake_prefix_path.sh'
[1.712s] Level 1:colcon.colcon_core.environment:checking '/home/user/difrobot_ws/install/difrobot_description/bin'
[1.712s] Level 1:colcon.colcon_core.environment:checking '/home/user/difrobot_ws/install/difrobot_description/lib/pkgconfig/difrobot_description.pc'
[1.713s] Level 1:colcon.colcon_core.environment:checking '/home/user/difrobot_ws/install/difrobot_description/lib/python3.10/site-packages'
[1.714s] Level 1:colcon.colcon_core.environment:checking '/home/user/difrobot_ws/install/difrobot_description/bin'
[1.718s] INFO:colcon.colcon_core.shell:Creating package script '/home/user/difrobot_ws/install/difrobot_description/share/difrobot_description/package.ps1'
[1.721s] INFO:colcon.colcon_core.shell:Creating package descriptor '/home/user/difrobot_ws/install/difrobot_description/share/difrobot_description/package.dsv'
[1.724s] INFO:colcon.colcon_core.shell:Creating package script '/home/user/difrobot_ws/install/difrobot_description/share/difrobot_description/package.sh'
[1.725s] INFO:colcon.colcon_core.shell:Creating package script '/home/user/difrobot_ws/install/difrobot_description/share/difrobot_description/package.bash'
[1.726s] INFO:colcon.colcon_core.shell:Creating package script '/home/user/difrobot_ws/install/difrobot_description/share/difrobot_description/package.zsh'
[1.728s] Level 1:colcon.colcon_core.environment:create_file_with_runtime_dependencies(/home/user/difrobot_ws/install/difrobot_description/share/colcon-core/packages/difrobot_description)
[1.847s] DEBUG:colcon.colcon_core.event_handler.log_command:Invoked command in '/home/user/difrobot_ws/build/difrobot_controller' returned '2': CMAKE_PREFIX_PATH=/opt/ros/humble /usr/bin/cmake --build /home/user/difrobot_ws/build/difrobot_controller -- -j12 -l12
[1.888s] Level 1:colcon.colcon_core.environment:create_environment_scripts_only(difrobot_controller)
[1.889s] Level 1:colcon.colcon_core.environment:checking '/home/user/difrobot_ws/install/difrobot_controller' for CMake module files
[1.890s] Level 1:colcon.colcon_core.environment:checking '/home/user/difrobot_ws/install/difrobot_controller' for CMake config files
[1.891s] Level 1:colcon.colcon_core.shell:create_environment_hook('difrobot_controller', 'cmake_prefix_path')
[1.891s] INFO:colcon.colcon_core.shell:Creating environment hook '/home/user/difrobot_ws/install/difrobot_controller/share/difrobot_controller/hook/cmake_prefix_path.ps1'
[1.892s] INFO:colcon.colcon_core.shell:Creating environment descriptor '/home/user/difrobot_ws/install/difrobot_controller/share/difrobot_controller/hook/cmake_prefix_path.dsv'
[1.893s] INFO:colcon.colcon_core.shell:Creating environment hook '/home/user/difrobot_ws/install/difrobot_controller/share/difrobot_controller/hook/cmake_prefix_path.sh'
[1.894s] Level 1:colcon.colcon_core.environment:checking '/home/user/difrobot_ws/install/difrobot_controller/bin'
[1.895s] Level 1:colcon.colcon_core.environment:checking '/home/user/difrobot_ws/install/difrobot_controller/lib/pkgconfig/difrobot_controller.pc'
[1.895s] Level 1:colcon.colcon_core.environment:checking '/home/user/difrobot_ws/install/difrobot_controller/lib/python3.10/site-packages'
[1.896s] Level 1:colcon.colcon_core.environment:checking '/home/user/difrobot_ws/install/difrobot_controller/bin'
[1.897s] INFO:colcon.colcon_core.shell:Creating package script '/home/user/difrobot_ws/install/difrobot_controller/share/difrobot_controller/package.ps1'
[1.898s] INFO:colcon.colcon_core.shell:Creating package descriptor '/home/user/difrobot_ws/install/difrobot_controller/share/difrobot_controller/package.dsv'
[1.900s] INFO:colcon.colcon_core.shell:Creating package script '/home/user/difrobot_ws/install/difrobot_controller/share/difrobot_controller/package.sh'
[1.901s] INFO:colcon.colcon_core.shell:Creating package script '/home/user/difrobot_ws/install/difrobot_controller/share/difrobot_controller/package.bash'
[1.902s] INFO:colcon.colcon_core.shell:Creating package script '/home/user/difrobot_ws/install/difrobot_controller/share/difrobot_controller/package.zsh'
[1.903s] Level 1:colcon.colcon_core.environment:create_file_with_runtime_dependencies(/home/user/difrobot_ws/install/difrobot_controller/share/colcon-core/packages/difrobot_controller)
[2.691s] DEBUG:colcon.colcon_parallel_executor.executor.parallel:closing loop
[2.691s] DEBUG:colcon.colcon_parallel_executor.executor.parallel:loop closed
[2.692s] DEBUG:colcon.colcon_parallel_executor.executor.parallel:run_until_complete finished with '2'
[2.692s] DEBUG:colcon.colcon_core.event_reactor:joining thread
[2.708s] INFO:colcon.colcon_core.plugin_system:Skipping extension 'colcon_notification.desktop_notification.notify_send': Could not find 'notify-send'
[2.708s] INFO:colcon.colcon_core.plugin_system:Skipping extension 'colcon_notification.desktop_notification.terminal_notifier': Not used on non-Darwin systems
[2.708s] INFO:colcon.colcon_core.plugin_system:Skipping extension 'colcon_notification.desktop_notification.win32': Not used on non-Windows systems
[2.708s] INFO:colcon.colcon_notification.desktop_notification:Sending desktop notification using 'notify2'
[2.712s] DEBUG:colcon.colcon_notification.desktop_notification.notify2:Failed to initialize notify2: org.freedesktop.DBus.Error.Spawn.ExecFailed: /usr/bin/dbus-launch terminated abnormally without any error message
[2.713s] DEBUG:colcon.colcon_core.event_reactor:joined thread
[2.714s] INFO:colcon.colcon_core.shell:Creating prefix script '/home/user/difrobot_ws/install/local_setup.ps1'
[2.717s] INFO:colcon.colcon_core.shell:Creating prefix util module '/home/user/difrobot_ws/install/_local_setup_util_ps1.py'
[2.721s] INFO:colcon.colcon_core.shell:Creating prefix chain script '/home/user/difrobot_ws/install/setup.ps1'
[2.724s] INFO:colcon.colcon_core.shell:Creating prefix script '/home/user/difrobot_ws/install/local_setup.sh'
[2.727s] INFO:colcon.colcon_core.shell:Creating prefix util module '/home/user/difrobot_ws/install/_local_setup_util_sh.py'
[2.728s] INFO:colcon.colcon_core.shell:Creating prefix chain script '/home/user/difrobot_ws/install/setup.sh'
[2.731s] INFO:colcon.colcon_core.shell:Creating prefix script '/home/user/difrobot_ws/install/local_setup.bash'
[2.733s] INFO:colcon.colcon_core.shell:Creating prefix chain script '/home/user/difrobot_ws/install/setup.bash'
[2.736s] INFO:colcon.colcon_core.shell:Creating prefix script '/home/user/difrobot_ws/install/local_setup.zsh'
[2.738s] INFO:colcon.colcon_core.shell:Creating prefix chain script '/home/user/difrobot_ws/install/setup.zsh'
