[0.242s] DEBUG:colcon:Command line arguments: ['/usr/bin/colcon', 'build']
[0.242s] DEBUG:colcon:Parsed command line arguments: Namespace(log_base=None, log_level=None, verb_name='build', build_base='build', install_base='install', merge_install=False, symlink_install=False, test_result_base=None, continue_on_error=False, executor='parallel', parallel_workers=12, event_handlers=None, ignore_user_meta=False, metas=['./colcon.meta'], base_paths=['.'], packages_ignore=None, packages_ignore_regex=None, paths=None, packages_up_to=None, packages_up_to_regex=None, packages_above=None, packages_above_and_dependencies=None, packages_above_depth=None, packages_select_by_dep=None, packages_skip_by_dep=None, packages_skip_up_to=None, packages_select_build_failed=False, packages_skip_build_finished=False, packages_select_test_failures=False, packages_skip_test_passed=False, packages_select=None, packages_skip=None, packages_select_regex=None, packages_skip_regex=None, packages_start=None, packages_end=None, cmake_args=None, cmake_target=None, cmake_target_skip_unavailable=False, cmake_clean_cache=False, cmake_clean_first=False, cmake_force_configure=False, ament_cmake_args=None, catkin_cmake_args=None, catkin_skip_building_tests=False, mixin_files=None, mixin=None, verb_parser=<colcon_mixin.mixin.mixin_argument.MixinArgumentDecorator object at 0x7fdfc89c8b50>, verb_extension=<colcon_core.verb.build.BuildVerb object at 0x7fdfc8b15270>, main=<bound method BuildVerb.main of <colcon_core.verb.build.BuildVerb object at 0x7fdfc8b15270>>, mixin_verb=('build',))
[0.612s] Level 1:colcon.colcon_core.package_discovery:discover_packages(colcon_meta) check parameters
[0.612s] Level 1:colcon.colcon_core.package_discovery:discover_packages(recursive) check parameters
[0.613s] Level 1:colcon.colcon_core.package_discovery:discover_packages(ignore) check parameters
[0.613s] Level 1:colcon.colcon_core.package_discovery:discover_packages(path) check parameters
[0.613s] Level 1:colcon.colcon_core.package_discovery:discover_packages(colcon_meta) discover
[0.613s] Level 1:colcon.colcon_core.package_discovery:discover_packages(recursive) discover
[0.613s] INFO:colcon.colcon_core.package_discovery:Crawling recursively for packages in '/home/user/difrobot_ws'
[0.613s] Level 1:colcon.colcon_core.package_identification:_identify(.) by extensions ['ignore', 'ignore_ament_install']
[0.613s] Level 1:colcon.colcon_core.package_identification:_identify(.) by extension 'ignore'
[0.613s] Level 1:colcon.colcon_core.package_identification:_identify(.) by extension 'ignore_ament_install'
[0.614s] Level 1:colcon.colcon_core.package_identification:_identify(.) by extensions ['colcon_pkg']
[0.614s] Level 1:colcon.colcon_core.package_identification:_identify(.) by extension 'colcon_pkg'
[0.614s] Level 1:colcon.colcon_core.package_identification:_identify(.) by extensions ['colcon_meta']
[0.614s] Level 1:colcon.colcon_core.package_identification:_identify(.) by extension 'colcon_meta'
[0.614s] Level 1:colcon.colcon_core.package_identification:_identify(.) by extensions ['ros']
[0.614s] Level 1:colcon.colcon_core.package_identification:_identify(.) by extension 'ros'
[0.644s] Level 1:colcon.colcon_core.package_identification:_identify(.) by extensions ['cmake', 'python']
[0.645s] Level 1:colcon.colcon_core.package_identification:_identify(.) by extension 'cmake'
[0.645s] Level 1:colcon.colcon_core.package_identification:_identify(.) by extension 'python'
[0.645s] Level 1:colcon.colcon_core.package_identification:_identify(.) by extensions ['python_setup_py']
[0.645s] Level 1:colcon.colcon_core.package_identification:_identify(.) by extension 'python_setup_py'
[0.645s] Level 1:colcon.colcon_core.package_identification:_identify(build) by extensions ['ignore', 'ignore_ament_install']
[0.646s] Level 1:colcon.colcon_core.package_identification:_identify(build) by extension 'ignore'
[0.646s] Level 1:colcon.colcon_core.package_identification:_identify(build) ignored
[0.646s] Level 1:colcon.colcon_core.package_identification:_identify(install) by extensions ['ignore', 'ignore_ament_install']
[0.647s] Level 1:colcon.colcon_core.package_identification:_identify(install) by extension 'ignore'
[0.647s] Level 1:colcon.colcon_core.package_identification:_identify(install) ignored
[0.648s] Level 1:colcon.colcon_core.package_identification:_identify(log) by extensions ['ignore', 'ignore_ament_install']
[0.648s] Level 1:colcon.colcon_core.package_identification:_identify(log) by extension 'ignore'
[0.648s] Level 1:colcon.colcon_core.package_identification:_identify(log) ignored
[0.648s] Level 1:colcon.colcon_core.package_identification:_identify(src) by extensions ['ignore', 'ignore_ament_install']
[0.649s] Level 1:colcon.colcon_core.package_identification:_identify(src) by extension 'ignore'
[0.649s] Level 1:colcon.colcon_core.package_identification:_identify(src) by extension 'ignore_ament_install'
[0.649s] Level 1:colcon.colcon_core.package_identification:_identify(src) by extensions ['colcon_pkg']
[0.649s] Level 1:colcon.colcon_core.package_identification:_identify(src) by extension 'colcon_pkg'
[0.649s] Level 1:colcon.colcon_core.package_identification:_identify(src) by extensions ['colcon_meta']
[0.650s] Level 1:colcon.colcon_core.package_identification:_identify(src) by extension 'colcon_meta'
[0.650s] Level 1:colcon.colcon_core.package_identification:_identify(src) by extensions ['ros']
[0.650s] Level 1:colcon.colcon_core.package_identification:_identify(src) by extension 'ros'
[0.650s] Level 1:colcon.colcon_core.package_identification:_identify(src) by extensions ['cmake', 'python']
[0.650s] Level 1:colcon.colcon_core.package_identification:_identify(src) by extension 'cmake'
[0.650s] Level 1:colcon.colcon_core.package_identification:_identify(src) by extension 'python'
[0.651s] Level 1:colcon.colcon_core.package_identification:_identify(src) by extensions ['python_setup_py']
[0.651s] Level 1:colcon.colcon_core.package_identification:_identify(src) by extension 'python_setup_py'
[0.651s] Level 1:colcon.colcon_core.package_identification:_identify(src/difrobot_controller) by extensions ['ignore', 'ignore_ament_install']
[0.651s] Level 1:colcon.colcon_core.package_identification:_identify(src/difrobot_controller) by extension 'ignore'
[0.652s] Level 1:colcon.colcon_core.package_identification:_identify(src/difrobot_controller) by extension 'ignore_ament_install'
[0.652s] Level 1:colcon.colcon_core.package_identification:_identify(src/difrobot_controller) by extensions ['colcon_pkg']
[0.652s] Level 1:colcon.colcon_core.package_identification:_identify(src/difrobot_controller) by extension 'colcon_pkg'
[0.652s] Level 1:colcon.colcon_core.package_identification:_identify(src/difrobot_controller) by extensions ['colcon_meta']
[0.652s] Level 1:colcon.colcon_core.package_identification:_identify(src/difrobot_controller) by extension 'colcon_meta'
[0.652s] Level 1:colcon.colcon_core.package_identification:_identify(src/difrobot_controller) by extensions ['ros']
[0.652s] Level 1:colcon.colcon_core.package_identification:_identify(src/difrobot_controller) by extension 'ros'
[0.659s] DEBUG:colcon.colcon_core.package_identification:Package 'src/difrobot_controller' with type 'ros.ament_cmake' and name 'difrobot_controller'
[0.660s] Level 1:colcon.colcon_core.package_identification:_identify(src/difrobot_description) by extensions ['ignore', 'ignore_ament_install']
[0.660s] Level 1:colcon.colcon_core.package_identification:_identify(src/difrobot_description) by extension 'ignore'
[0.660s] Level 1:colcon.colcon_core.package_identification:_identify(src/difrobot_description) by extension 'ignore_ament_install'
[0.660s] Level 1:colcon.colcon_core.package_identification:_identify(src/difrobot_description) by extensions ['colcon_pkg']
[0.660s] Level 1:colcon.colcon_core.package_identification:_identify(src/difrobot_description) by extension 'colcon_pkg'
[0.660s] Level 1:colcon.colcon_core.package_identification:_identify(src/difrobot_description) by extensions ['colcon_meta']
[0.661s] Level 1:colcon.colcon_core.package_identification:_identify(src/difrobot_description) by extension 'colcon_meta'
[0.661s] Level 1:colcon.colcon_core.package_identification:_identify(src/difrobot_description) by extensions ['ros']
[0.661s] Level 1:colcon.colcon_core.package_identification:_identify(src/difrobot_description) by extension 'ros'
[0.663s] DEBUG:colcon.colcon_core.package_identification:Package 'src/difrobot_description' with type 'ros.ament_cmake' and name 'difrobot_description'
[0.663s] Level 1:colcon.colcon_core.package_identification:_identify(src/difrobot_msgs) by extensions ['ignore', 'ignore_ament_install']
[0.663s] Level 1:colcon.colcon_core.package_identification:_identify(src/difrobot_msgs) by extension 'ignore'
[0.663s] Level 1:colcon.colcon_core.package_identification:_identify(src/difrobot_msgs) by extension 'ignore_ament_install'
[0.664s] Level 1:colcon.colcon_core.package_identification:_identify(src/difrobot_msgs) by extensions ['colcon_pkg']
[0.664s] Level 1:colcon.colcon_core.package_identification:_identify(src/difrobot_msgs) by extension 'colcon_pkg'
[0.664s] Level 1:colcon.colcon_core.package_identification:_identify(src/difrobot_msgs) by extensions ['colcon_meta']
[0.664s] Level 1:colcon.colcon_core.package_identification:_identify(src/difrobot_msgs) by extension 'colcon_meta'
[0.664s] Level 1:colcon.colcon_core.package_identification:_identify(src/difrobot_msgs) by extensions ['ros']
[0.664s] Level 1:colcon.colcon_core.package_identification:_identify(src/difrobot_msgs) by extension 'ros'
[0.667s] DEBUG:colcon.colcon_core.package_identification:Package 'src/difrobot_msgs' with type 'ros.ament_cmake' and name 'difrobot_msgs'
[0.667s] Level 1:colcon.colcon_core.package_identification:_identify(src/difrobot_py_examples) by extensions ['ignore', 'ignore_ament_install']
[0.667s] Level 1:colcon.colcon_core.package_identification:_identify(src/difrobot_py_examples) by extension 'ignore'
[0.668s] Level 1:colcon.colcon_core.package_identification:_identify(src/difrobot_py_examples) by extension 'ignore_ament_install'
[0.668s] Level 1:colcon.colcon_core.package_identification:_identify(src/difrobot_py_examples) by extensions ['colcon_pkg']
[0.668s] Level 1:colcon.colcon_core.package_identification:_identify(src/difrobot_py_examples) by extension 'colcon_pkg'
[0.668s] Level 1:colcon.colcon_core.package_identification:_identify(src/difrobot_py_examples) by extensions ['colcon_meta']
[0.668s] Level 1:colcon.colcon_core.package_identification:_identify(src/difrobot_py_examples) by extension 'colcon_meta'
[0.668s] Level 1:colcon.colcon_core.package_identification:_identify(src/difrobot_py_examples) by extensions ['ros']
[0.669s] Level 1:colcon.colcon_core.package_identification:_identify(src/difrobot_py_examples) by extension 'ros'
[0.674s] DEBUG:colcon.colcon_core.package_identification:Package 'src/difrobot_py_examples' with type 'ros.ament_python' and name 'difrobot_py_examples'
[0.674s] Level 1:colcon.colcon_core.package_discovery:discover_packages(recursive) using defaults
[0.674s] Level 1:colcon.colcon_core.package_discovery:discover_packages(ignore) discover
[0.674s] Level 1:colcon.colcon_core.package_discovery:discover_packages(ignore) using defaults
[0.674s] Level 1:colcon.colcon_core.package_discovery:discover_packages(path) discover
[0.674s] Level 1:colcon.colcon_core.package_discovery:discover_packages(path) using defaults
[0.719s] Level 5:colcon.colcon_core.verb:set package 'difrobot_controller' build argument 'cmake_args' from command line to 'None'
[0.719s] Level 5:colcon.colcon_core.verb:set package 'difrobot_controller' build argument 'cmake_target' from command line to 'None'
[0.719s] Level 5:colcon.colcon_core.verb:set package 'difrobot_controller' build argument 'cmake_target_skip_unavailable' from command line to 'False'
[0.720s] Level 5:colcon.colcon_core.verb:set package 'difrobot_controller' build argument 'cmake_clean_cache' from command line to 'False'
[0.720s] Level 5:colcon.colcon_core.verb:set package 'difrobot_controller' build argument 'cmake_clean_first' from command line to 'False'
[0.720s] Level 5:colcon.colcon_core.verb:set package 'difrobot_controller' build argument 'cmake_force_configure' from command line to 'False'
[0.720s] Level 5:colcon.colcon_core.verb:set package 'difrobot_controller' build argument 'ament_cmake_args' from command line to 'None'
[0.720s] Level 5:colcon.colcon_core.verb:set package 'difrobot_controller' build argument 'catkin_cmake_args' from command line to 'None'
[0.720s] Level 5:colcon.colcon_core.verb:set package 'difrobot_controller' build argument 'catkin_skip_building_tests' from command line to 'False'
[0.720s] DEBUG:colcon.colcon_core.verb:Building package 'difrobot_controller' with the following arguments: {'ament_cmake_args': None, 'build_base': '/home/user/difrobot_ws/build/difrobot_controller', 'catkin_cmake_args': None, 'catkin_skip_building_tests': False, 'cmake_args': None, 'cmake_clean_cache': False, 'cmake_clean_first': False, 'cmake_force_configure': False, 'cmake_target': None, 'cmake_target_skip_unavailable': False, 'install_base': '/home/user/difrobot_ws/install/difrobot_controller', 'merge_install': False, 'path': '/home/user/difrobot_ws/src/difrobot_controller', 'symlink_install': False, 'test_result_base': None}
[0.721s] Level 5:colcon.colcon_core.verb:set package 'difrobot_description' build argument 'cmake_args' from command line to 'None'
[0.721s] Level 5:colcon.colcon_core.verb:set package 'difrobot_description' build argument 'cmake_target' from command line to 'None'
[0.721s] Level 5:colcon.colcon_core.verb:set package 'difrobot_description' build argument 'cmake_target_skip_unavailable' from command line to 'False'
[0.721s] Level 5:colcon.colcon_core.verb:set package 'difrobot_description' build argument 'cmake_clean_cache' from command line to 'False'
[0.721s] Level 5:colcon.colcon_core.verb:set package 'difrobot_description' build argument 'cmake_clean_first' from command line to 'False'
[0.721s] Level 5:colcon.colcon_core.verb:set package 'difrobot_description' build argument 'cmake_force_configure' from command line to 'False'
[0.721s] Level 5:colcon.colcon_core.verb:set package 'difrobot_description' build argument 'ament_cmake_args' from command line to 'None'
[0.721s] Level 5:colcon.colcon_core.verb:set package 'difrobot_description' build argument 'catkin_cmake_args' from command line to 'None'
[0.721s] Level 5:colcon.colcon_core.verb:set package 'difrobot_description' build argument 'catkin_skip_building_tests' from command line to 'False'
[0.722s] DEBUG:colcon.colcon_core.verb:Building package 'difrobot_description' with the following arguments: {'ament_cmake_args': None, 'build_base': '/home/user/difrobot_ws/build/difrobot_description', 'catkin_cmake_args': None, 'catkin_skip_building_tests': False, 'cmake_args': None, 'cmake_clean_cache': False, 'cmake_clean_first': False, 'cmake_force_configure': False, 'cmake_target': None, 'cmake_target_skip_unavailable': False, 'install_base': '/home/user/difrobot_ws/install/difrobot_description', 'merge_install': False, 'path': '/home/user/difrobot_ws/src/difrobot_description', 'symlink_install': False, 'test_result_base': None}
[0.722s] Level 5:colcon.colcon_core.verb:set package 'difrobot_msgs' build argument 'cmake_args' from command line to 'None'
[0.723s] Level 5:colcon.colcon_core.verb:set package 'difrobot_msgs' build argument 'cmake_target' from command line to 'None'
[0.723s] Level 5:colcon.colcon_core.verb:set package 'difrobot_msgs' build argument 'cmake_target_skip_unavailable' from command line to 'False'
[0.723s] Level 5:colcon.colcon_core.verb:set package 'difrobot_msgs' build argument 'cmake_clean_cache' from command line to 'False'
[0.723s] Level 5:colcon.colcon_core.verb:set package 'difrobot_msgs' build argument 'cmake_clean_first' from command line to 'False'
[0.723s] Level 5:colcon.colcon_core.verb:set package 'difrobot_msgs' build argument 'cmake_force_configure' from command line to 'False'
[0.723s] Level 5:colcon.colcon_core.verb:set package 'difrobot_msgs' build argument 'ament_cmake_args' from command line to 'None'
[0.723s] Level 5:colcon.colcon_core.verb:set package 'difrobot_msgs' build argument 'catkin_cmake_args' from command line to 'None'
[0.723s] Level 5:colcon.colcon_core.verb:set package 'difrobot_msgs' build argument 'catkin_skip_building_tests' from command line to 'False'
[0.723s] DEBUG:colcon.colcon_core.verb:Building package 'difrobot_msgs' with the following arguments: {'ament_cmake_args': None, 'build_base': '/home/user/difrobot_ws/build/difrobot_msgs', 'catkin_cmake_args': None, 'catkin_skip_building_tests': False, 'cmake_args': None, 'cmake_clean_cache': False, 'cmake_clean_first': False, 'cmake_force_configure': False, 'cmake_target': None, 'cmake_target_skip_unavailable': False, 'install_base': '/home/user/difrobot_ws/install/difrobot_msgs', 'merge_install': False, 'path': '/home/user/difrobot_ws/src/difrobot_msgs', 'symlink_install': False, 'test_result_base': None}
[0.724s] Level 5:colcon.colcon_core.verb:set package 'difrobot_py_examples' build argument 'cmake_args' from command line to 'None'
[0.724s] Level 5:colcon.colcon_core.verb:set package 'difrobot_py_examples' build argument 'cmake_target' from command line to 'None'
[0.725s] Level 5:colcon.colcon_core.verb:set package 'difrobot_py_examples' build argument 'cmake_target_skip_unavailable' from command line to 'False'
[0.725s] Level 5:colcon.colcon_core.verb:set package 'difrobot_py_examples' build argument 'cmake_clean_cache' from command line to 'False'
[0.725s] Level 5:colcon.colcon_core.verb:set package 'difrobot_py_examples' build argument 'cmake_clean_first' from command line to 'False'
[0.725s] Level 5:colcon.colcon_core.verb:set package 'difrobot_py_examples' build argument 'cmake_force_configure' from command line to 'False'
[0.725s] Level 5:colcon.colcon_core.verb:set package 'difrobot_py_examples' build argument 'ament_cmake_args' from command line to 'None'
[0.725s] Level 5:colcon.colcon_core.verb:set package 'difrobot_py_examples' build argument 'catkin_cmake_args' from command line to 'None'
[0.725s] Level 5:colcon.colcon_core.verb:set package 'difrobot_py_examples' build argument 'catkin_skip_building_tests' from command line to 'False'
[0.725s] DEBUG:colcon.colcon_core.verb:Building package 'difrobot_py_examples' with the following arguments: {'ament_cmake_args': None, 'build_base': '/home/user/difrobot_ws/build/difrobot_py_examples', 'catkin_cmake_args': None, 'catkin_skip_building_tests': False, 'cmake_args': None, 'cmake_clean_cache': False, 'cmake_clean_first': False, 'cmake_force_configure': False, 'cmake_target': None, 'cmake_target_skip_unavailable': False, 'install_base': '/home/user/difrobot_ws/install/difrobot_py_examples', 'merge_install': False, 'path': '/home/user/difrobot_ws/src/difrobot_py_examples', 'symlink_install': False, 'test_result_base': None}
[0.725s] INFO:colcon.colcon_core.executor:Executing jobs using 'parallel' executor
[0.727s] DEBUG:colcon.colcon_parallel_executor.executor.parallel:run_until_complete
[0.729s] INFO:colcon.colcon_ros.task.ament_cmake.build:Building ROS package in '/home/user/difrobot_ws/src/difrobot_msgs' with build type 'ament_cmake'
[0.729s] INFO:colcon.colcon_cmake.task.cmake.build:Building CMake package in '/home/user/difrobot_ws/src/difrobot_msgs'
[0.734s] INFO:colcon.colcon_core.plugin_system:Skipping extension 'colcon_core.shell.bat': Not used on non-Windows systems
[0.734s] INFO:colcon.colcon_core.shell:Skip shell extension 'powershell' for command environment: Not usable outside of PowerShell
[0.735s] DEBUG:colcon.colcon_core.shell:Skip shell extension 'dsv' for command environment
[0.744s] INFO:colcon.colcon_ros.task.ament_cmake.build:Building ROS package in '/home/user/difrobot_ws/src/difrobot_controller' with build type 'ament_cmake'
[0.745s] INFO:colcon.colcon_cmake.task.cmake.build:Building CMake package in '/home/user/difrobot_ws/src/difrobot_controller'
[0.745s] INFO:colcon.colcon_core.shell:Skip shell extension 'powershell' for command environment: Not usable outside of PowerShell
[0.746s] DEBUG:colcon.colcon_core.shell:Skip shell extension 'dsv' for command environment
[0.753s] INFO:colcon.colcon_ros.task.ament_cmake.build:Building ROS package in '/home/user/difrobot_ws/src/difrobot_description' with build type 'ament_cmake'
[0.753s] INFO:colcon.colcon_cmake.task.cmake.build:Building CMake package in '/home/user/difrobot_ws/src/difrobot_description'
[0.754s] INFO:colcon.colcon_core.shell:Skip shell extension 'powershell' for command environment: Not usable outside of PowerShell
[0.754s] DEBUG:colcon.colcon_core.shell:Skip shell extension 'dsv' for command environment
[0.775s] DEBUG:colcon.colcon_core.event_handler.log_command:Invoking command in '/home/user/difrobot_ws/build/difrobot_msgs': CMAKE_PREFIX_PATH=/opt/ros/humble /usr/bin/cmake --build /home/user/difrobot_ws/build/difrobot_msgs -- -j12 -l12
[0.791s] DEBUG:colcon.colcon_core.event_handler.log_command:Invoking command in '/home/user/difrobot_ws/build/difrobot_controller': CMAKE_PREFIX_PATH=/opt/ros/humble /usr/bin/cmake --build /home/user/difrobot_ws/build/difrobot_controller -- -j12 -l12
[0.799s] DEBUG:colcon.colcon_core.event_handler.log_command:Invoking command in '/home/user/difrobot_ws/build/difrobot_description': CMAKE_PREFIX_PATH=/opt/ros/humble /usr/bin/cmake --build /home/user/difrobot_ws/build/difrobot_description -- -j12 -l12
[0.879s] DEBUG:colcon.colcon_core.event_handler.log_command:Invoked command in '/home/user/difrobot_ws/build/difrobot_description' returned '0': CMAKE_PREFIX_PATH=/opt/ros/humble /usr/bin/cmake --build /home/user/difrobot_ws/build/difrobot_description -- -j12 -l12
[0.953s] DEBUG:colcon.colcon_core.event_handler.log_command:Invoking command in '/home/user/difrobot_ws/build/difrobot_description': CMAKE_PREFIX_PATH=/opt/ros/humble /usr/bin/cmake --install /home/user/difrobot_ws/build/difrobot_description
[0.982s] Level 1:colcon.colcon_core.environment:create_environment_scripts_only(difrobot_description)
[0.998s] DEBUG:colcon.colcon_core.event_handler.log_command:Invoked command in '/home/user/difrobot_ws/build/difrobot_description' returned '0': CMAKE_PREFIX_PATH=/opt/ros/humble /usr/bin/cmake --install /home/user/difrobot_ws/build/difrobot_description
[1.002s] Level 1:colcon.colcon_core.environment:checking '/home/user/difrobot_ws/install/difrobot_description' for CMake module files
[1.004s] Level 1:colcon.colcon_core.environment:checking '/home/user/difrobot_ws/install/difrobot_description' for CMake config files
[1.005s] Level 1:colcon.colcon_core.shell:create_environment_hook('difrobot_description', 'cmake_prefix_path')
[1.005s] INFO:colcon.colcon_core.shell:Creating environment hook '/home/user/difrobot_ws/install/difrobot_description/share/difrobot_description/hook/cmake_prefix_path.ps1'
[1.008s] INFO:colcon.colcon_core.shell:Creating environment descriptor '/home/user/difrobot_ws/install/difrobot_description/share/difrobot_description/hook/cmake_prefix_path.dsv'
[1.009s] INFO:colcon.colcon_core.shell:Creating environment hook '/home/user/difrobot_ws/install/difrobot_description/share/difrobot_description/hook/cmake_prefix_path.sh'
[1.012s] Level 1:colcon.colcon_core.environment:checking '/home/user/difrobot_ws/install/difrobot_description/bin'
[1.012s] Level 1:colcon.colcon_core.environment:checking '/home/user/difrobot_ws/install/difrobot_description/lib/pkgconfig/difrobot_description.pc'
[1.016s] Level 1:colcon.colcon_core.environment:checking '/home/user/difrobot_ws/install/difrobot_description/lib/python3.10/site-packages'
[1.016s] Level 1:colcon.colcon_core.environment:checking '/home/user/difrobot_ws/install/difrobot_description/bin'
[1.017s] INFO:colcon.colcon_core.shell:Creating package script '/home/user/difrobot_ws/install/difrobot_description/share/difrobot_description/package.ps1'
[1.019s] INFO:colcon.colcon_core.shell:Creating package descriptor '/home/user/difrobot_ws/install/difrobot_description/share/difrobot_description/package.dsv'
[1.021s] INFO:colcon.colcon_core.shell:Creating package script '/home/user/difrobot_ws/install/difrobot_description/share/difrobot_description/package.sh'
[1.023s] INFO:colcon.colcon_core.shell:Creating package script '/home/user/difrobot_ws/install/difrobot_description/share/difrobot_description/package.bash'
[1.025s] INFO:colcon.colcon_core.shell:Creating package script '/home/user/difrobot_ws/install/difrobot_description/share/difrobot_description/package.zsh'
[1.027s] Level 1:colcon.colcon_core.environment:create_file_with_runtime_dependencies(/home/user/difrobot_ws/install/difrobot_description/share/colcon-core/packages/difrobot_description)
[1.076s] Level 1:colcon.colcon_core.environment:create_environment_scripts_only(difrobot_description)
[1.077s] Level 1:colcon.colcon_core.environment:checking '/home/user/difrobot_ws/install/difrobot_description' for CMake module files
[1.079s] Level 1:colcon.colcon_core.environment:checking '/home/user/difrobot_ws/install/difrobot_description' for CMake config files
[1.081s] Level 1:colcon.colcon_core.shell:create_environment_hook('difrobot_description', 'cmake_prefix_path')
[1.082s] INFO:colcon.colcon_core.shell:Creating environment hook '/home/user/difrobot_ws/install/difrobot_description/share/difrobot_description/hook/cmake_prefix_path.ps1'
[1.083s] INFO:colcon.colcon_core.shell:Creating environment descriptor '/home/user/difrobot_ws/install/difrobot_description/share/difrobot_description/hook/cmake_prefix_path.dsv'
[1.084s] INFO:colcon.colcon_core.shell:Creating environment hook '/home/user/difrobot_ws/install/difrobot_description/share/difrobot_description/hook/cmake_prefix_path.sh'
[1.085s] Level 1:colcon.colcon_core.environment:checking '/home/user/difrobot_ws/install/difrobot_description/bin'
[1.086s] Level 1:colcon.colcon_core.environment:checking '/home/user/difrobot_ws/install/difrobot_description/lib/pkgconfig/difrobot_description.pc'
[1.086s] Level 1:colcon.colcon_core.environment:checking '/home/user/difrobot_ws/install/difrobot_description/lib/python3.10/site-packages'
[1.087s] Level 1:colcon.colcon_core.environment:checking '/home/user/difrobot_ws/install/difrobot_description/bin'
[1.089s] INFO:colcon.colcon_core.shell:Creating package script '/home/user/difrobot_ws/install/difrobot_description/share/difrobot_description/package.ps1'
[1.090s] INFO:colcon.colcon_core.shell:Creating package descriptor '/home/user/difrobot_ws/install/difrobot_description/share/difrobot_description/package.dsv'
[1.092s] INFO:colcon.colcon_core.shell:Creating package script '/home/user/difrobot_ws/install/difrobot_description/share/difrobot_description/package.sh'
[1.094s] INFO:colcon.colcon_core.shell:Creating package script '/home/user/difrobot_ws/install/difrobot_description/share/difrobot_description/package.bash'
[1.095s] INFO:colcon.colcon_core.shell:Creating package script '/home/user/difrobot_ws/install/difrobot_description/share/difrobot_description/package.zsh'
[1.096s] Level 1:colcon.colcon_core.environment:create_file_with_runtime_dependencies(/home/user/difrobot_ws/install/difrobot_description/share/colcon-core/packages/difrobot_description)
[1.602s] DEBUG:colcon.colcon_core.event_handler.log_command:Invoked command in '/home/user/difrobot_ws/build/difrobot_controller' returned '0': CMAKE_PREFIX_PATH=/opt/ros/humble /usr/bin/cmake --build /home/user/difrobot_ws/build/difrobot_controller -- -j12 -l12
[1.661s] DEBUG:colcon.colcon_core.event_handler.log_command:Invoking command in '/home/user/difrobot_ws/build/difrobot_controller': CMAKE_PREFIX_PATH=/opt/ros/humble /usr/bin/cmake --install /home/user/difrobot_ws/build/difrobot_controller
[1.737s] DEBUG:colcon.colcon_core.event_handler.log_command:Invoked command in '/home/user/difrobot_ws/build/difrobot_msgs' returned '2': CMAKE_PREFIX_PATH=/opt/ros/humble /usr/bin/cmake --build /home/user/difrobot_ws/build/difrobot_msgs -- -j12 -l12
[1.768s] Level 1:colcon.colcon_core.environment:create_environment_scripts_only(difrobot_controller)
[1.769s] Level 1:colcon.colcon_core.environment:checking '/home/user/difrobot_ws/install/difrobot_controller' for CMake module files
[1.773s] DEBUG:colcon.colcon_core.event_handler.log_command:Invoked command in '/home/user/difrobot_ws/build/difrobot_controller' returned '0': CMAKE_PREFIX_PATH=/opt/ros/humble /usr/bin/cmake --install /home/user/difrobot_ws/build/difrobot_controller
[1.774s] Level 1:colcon.colcon_core.environment:checking '/home/user/difrobot_ws/install/difrobot_controller' for CMake config files
[1.775s] Level 1:colcon.colcon_core.shell:create_environment_hook('difrobot_controller', 'cmake_prefix_path')
[1.776s] INFO:colcon.colcon_core.shell:Creating environment hook '/home/user/difrobot_ws/install/difrobot_controller/share/difrobot_controller/hook/cmake_prefix_path.ps1'
[1.777s] INFO:colcon.colcon_core.shell:Creating environment descriptor '/home/user/difrobot_ws/install/difrobot_controller/share/difrobot_controller/hook/cmake_prefix_path.dsv'
[1.778s] INFO:colcon.colcon_core.shell:Creating environment hook '/home/user/difrobot_ws/install/difrobot_controller/share/difrobot_controller/hook/cmake_prefix_path.sh'
[1.780s] Level 1:colcon.colcon_core.environment:checking '/home/user/difrobot_ws/install/difrobot_controller/lib'
[1.780s] Level 1:colcon.colcon_core.environment:checking '/home/user/difrobot_ws/install/difrobot_controller/bin'
[1.781s] Level 1:colcon.colcon_core.environment:checking '/home/user/difrobot_ws/install/difrobot_controller/lib/pkgconfig/difrobot_controller.pc'
[1.781s] Level 1:colcon.colcon_core.environment:checking '/home/user/difrobot_ws/install/difrobot_controller/lib/python3.10/site-packages'
[1.782s] Level 1:colcon.colcon_core.environment:checking '/home/user/difrobot_ws/install/difrobot_controller/bin'
[1.783s] INFO:colcon.colcon_core.shell:Creating package script '/home/user/difrobot_ws/install/difrobot_controller/share/difrobot_controller/package.ps1'
[1.785s] INFO:colcon.colcon_core.shell:Creating package descriptor '/home/user/difrobot_ws/install/difrobot_controller/share/difrobot_controller/package.dsv'
[1.786s] INFO:colcon.colcon_core.shell:Creating package script '/home/user/difrobot_ws/install/difrobot_controller/share/difrobot_controller/package.sh'
[1.786s] INFO:colcon.colcon_core.shell:Creating package script '/home/user/difrobot_ws/install/difrobot_controller/share/difrobot_controller/package.bash'
[1.787s] INFO:colcon.colcon_core.shell:Creating package script '/home/user/difrobot_ws/install/difrobot_controller/share/difrobot_controller/package.zsh'
[1.788s] Level 1:colcon.colcon_core.environment:create_file_with_runtime_dependencies(/home/user/difrobot_ws/install/difrobot_controller/share/colcon-core/packages/difrobot_controller)
[1.844s] Level 1:colcon.colcon_core.environment:create_environment_scripts_only(difrobot_controller)
[1.845s] Level 1:colcon.colcon_core.environment:checking '/home/user/difrobot_ws/install/difrobot_controller' for CMake module files
[1.846s] Level 1:colcon.colcon_core.environment:checking '/home/user/difrobot_ws/install/difrobot_controller' for CMake config files
[1.847s] Level 1:colcon.colcon_core.shell:create_environment_hook('difrobot_controller', 'cmake_prefix_path')
[1.848s] INFO:colcon.colcon_core.shell:Creating environment hook '/home/user/difrobot_ws/install/difrobot_controller/share/difrobot_controller/hook/cmake_prefix_path.ps1'
[1.848s] INFO:colcon.colcon_core.shell:Creating environment descriptor '/home/user/difrobot_ws/install/difrobot_controller/share/difrobot_controller/hook/cmake_prefix_path.dsv'
[1.849s] INFO:colcon.colcon_core.shell:Creating environment hook '/home/user/difrobot_ws/install/difrobot_controller/share/difrobot_controller/hook/cmake_prefix_path.sh'
[1.850s] Level 1:colcon.colcon_core.environment:checking '/home/user/difrobot_ws/install/difrobot_controller/lib'
[1.850s] Level 1:colcon.colcon_core.environment:checking '/home/user/difrobot_ws/install/difrobot_controller/bin'
[1.851s] Level 1:colcon.colcon_core.environment:checking '/home/user/difrobot_ws/install/difrobot_controller/lib/pkgconfig/difrobot_controller.pc'
[1.851s] Level 1:colcon.colcon_core.environment:checking '/home/user/difrobot_ws/install/difrobot_controller/lib/python3.10/site-packages'
[1.852s] Level 1:colcon.colcon_core.environment:checking '/home/user/difrobot_ws/install/difrobot_controller/bin'
[1.852s] INFO:colcon.colcon_core.shell:Creating package script '/home/user/difrobot_ws/install/difrobot_controller/share/difrobot_controller/package.ps1'
[1.854s] INFO:colcon.colcon_core.shell:Creating package descriptor '/home/user/difrobot_ws/install/difrobot_controller/share/difrobot_controller/package.dsv'
[1.854s] INFO:colcon.colcon_core.shell:Creating package script '/home/user/difrobot_ws/install/difrobot_controller/share/difrobot_controller/package.sh'
[1.855s] INFO:colcon.colcon_core.shell:Creating package script '/home/user/difrobot_ws/install/difrobot_controller/share/difrobot_controller/package.bash'
[1.857s] INFO:colcon.colcon_core.shell:Creating package script '/home/user/difrobot_ws/install/difrobot_controller/share/difrobot_controller/package.zsh'
[1.858s] Level 1:colcon.colcon_core.environment:create_file_with_runtime_dependencies(/home/user/difrobot_ws/install/difrobot_controller/share/colcon-core/packages/difrobot_controller)
[1.867s] Level 1:colcon.colcon_core.environment:create_environment_scripts_only(difrobot_msgs)
[1.868s] Level 1:colcon.colcon_core.environment:checking '/home/user/difrobot_ws/install/difrobot_msgs' for CMake module files
[1.870s] Level 1:colcon.colcon_core.environment:checking '/home/user/difrobot_ws/install/difrobot_msgs' for CMake config files
[1.871s] Level 1:colcon.colcon_core.shell:create_environment_hook('difrobot_msgs', 'cmake_prefix_path')
[1.872s] INFO:colcon.colcon_core.shell:Creating environment hook '/home/user/difrobot_ws/install/difrobot_msgs/share/difrobot_msgs/hook/cmake_prefix_path.ps1'
[1.873s] INFO:colcon.colcon_core.shell:Creating environment descriptor '/home/user/difrobot_ws/install/difrobot_msgs/share/difrobot_msgs/hook/cmake_prefix_path.dsv'
[1.874s] INFO:colcon.colcon_core.shell:Creating environment hook '/home/user/difrobot_ws/install/difrobot_msgs/share/difrobot_msgs/hook/cmake_prefix_path.sh'
[1.875s] Level 1:colcon.colcon_core.environment:checking '/home/user/difrobot_ws/install/difrobot_msgs/lib'
[1.875s] Level 1:colcon.colcon_core.shell:create_environment_hook('difrobot_msgs', 'ld_library_path_lib')
[1.876s] INFO:colcon.colcon_core.shell:Creating environment hook '/home/user/difrobot_ws/install/difrobot_msgs/share/difrobot_msgs/hook/ld_library_path_lib.ps1'
[1.876s] INFO:colcon.colcon_core.shell:Creating environment descriptor '/home/user/difrobot_ws/install/difrobot_msgs/share/difrobot_msgs/hook/ld_library_path_lib.dsv'
[1.877s] INFO:colcon.colcon_core.shell:Creating environment hook '/home/user/difrobot_ws/install/difrobot_msgs/share/difrobot_msgs/hook/ld_library_path_lib.sh'
[1.878s] Level 1:colcon.colcon_core.environment:checking '/home/user/difrobot_ws/install/difrobot_msgs/bin'
[1.878s] Level 1:colcon.colcon_core.environment:checking '/home/user/difrobot_ws/install/difrobot_msgs/lib/pkgconfig/difrobot_msgs.pc'
[1.878s] Level 1:colcon.colcon_core.environment:checking '/home/user/difrobot_ws/install/difrobot_msgs/lib/python3.10/site-packages'
[1.879s] Level 1:colcon.colcon_core.environment:checking '/home/user/difrobot_ws/install/difrobot_msgs/bin'
[1.880s] INFO:colcon.colcon_core.shell:Creating package script '/home/user/difrobot_ws/install/difrobot_msgs/share/difrobot_msgs/package.ps1'
[1.881s] INFO:colcon.colcon_core.shell:Creating package descriptor '/home/user/difrobot_ws/install/difrobot_msgs/share/difrobot_msgs/package.dsv'
[1.882s] INFO:colcon.colcon_core.shell:Creating package script '/home/user/difrobot_ws/install/difrobot_msgs/share/difrobot_msgs/package.sh'
[1.884s] INFO:colcon.colcon_core.shell:Creating package script '/home/user/difrobot_ws/install/difrobot_msgs/share/difrobot_msgs/package.bash'
[1.884s] INFO:colcon.colcon_core.shell:Creating package script '/home/user/difrobot_ws/install/difrobot_msgs/share/difrobot_msgs/package.zsh'
[1.885s] Level 1:colcon.colcon_core.environment:create_file_with_runtime_dependencies(/home/user/difrobot_ws/install/difrobot_msgs/share/colcon-core/packages/difrobot_msgs)
[1.887s] DEBUG:colcon.colcon_parallel_executor.executor.parallel:closing loop
[1.888s] DEBUG:colcon.colcon_parallel_executor.executor.parallel:loop closed
[1.888s] DEBUG:colcon.colcon_parallel_executor.executor.parallel:run_until_complete finished with '2'
[1.889s] DEBUG:colcon.colcon_core.event_reactor:joining thread
[1.900s] INFO:colcon.colcon_core.plugin_system:Skipping extension 'colcon_notification.desktop_notification.notify_send': Could not find 'notify-send'
[1.901s] INFO:colcon.colcon_core.plugin_system:Skipping extension 'colcon_notification.desktop_notification.terminal_notifier': Not used on non-Darwin systems
[1.901s] INFO:colcon.colcon_core.plugin_system:Skipping extension 'colcon_notification.desktop_notification.win32': Not used on non-Windows systems
[1.901s] INFO:colcon.colcon_notification.desktop_notification:Sending desktop notification using 'notify2'
[1.904s] DEBUG:colcon.colcon_notification.desktop_notification.notify2:Failed to initialize notify2: org.freedesktop.DBus.Error.Spawn.ExecFailed: /usr/bin/dbus-launch terminated abnormally without any error message
[1.904s] DEBUG:colcon.colcon_core.event_reactor:joined thread
[1.906s] INFO:colcon.colcon_core.shell:Creating prefix script '/home/user/difrobot_ws/install/local_setup.ps1'
[1.909s] INFO:colcon.colcon_core.shell:Creating prefix util module '/home/user/difrobot_ws/install/_local_setup_util_ps1.py'
[1.912s] INFO:colcon.colcon_core.shell:Creating prefix chain script '/home/user/difrobot_ws/install/setup.ps1'
[1.915s] INFO:colcon.colcon_core.shell:Creating prefix script '/home/user/difrobot_ws/install/local_setup.sh'
[1.916s] INFO:colcon.colcon_core.shell:Creating prefix util module '/home/user/difrobot_ws/install/_local_setup_util_sh.py'
[1.917s] INFO:colcon.colcon_core.shell:Creating prefix chain script '/home/user/difrobot_ws/install/setup.sh'
[1.920s] INFO:colcon.colcon_core.shell:Creating prefix script '/home/user/difrobot_ws/install/local_setup.bash'
[1.921s] INFO:colcon.colcon_core.shell:Creating prefix chain script '/home/user/difrobot_ws/install/setup.bash'
[1.924s] INFO:colcon.colcon_core.shell:Creating prefix script '/home/user/difrobot_ws/install/local_setup.zsh'
[1.925s] INFO:colcon.colcon_core.shell:Creating prefix chain script '/home/user/difrobot_ws/install/setup.zsh'
