[0.061s] Invoking command in '/home/user/difrobot_ws/build/difrobot_controller': CMAKE_PREFIX_PATH=${CMAKE_PREFIX_PATH}:/home/user/difrobot_ws/install/difrobot_py_examples:/opt/ros/humble /usr/bin/cmake --build /home/user/difrobot_ws/build/difrobot_controller -- -j12 -l12
[0.235s] [  0%] Built target ament_cmake_python_copy_difrobot_controller
[0.241s] [100%] Built target simple_controller
[0.984s] running egg_info
[0.986s] writing difrobot_controller.egg-info/PKG-INFO
[0.987s] writing dependency_links to difrobot_controller.egg-info/dependency_links.txt
[0.988s] writing top-level names to difrobot_controller.egg-info/top_level.txt
[0.992s] reading manifest file 'difrobot_controller.egg-info/SOURCES.txt'
[0.994s] writing manifest file 'difrobot_controller.egg-info/SOURCES.txt'
[1.050s] [100%] Built target ament_cmake_python_build_difrobot_controller_egg
[1.072s] Invoked command in '/home/user/difrobot_ws/build/difrobot_controller' returned '0': CMAKE_PREFIX_PATH=${CMAKE_PREFIX_PATH}:/home/user/difrobot_ws/install/difrobot_py_examples:/opt/ros/humble /usr/bin/cmake --build /home/user/difrobot_ws/build/difrobot_controller -- -j12 -l12
[1.132s] Invoking command in '/home/user/difrobot_ws/build/difrobot_controller': CMAKE_PREFIX_PATH=${CMAKE_PREFIX_PATH}:/home/user/difrobot_ws/install/difrobot_py_examples:/opt/ros/humble /usr/bin/cmake --install /home/user/difrobot_ws/build/difrobot_controller
[1.146s] -- Install configuration: ""
[1.147s] -- Up-to-date: /home/user/difrobot_ws/install/difrobot_controller/share/difrobot_controller/environment/pythonpath.sh
[1.148s] -- Up-to-date: /home/user/difrobot_ws/install/difrobot_controller/share/difrobot_controller/environment/pythonpath.dsv
[1.148s] -- Up-to-date: /home/user/difrobot_ws/install/difrobot_controller/local/lib/python3.10/dist-packages/difrobot_controller-0.0.0-py3.10.egg-info
[1.148s] -- Installing: /home/user/difrobot_ws/install/difrobot_controller/local/lib/python3.10/dist-packages/difrobot_controller-0.0.0-py3.10.egg-info/PKG-INFO
[1.149s] -- Installing: /home/user/difrobot_ws/install/difrobot_controller/local/lib/python3.10/dist-packages/difrobot_controller-0.0.0-py3.10.egg-info/dependency_links.txt
[1.149s] -- Installing: /home/user/difrobot_ws/install/difrobot_controller/local/lib/python3.10/dist-packages/difrobot_controller-0.0.0-py3.10.egg-info/SOURCES.txt
[1.150s] -- Installing: /home/user/difrobot_ws/install/difrobot_controller/local/lib/python3.10/dist-packages/difrobot_controller-0.0.0-py3.10.egg-info/top_level.txt
[1.151s] -- Up-to-date: /home/user/difrobot_ws/install/difrobot_controller/local/lib/python3.10/dist-packages/difrobot_controller
[1.152s] -- Up-to-date: /home/user/difrobot_ws/install/difrobot_controller/local/lib/python3.10/dist-packages/difrobot_controller/simple_controller.py
[1.153s] -- Up-to-date: /home/user/difrobot_ws/install/difrobot_controller/local/lib/python3.10/dist-packages/difrobot_controller/__init__.py
[1.236s] Listing '/home/user/difrobot_ws/install/difrobot_controller/local/lib/python3.10/dist-packages/difrobot_controller'...
[1.247s] -- Up-to-date: /home/user/difrobot_ws/install/difrobot_controller/include/include
[1.248s] -- Up-to-date: /home/user/difrobot_ws/install/difrobot_controller/include/include/difrobot_controller
[1.249s] -- Up-to-date: /home/user/difrobot_ws/install/difrobot_controller/include/include/difrobot_controller/simple_controller.hpp
[1.249s] -- Up-to-date: /home/user/difrobot_ws/install/difrobot_controller/lib/difrobot_controller/simple_controller
[1.250s] -- Up-to-date: /home/user/difrobot_ws/install/difrobot_controller/share/difrobot_controller/launch
[1.250s] -- Up-to-date: /home/user/difrobot_ws/install/difrobot_controller/share/difrobot_controller/launch/controller.launch.py
[1.251s] -- Up-to-date: /home/user/difrobot_ws/install/difrobot_controller/share/difrobot_controller/config
[1.251s] -- Up-to-date: /home/user/difrobot_ws/install/difrobot_controller/share/difrobot_controller/config/difrobot_controllers.yaml
[1.252s] -- Up-to-date: /home/user/difrobot_ws/install/difrobot_controller/lib/difrobot_controller/simple_controller.py
[1.252s] -- Up-to-date: /home/user/difrobot_ws/install/difrobot_controller/share/ament_index/resource_index/package_run_dependencies/difrobot_controller
[1.253s] -- Up-to-date: /home/user/difrobot_ws/install/difrobot_controller/share/ament_index/resource_index/parent_prefix_path/difrobot_controller
[1.254s] -- Up-to-date: /home/user/difrobot_ws/install/difrobot_controller/share/difrobot_controller/environment/ament_prefix_path.sh
[1.254s] -- Up-to-date: /home/user/difrobot_ws/install/difrobot_controller/share/difrobot_controller/environment/ament_prefix_path.dsv
[1.254s] -- Up-to-date: /home/user/difrobot_ws/install/difrobot_controller/share/difrobot_controller/environment/path.sh
[1.254s] -- Up-to-date: /home/user/difrobot_ws/install/difrobot_controller/share/difrobot_controller/environment/path.dsv
[1.254s] -- Up-to-date: /home/user/difrobot_ws/install/difrobot_controller/share/difrobot_controller/local_setup.bash
[1.255s] -- Up-to-date: /home/user/difrobot_ws/install/difrobot_controller/share/difrobot_controller/local_setup.sh
[1.255s] -- Up-to-date: /home/user/difrobot_ws/install/difrobot_controller/share/difrobot_controller/local_setup.zsh
[1.255s] -- Up-to-date: /home/user/difrobot_ws/install/difrobot_controller/share/difrobot_controller/local_setup.dsv
[1.255s] -- Installing: /home/user/difrobot_ws/install/difrobot_controller/share/difrobot_controller/package.dsv
[1.255s] -- Up-to-date: /home/user/difrobot_ws/install/difrobot_controller/share/ament_index/resource_index/packages/difrobot_controller
[1.256s] -- Up-to-date: /home/user/difrobot_ws/install/difrobot_controller/share/difrobot_controller/cmake/difrobot_controllerConfig.cmake
[1.256s] -- Up-to-date: /home/user/difrobot_ws/install/difrobot_controller/share/difrobot_controller/cmake/difrobot_controllerConfig-version.cmake
[1.257s] -- Up-to-date: /home/user/difrobot_ws/install/difrobot_controller/share/difrobot_controller/package.xml
[1.261s] Invoked command in '/home/user/difrobot_ws/build/difrobot_controller' returned '0': CMAKE_PREFIX_PATH=${CMAKE_PREFIX_PATH}:/home/user/difrobot_ws/install/difrobot_py_examples:/opt/ros/humble /usr/bin/cmake --install /home/user/difrobot_ws/build/difrobot_controller
