[0.467s] DEBUG:colcon:Command line arguments: ['/usr/bin/colcon', 'list', '-p', '--base-paths', '/home/user/difrobot_ws']
[0.467s] DEBUG:colcon:Parsed command line arguments: Namespace(log_base=None, log_level=None, verb_name='list', build_base='build', ignore_user_meta=False, metas=['./colcon.meta'], base_paths=['/home/user/difrobot_ws'], packages_ignore=None, packages_ignore_regex=None, paths=None, packages_up_to=None, packages_up_to_regex=None, packages_above=None, packages_above_and_dependencies=None, packages_above_depth=None, packages_select_by_dep=None, packages_skip_by_dep=None, packages_skip_up_to=None, packages_select_build_failed=False, packages_skip_build_finished=False, packages_select_test_failures=False, packages_skip_test_passed=False, packages_select=None, packages_skip=None, packages_select_regex=None, packages_skip_regex=None, packages_start=None, packages_end=None, topological_order=False, names_only=False, paths_only=True, topological_graph=False, topological_graph_dot=False, topological_graph_density=False, topological_graph_legend=False, topological_graph_dot_cluster=False, topological_graph_dot_include_skipped=False, mixin_files=None, mixin=None, verb_parser=<colcon_mixin.mixin.mixin_argument.MixinArgumentDecorator object at 0x7f8ad2affe20>, verb_extension=<colcon_package_information.verb.list.ListVerb object at 0x7f8ad2afe290>, main=<bound method ListVerb.main of <colcon_package_information.verb.list.ListVerb object at 0x7f8ad2afe290>>, mixin_verb=('list',))
[1.306s] Level 1:colcon.colcon_core.package_discovery:discover_packages(colcon_meta) check parameters
[1.306s] Level 1:colcon.colcon_core.package_discovery:discover_packages(recursive) check parameters
[1.307s] Level 1:colcon.colcon_core.package_discovery:discover_packages(ignore) check parameters
[1.307s] Level 1:colcon.colcon_core.package_discovery:discover_packages(path) check parameters
[1.307s] Level 1:colcon.colcon_core.package_discovery:discover_packages(recursive) discover
[1.307s] INFO:colcon.colcon_core.package_discovery:Crawling recursively for packages in '/home/user/difrobot_ws'
[1.307s] Level 1:colcon.colcon_core.package_identification:_identify(/home/user/difrobot_ws) by extensions ['ignore', 'ignore_ament_install']
[1.308s] Level 1:colcon.colcon_core.package_identification:_identify(/home/user/difrobot_ws) by extension 'ignore'
[1.308s] Level 1:colcon.colcon_core.package_identification:_identify(/home/user/difrobot_ws) by extension 'ignore_ament_install'
[1.308s] Level 1:colcon.colcon_core.package_identification:_identify(/home/user/difrobot_ws) by extensions ['colcon_pkg']
[1.308s] Level 1:colcon.colcon_core.package_identification:_identify(/home/user/difrobot_ws) by extension 'colcon_pkg'
[1.308s] Level 1:colcon.colcon_core.package_identification:_identify(/home/user/difrobot_ws) by extensions ['colcon_meta']
[1.308s] Level 1:colcon.colcon_core.package_identification:_identify(/home/user/difrobot_ws) by extension 'colcon_meta'
[1.309s] Level 1:colcon.colcon_core.package_identification:_identify(/home/user/difrobot_ws) by extensions ['ros']
[1.309s] Level 1:colcon.colcon_core.package_identification:_identify(/home/user/difrobot_ws) by extension 'ros'
[1.350s] Level 1:colcon.colcon_core.package_identification:_identify(/home/user/difrobot_ws) by extensions ['cmake', 'python']
[1.351s] Level 1:colcon.colcon_core.package_identification:_identify(/home/user/difrobot_ws) by extension 'cmake'
[1.351s] Level 1:colcon.colcon_core.package_identification:_identify(/home/user/difrobot_ws) by extension 'python'
[1.351s] Level 1:colcon.colcon_core.package_identification:_identify(/home/user/difrobot_ws) by extensions ['python_setup_py']
[1.351s] Level 1:colcon.colcon_core.package_identification:_identify(/home/user/difrobot_ws) by extension 'python_setup_py'
[1.352s] Level 1:colcon.colcon_core.package_identification:_identify(/home/user/difrobot_ws/build) by extensions ['ignore', 'ignore_ament_install']
[1.352s] Level 1:colcon.colcon_core.package_identification:_identify(/home/user/difrobot_ws/build) by extension 'ignore'
[1.353s] Level 1:colcon.colcon_core.package_identification:_identify(/home/user/difrobot_ws/build) ignored
[1.353s] Level 1:colcon.colcon_core.package_identification:_identify(/home/user/difrobot_ws/install) by extensions ['ignore', 'ignore_ament_install']
[1.353s] Level 1:colcon.colcon_core.package_identification:_identify(/home/user/difrobot_ws/install) by extension 'ignore'
[1.354s] Level 1:colcon.colcon_core.package_identification:_identify(/home/user/difrobot_ws/install) ignored
[1.354s] Level 1:colcon.colcon_core.package_identification:_identify(/home/user/difrobot_ws/log) by extensions ['ignore', 'ignore_ament_install']
[1.354s] Level 1:colcon.colcon_core.package_identification:_identify(/home/user/difrobot_ws/log) by extension 'ignore'
[1.354s] Level 1:colcon.colcon_core.package_identification:_identify(/home/user/difrobot_ws/log) ignored
[1.355s] Level 1:colcon.colcon_core.package_identification:_identify(/home/user/difrobot_ws/src) by extensions ['ignore', 'ignore_ament_install']
[1.355s] Level 1:colcon.colcon_core.package_identification:_identify(/home/user/difrobot_ws/src) by extension 'ignore'
[1.356s] Level 1:colcon.colcon_core.package_identification:_identify(/home/user/difrobot_ws/src) by extension 'ignore_ament_install'
[1.356s] Level 1:colcon.colcon_core.package_identification:_identify(/home/user/difrobot_ws/src) by extensions ['colcon_pkg']
[1.356s] Level 1:colcon.colcon_core.package_identification:_identify(/home/user/difrobot_ws/src) by extension 'colcon_pkg'
[1.356s] Level 1:colcon.colcon_core.package_identification:_identify(/home/user/difrobot_ws/src) by extensions ['colcon_meta']
[1.357s] Level 1:colcon.colcon_core.package_identification:_identify(/home/user/difrobot_ws/src) by extension 'colcon_meta'
[1.357s] Level 1:colcon.colcon_core.package_identification:_identify(/home/user/difrobot_ws/src) by extensions ['ros']
[1.357s] Level 1:colcon.colcon_core.package_identification:_identify(/home/user/difrobot_ws/src) by extension 'ros'
[1.357s] Level 1:colcon.colcon_core.package_identification:_identify(/home/user/difrobot_ws/src) by extensions ['cmake', 'python']
[1.357s] Level 1:colcon.colcon_core.package_identification:_identify(/home/user/difrobot_ws/src) by extension 'cmake'
[1.358s] Level 1:colcon.colcon_core.package_identification:_identify(/home/user/difrobot_ws/src) by extension 'python'
[1.358s] Level 1:colcon.colcon_core.package_identification:_identify(/home/user/difrobot_ws/src) by extensions ['python_setup_py']
[1.358s] Level 1:colcon.colcon_core.package_identification:_identify(/home/user/difrobot_ws/src) by extension 'python_setup_py'
[1.359s] Level 1:colcon.colcon_core.package_identification:_identify(/home/user/difrobot_ws/src/difrobot_description) by extensions ['ignore', 'ignore_ament_install']
[1.360s] Level 1:colcon.colcon_core.package_identification:_identify(/home/user/difrobot_ws/src/difrobot_description) by extension 'ignore'
[1.360s] Level 1:colcon.colcon_core.package_identification:_identify(/home/user/difrobot_ws/src/difrobot_description) by extension 'ignore_ament_install'
[1.360s] Level 1:colcon.colcon_core.package_identification:_identify(/home/user/difrobot_ws/src/difrobot_description) by extensions ['colcon_pkg']
[1.360s] Level 1:colcon.colcon_core.package_identification:_identify(/home/user/difrobot_ws/src/difrobot_description) by extension 'colcon_pkg'
[1.360s] Level 1:colcon.colcon_core.package_identification:_identify(/home/user/difrobot_ws/src/difrobot_description) by extensions ['colcon_meta']
[1.361s] Level 1:colcon.colcon_core.package_identification:_identify(/home/user/difrobot_ws/src/difrobot_description) by extension 'colcon_meta'
[1.361s] Level 1:colcon.colcon_core.package_identification:_identify(/home/user/difrobot_ws/src/difrobot_description) by extensions ['ros']
[1.361s] Level 1:colcon.colcon_core.package_identification:_identify(/home/user/difrobot_ws/src/difrobot_description) by extension 'ros'
[1.370s] DEBUG:colcon.colcon_core.package_identification:Package '/home/user/difrobot_ws/src/difrobot_description' with type 'ros.ament_cmake' and name 'difrobot_description'
[1.370s] Level 1:colcon.colcon_core.package_identification:_identify(/home/user/difrobot_ws/src/difrobot_py_examples) by extensions ['ignore', 'ignore_ament_install']
[1.371s] Level 1:colcon.colcon_core.package_identification:_identify(/home/user/difrobot_ws/src/difrobot_py_examples) by extension 'ignore'
[1.371s] Level 1:colcon.colcon_core.package_identification:_identify(/home/user/difrobot_ws/src/difrobot_py_examples) by extension 'ignore_ament_install'
[1.371s] Level 1:colcon.colcon_core.package_identification:_identify(/home/user/difrobot_ws/src/difrobot_py_examples) by extensions ['colcon_pkg']
[1.372s] Level 1:colcon.colcon_core.package_identification:_identify(/home/user/difrobot_ws/src/difrobot_py_examples) by extension 'colcon_pkg'
[1.372s] Level 1:colcon.colcon_core.package_identification:_identify(/home/user/difrobot_ws/src/difrobot_py_examples) by extensions ['colcon_meta']
[1.372s] Level 1:colcon.colcon_core.package_identification:_identify(/home/user/difrobot_ws/src/difrobot_py_examples) by extension 'colcon_meta'
[1.372s] Level 1:colcon.colcon_core.package_identification:_identify(/home/user/difrobot_ws/src/difrobot_py_examples) by extensions ['ros']
[1.372s] Level 1:colcon.colcon_core.package_identification:_identify(/home/user/difrobot_ws/src/difrobot_py_examples) by extension 'ros'
[1.374s] DEBUG:colcon.colcon_core.package_identification:Package '/home/user/difrobot_ws/src/difrobot_py_examples' with type 'ros.ament_python' and name 'difrobot_py_examples'
[1.374s] Level 1:colcon.colcon_core.package_discovery:discover_packages(recursive) using defaults
