[0.039s] Invoking command in '/home/user/difrobot_ws/build/difrobot_description': CMAKE_PREFIX_PATH=${CMAKE_PREFIX_PATH}:/home/user/difrobot_ws/install/difrobot_py_examples:/opt/ros/humble /usr/bin/cmake --build /home/user/difrobot_ws/build/difrobot_description -- -j12 -l12
[0.086s] -- Found ament_cmake: 1.3.10 (/opt/ros/humble/share/ament_cmake/cmake)
[0.367s] -- Found ament_lint_auto: 0.12.11 (/opt/ros/humble/share/ament_lint_auto/cmake)
[0.516s] -- Added test 'flake8' to check Python code syntax and style conventions
[0.517s] -- Added test 'lint_cmake' to check CMake code style
[0.518s] -- Added test 'pep257' to check Python code against some of the docstring style conventions in PEP 257
[0.521s] -- Added test 'xmllint' to check XML markup files
[0.523s] -- Configuring done
[0.530s] -- Generating done
[0.533s] -- Build files have been written to: /home/user/difrobot_ws/build/difrobot_description
[0.617s] Invoked command in '/home/user/difrobot_ws/build/difrobot_description' returned '0': CMAKE_PREFIX_PATH=${CMAKE_PREFIX_PATH}:/home/user/difrobot_ws/install/difrobot_py_examples:/opt/ros/humble /usr/bin/cmake --build /home/user/difrobot_ws/build/difrobot_description -- -j12 -l12
[0.679s] Invoking command in '/home/user/difrobot_ws/build/difrobot_description': CMAKE_PREFIX_PATH=${CMAKE_PREFIX_PATH}:/home/user/difrobot_ws/install/difrobot_py_examples:/opt/ros/humble /usr/bin/cmake --install /home/user/difrobot_ws/build/difrobot_description
[0.690s] -- Install configuration: ""
[0.691s] -- Up-to-date: /home/user/difrobot_ws/install/difrobot_description/share/difrobot_description/meshes
[0.691s] -- Up-to-date: /home/user/difrobot_ws/install/difrobot_description/share/difrobot_description/urdf
[0.692s] -- Installing: /home/user/difrobot_ws/install/difrobot_description/share/difrobot_description/urdf/difrobot.urdf.xacro
[0.692s] -- Installing: /home/user/difrobot_ws/install/difrobot_description/share/difrobot_description/launch
[0.692s] -- Installing: /home/user/difrobot_ws/install/difrobot_description/share/difrobot_description/launch/display.launch.py
[0.693s] -- Installing: /home/user/difrobot_ws/install/difrobot_description/share/difrobot_description/rviz
[0.693s] -- Installing: /home/user/difrobot_ws/install/difrobot_description/share/difrobot_description/rviz/display.rviz
[0.693s] -- Installing: /home/user/difrobot_ws/install/difrobot_description/share/ament_index/resource_index/package_run_dependencies/difrobot_description
[0.694s] -- Installing: /home/user/difrobot_ws/install/difrobot_description/share/ament_index/resource_index/parent_prefix_path/difrobot_description
[0.694s] -- Up-to-date: /home/user/difrobot_ws/install/difrobot_description/share/difrobot_description/environment/ament_prefix_path.sh
[0.695s] -- Installing: /home/user/difrobot_ws/install/difrobot_description/share/difrobot_description/environment/ament_prefix_path.dsv
[0.695s] -- Up-to-date: /home/user/difrobot_ws/install/difrobot_description/share/difrobot_description/environment/path.sh
[0.696s] -- Installing: /home/user/difrobot_ws/install/difrobot_description/share/difrobot_description/environment/path.dsv
[0.696s] -- Up-to-date: /home/user/difrobot_ws/install/difrobot_description/share/difrobot_description/local_setup.bash
[0.696s] -- Up-to-date: /home/user/difrobot_ws/install/difrobot_description/share/difrobot_description/local_setup.sh
[0.697s] -- Up-to-date: /home/user/difrobot_ws/install/difrobot_description/share/difrobot_description/local_setup.zsh
[0.697s] -- Installing: /home/user/difrobot_ws/install/difrobot_description/share/difrobot_description/local_setup.dsv
[0.697s] -- Installing: /home/user/difrobot_ws/install/difrobot_description/share/difrobot_description/package.dsv
[0.698s] -- Up-to-date: /home/user/difrobot_ws/install/difrobot_description/share/ament_index/resource_index/packages/difrobot_description
[0.698s] -- Up-to-date: /home/user/difrobot_ws/install/difrobot_description/share/difrobot_description/cmake/difrobot_descriptionConfig.cmake
[0.698s] -- Up-to-date: /home/user/difrobot_ws/install/difrobot_description/share/difrobot_description/cmake/difrobot_descriptionConfig-version.cmake
[0.699s] -- Installing: /home/user/difrobot_ws/install/difrobot_description/share/difrobot_description/package.xml
[0.703s] Invoked command in '/home/user/difrobot_ws/build/difrobot_description' returned '0': CMAKE_PREFIX_PATH=${CMAKE_PREFIX_PATH}:/home/user/difrobot_ws/install/difrobot_py_examples:/opt/ros/humble /usr/bin/cmake --install /home/user/difrobot_ws/build/difrobot_description
