[1.643s] Invoking command in '/home/user/difrobot_ws/src/difrobot_py_examples': PYTHONPATH=/home/user/difrobot_ws/build/difrobot_py_examples/prefix_override:/usr/lib/python3/dist-packages/colcon_core/task/python/colcon_distutils_commands:/home/user/difrobot_ws/install/difrobot_py_examples/lib/python3.10/site-packages:${PYTHONPATH} /usr/bin/python3 -W ignore:setup.py install is deprecated setup.py egg_info --egg-base ../../build/difrobot_py_examples build --build-base /home/user/difrobot_ws/build/difrobot_py_examples/build install --record /home/user/difrobot_ws/build/difrobot_py_examples/install.log --single-version-externally-managed install_data
[2.239s] running egg_info
[2.242s] writing ../../build/difrobot_py_examples/difrobot_py_examples.egg-info/PKG-INFO
[2.242s] writing dependency_links to ../../build/difrobot_py_examples/difrobot_py_examples.egg-info/dependency_links.txt
[2.243s] writing entry points to ../../build/difrobot_py_examples/difrobot_py_examples.egg-info/entry_points.txt
[2.244s] writing requirements to ../../build/difrobot_py_examples/difrobot_py_examples.egg-info/requires.txt
[2.244s] writing top-level names to ../../build/difrobot_py_examples/difrobot_py_examples.egg-info/top_level.txt
[2.249s] reading manifest file '../../build/difrobot_py_examples/difrobot_py_examples.egg-info/SOURCES.txt'
[2.253s] writing manifest file '../../build/difrobot_py_examples/difrobot_py_examples.egg-info/SOURCES.txt'
[2.253s] running build
[2.253s] running build_py
[2.255s] running install
[2.256s] running install_lib
[2.260s] running install_data
[2.260s] running install_egg_info
[2.265s] removing '/home/user/difrobot_ws/install/difrobot_py_examples/lib/python3.10/site-packages/difrobot_py_examples-0.0.0-py3.10.egg-info' (and everything under it)
[2.266s] Copying ../../build/difrobot_py_examples/difrobot_py_examples.egg-info to /home/user/difrobot_ws/install/difrobot_py_examples/lib/python3.10/site-packages/difrobot_py_examples-0.0.0-py3.10.egg-info
[2.269s] running install_scripts
[2.318s] Installing simple_service_client script to /home/user/difrobot_ws/install/difrobot_py_examples/lib/difrobot_py_examples
[2.318s] Installing simple_service_server script to /home/user/difrobot_ws/install/difrobot_py_examples/lib/difrobot_py_examples
[2.319s] Installing simple_tf_kinematics script to /home/user/difrobot_ws/install/difrobot_py_examples/lib/difrobot_py_examples
[2.319s] Installing simple_turtlesim_kinematics script to /home/user/difrobot_ws/install/difrobot_py_examples/lib/difrobot_py_examples
[2.319s] writing list of installed files to '/home/user/difrobot_ws/build/difrobot_py_examples/install.log'
[2.376s] Invoked command in '/home/user/difrobot_ws/src/difrobot_py_examples' returned '0': PYTHONPATH=/home/user/difrobot_ws/build/difrobot_py_examples/prefix_override:/usr/lib/python3/dist-packages/colcon_core/task/python/colcon_distutils_commands:/home/user/difrobot_ws/install/difrobot_py_examples/lib/python3.10/site-packages:${PYTHONPATH} /usr/bin/python3 -W ignore:setup.py install is deprecated setup.py egg_info --egg-base ../../build/difrobot_py_examples build --build-base /home/user/difrobot_ws/build/difrobot_py_examples/build install --record /home/user/difrobot_ws/build/difrobot_py_examples/install.log --single-version-externally-managed install_data
