[0.446s] DEBUG:colcon:Command line arguments: ['/usr/bin/colcon', 'build']
[0.446s] DEBUG:colcon:Parsed command line arguments: Namespace(log_base=None, log_level=None, verb_name='build', build_base='build', install_base='install', merge_install=False, symlink_install=False, test_result_base=None, continue_on_error=False, executor='parallel', parallel_workers=12, event_handlers=None, ignore_user_meta=False, metas=['./colcon.meta'], base_paths=['.'], packages_ignore=None, packages_ignore_regex=None, paths=None, packages_up_to=None, packages_up_to_regex=None, packages_above=None, packages_above_and_dependencies=None, packages_above_depth=None, packages_select_by_dep=None, packages_skip_by_dep=None, packages_skip_up_to=None, packages_select_build_failed=False, packages_skip_build_finished=False, packages_select_test_failures=False, packages_skip_test_passed=False, packages_select=None, packages_skip=None, packages_select_regex=None, packages_skip_regex=None, packages_start=None, packages_end=None, cmake_args=None, cmake_target=None, cmake_target_skip_unavailable=False, cmake_clean_cache=False, cmake_clean_first=False, cmake_force_configure=False, ament_cmake_args=None, catkin_cmake_args=None, catkin_skip_building_tests=False, mixin_files=None, mixin=None, verb_parser=<colcon_mixin.mixin.mixin_argument.MixinArgumentDecorator object at 0x7f3785c14a90>, verb_extension=<colcon_core.verb.build.BuildVerb object at 0x7f3785d5d1b0>, main=<bound method BuildVerb.main of <colcon_core.verb.build.BuildVerb object at 0x7f3785d5d1b0>>, mixin_verb=('build',))
[1.189s] Level 1:colcon.colcon_core.package_discovery:discover_packages(colcon_meta) check parameters
[1.189s] Level 1:colcon.colcon_core.package_discovery:discover_packages(recursive) check parameters
[1.189s] Level 1:colcon.colcon_core.package_discovery:discover_packages(ignore) check parameters
[1.189s] Level 1:colcon.colcon_core.package_discovery:discover_packages(path) check parameters
[1.189s] Level 1:colcon.colcon_core.package_discovery:discover_packages(colcon_meta) discover
[1.190s] Level 1:colcon.colcon_core.package_discovery:discover_packages(recursive) discover
[1.190s] INFO:colcon.colcon_core.package_discovery:Crawling recursively for packages in '/home/user/difrobot_ws'
[1.190s] Level 1:colcon.colcon_core.package_identification:_identify(.) by extensions ['ignore', 'ignore_ament_install']
[1.190s] Level 1:colcon.colcon_core.package_identification:_identify(.) by extension 'ignore'
[1.190s] Level 1:colcon.colcon_core.package_identification:_identify(.) by extension 'ignore_ament_install'
[1.190s] Level 1:colcon.colcon_core.package_identification:_identify(.) by extensions ['colcon_pkg']
[1.190s] Level 1:colcon.colcon_core.package_identification:_identify(.) by extension 'colcon_pkg'
[1.191s] Level 1:colcon.colcon_core.package_identification:_identify(.) by extensions ['colcon_meta']
[1.191s] Level 1:colcon.colcon_core.package_identification:_identify(.) by extension 'colcon_meta'
[1.191s] Level 1:colcon.colcon_core.package_identification:_identify(.) by extensions ['ros']
[1.191s] Level 1:colcon.colcon_core.package_identification:_identify(.) by extension 'ros'
[1.225s] Level 1:colcon.colcon_core.package_identification:_identify(.) by extensions ['cmake', 'python']
[1.225s] Level 1:colcon.colcon_core.package_identification:_identify(.) by extension 'cmake'
[1.225s] Level 1:colcon.colcon_core.package_identification:_identify(.) by extension 'python'
[1.225s] Level 1:colcon.colcon_core.package_identification:_identify(.) by extensions ['python_setup_py']
[1.225s] Level 1:colcon.colcon_core.package_identification:_identify(.) by extension 'python_setup_py'
[1.227s] Level 1:colcon.colcon_core.package_identification:_identify(build) by extensions ['ignore', 'ignore_ament_install']
[1.227s] Level 1:colcon.colcon_core.package_identification:_identify(build) by extension 'ignore'
[1.227s] Level 1:colcon.colcon_core.package_identification:_identify(build) ignored
[1.228s] Level 1:colcon.colcon_core.package_identification:_identify(install) by extensions ['ignore', 'ignore_ament_install']
[1.229s] Level 1:colcon.colcon_core.package_identification:_identify(install) by extension 'ignore'
[1.229s] Level 1:colcon.colcon_core.package_identification:_identify(install) ignored
[1.229s] Level 1:colcon.colcon_core.package_identification:_identify(log) by extensions ['ignore', 'ignore_ament_install']
[1.229s] Level 1:colcon.colcon_core.package_identification:_identify(log) by extension 'ignore'
[1.229s] Level 1:colcon.colcon_core.package_identification:_identify(log) ignored
[1.230s] Level 1:colcon.colcon_core.package_identification:_identify(src) by extensions ['ignore', 'ignore_ament_install']
[1.230s] Level 1:colcon.colcon_core.package_identification:_identify(src) by extension 'ignore'
[1.230s] Level 1:colcon.colcon_core.package_identification:_identify(src) by extension 'ignore_ament_install'
[1.230s] Level 1:colcon.colcon_core.package_identification:_identify(src) by extensions ['colcon_pkg']
[1.230s] Level 1:colcon.colcon_core.package_identification:_identify(src) by extension 'colcon_pkg'
[1.230s] Level 1:colcon.colcon_core.package_identification:_identify(src) by extensions ['colcon_meta']
[1.230s] Level 1:colcon.colcon_core.package_identification:_identify(src) by extension 'colcon_meta'
[1.230s] Level 1:colcon.colcon_core.package_identification:_identify(src) by extensions ['ros']
[1.231s] Level 1:colcon.colcon_core.package_identification:_identify(src) by extension 'ros'
[1.231s] Level 1:colcon.colcon_core.package_identification:_identify(src) by extensions ['cmake', 'python']
[1.231s] Level 1:colcon.colcon_core.package_identification:_identify(src) by extension 'cmake'
[1.231s] Level 1:colcon.colcon_core.package_identification:_identify(src) by extension 'python'
[1.231s] Level 1:colcon.colcon_core.package_identification:_identify(src) by extensions ['python_setup_py']
[1.231s] Level 1:colcon.colcon_core.package_identification:_identify(src) by extension 'python_setup_py'
[1.232s] Level 1:colcon.colcon_core.package_identification:_identify(src/difrobot_controller) by extensions ['ignore', 'ignore_ament_install']
[1.232s] Level 1:colcon.colcon_core.package_identification:_identify(src/difrobot_controller) by extension 'ignore'
[1.233s] Level 1:colcon.colcon_core.package_identification:_identify(src/difrobot_controller) by extension 'ignore_ament_install'
[1.233s] Level 1:colcon.colcon_core.package_identification:_identify(src/difrobot_controller) by extensions ['colcon_pkg']
[1.233s] Level 1:colcon.colcon_core.package_identification:_identify(src/difrobot_controller) by extension 'colcon_pkg'
[1.233s] Level 1:colcon.colcon_core.package_identification:_identify(src/difrobot_controller) by extensions ['colcon_meta']
[1.233s] Level 1:colcon.colcon_core.package_identification:_identify(src/difrobot_controller) by extension 'colcon_meta'
[1.233s] Level 1:colcon.colcon_core.package_identification:_identify(src/difrobot_controller) by extensions ['ros']
[1.233s] Level 1:colcon.colcon_core.package_identification:_identify(src/difrobot_controller) by extension 'ros'
[1.242s] DEBUG:colcon.colcon_core.package_identification:Package 'src/difrobot_controller' with type 'ros.ament_cmake' and name 'difrobot_controller'
[1.244s] Level 1:colcon.colcon_core.package_identification:_identify(src/difrobot_description) by extensions ['ignore', 'ignore_ament_install']
[1.244s] Level 1:colcon.colcon_core.package_identification:_identify(src/difrobot_description) by extension 'ignore'
[1.244s] Level 1:colcon.colcon_core.package_identification:_identify(src/difrobot_description) by extension 'ignore_ament_install'
[1.244s] Level 1:colcon.colcon_core.package_identification:_identify(src/difrobot_description) by extensions ['colcon_pkg']
[1.244s] Level 1:colcon.colcon_core.package_identification:_identify(src/difrobot_description) by extension 'colcon_pkg'
[1.244s] Level 1:colcon.colcon_core.package_identification:_identify(src/difrobot_description) by extensions ['colcon_meta']
[1.245s] Level 1:colcon.colcon_core.package_identification:_identify(src/difrobot_description) by extension 'colcon_meta'
[1.245s] Level 1:colcon.colcon_core.package_identification:_identify(src/difrobot_description) by extensions ['ros']
[1.245s] Level 1:colcon.colcon_core.package_identification:_identify(src/difrobot_description) by extension 'ros'
[1.247s] DEBUG:colcon.colcon_core.package_identification:Package 'src/difrobot_description' with type 'ros.ament_cmake' and name 'difrobot_description'
[1.247s] Level 1:colcon.colcon_core.package_identification:_identify(src/difrobot_msgs) by extensions ['ignore', 'ignore_ament_install']
[1.247s] Level 1:colcon.colcon_core.package_identification:_identify(src/difrobot_msgs) by extension 'ignore'
[1.247s] Level 1:colcon.colcon_core.package_identification:_identify(src/difrobot_msgs) by extension 'ignore_ament_install'
[1.247s] Level 1:colcon.colcon_core.package_identification:_identify(src/difrobot_msgs) by extensions ['colcon_pkg']
[1.248s] Level 1:colcon.colcon_core.package_identification:_identify(src/difrobot_msgs) by extension 'colcon_pkg'
[1.248s] Level 1:colcon.colcon_core.package_identification:_identify(src/difrobot_msgs) by extensions ['colcon_meta']
[1.248s] Level 1:colcon.colcon_core.package_identification:_identify(src/difrobot_msgs) by extension 'colcon_meta'
[1.248s] Level 1:colcon.colcon_core.package_identification:_identify(src/difrobot_msgs) by extensions ['ros']
[1.248s] Level 1:colcon.colcon_core.package_identification:_identify(src/difrobot_msgs) by extension 'ros'
[1.250s] DEBUG:colcon.colcon_core.package_identification:Package 'src/difrobot_msgs' with type 'ros.ament_cmake' and name 'difrobot_msgs'
[1.250s] Level 1:colcon.colcon_core.package_identification:_identify(src/difrobot_py_examples) by extensions ['ignore', 'ignore_ament_install']
[1.251s] Level 1:colcon.colcon_core.package_identification:_identify(src/difrobot_py_examples) by extension 'ignore'
[1.251s] Level 1:colcon.colcon_core.package_identification:_identify(src/difrobot_py_examples) by extension 'ignore_ament_install'
[1.251s] Level 1:colcon.colcon_core.package_identification:_identify(src/difrobot_py_examples) by extensions ['colcon_pkg']
[1.251s] Level 1:colcon.colcon_core.package_identification:_identify(src/difrobot_py_examples) by extension 'colcon_pkg'
[1.251s] Level 1:colcon.colcon_core.package_identification:_identify(src/difrobot_py_examples) by extensions ['colcon_meta']
[1.251s] Level 1:colcon.colcon_core.package_identification:_identify(src/difrobot_py_examples) by extension 'colcon_meta'
[1.251s] Level 1:colcon.colcon_core.package_identification:_identify(src/difrobot_py_examples) by extensions ['ros']
[1.251s] Level 1:colcon.colcon_core.package_identification:_identify(src/difrobot_py_examples) by extension 'ros'
[1.256s] DEBUG:colcon.colcon_core.package_identification:Package 'src/difrobot_py_examples' with type 'ros.ament_python' and name 'difrobot_py_examples'
[1.256s] Level 1:colcon.colcon_core.package_discovery:discover_packages(recursive) using defaults
[1.256s] Level 1:colcon.colcon_core.package_discovery:discover_packages(ignore) discover
[1.256s] Level 1:colcon.colcon_core.package_discovery:discover_packages(ignore) using defaults
[1.256s] Level 1:colcon.colcon_core.package_discovery:discover_packages(path) discover
[1.256s] Level 1:colcon.colcon_core.package_discovery:discover_packages(path) using defaults
[1.330s] Level 5:colcon.colcon_core.verb:set package 'difrobot_controller' build argument 'cmake_args' from command line to 'None'
[1.330s] Level 5:colcon.colcon_core.verb:set package 'difrobot_controller' build argument 'cmake_target' from command line to 'None'
[1.330s] Level 5:colcon.colcon_core.verb:set package 'difrobot_controller' build argument 'cmake_target_skip_unavailable' from command line to 'False'
[1.330s] Level 5:colcon.colcon_core.verb:set package 'difrobot_controller' build argument 'cmake_clean_cache' from command line to 'False'
[1.330s] Level 5:colcon.colcon_core.verb:set package 'difrobot_controller' build argument 'cmake_clean_first' from command line to 'False'
[1.330s] Level 5:colcon.colcon_core.verb:set package 'difrobot_controller' build argument 'cmake_force_configure' from command line to 'False'
[1.330s] Level 5:colcon.colcon_core.verb:set package 'difrobot_controller' build argument 'ament_cmake_args' from command line to 'None'
[1.330s] Level 5:colcon.colcon_core.verb:set package 'difrobot_controller' build argument 'catkin_cmake_args' from command line to 'None'
[1.330s] Level 5:colcon.colcon_core.verb:set package 'difrobot_controller' build argument 'catkin_skip_building_tests' from command line to 'False'
[1.330s] DEBUG:colcon.colcon_core.verb:Building package 'difrobot_controller' with the following arguments: {'ament_cmake_args': None, 'build_base': '/home/user/difrobot_ws/build/difrobot_controller', 'catkin_cmake_args': None, 'catkin_skip_building_tests': False, 'cmake_args': None, 'cmake_clean_cache': False, 'cmake_clean_first': False, 'cmake_force_configure': False, 'cmake_target': None, 'cmake_target_skip_unavailable': False, 'install_base': '/home/user/difrobot_ws/install/difrobot_controller', 'merge_install': False, 'path': '/home/user/difrobot_ws/src/difrobot_controller', 'symlink_install': False, 'test_result_base': None}
[1.331s] Level 5:colcon.colcon_core.verb:set package 'difrobot_description' build argument 'cmake_args' from command line to 'None'
[1.331s] Level 5:colcon.colcon_core.verb:set package 'difrobot_description' build argument 'cmake_target' from command line to 'None'
[1.332s] Level 5:colcon.colcon_core.verb:set package 'difrobot_description' build argument 'cmake_target_skip_unavailable' from command line to 'False'
[1.332s] Level 5:colcon.colcon_core.verb:set package 'difrobot_description' build argument 'cmake_clean_cache' from command line to 'False'
[1.332s] Level 5:colcon.colcon_core.verb:set package 'difrobot_description' build argument 'cmake_clean_first' from command line to 'False'
[1.332s] Level 5:colcon.colcon_core.verb:set package 'difrobot_description' build argument 'cmake_force_configure' from command line to 'False'
[1.332s] Level 5:colcon.colcon_core.verb:set package 'difrobot_description' build argument 'ament_cmake_args' from command line to 'None'
[1.332s] Level 5:colcon.colcon_core.verb:set package 'difrobot_description' build argument 'catkin_cmake_args' from command line to 'None'
[1.332s] Level 5:colcon.colcon_core.verb:set package 'difrobot_description' build argument 'catkin_skip_building_tests' from command line to 'False'
[1.332s] DEBUG:colcon.colcon_core.verb:Building package 'difrobot_description' with the following arguments: {'ament_cmake_args': None, 'build_base': '/home/user/difrobot_ws/build/difrobot_description', 'catkin_cmake_args': None, 'catkin_skip_building_tests': False, 'cmake_args': None, 'cmake_clean_cache': False, 'cmake_clean_first': False, 'cmake_force_configure': False, 'cmake_target': None, 'cmake_target_skip_unavailable': False, 'install_base': '/home/user/difrobot_ws/install/difrobot_description', 'merge_install': False, 'path': '/home/user/difrobot_ws/src/difrobot_description', 'symlink_install': False, 'test_result_base': None}
[1.333s] Level 5:colcon.colcon_core.verb:set package 'difrobot_msgs' build argument 'cmake_args' from command line to 'None'
[1.333s] Level 5:colcon.colcon_core.verb:set package 'difrobot_msgs' build argument 'cmake_target' from command line to 'None'
[1.333s] Level 5:colcon.colcon_core.verb:set package 'difrobot_msgs' build argument 'cmake_target_skip_unavailable' from command line to 'False'
[1.333s] Level 5:colcon.colcon_core.verb:set package 'difrobot_msgs' build argument 'cmake_clean_cache' from command line to 'False'
[1.333s] Level 5:colcon.colcon_core.verb:set package 'difrobot_msgs' build argument 'cmake_clean_first' from command line to 'False'
[1.334s] Level 5:colcon.colcon_core.verb:set package 'difrobot_msgs' build argument 'cmake_force_configure' from command line to 'False'
[1.334s] Level 5:colcon.colcon_core.verb:set package 'difrobot_msgs' build argument 'ament_cmake_args' from command line to 'None'
[1.334s] Level 5:colcon.colcon_core.verb:set package 'difrobot_msgs' build argument 'catkin_cmake_args' from command line to 'None'
[1.334s] Level 5:colcon.colcon_core.verb:set package 'difrobot_msgs' build argument 'catkin_skip_building_tests' from command line to 'False'
[1.334s] DEBUG:colcon.colcon_core.verb:Building package 'difrobot_msgs' with the following arguments: {'ament_cmake_args': None, 'build_base': '/home/user/difrobot_ws/build/difrobot_msgs', 'catkin_cmake_args': None, 'catkin_skip_building_tests': False, 'cmake_args': None, 'cmake_clean_cache': False, 'cmake_clean_first': False, 'cmake_force_configure': False, 'cmake_target': None, 'cmake_target_skip_unavailable': False, 'install_base': '/home/user/difrobot_ws/install/difrobot_msgs', 'merge_install': False, 'path': '/home/user/difrobot_ws/src/difrobot_msgs', 'symlink_install': False, 'test_result_base': None}
[1.335s] Level 5:colcon.colcon_core.verb:set package 'difrobot_py_examples' build argument 'cmake_args' from command line to 'None'
[1.335s] Level 5:colcon.colcon_core.verb:set package 'difrobot_py_examples' build argument 'cmake_target' from command line to 'None'
[1.335s] Level 5:colcon.colcon_core.verb:set package 'difrobot_py_examples' build argument 'cmake_target_skip_unavailable' from command line to 'False'
[1.335s] Level 5:colcon.colcon_core.verb:set package 'difrobot_py_examples' build argument 'cmake_clean_cache' from command line to 'False'
[1.335s] Level 5:colcon.colcon_core.verb:set package 'difrobot_py_examples' build argument 'cmake_clean_first' from command line to 'False'
[1.335s] Level 5:colcon.colcon_core.verb:set package 'difrobot_py_examples' build argument 'cmake_force_configure' from command line to 'False'
[1.335s] Level 5:colcon.colcon_core.verb:set package 'difrobot_py_examples' build argument 'ament_cmake_args' from command line to 'None'
[1.335s] Level 5:colcon.colcon_core.verb:set package 'difrobot_py_examples' build argument 'catkin_cmake_args' from command line to 'None'
[1.335s] Level 5:colcon.colcon_core.verb:set package 'difrobot_py_examples' build argument 'catkin_skip_building_tests' from command line to 'False'
[1.336s] DEBUG:colcon.colcon_core.verb:Building package 'difrobot_py_examples' with the following arguments: {'ament_cmake_args': None, 'build_base': '/home/user/difrobot_ws/build/difrobot_py_examples', 'catkin_cmake_args': None, 'catkin_skip_building_tests': False, 'cmake_args': None, 'cmake_clean_cache': False, 'cmake_clean_first': False, 'cmake_force_configure': False, 'cmake_target': None, 'cmake_target_skip_unavailable': False, 'install_base': '/home/user/difrobot_ws/install/difrobot_py_examples', 'merge_install': False, 'path': '/home/user/difrobot_ws/src/difrobot_py_examples', 'symlink_install': False, 'test_result_base': None}
[1.336s] INFO:colcon.colcon_core.executor:Executing jobs using 'parallel' executor
[1.338s] DEBUG:colcon.colcon_parallel_executor.executor.parallel:run_until_complete
[1.339s] INFO:colcon.colcon_ros.task.ament_cmake.build:Building ROS package in '/home/user/difrobot_ws/src/difrobot_msgs' with build type 'ament_cmake'
[1.339s] INFO:colcon.colcon_cmake.task.cmake.build:Building CMake package in '/home/user/difrobot_ws/src/difrobot_msgs'
[1.351s] INFO:colcon.colcon_core.plugin_system:Skipping extension 'colcon_core.shell.bat': Not used on non-Windows systems
[1.351s] INFO:colcon.colcon_core.shell:Skip shell extension 'powershell' for command environment: Not usable outside of PowerShell
[1.352s] DEBUG:colcon.colcon_core.shell:Skip shell extension 'dsv' for command environment
[1.378s] INFO:colcon.colcon_ros.task.ament_cmake.build:Building ROS package in '/home/user/difrobot_ws/src/difrobot_controller' with build type 'ament_cmake'
[1.378s] INFO:colcon.colcon_cmake.task.cmake.build:Building CMake package in '/home/user/difrobot_ws/src/difrobot_controller'
[1.379s] INFO:colcon.colcon_core.shell:Skip shell extension 'powershell' for command environment: Not usable outside of PowerShell
[1.379s] DEBUG:colcon.colcon_core.shell:Skip shell extension 'dsv' for command environment
[1.388s] INFO:colcon.colcon_ros.task.ament_cmake.build:Building ROS package in '/home/user/difrobot_ws/src/difrobot_description' with build type 'ament_cmake'
[1.388s] INFO:colcon.colcon_cmake.task.cmake.build:Building CMake package in '/home/user/difrobot_ws/src/difrobot_description'
[1.389s] INFO:colcon.colcon_core.shell:Skip shell extension 'powershell' for command environment: Not usable outside of PowerShell
[1.389s] DEBUG:colcon.colcon_core.shell:Skip shell extension 'dsv' for command environment
[1.409s] DEBUG:colcon.colcon_core.event_handler.log_command:Invoking command in '/home/user/difrobot_ws/build/difrobot_msgs': CMAKE_PREFIX_PATH=/opt/ros/humble /usr/bin/cmake --build /home/user/difrobot_ws/build/difrobot_msgs -- -j12 -l12
[1.426s] DEBUG:colcon.colcon_core.event_handler.log_command:Invoking command in '/home/user/difrobot_ws/build/difrobot_controller': CMAKE_PREFIX_PATH=/opt/ros/humble /usr/bin/cmake --build /home/user/difrobot_ws/build/difrobot_controller -- -j12 -l12
[1.438s] DEBUG:colcon.colcon_core.event_handler.log_command:Invoking command in '/home/user/difrobot_ws/build/difrobot_description': CMAKE_PREFIX_PATH=/opt/ros/humble /usr/bin/cmake --build /home/user/difrobot_ws/build/difrobot_description -- -j12 -l12
[1.619s] DEBUG:colcon.colcon_core.event_handler.log_command:Invoked command in '/home/user/difrobot_ws/build/difrobot_description' returned '0': CMAKE_PREFIX_PATH=/opt/ros/humble /usr/bin/cmake --build /home/user/difrobot_ws/build/difrobot_description -- -j12 -l12
[1.688s] DEBUG:colcon.colcon_core.event_handler.log_command:Invoking command in '/home/user/difrobot_ws/build/difrobot_description': CMAKE_PREFIX_PATH=/opt/ros/humble /usr/bin/cmake --install /home/user/difrobot_ws/build/difrobot_description
[1.735s] Level 1:colcon.colcon_core.environment:create_environment_scripts_only(difrobot_description)
[1.736s] DEBUG:colcon.colcon_core.event_handler.log_command:Invoked command in '/home/user/difrobot_ws/build/difrobot_description' returned '0': CMAKE_PREFIX_PATH=/opt/ros/humble /usr/bin/cmake --install /home/user/difrobot_ws/build/difrobot_description
[1.758s] Level 1:colcon.colcon_core.environment:checking '/home/user/difrobot_ws/install/difrobot_description' for CMake module files
[1.763s] Level 1:colcon.colcon_core.environment:checking '/home/user/difrobot_ws/install/difrobot_description' for CMake config files
[1.769s] Level 1:colcon.colcon_core.shell:create_environment_hook('difrobot_description', 'cmake_prefix_path')
[1.770s] INFO:colcon.colcon_core.shell:Creating environment hook '/home/user/difrobot_ws/install/difrobot_description/share/difrobot_description/hook/cmake_prefix_path.ps1'
[1.771s] INFO:colcon.colcon_core.shell:Creating environment descriptor '/home/user/difrobot_ws/install/difrobot_description/share/difrobot_description/hook/cmake_prefix_path.dsv'
[1.773s] INFO:colcon.colcon_core.shell:Creating environment hook '/home/user/difrobot_ws/install/difrobot_description/share/difrobot_description/hook/cmake_prefix_path.sh'
[1.776s] Level 1:colcon.colcon_core.environment:checking '/home/user/difrobot_ws/install/difrobot_description/bin'
[1.776s] Level 1:colcon.colcon_core.environment:checking '/home/user/difrobot_ws/install/difrobot_description/lib/pkgconfig/difrobot_description.pc'
[1.781s] Level 1:colcon.colcon_core.environment:checking '/home/user/difrobot_ws/install/difrobot_description/lib/python3.10/site-packages'
[1.782s] Level 1:colcon.colcon_core.environment:checking '/home/user/difrobot_ws/install/difrobot_description/bin'
[1.783s] INFO:colcon.colcon_core.shell:Creating package script '/home/user/difrobot_ws/install/difrobot_description/share/difrobot_description/package.ps1'
[1.786s] INFO:colcon.colcon_core.shell:Creating package descriptor '/home/user/difrobot_ws/install/difrobot_description/share/difrobot_description/package.dsv'
[1.787s] INFO:colcon.colcon_core.shell:Creating package script '/home/user/difrobot_ws/install/difrobot_description/share/difrobot_description/package.sh'
[1.789s] INFO:colcon.colcon_core.shell:Creating package script '/home/user/difrobot_ws/install/difrobot_description/share/difrobot_description/package.bash'
[1.791s] INFO:colcon.colcon_core.shell:Creating package script '/home/user/difrobot_ws/install/difrobot_description/share/difrobot_description/package.zsh'
[1.795s] Level 1:colcon.colcon_core.environment:create_file_with_runtime_dependencies(/home/user/difrobot_ws/install/difrobot_description/share/colcon-core/packages/difrobot_description)
[1.840s] Level 1:colcon.colcon_core.environment:create_environment_scripts_only(difrobot_description)
[1.842s] Level 1:colcon.colcon_core.environment:checking '/home/user/difrobot_ws/install/difrobot_description' for CMake module files
[1.844s] Level 1:colcon.colcon_core.environment:checking '/home/user/difrobot_ws/install/difrobot_description' for CMake config files
[1.845s] Level 1:colcon.colcon_core.shell:create_environment_hook('difrobot_description', 'cmake_prefix_path')
[1.846s] INFO:colcon.colcon_core.shell:Creating environment hook '/home/user/difrobot_ws/install/difrobot_description/share/difrobot_description/hook/cmake_prefix_path.ps1'
[1.847s] INFO:colcon.colcon_core.shell:Creating environment descriptor '/home/user/difrobot_ws/install/difrobot_description/share/difrobot_description/hook/cmake_prefix_path.dsv'
[1.847s] INFO:colcon.colcon_core.shell:Creating environment hook '/home/user/difrobot_ws/install/difrobot_description/share/difrobot_description/hook/cmake_prefix_path.sh'
[1.848s] Level 1:colcon.colcon_core.environment:checking '/home/user/difrobot_ws/install/difrobot_description/bin'
[1.849s] Level 1:colcon.colcon_core.environment:checking '/home/user/difrobot_ws/install/difrobot_description/lib/pkgconfig/difrobot_description.pc'
[1.849s] Level 1:colcon.colcon_core.environment:checking '/home/user/difrobot_ws/install/difrobot_description/lib/python3.10/site-packages'
[1.850s] Level 1:colcon.colcon_core.environment:checking '/home/user/difrobot_ws/install/difrobot_description/bin'
[1.851s] INFO:colcon.colcon_core.shell:Creating package script '/home/user/difrobot_ws/install/difrobot_description/share/difrobot_description/package.ps1'
[1.852s] INFO:colcon.colcon_core.shell:Creating package descriptor '/home/user/difrobot_ws/install/difrobot_description/share/difrobot_description/package.dsv'
[1.853s] INFO:colcon.colcon_core.shell:Creating package script '/home/user/difrobot_ws/install/difrobot_description/share/difrobot_description/package.sh'
[1.853s] INFO:colcon.colcon_core.shell:Creating package script '/home/user/difrobot_ws/install/difrobot_description/share/difrobot_description/package.bash'
[1.855s] INFO:colcon.colcon_core.shell:Creating package script '/home/user/difrobot_ws/install/difrobot_description/share/difrobot_description/package.zsh'
[1.856s] Level 1:colcon.colcon_core.environment:create_file_with_runtime_dependencies(/home/user/difrobot_ws/install/difrobot_description/share/colcon-core/packages/difrobot_description)
[2.476s] DEBUG:colcon.colcon_core.event_handler.log_command:Invoked command in '/home/user/difrobot_ws/build/difrobot_controller' returned '0': CMAKE_PREFIX_PATH=/opt/ros/humble /usr/bin/cmake --build /home/user/difrobot_ws/build/difrobot_controller -- -j12 -l12
[2.482s] DEBUG:colcon.colcon_core.event_handler.log_command:Invoked command in '/home/user/difrobot_ws/build/difrobot_msgs' returned '0': CMAKE_PREFIX_PATH=/opt/ros/humble /usr/bin/cmake --build /home/user/difrobot_ws/build/difrobot_msgs -- -j12 -l12
[2.535s] DEBUG:colcon.colcon_core.event_handler.log_command:Invoking command in '/home/user/difrobot_ws/build/difrobot_controller': CMAKE_PREFIX_PATH=/opt/ros/humble /usr/bin/cmake --install /home/user/difrobot_ws/build/difrobot_controller
[2.624s] DEBUG:colcon.colcon_core.event_handler.log_command:Invoking command in '/home/user/difrobot_ws/build/difrobot_msgs': CMAKE_PREFIX_PATH=/opt/ros/humble /usr/bin/cmake --install /home/user/difrobot_ws/build/difrobot_msgs
[2.656s] Level 1:colcon.colcon_core.environment:create_environment_scripts_only(difrobot_controller)
[2.657s] Level 1:colcon.colcon_core.environment:checking '/home/user/difrobot_ws/install/difrobot_controller' for CMake module files
[2.674s] Level 1:colcon.colcon_core.environment:checking '/home/user/difrobot_ws/install/difrobot_controller' for CMake config files
[2.676s] DEBUG:colcon.colcon_core.event_handler.log_command:Invoked command in '/home/user/difrobot_ws/build/difrobot_controller' returned '0': CMAKE_PREFIX_PATH=/opt/ros/humble /usr/bin/cmake --install /home/user/difrobot_ws/build/difrobot_controller
[2.697s] Level 1:colcon.colcon_core.shell:create_environment_hook('difrobot_controller', 'cmake_prefix_path')
[2.698s] INFO:colcon.colcon_core.shell:Creating environment hook '/home/user/difrobot_ws/install/difrobot_controller/share/difrobot_controller/hook/cmake_prefix_path.ps1'
[2.699s] INFO:colcon.colcon_core.shell:Creating environment descriptor '/home/user/difrobot_ws/install/difrobot_controller/share/difrobot_controller/hook/cmake_prefix_path.dsv'
[2.700s] INFO:colcon.colcon_core.shell:Creating environment hook '/home/user/difrobot_ws/install/difrobot_controller/share/difrobot_controller/hook/cmake_prefix_path.sh'
[2.701s] Level 1:colcon.colcon_core.environment:checking '/home/user/difrobot_ws/install/difrobot_controller/lib'
[2.701s] Level 1:colcon.colcon_core.environment:checking '/home/user/difrobot_ws/install/difrobot_controller/bin'
[2.701s] Level 1:colcon.colcon_core.environment:checking '/home/user/difrobot_ws/install/difrobot_controller/lib/pkgconfig/difrobot_controller.pc'
[2.702s] Level 1:colcon.colcon_core.environment:checking '/home/user/difrobot_ws/install/difrobot_controller/lib/python3.10/site-packages'
[2.703s] Level 1:colcon.colcon_core.environment:checking '/home/user/difrobot_ws/install/difrobot_controller/bin'
[2.704s] INFO:colcon.colcon_core.shell:Creating package script '/home/user/difrobot_ws/install/difrobot_controller/share/difrobot_controller/package.ps1'
[2.705s] INFO:colcon.colcon_core.shell:Creating package descriptor '/home/user/difrobot_ws/install/difrobot_controller/share/difrobot_controller/package.dsv'
[2.706s] INFO:colcon.colcon_core.shell:Creating package script '/home/user/difrobot_ws/install/difrobot_controller/share/difrobot_controller/package.sh'
[2.707s] INFO:colcon.colcon_core.shell:Creating package script '/home/user/difrobot_ws/install/difrobot_controller/share/difrobot_controller/package.bash'
[2.708s] INFO:colcon.colcon_core.shell:Creating package script '/home/user/difrobot_ws/install/difrobot_controller/share/difrobot_controller/package.zsh'
[2.709s] Level 1:colcon.colcon_core.environment:create_file_with_runtime_dependencies(/home/user/difrobot_ws/install/difrobot_controller/share/colcon-core/packages/difrobot_controller)
[2.770s] Level 1:colcon.colcon_core.environment:create_environment_scripts_only(difrobot_controller)
[2.770s] Level 1:colcon.colcon_core.environment:checking '/home/user/difrobot_ws/install/difrobot_controller' for CMake module files
[2.773s] Level 1:colcon.colcon_core.environment:checking '/home/user/difrobot_ws/install/difrobot_controller' for CMake config files
[2.775s] Level 1:colcon.colcon_core.shell:create_environment_hook('difrobot_controller', 'cmake_prefix_path')
[2.776s] INFO:colcon.colcon_core.shell:Creating environment hook '/home/user/difrobot_ws/install/difrobot_controller/share/difrobot_controller/hook/cmake_prefix_path.ps1'
[2.779s] INFO:colcon.colcon_core.shell:Creating environment descriptor '/home/user/difrobot_ws/install/difrobot_controller/share/difrobot_controller/hook/cmake_prefix_path.dsv'
[2.785s] INFO:colcon.colcon_core.shell:Creating environment hook '/home/user/difrobot_ws/install/difrobot_controller/share/difrobot_controller/hook/cmake_prefix_path.sh'
[2.790s] Level 1:colcon.colcon_core.environment:checking '/home/user/difrobot_ws/install/difrobot_controller/lib'
[2.792s] Level 1:colcon.colcon_core.environment:checking '/home/user/difrobot_ws/install/difrobot_controller/bin'
[2.793s] Level 1:colcon.colcon_core.environment:checking '/home/user/difrobot_ws/install/difrobot_controller/lib/pkgconfig/difrobot_controller.pc'
[2.794s] Level 1:colcon.colcon_core.environment:checking '/home/user/difrobot_ws/install/difrobot_controller/lib/python3.10/site-packages'
[2.794s] Level 1:colcon.colcon_core.environment:checking '/home/user/difrobot_ws/install/difrobot_controller/bin'
[2.800s] INFO:colcon.colcon_core.shell:Creating package script '/home/user/difrobot_ws/install/difrobot_controller/share/difrobot_controller/package.ps1'
[2.806s] INFO:colcon.colcon_core.shell:Creating package descriptor '/home/user/difrobot_ws/install/difrobot_controller/share/difrobot_controller/package.dsv'
[2.812s] INFO:colcon.colcon_core.shell:Creating package script '/home/user/difrobot_ws/install/difrobot_controller/share/difrobot_controller/package.sh'
[2.814s] INFO:colcon.colcon_core.shell:Creating package script '/home/user/difrobot_ws/install/difrobot_controller/share/difrobot_controller/package.bash'
[2.815s] INFO:colcon.colcon_core.shell:Creating package script '/home/user/difrobot_ws/install/difrobot_controller/share/difrobot_controller/package.zsh'
[2.815s] Level 1:colcon.colcon_core.environment:create_file_with_runtime_dependencies(/home/user/difrobot_ws/install/difrobot_controller/share/colcon-core/packages/difrobot_controller)
[2.819s] Level 1:colcon.colcon_core.environment:create_environment_scripts_only(difrobot_msgs)
[2.820s] Level 1:colcon.colcon_core.environment:checking '/home/user/difrobot_ws/install/difrobot_msgs' for CMake module files
[2.821s] DEBUG:colcon.colcon_core.event_handler.log_command:Invoked command in '/home/user/difrobot_ws/build/difrobot_msgs' returned '0': CMAKE_PREFIX_PATH=/opt/ros/humble /usr/bin/cmake --install /home/user/difrobot_ws/build/difrobot_msgs
[2.825s] Level 1:colcon.colcon_core.environment:checking '/home/user/difrobot_ws/install/difrobot_msgs' for CMake config files
[2.837s] Level 1:colcon.colcon_core.shell:create_environment_hook('difrobot_msgs', 'cmake_prefix_path')
[2.838s] INFO:colcon.colcon_core.shell:Creating environment hook '/home/user/difrobot_ws/install/difrobot_msgs/share/difrobot_msgs/hook/cmake_prefix_path.ps1'
[2.838s] INFO:colcon.colcon_core.shell:Creating environment descriptor '/home/user/difrobot_ws/install/difrobot_msgs/share/difrobot_msgs/hook/cmake_prefix_path.dsv'
[2.839s] INFO:colcon.colcon_core.shell:Creating environment hook '/home/user/difrobot_ws/install/difrobot_msgs/share/difrobot_msgs/hook/cmake_prefix_path.sh'
[2.840s] Level 1:colcon.colcon_core.environment:checking '/home/user/difrobot_ws/install/difrobot_msgs/lib'
[2.841s] Level 1:colcon.colcon_core.shell:create_environment_hook('difrobot_msgs', 'ld_library_path_lib')
[2.842s] INFO:colcon.colcon_core.shell:Creating environment hook '/home/user/difrobot_ws/install/difrobot_msgs/share/difrobot_msgs/hook/ld_library_path_lib.ps1'
[2.843s] INFO:colcon.colcon_core.shell:Creating environment descriptor '/home/user/difrobot_ws/install/difrobot_msgs/share/difrobot_msgs/hook/ld_library_path_lib.dsv'
[2.843s] INFO:colcon.colcon_core.shell:Creating environment hook '/home/user/difrobot_ws/install/difrobot_msgs/share/difrobot_msgs/hook/ld_library_path_lib.sh'
[2.844s] Level 1:colcon.colcon_core.environment:checking '/home/user/difrobot_ws/install/difrobot_msgs/bin'
[2.845s] Level 1:colcon.colcon_core.environment:checking '/home/user/difrobot_ws/install/difrobot_msgs/lib/pkgconfig/difrobot_msgs.pc'
[2.846s] Level 1:colcon.colcon_core.environment:checking '/home/user/difrobot_ws/install/difrobot_msgs/lib/python3.10/site-packages'
[2.847s] Level 1:colcon.colcon_core.environment:checking '/home/user/difrobot_ws/install/difrobot_msgs/bin'
[2.847s] INFO:colcon.colcon_core.shell:Creating package script '/home/user/difrobot_ws/install/difrobot_msgs/share/difrobot_msgs/package.ps1'
[2.848s] INFO:colcon.colcon_core.shell:Creating package descriptor '/home/user/difrobot_ws/install/difrobot_msgs/share/difrobot_msgs/package.dsv'
[2.849s] INFO:colcon.colcon_core.shell:Creating package script '/home/user/difrobot_ws/install/difrobot_msgs/share/difrobot_msgs/package.sh'
[2.850s] INFO:colcon.colcon_core.shell:Creating package script '/home/user/difrobot_ws/install/difrobot_msgs/share/difrobot_msgs/package.bash'
[2.851s] INFO:colcon.colcon_core.shell:Creating package script '/home/user/difrobot_ws/install/difrobot_msgs/share/difrobot_msgs/package.zsh'
[2.851s] Level 1:colcon.colcon_core.environment:create_file_with_runtime_dependencies(/home/user/difrobot_ws/install/difrobot_msgs/share/colcon-core/packages/difrobot_msgs)
[2.984s] Level 1:colcon.colcon_core.environment:create_environment_scripts_only(difrobot_msgs)
[2.985s] Level 1:colcon.colcon_core.environment:checking '/home/user/difrobot_ws/install/difrobot_msgs' for CMake module files
[2.987s] Level 1:colcon.colcon_core.environment:checking '/home/user/difrobot_ws/install/difrobot_msgs' for CMake config files
[2.989s] Level 1:colcon.colcon_core.shell:create_environment_hook('difrobot_msgs', 'cmake_prefix_path')
[2.989s] INFO:colcon.colcon_core.shell:Creating environment hook '/home/user/difrobot_ws/install/difrobot_msgs/share/difrobot_msgs/hook/cmake_prefix_path.ps1'
[2.990s] INFO:colcon.colcon_core.shell:Creating environment descriptor '/home/user/difrobot_ws/install/difrobot_msgs/share/difrobot_msgs/hook/cmake_prefix_path.dsv'
[2.991s] INFO:colcon.colcon_core.shell:Creating environment hook '/home/user/difrobot_ws/install/difrobot_msgs/share/difrobot_msgs/hook/cmake_prefix_path.sh'
[2.993s] Level 1:colcon.colcon_core.environment:checking '/home/user/difrobot_ws/install/difrobot_msgs/lib'
[2.993s] Level 1:colcon.colcon_core.shell:create_environment_hook('difrobot_msgs', 'ld_library_path_lib')
[2.994s] INFO:colcon.colcon_core.shell:Creating environment hook '/home/user/difrobot_ws/install/difrobot_msgs/share/difrobot_msgs/hook/ld_library_path_lib.ps1'
[2.995s] INFO:colcon.colcon_core.shell:Creating environment descriptor '/home/user/difrobot_ws/install/difrobot_msgs/share/difrobot_msgs/hook/ld_library_path_lib.dsv'
[2.996s] INFO:colcon.colcon_core.shell:Creating environment hook '/home/user/difrobot_ws/install/difrobot_msgs/share/difrobot_msgs/hook/ld_library_path_lib.sh'
[2.997s] Level 1:colcon.colcon_core.environment:checking '/home/user/difrobot_ws/install/difrobot_msgs/bin'
[2.997s] Level 1:colcon.colcon_core.environment:checking '/home/user/difrobot_ws/install/difrobot_msgs/lib/pkgconfig/difrobot_msgs.pc'
[2.997s] Level 1:colcon.colcon_core.environment:checking '/home/user/difrobot_ws/install/difrobot_msgs/lib/python3.10/site-packages'
[2.998s] Level 1:colcon.colcon_core.environment:checking '/home/user/difrobot_ws/install/difrobot_msgs/bin'
[2.999s] INFO:colcon.colcon_core.shell:Creating package script '/home/user/difrobot_ws/install/difrobot_msgs/share/difrobot_msgs/package.ps1'
[3.000s] INFO:colcon.colcon_core.shell:Creating package descriptor '/home/user/difrobot_ws/install/difrobot_msgs/share/difrobot_msgs/package.dsv'
[3.002s] INFO:colcon.colcon_core.shell:Creating package script '/home/user/difrobot_ws/install/difrobot_msgs/share/difrobot_msgs/package.sh'
[3.003s] INFO:colcon.colcon_core.shell:Creating package script '/home/user/difrobot_ws/install/difrobot_msgs/share/difrobot_msgs/package.bash'
[3.004s] INFO:colcon.colcon_core.shell:Creating package script '/home/user/difrobot_ws/install/difrobot_msgs/share/difrobot_msgs/package.zsh'
[3.005s] Level 1:colcon.colcon_core.environment:create_file_with_runtime_dependencies(/home/user/difrobot_ws/install/difrobot_msgs/share/colcon-core/packages/difrobot_msgs)
[3.006s] INFO:colcon.colcon_ros.task.ament_python.build:Building ROS package in '/home/user/difrobot_ws/src/difrobot_py_examples' with build type 'ament_python'
[3.006s] Level 1:colcon.colcon_core.shell:create_environment_hook('difrobot_py_examples', 'ament_prefix_path')
[3.007s] INFO:colcon.colcon_core.shell:Creating environment hook '/home/user/difrobot_ws/install/difrobot_py_examples/share/difrobot_py_examples/hook/ament_prefix_path.ps1'
[3.009s] INFO:colcon.colcon_core.shell:Creating environment descriptor '/home/user/difrobot_ws/install/difrobot_py_examples/share/difrobot_py_examples/hook/ament_prefix_path.dsv'
[3.011s] INFO:colcon.colcon_core.shell:Creating environment hook '/home/user/difrobot_ws/install/difrobot_py_examples/share/difrobot_py_examples/hook/ament_prefix_path.sh'
[3.012s] INFO:colcon.colcon_core.shell:Skip shell extension 'powershell' for command environment: Not usable outside of PowerShell
[3.013s] DEBUG:colcon.colcon_core.shell:Skip shell extension 'dsv' for command environment
[3.714s] INFO:colcon.colcon_core.task.python.build:Building Python package in '/home/user/difrobot_ws/src/difrobot_py_examples'
[3.714s] INFO:colcon.colcon_core.shell:Skip shell extension 'powershell' for command environment: Not usable outside of PowerShell
[3.715s] DEBUG:colcon.colcon_core.shell:Skip shell extension 'dsv' for command environment
[5.079s] DEBUG:colcon.colcon_core.event_handler.log_command:Invoking command in '/home/user/difrobot_ws/src/difrobot_py_examples': AMENT_PREFIX_PATH=/home/user/difrobot_ws/install/difrobot_msgs:${AMENT_PREFIX_PATH} CMAKE_PREFIX_PATH=/home/user/difrobot_ws/install/difrobot_msgs LD_LIBRARY_PATH=/home/user/difrobot_ws/install/difrobot_msgs/lib:${LD_LIBRARY_PATH} PYTHONPATH=/home/user/difrobot_ws/build/difrobot_py_examples/prefix_override:/usr/lib/python3/dist-packages/colcon_core/task/python/colcon_distutils_commands:/home/user/difrobot_ws/install/difrobot_py_examples/lib/python3.10/site-packages:/home/user/difrobot_ws/install/difrobot_msgs/local/lib/python3.10/dist-packages:${PYTHONPATH} /usr/bin/python3 -W ignore:setup.py install is deprecated setup.py egg_info --egg-base ../../build/difrobot_py_examples build --build-base /home/user/difrobot_ws/build/difrobot_py_examples/build install --record /home/user/difrobot_ws/build/difrobot_py_examples/install.log --single-version-externally-managed install_data
[5.762s] Level 1:colcon.colcon_core.environment:checking '/home/user/difrobot_ws/install/difrobot_py_examples' for CMake module files
[5.763s] DEBUG:colcon.colcon_core.event_handler.log_command:Invoked command in '/home/user/difrobot_ws/src/difrobot_py_examples' returned '0': AMENT_PREFIX_PATH=/home/user/difrobot_ws/install/difrobot_msgs:${AMENT_PREFIX_PATH} CMAKE_PREFIX_PATH=/home/user/difrobot_ws/install/difrobot_msgs LD_LIBRARY_PATH=/home/user/difrobot_ws/install/difrobot_msgs/lib:${LD_LIBRARY_PATH} PYTHONPATH=/home/user/difrobot_ws/build/difrobot_py_examples/prefix_override:/usr/lib/python3/dist-packages/colcon_core/task/python/colcon_distutils_commands:/home/user/difrobot_ws/install/difrobot_py_examples/lib/python3.10/site-packages:/home/user/difrobot_ws/install/difrobot_msgs/local/lib/python3.10/dist-packages:${PYTHONPATH} /usr/bin/python3 -W ignore:setup.py install is deprecated setup.py egg_info --egg-base ../../build/difrobot_py_examples build --build-base /home/user/difrobot_ws/build/difrobot_py_examples/build install --record /home/user/difrobot_ws/build/difrobot_py_examples/install.log --single-version-externally-managed install_data
[5.764s] Level 1:colcon.colcon_core.environment:checking '/home/user/difrobot_ws/install/difrobot_py_examples' for CMake config files
[5.766s] Level 1:colcon.colcon_core.environment:checking '/home/user/difrobot_ws/install/difrobot_py_examples/lib'
[5.766s] Level 1:colcon.colcon_core.environment:checking '/home/user/difrobot_ws/install/difrobot_py_examples/bin'
[5.766s] Level 1:colcon.colcon_core.environment:checking '/home/user/difrobot_ws/install/difrobot_py_examples/lib/pkgconfig/difrobot_py_examples.pc'
[5.767s] Level 1:colcon.colcon_core.environment:checking '/home/user/difrobot_ws/install/difrobot_py_examples/lib/python3.10/site-packages'
[5.767s] Level 1:colcon.colcon_core.shell:create_environment_hook('difrobot_py_examples', 'pythonpath')
[5.767s] INFO:colcon.colcon_core.shell:Creating environment hook '/home/user/difrobot_ws/install/difrobot_py_examples/share/difrobot_py_examples/hook/pythonpath.ps1'
[5.768s] INFO:colcon.colcon_core.shell:Creating environment descriptor '/home/user/difrobot_ws/install/difrobot_py_examples/share/difrobot_py_examples/hook/pythonpath.dsv'
[5.769s] INFO:colcon.colcon_core.shell:Creating environment hook '/home/user/difrobot_ws/install/difrobot_py_examples/share/difrobot_py_examples/hook/pythonpath.sh'
[5.770s] Level 1:colcon.colcon_core.environment:checking '/home/user/difrobot_ws/install/difrobot_py_examples/bin'
[5.770s] Level 1:colcon.colcon_core.environment:create_environment_scripts_only(difrobot_py_examples)
[5.771s] INFO:colcon.colcon_core.shell:Creating package script '/home/user/difrobot_ws/install/difrobot_py_examples/share/difrobot_py_examples/package.ps1'
[5.772s] INFO:colcon.colcon_core.shell:Creating package descriptor '/home/user/difrobot_ws/install/difrobot_py_examples/share/difrobot_py_examples/package.dsv'
[5.773s] INFO:colcon.colcon_core.shell:Creating package script '/home/user/difrobot_ws/install/difrobot_py_examples/share/difrobot_py_examples/package.sh'
[5.774s] INFO:colcon.colcon_core.shell:Creating package script '/home/user/difrobot_ws/install/difrobot_py_examples/share/difrobot_py_examples/package.bash'
[5.775s] INFO:colcon.colcon_core.shell:Creating package script '/home/user/difrobot_ws/install/difrobot_py_examples/share/difrobot_py_examples/package.zsh'
[5.775s] Level 1:colcon.colcon_core.environment:create_file_with_runtime_dependencies(/home/user/difrobot_ws/install/difrobot_py_examples/share/colcon-core/packages/difrobot_py_examples)
[5.776s] DEBUG:colcon.colcon_parallel_executor.executor.parallel:closing loop
[5.777s] DEBUG:colcon.colcon_parallel_executor.executor.parallel:loop closed
[5.777s] DEBUG:colcon.colcon_parallel_executor.executor.parallel:run_until_complete finished with '0'
[5.778s] DEBUG:colcon.colcon_core.event_reactor:joining thread
[5.801s] INFO:colcon.colcon_core.plugin_system:Skipping extension 'colcon_notification.desktop_notification.notify_send': Could not find 'notify-send'
[5.801s] INFO:colcon.colcon_core.plugin_system:Skipping extension 'colcon_notification.desktop_notification.terminal_notifier': Not used on non-Darwin systems
[5.802s] INFO:colcon.colcon_core.plugin_system:Skipping extension 'colcon_notification.desktop_notification.win32': Not used on non-Windows systems
[5.802s] INFO:colcon.colcon_notification.desktop_notification:Sending desktop notification using 'notify2'
[5.806s] DEBUG:colcon.colcon_notification.desktop_notification.notify2:Failed to initialize notify2: org.freedesktop.DBus.Error.Spawn.ExecFailed: /usr/bin/dbus-launch terminated abnormally without any error message
[5.807s] DEBUG:colcon.colcon_core.event_reactor:joined thread
[5.808s] INFO:colcon.colcon_core.shell:Creating prefix script '/home/user/difrobot_ws/install/local_setup.ps1'
[5.812s] INFO:colcon.colcon_core.shell:Creating prefix util module '/home/user/difrobot_ws/install/_local_setup_util_ps1.py'
[5.816s] INFO:colcon.colcon_core.shell:Creating prefix chain script '/home/user/difrobot_ws/install/setup.ps1'
[5.820s] INFO:colcon.colcon_core.shell:Creating prefix script '/home/user/difrobot_ws/install/local_setup.sh'
[5.822s] INFO:colcon.colcon_core.shell:Creating prefix util module '/home/user/difrobot_ws/install/_local_setup_util_sh.py'
[5.824s] INFO:colcon.colcon_core.shell:Creating prefix chain script '/home/user/difrobot_ws/install/setup.sh'
[5.827s] INFO:colcon.colcon_core.shell:Creating prefix script '/home/user/difrobot_ws/install/local_setup.bash'
[5.829s] INFO:colcon.colcon_core.shell:Creating prefix chain script '/home/user/difrobot_ws/install/setup.bash'
[5.833s] INFO:colcon.colcon_core.shell:Creating prefix script '/home/user/difrobot_ws/install/local_setup.zsh'
[5.835s] INFO:colcon.colcon_core.shell:Creating prefix chain script '/home/user/difrobot_ws/install/setup.zsh'
