[1.703s] Invoking command in '/home/user/difrobot_ws/src/difrobot_py_examples': PYTHONPATH=/home/user/difrobot_ws/build/difrobot_py_examples/prefix_override:/usr/lib/python3/dist-packages/colcon_core/task/python/colcon_distutils_commands:/home/user/difrobot_ws/install/difrobot_py_examples/lib/python3.10/site-packages:${PYTHONPATH} /usr/bin/python3 -W ignore:setup.py install is deprecated setup.py egg_info --egg-base ../../build/difrobot_py_examples build --build-base /home/user/difrobot_ws/build/difrobot_py_examples/build install --record /home/user/difrobot_ws/build/difrobot_py_examples/install.log --single-version-externally-managed install_data
[2.352s] running egg_info
[2.354s] writing ../../build/difrobot_py_examples/difrobot_py_examples.egg-info/PKG-INFO
[2.355s] writing dependency_links to ../../build/difrobot_py_examples/difrobot_py_examples.egg-info/dependency_links.txt
[2.355s] writing entry points to ../../build/difrobot_py_examples/difrobot_py_examples.egg-info/entry_points.txt
[2.355s] writing requirements to ../../build/difrobot_py_examples/difrobot_py_examples.egg-info/requires.txt
[2.356s] writing top-level names to ../../build/difrobot_py_examples/difrobot_py_examples.egg-info/top_level.txt
[2.361s] reading manifest file '../../build/difrobot_py_examples/difrobot_py_examples.egg-info/SOURCES.txt'
[2.365s] writing manifest file '../../build/difrobot_py_examples/difrobot_py_examples.egg-info/SOURCES.txt'
[2.365s] running build
[2.366s] running build_py
[2.367s] running install
[2.368s] running install_lib
[2.373s] running install_data
[2.373s] running install_egg_info
[2.384s] removing '/home/user/difrobot_ws/install/difrobot_py_examples/lib/python3.10/site-packages/difrobot_py_examples-0.0.0-py3.10.egg-info' (and everything under it)
[2.386s] Copying ../../build/difrobot_py_examples/difrobot_py_examples.egg-info to /home/user/difrobot_ws/install/difrobot_py_examples/lib/python3.10/site-packages/difrobot_py_examples-0.0.0-py3.10.egg-info
[2.392s] running install_scripts
[2.455s] Installing simple_service_client script to /home/user/difrobot_ws/install/difrobot_py_examples/lib/difrobot_py_examples
[2.455s] Installing simple_service_server script to /home/user/difrobot_ws/install/difrobot_py_examples/lib/difrobot_py_examples
[2.456s] Installing simple_tf_kinematics script to /home/user/difrobot_ws/install/difrobot_py_examples/lib/difrobot_py_examples
[2.456s] Installing simple_turtlesim_kinematics script to /home/user/difrobot_ws/install/difrobot_py_examples/lib/difrobot_py_examples
[2.457s] writing list of installed files to '/home/user/difrobot_ws/build/difrobot_py_examples/install.log'
[2.507s] Invoked command in '/home/user/difrobot_ws/src/difrobot_py_examples' returned '0': PYTHONPATH=/home/user/difrobot_ws/build/difrobot_py_examples/prefix_override:/usr/lib/python3/dist-packages/colcon_core/task/python/colcon_distutils_commands:/home/user/difrobot_ws/install/difrobot_py_examples/lib/python3.10/site-packages:${PYTHONPATH} /usr/bin/python3 -W ignore:setup.py install is deprecated setup.py egg_info --egg-base ../../build/difrobot_py_examples build --build-base /home/user/difrobot_ws/build/difrobot_py_examples/build install --record /home/user/difrobot_ws/build/difrobot_py_examples/install.log --single-version-externally-managed install_data
