[0.046s] Invoking command in '/home/user/difrobot_ws/build/difrobot_description': CMAKE_PREFIX_PATH=/opt/ros/humble /usr/bin/cmake /home/user/difrobot_ws/src/difrobot_description -DCMAKE_INSTALL_PREFIX=/home/user/difrobot_ws/install/difrobot_description
[0.261s] -- The C compiler identification is GNU 11.4.0
[0.438s] -- The CXX compiler identification is GNU 11.4.0
[0.465s] -- Detecting C compiler ABI info
[0.608s] -- Detecting C compiler ABI info - done
[0.633s] -- Check for working C compiler: /usr/bin/cc - skipped
[0.635s] -- Detecting C compile features
[0.636s] -- Detecting C compile features - done
[0.648s] -- Detecting CXX compiler ABI info
[0.814s] -- Detecting CXX compiler ABI info - done
[0.839s] -- Check for working CXX compiler: /usr/bin/c++ - skipped
[0.839s] -- Detecting CXX compile features
[0.840s] -- Detecting CXX compile features - done
[0.851s] -- Found ament_cmake: 1.3.10 (/opt/ros/humble/share/ament_cmake/cmake)
[1.202s] -- Found Python3: /usr/bin/python3 (found version "3.10.12") found components: Interpreter 
[1.471s] -- Found ament_lint_auto: 0.12.11 (/opt/ros/humble/share/ament_lint_auto/cmake)
[1.690s] -- Added test 'lint_cmake' to check CMake code style
[1.696s] -- Added test 'xmllint' to check XML markup files
[1.701s] -- Configuring done
[1.710s] -- Generating done
[1.712s] -- Build files have been written to: /home/user/difrobot_ws/build/difrobot_description
[1.721s] Invoked command in '/home/user/difrobot_ws/build/difrobot_description' returned '0': CMAKE_PREFIX_PATH=/opt/ros/humble /usr/bin/cmake /home/user/difrobot_ws/src/difrobot_description -DCMAKE_INSTALL_PREFIX=/home/user/difrobot_ws/install/difrobot_description
[1.726s] Invoking command in '/home/user/difrobot_ws/build/difrobot_description': CMAKE_PREFIX_PATH=/opt/ros/humble /usr/bin/cmake --build /home/user/difrobot_ws/build/difrobot_description -- -j12 -l12
[1.795s] Invoked command in '/home/user/difrobot_ws/build/difrobot_description' returned '0': CMAKE_PREFIX_PATH=/opt/ros/humble /usr/bin/cmake --build /home/user/difrobot_ws/build/difrobot_description -- -j12 -l12
[1.855s] Invoking command in '/home/user/difrobot_ws/build/difrobot_description': CMAKE_PREFIX_PATH=/opt/ros/humble /usr/bin/cmake --install /home/user/difrobot_ws/build/difrobot_description
[1.872s] -- Install configuration: ""
[1.872s] -- Installing: /home/user/difrobot_ws/install/difrobot_description/share/difrobot_description/meshes
[1.874s] -- Installing: /home/user/difrobot_ws/install/difrobot_description/share/difrobot_description/meshes/caster_rear_link.STL
[1.876s] -- Installing: /home/user/difrobot_ws/install/difrobot_description/share/difrobot_description/meshes/wheel_left_link.STL
[1.879s] -- Installing: /home/user/difrobot_ws/install/difrobot_description/share/difrobot_description/meshes/wheel_right_link.STL
[1.882s] -- Installing: /home/user/difrobot_ws/install/difrobot_description/share/difrobot_description/meshes/caster_front_link.STL
[1.883s] -- Installing: /home/user/difrobot_ws/install/difrobot_description/share/difrobot_description/meshes/imu_link.STL
[1.884s] -- Installing: /home/user/difrobot_ws/install/difrobot_description/share/difrobot_description/meshes/base_link.STL
[1.919s] -- Installing: /home/user/difrobot_ws/install/difrobot_description/share/difrobot_description/urdf
[1.919s] -- Installing: /home/user/difrobot_ws/install/difrobot_description/share/difrobot_description/urdf/difrobot.urdf.xacro
[1.921s] -- Installing: /home/user/difrobot_ws/install/difrobot_description/share/ament_index/resource_index/package_run_dependencies/difrobot_description
[1.921s] -- Installing: /home/user/difrobot_ws/install/difrobot_description/share/ament_index/resource_index/parent_prefix_path/difrobot_description
[1.922s] -- Installing: /home/user/difrobot_ws/install/difrobot_description/share/difrobot_description/environment/ament_prefix_path.sh
[1.923s] -- Installing: /home/user/difrobot_ws/install/difrobot_description/share/difrobot_description/environment/ament_prefix_path.dsv
[1.924s] -- Installing: /home/user/difrobot_ws/install/difrobot_description/share/difrobot_description/environment/path.sh
[1.924s] -- Installing: /home/user/difrobot_ws/install/difrobot_description/share/difrobot_description/environment/path.dsv
[1.925s] -- Installing: /home/user/difrobot_ws/install/difrobot_description/share/difrobot_description/local_setup.bash
[1.925s] -- Installing: /home/user/difrobot_ws/install/difrobot_description/share/difrobot_description/local_setup.sh
[1.926s] -- Installing: /home/user/difrobot_ws/install/difrobot_description/share/difrobot_description/local_setup.zsh
[1.927s] -- Installing: /home/user/difrobot_ws/install/difrobot_description/share/difrobot_description/local_setup.dsv
[1.927s] -- Installing: /home/user/difrobot_ws/install/difrobot_description/share/difrobot_description/package.dsv
[1.928s] -- Installing: /home/user/difrobot_ws/install/difrobot_description/share/ament_index/resource_index/packages/difrobot_description
[1.929s] -- Installing: /home/user/difrobot_ws/install/difrobot_description/share/difrobot_description/cmake/difrobot_descriptionConfig.cmake
[1.929s] -- Installing: /home/user/difrobot_ws/install/difrobot_description/share/difrobot_description/cmake/difrobot_descriptionConfig-version.cmake
[1.930s] -- Installing: /home/user/difrobot_ws/install/difrobot_description/share/difrobot_description/package.xml
[1.934s] Invoked command in '/home/user/difrobot_ws/build/difrobot_description' returned '0': CMAKE_PREFIX_PATH=/opt/ros/humble /usr/bin/cmake --install /home/user/difrobot_ws/build/difrobot_description
