[0.047s] Invoking command in '/home/user/difrobot_ws/build/difrobot_msgs': CMAKE_PREFIX_PATH=/opt/ros/humble /usr/bin/cmake --build /home/user/difrobot_ws/build/difrobot_msgs -- -j12 -l12
[0.101s] -- Found ament_cmake: 1.3.10 (/opt/ros/humble/share/ament_cmake/cmake)
[0.419s] -- Found std_msgs: 4.2.4 (/opt/ros/humble/share/std_msgs/cmake)
[0.479s] -- Found rosidl_generator_c: 3.1.5 (/opt/ros/humble/share/rosidl_generator_c/cmake)
[0.490s] -- Found rosidl_adapter: 3.1.5 (/opt/ros/humble/share/rosidl_adapter/cmake)
[0.512s] -- Found rosidl_generator_cpp: 3.1.5 (/opt/ros/humble/share/rosidl_generator_cpp/cmake)
[0.537s] -- Using all available rosidl_typesupport_c: rosidl_typesupport_fastrtps_c;rosidl_typesupport_introspection_c
[0.575s] -- Using all available rosidl_typesupport_cpp: rosidl_typesupport_fastrtps_cpp;rosidl_typesupport_introspection_cpp
[0.638s] -- Found geometry_msgs: 4.2.4 (/opt/ros/humble/share/geometry_msgs/cmake)
[0.682s] -- Found rosidl_default_generators: 1.2.0 (/opt/ros/humble/share/rosidl_default_generators/cmake)
[0.996s] [31mCMake Error at /opt/ros/humble/share/rosidl_adapter/cmake/rosidl_adapt_interfaces.cmake:59 (message):
[0.996s]   execute_process(/usr/bin/python3 -m rosidl_adapter --package-name
[0.997s]   difrobot_msgs --arguments-file
[0.997s]   /home/user/difrobot_ws/build/difrobot_msgs/rosidl_adapter__arguments__difrobot_msgs.json
[0.997s]   --output-dir
[0.998s]   /home/user/difrobot_ws/build/difrobot_msgs/rosidl_adapter/difrobot_msgs
[0.998s]   --output-file
[0.998s]   /home/user/difrobot_ws/build/difrobot_msgs/rosidl_adapter/difrobot_msgs.idls)
[0.999s]   returned error code 1:
[0.999s] 
[0.999s]   Error with: difrobot_msgs GetTransform_Response geometry_msgs
[1.000s] 
[1.000s]   Traceback (most recent call last):
[1.000s] 
[1.001s]     File "/usr/lib/python3.10/runpy.py", line 196, in _run_module_as_main
[1.001s]       return _run_code(code, main_globals, None,
[1.001s]     File "/usr/lib/python3.10/runpy.py", line 86, in _run_code
[1.001s]       exec(code, run_globals)
[1.002s]     File "/opt/ros/humble/local/lib/python3.10/dist-packages/rosidl_adapter/__main__.py", line 19, in <module>
[1.002s]       sys.exit(main())
[1.002s]     File "/opt/ros/humble/local/lib/python3.10/dist-packages/rosidl_adapter/main.py", line 53, in main
[1.003s]       abs_idl_file = convert_to_idl(
[1.003s]     File "/opt/ros/humble/local/lib/python3.10/dist-packages/rosidl_adapter/__init__.py", line 24, in convert_to_idl
[1.003s]       return convert_srv_to_idl(
[1.003s]     File "/opt/ros/humble/local/lib/python3.10/dist-packages/rosidl_adapter/srv/__init__.py", line 28, in convert_srv_to_idl
[1.004s]       srv = parse_service_string(package_name, input_file.stem, content)
[1.004s]     File "/opt/ros/humble/local/lib/python3.10/dist-packages/rosidl_adapter/parser.py", line 863, in parse_service_string
[1.004s]       response_message = parse_message_string(
[1.005s]     File "/opt/ros/humble/local/lib/python3.10/dist-packages/rosidl_adapter/parser.py", line 510, in parse_message_string
[1.005s]       raise InvalidFieldDefinition(line)
[1.006s] 
[1.007s]   rosidl_adapter.parser.InvalidFieldDefinition: geometry_msgs
[1.007s] 
[1.007s] Call Stack (most recent call first):
[1.008s]   /opt/ros/humble/share/rosidl_cmake/cmake/rosidl_generate_interfaces.cmake:130 (rosidl_adapt_interfaces)
[1.008s]   CMakeLists.txt:17 (rosidl_generate_interfaces)
[1.008s] 
[1.009s] [0m
[1.009s] -- Configuring incomplete, errors occurred!
[1.010s] See also "/home/user/difrobot_ws/build/difrobot_msgs/CMakeFiles/CMakeOutput.log".
[1.011s] gmake: *** [Makefile:747: cmake_check_build_system] Error 1
[1.013s] Invoked command in '/home/user/difrobot_ws/build/difrobot_msgs' returned '2': CMAKE_PREFIX_PATH=/opt/ros/humble /usr/bin/cmake --build /home/user/difrobot_ws/build/difrobot_msgs -- -j12 -l12
