[0.062s] Invoking command in '/home/user/difrobot_ws/build/difrobot_controller': CMAKE_PREFIX_PATH=/opt/ros/humble /usr/bin/cmake --build /home/user/difrobot_ws/build/difrobot_controller -- -j12 -l12
[0.129s] -- Found ament_cmake: 1.3.10 (/opt/ros/humble/share/ament_cmake/cmake)
[0.484s] -- Found rclpy: 3.3.14 (/opt/ros/humble/share/rclpy/cmake)
[0.484s] -- Found std_msgs: 4.2.4 (/opt/ros/humble/share/std_msgs/cmake)
[0.551s] -- Found rosidl_generator_c: 3.1.5 (/opt/ros/humble/share/rosidl_generator_c/cmake)
[0.557s] -- Found rosidl_adapter: 3.1.5 (/opt/ros/humble/share/rosidl_adapter/cmake)
[0.572s] -- Found rosidl_generator_cpp: 3.1.5 (/opt/ros/humble/share/rosidl_generator_cpp/cmake)
[0.599s] -- Using all available rosidl_typesupport_c: rosidl_typesupport_fastrtps_c;rosidl_typesupport_introspection_c
[0.639s] -- Using all available rosidl_typesupport_cpp: rosidl_typesupport_fastrtps_cpp;rosidl_typesupport_introspection_cpp
[0.707s] -- Found geometry_msgs: 4.2.4 (/opt/ros/humble/share/geometry_msgs/cmake)
[0.750s] [31mCMake Error at /opt/ros/humble/share/ament_cmake_target_dependencies/cmake/ament_target_dependencies.cmake:77 (message):
[0.750s]   ament_target_dependencies() the passed package name 'rclcpp' was not found
[0.751s]   before
[0.751s] Call Stack (most recent call first):
[0.751s]   CMakeLists.txt:16 (ament_target_dependencies)
[0.751s] 
[0.751s] [0m
[0.752s] -- Configuring incomplete, errors occurred!
[0.752s] See also "/home/user/difrobot_ws/build/difrobot_controller/CMakeFiles/CMakeOutput.log".
[0.758s] gmake: *** [Makefile:254: cmake_check_build_system] Error 1
[0.804s] Invoked command in '/home/user/difrobot_ws/build/difrobot_controller' returned '2': CMAKE_PREFIX_PATH=/opt/ros/humble /usr/bin/cmake --build /home/user/difrobot_ws/build/difrobot_controller -- -j12 -l12
